<?xml version="1.0" ?>
<testsuites disabled="0" errors="0" failures="0" tests="1724" time="1763.8271923065186">
	<testsuite disabled="0" errors="0" failures="0" name="TestHarness" skipped="0" tests="1724" time="1763.8271923065186">
		<testcase name="Control volume, multi-material flow test" time="2.236918" classname="short.3material-oneblobs"/>
		<testcase name="Solvers converged" classname="short.3material-oneblobs">
			<system-out>3material-oneblobs: success.
</system-out>
		</testcase>
		<testcase name="check minimum water volume fraction is 0.0" classname="short.3material-oneblobs">
			<system-out>3material-oneblobs: success.
</system-out>
		</testcase>
		<testcase name="check maximum water volume fraction is 1.0" classname="short.3material-oneblobs">
			<system-out>3material-oneblobs: success.
</system-out>
		</testcase>
		<testcase name="check minimum droplet volume fraction is 0.0" classname="short.3material-oneblobs">
			<system-out>3material-oneblobs: success.
</system-out>
		</testcase>
		<testcase name="check maximum droplet volume fraction is between 0.0 and 1.0" classname="short.3material-oneblobs">
			<system-out>3material-oneblobs: success.
</system-out>
		</testcase>
		<testcase name="check minimum air volume fraction is 0.0" classname="short.3material-oneblobs">
			<system-out>3material-oneblobs: success.
</system-out>
		</testcase>
		<testcase name="check maximum air volume fraction is 1.0" classname="short.3material-oneblobs">
			<system-out>3material-oneblobs: success.
</system-out>
		</testcase>
		<testcase name="check minimum sum volume fraction is 0.0" classname="short.3material-oneblobs">
			<system-out>3material-oneblobs: success.
</system-out>
		</testcase>
		<testcase name="check maximum sum volume fraction is less than 1.1" classname="short.3material-oneblobs">
			<system-out>3material-oneblobs: success.
</system-out>
		</testcase>
		<testcase name="check maximum speed is 1.0" classname="short.3material-oneblobs">
			<system-out>3material-oneblobs: success.
</system-out>
		</testcase>
		<testcase name="check maximum cv cfl" classname="short.3material-oneblobs">
			<system-out>3material-oneblobs: success.
</system-out>
		</testcase>
		<testcase name="check minimum cv cfl" classname="short.3material-oneblobs">
			<system-out>3material-oneblobs: success.
</system-out>
		</testcase>
		<testcase name="Control volume, multi-material surface integral pressure check" time="0.770358" classname="short.mmat-gravity-col-p0p1cv-weak"/>
		<testcase name="check maximum pressure is 10.0" classname="short.mmat-gravity-col-p0p1cv-weak">
			<system-out>mmat-gravity-col-p0p1cv-weak: success.
</system-out>
		</testcase>
		<testcase name="check pressure range is 10.0" classname="short.mmat-gravity-col-p0p1cv-weak">
			<system-out>mmat-gravity-col-p0p1cv-weak: success.
</system-out>
		</testcase>
		<testcase name="check maximum speed is zero" classname="short.mmat-gravity-col-p0p1cv-weak">
			<system-out>mmat-gravity-col-p0p1cv-weak: success.
</system-out>
		</testcase>
		<testcase name="Solvers converged" classname="short.mmat-gravity-col-p0p1cv-weak">
			<system-out>mmat-gravity-col-p0p1cv-weak: success.
</system-out>
		</testcase>
		<testcase name="PrescribedNormalFlow_DG" time="2.145269" classname="short.prescribed_normal_flow_dg"/>
		<testcase name="Solvers converged" classname="short.prescribed_normal_flow_dg">
			<system-out>prescribed_normal_flow_dg: success.
</system-out>
		</testcase>
		<testcase name="VelocityIsCorrect" classname="short.prescribed_normal_flow_dg">
			<system-out>prescribed_normal_flow_dg: success.
</system-out>
		</testcase>
		<testcase name="U1IsCorrect" classname="short.prescribed_normal_flow_dg">
			<system-out>prescribed_normal_flow_dg: success.
</system-out>
		</testcase>
		<testcase name="U2IsCorrect" classname="short.prescribed_normal_flow_dg">
			<system-out>prescribed_normal_flow_dg: success.
</system-out>
		</testcase>
		<testcase name="Control volume, multi-material flow test" time="0.947591" classname="short.explicit-hyperc-tris-p2"/>
		<testcase name="Solvers converged" classname="short.explicit-hyperc-tris-p2">
			<system-out>explicit-hyperc-tris-p2: success.
</system-out>
		</testcase>
		<testcase name="check minimum volume fraction is 0.0" classname="short.explicit-hyperc-tris-p2">
			<system-out>explicit-hyperc-tris-p2: success.
</system-out>
		</testcase>
		<testcase name="check maximum volume fraction is 1.0" classname="short.explicit-hyperc-tris-p2">
			<system-out>explicit-hyperc-tris-p2: success.
</system-out>
		</testcase>
		<testcase name="check volume fraction far in front of front is 0.0" classname="short.explicit-hyperc-tris-p2">
			<system-out>explicit-hyperc-tris-p2: success.
</system-out>
		</testcase>
		<testcase name="check volume fraction far behind front is 1.0" classname="short.explicit-hyperc-tris-p2">
			<system-out>explicit-hyperc-tris-p2: success.
</system-out>
		</testcase>
		<testcase name="check volume fraction in front of front is 0.0 (relaxed for simplex elements)" classname="short.explicit-hyperc-tris-p2">
			<system-out>explicit-hyperc-tris-p2: success.
</system-out>
		</testcase>
		<testcase name="check volume fraction behind front is 1.0 (relaxed for simplex elements)" classname="short.explicit-hyperc-tris-p2">
			<system-out>explicit-hyperc-tris-p2: success.
</system-out>
		</testcase>
		<testcase name="check initial minimum volume fraction is 0.0" classname="short.explicit-hyperc-tris-p2">
			<system-out>explicit-hyperc-tris-p2: success.
</system-out>
		</testcase>
		<testcase name="check initial maximum volume fraction is 1.0" classname="short.explicit-hyperc-tris-p2">
			<system-out>explicit-hyperc-tris-p2: success.
</system-out>
		</testcase>
		<testcase name="check maximum speed is 1.0" classname="short.explicit-hyperc-tris-p2">
			<system-out>explicit-hyperc-tris-p2: success.
</system-out>
		</testcase>
		<testcase name="check maximum cv cfl" classname="short.explicit-hyperc-tris-p2">
			<system-out>explicit-hyperc-tris-p2: success.
</system-out>
		</testcase>
		<testcase name="check minimum cv cfl" classname="short.explicit-hyperc-tris-p2">
			<system-out>explicit-hyperc-tris-p2: success.
</system-out>
		</testcase>
		<testcase name="Testing of dt variable for particle attributes" time="2.132027" classname="short.particle_dt_test"/>
		<testcase name="Maxdterror" classname="short.particle_dt_test">
			<system-out>particle_dt_test: success.
</system-out>
		</testcase>
		<testcase name="Maxdtchangeerror" classname="short.particle_dt_test">
			<system-out>particle_dt_test: success.
</system-out>
		</testcase>
		<testcase name="bed_shear_from_grad_u_DG" time="2.027924" classname="short.bed_shear_from_grad_u_DG"/>
		<testcase name="shear stress is as expected" classname="short.bed_shear_from_grad_u_DG">
			<system-out>bed_shear_from_grad_u_DG: success.
</system-out>
		</testcase>
		<testcase name="integral of velocity divergence = surface integral of n.u" classname="short.bed_shear_from_grad_u_DG">
			<system-out>bed_shear_from_grad_u_DG: success.
</system-out>
		</testcase>
		<testcase name="p2p1_test_cty_cv stokes spatial convergence test" time="41.711790" classname="short.Stokes_mms_cg_p2p1_test_cty_cv"/>
		<testcase name="ab_convergence_vel_x: L2 order &gt; 2.5" classname="short.Stokes_mms_cg_p2p1_test_cty_cv">
			<system-out>Stokes_mms_cg_p2p1_test_cty_cv: success.
</system-out>
		</testcase>
		<testcase name="ab_convergence_vel_y: L2 order &gt; 2.5" classname="short.Stokes_mms_cg_p2p1_test_cty_cv">
			<system-out>Stokes_mms_cg_p2p1_test_cty_cv: success.
</system-out>
		</testcase>
		<testcase name="ab_convergence_p: L2 order &gt; 1.9" classname="short.Stokes_mms_cg_p2p1_test_cty_cv">
			<system-out>Stokes_mms_cg_p2p1_test_cty_cv: success.
</system-out>
		</testcase>
		<testcase name="bc_convergence_vel_x: L2 order &gt; 2.5" classname="short.Stokes_mms_cg_p2p1_test_cty_cv">
			<system-out>Stokes_mms_cg_p2p1_test_cty_cv: success.
</system-out>
		</testcase>
		<testcase name="bc_convergence_vel_y: L2 order &gt; 2.5" classname="short.Stokes_mms_cg_p2p1_test_cty_cv">
			<system-out>Stokes_mms_cg_p2p1_test_cty_cv: success.
</system-out>
		</testcase>
		<testcase name="bc_convergence_p: L2 order &gt; 1.9" classname="short.Stokes_mms_cg_p2p1_test_cty_cv">
			<system-out>Stokes_mms_cg_p2p1_test_cty_cv: success.
</system-out>
		</testcase>
		<testcase name="cd_convergence_vel_x: L2 order &gt; 2.5" classname="short.Stokes_mms_cg_p2p1_test_cty_cv">
			<system-out>Stokes_mms_cg_p2p1_test_cty_cv: success.
</system-out>
		</testcase>
		<testcase name="cd_convergence_vel_y: L2 order &gt; 2.5" classname="short.Stokes_mms_cg_p2p1_test_cty_cv">
			<system-out>Stokes_mms_cg_p2p1_test_cty_cv: success.
</system-out>
		</testcase>
		<testcase name="cd_convergence_p: L2 order &gt; 1.9" classname="short.Stokes_mms_cg_p2p1_test_cty_cv">
			<system-out>Stokes_mms_cg_p2p1_test_cty_cv: success.
</system-out>
		</testcase>
		<testcase name="checking divergence in A vel with tolerance 1.0e-08" classname="short.Stokes_mms_cg_p2p1_test_cty_cv">
			<system-out>Stokes_mms_cg_p2p1_test_cty_cv: success.
</system-out>
		</testcase>
		<testcase name="checking divergence in B vel with tolerance 1.0e-08" classname="short.Stokes_mms_cg_p2p1_test_cty_cv">
			<system-out>Stokes_mms_cg_p2p1_test_cty_cv: success.
</system-out>
		</testcase>
		<testcase name="checking divergence in C vel with tolerance 1.0e-08" classname="short.Stokes_mms_cg_p2p1_test_cty_cv">
			<system-out>Stokes_mms_cg_p2p1_test_cty_cv: success.
</system-out>
		</testcase>
		<testcase name="checking divergence in D vel with tolerance 1.0e-08" classname="short.Stokes_mms_cg_p2p1_test_cty_cv">
			<system-out>Stokes_mms_cg_p2p1_test_cty_cv: success.
</system-out>
		</testcase>
		<testcase name="checking A finished in less than 0.03" classname="short.Stokes_mms_cg_p2p1_test_cty_cv">
			<system-out>Stokes_mms_cg_p2p1_test_cty_cv: success.
</system-out>
		</testcase>
		<testcase name="checking B finished in less than 0.03" classname="short.Stokes_mms_cg_p2p1_test_cty_cv">
			<system-out>Stokes_mms_cg_p2p1_test_cty_cv: success.
</system-out>
		</testcase>
		<testcase name="checking C finished in less than 0.03" classname="short.Stokes_mms_cg_p2p1_test_cty_cv">
			<system-out>Stokes_mms_cg_p2p1_test_cty_cv: success.
</system-out>
		</testcase>
		<testcase name="checking D finished in less than 0.03" classname="short.Stokes_mms_cg_p2p1_test_cty_cv">
			<system-out>Stokes_mms_cg_p2p1_test_cty_cv: success.
</system-out>
		</testcase>
		<testcase name="checking steady state was reached in A vel with tolerance 1.0e-08" classname="short.Stokes_mms_cg_p2p1_test_cty_cv">
			<system-out>Stokes_mms_cg_p2p1_test_cty_cv: success.
</system-out>
		</testcase>
		<testcase name="checking steady state was reached in B vel with tolerance 1.0e-08" classname="short.Stokes_mms_cg_p2p1_test_cty_cv">
			<system-out>Stokes_mms_cg_p2p1_test_cty_cv: success.
</system-out>
		</testcase>
		<testcase name="checking steady state was reached in C vel with tolerance 1.0e-08" classname="short.Stokes_mms_cg_p2p1_test_cty_cv">
			<system-out>Stokes_mms_cg_p2p1_test_cty_cv: success.
</system-out>
		</testcase>
		<testcase name="checking steady state was reached in D vel with tolerance 1.0e-08" classname="short.Stokes_mms_cg_p2p1_test_cty_cv">
			<system-out>Stokes_mms_cg_p2p1_test_cty_cv: success.
</system-out>
		</testcase>
		<testcase name="checking steady state was reached in A p with tolerance 1.0e-08" classname="short.Stokes_mms_cg_p2p1_test_cty_cv">
			<system-out>Stokes_mms_cg_p2p1_test_cty_cv: success.
</system-out>
		</testcase>
		<testcase name="checking steady state was reached in B p with tolerance 1.0e-08" classname="short.Stokes_mms_cg_p2p1_test_cty_cv">
			<system-out>Stokes_mms_cg_p2p1_test_cty_cv: success.
</system-out>
		</testcase>
		<testcase name="checking steady state was reached in C p with tolerance 1.0e-08" classname="short.Stokes_mms_cg_p2p1_test_cty_cv">
			<system-out>Stokes_mms_cg_p2p1_test_cty_cv: success.
</system-out>
		</testcase>
		<testcase name="checking steady state was reached in D p with tolerance 1.0e-08" classname="short.Stokes_mms_cg_p2p1_test_cty_cv">
			<system-out>Stokes_mms_cg_p2p1_test_cty_cv: success.
</system-out>
		</testcase>
		<testcase name="Advected top hat (CG with adaptivity, consistently projected)" time="3.671030" classname="short.top_hat_cg_adapt_consist"/>
		<testcase name="Simulation completed" classname="short.top_hat_cg_adapt_consist">
			<system-out>top_hat_cg_adapt_consist: success.
</system-out>
		</testcase>
		<testcase name="Solvers converged" classname="short.top_hat_cg_adapt_consist">
			<system-out>top_hat_cg_adapt_consist: success.
</system-out>
		</testcase>
		<testcase name="Bounded (15%)" classname="short.top_hat_cg_adapt_consist">
			<system-out>Min T =  -0.13297269705841722
Max T =  1.106557204439431
top_hat_cg_adapt_consist: success.
</system-out>
		</testcase>
		<testcase name="Advected velocity" classname="short.top_hat_cg_adapt_consist">
			<system-out>Initial mean x =  0.12436173921064518
Final mean x =  0.38003374521910144
Mean velocity =  0.003209294902777671
Asserting relative error is smaller than 0.035
relative error: 0.026265863789804042
top_hat_cg_adapt_consist: success.
</system-out>
		</testcase>
		<testcase name="Standard deviation" classname="short.top_hat_cg_adapt_consist">
			<system-out>Initial mean x =  0.12436173921064518
Final mean x =  0.38003374521910144
Initial standard deviation =  0.08189119823791693
Final standard deviation =  0.08436302902353333
Asserting relative error is smaller than 0.04
relative error: 0.030184327971792973
top_hat_cg_adapt_consist: success.
</system-out>
		</testcase>
		<testcase name="test_vorticity_2d" time="0.728251" classname="short.test_vorticity_2d"/>
		<testcase name="Solvers converged" classname="short.test_vorticity_2d">
			<system-out>test_vorticity_2d: success.
</system-out>
		</testcase>
		<testcase name="Vorticity" classname="short.test_vorticity_2d">
			<system-out>P1 0.9999999999999984 1.0000000000000016
Asserting relative error is smaller than 1e-12
relative error: 1.5543122344752215e-15
Asserting relative error is smaller than 1e-12
relative error: 1.5543122344752168e-15
P1Lumped 0.9999999999999997 1.0000000000000004
Asserting relative error is smaller than 1e-12
relative error: 3.3306690738754706e-16
Asserting relative error is smaller than 1e-12
relative error: 4.440892098500624e-16
P1DG 0.9999999999999991 1.0000000000000009
Asserting relative error is smaller than 1e-12
relative error: 8.88178419700126e-16
Asserting relative error is smaller than 1e-12
relative error: 8.881784197001244e-16
P2 0.9999999999999863 1.0000000000000142
Asserting relative error is smaller than 1e-12
relative error: 1.3655743202889612e-14
Asserting relative error is smaller than 1e-12
relative error: 1.4210854715201802e-14
P2DG 0.9999999999999984 1.0000000000000009
Asserting relative error is smaller than 1e-12
relative error: 1.5543122344752215e-15
Asserting relative error is smaller than 1e-12
relative error: 8.881784197001244e-16
test_vorticity_2d: success.
</system-out>
		</testcase>
		<testcase name="VorticityOfDGVelocity" classname="short.test_vorticity_2d">
			<system-out>P2VorticityOfDGVelocity -0.4999999999999096
Asserting relative error is smaller than 1e-12
relative error: 1.8085533071147072e-13
Asserting relative error is smaller than 1e-12
relative error: 1.8085533071147072e-13
P1VorticityOfDGVelocity -0.5000000000001238
Asserting relative error is smaller than 1e-12
relative error: 2.475797344913486e-13
Asserting relative error is smaller than 1e-12
relative error: 2.475797344913486e-13
P1LumpedVorticityOfDGVelocity -0.5000000000000001
Asserting relative error is smaller than 1e-12
relative error: 2.2204460492503126e-16
Asserting relative error is smaller than 1e-12
relative error: 2.2204460492503126e-16
test_vorticity_2d: success.
</system-out>
		</testcase>
		<testcase name="check_use_statements" time="0.000945" classname="short.check_use_statements"/>
		<testcase name="p0fv steady state diffusion equation spatial convergence test for the circumcentred masslumping scheme" time="6.041300" classname="short.mms_tracer_p0_diff_circumcentred"/>
		<testcase name="Solvers converged" classname="short.mms_tracer_p0_diff_circumcentred">
			<system-out>mms_tracer_p0_diff_circumcentred: success.
</system-out>
		</testcase>
		<testcase name="ab_convergence_stat: L2 &gt; 0.9" classname="short.mms_tracer_p0_diff_circumcentred">
			<system-out>mms_tracer_p0_diff_circumcentred: success.
</system-out>
		</testcase>
		<testcase name="bc_convergence_stat: L2 &gt; 0.9" classname="short.mms_tracer_p0_diff_circumcentred">
			<system-out>mms_tracer_p0_diff_circumcentred: success.
</system-out>
		</testcase>
		<testcase name="cd_convergence_stat: L2 &gt; 0.9" classname="short.mms_tracer_p0_diff_circumcentred">
			<system-out>mms_tracer_p0_diff_circumcentred: success.
</system-out>
		</testcase>
		<testcase name="de_convergence_stat: L2 &gt; 0.9" classname="short.mms_tracer_p0_diff_circumcentred">
			<system-out>mms_tracer_p0_diff_circumcentred: success.
</system-out>
		</testcase>
		<testcase name="checking A finished in less than 4.0" classname="short.mms_tracer_p0_diff_circumcentred">
			<system-out>mms_tracer_p0_diff_circumcentred: success.
</system-out>
		</testcase>
		<testcase name="checking B finished in less than 4.0" classname="short.mms_tracer_p0_diff_circumcentred">
			<system-out>mms_tracer_p0_diff_circumcentred: success.
</system-out>
		</testcase>
		<testcase name="checking C finished in less than 4.0" classname="short.mms_tracer_p0_diff_circumcentred">
			<system-out>mms_tracer_p0_diff_circumcentred: success.
</system-out>
		</testcase>
		<testcase name="checking D finished in less than 4.0" classname="short.mms_tracer_p0_diff_circumcentred">
			<system-out>mms_tracer_p0_diff_circumcentred: success.
</system-out>
		</testcase>
		<testcase name="checking E finished in less than 4.0" classname="short.mms_tracer_p0_diff_circumcentred">
			<system-out>mms_tracer_p0_diff_circumcentred: success.
</system-out>
		</testcase>
		<testcase name="cv_mass_matrix_check_p1" time="2.169217" classname="short.cv_mass_matrix_check_p1"/>
		<testcase name="check that the sum of the CV mass matrix is the element volume for 1d to tolerance 1.0e-10 " classname="short.cv_mass_matrix_check_p1">
			<system-out>Difference of element volume to integral CV mass for 1d:  0.0
cv_mass_matrix_check_p1: success.
</system-out>
		</testcase>
		<testcase name="check that the sum of the FE lumped mass matrix is the element volume for 1d to tolerance 1.0e-10 " classname="short.cv_mass_matrix_check_p1">
			<system-out>Difference of element volume to integral FE lumped mass for 1d:  0.0
cv_mass_matrix_check_p1: success.
</system-out>
		</testcase>
		<testcase name="check that the max of the CV mass matrix is the element volume divided by 2 for 1d to tolerance 1.0e-10 " classname="short.cv_mass_matrix_check_p1">
			<system-out>Difference of element volume divided by 2 to max CV mass for 1d:  0.0
cv_mass_matrix_check_p1: success.
</system-out>
		</testcase>
		<testcase name="check that the max of the FE lumped mass matrix is the element volume divided by 2 for 1d to tolerance 1.0e-10 " classname="short.cv_mass_matrix_check_p1">
			<system-out>Difference of element volume divided by 2 to max FE lumped mass for 1d:  0.0
cv_mass_matrix_check_p1: success.
</system-out>
		</testcase>
		<testcase name="check that the max of the CV mass matrix is equal to the min of the CV mass matrix for 1d to tolerance 1.0e-10 " classname="short.cv_mass_matrix_check_p1">
			<system-out>Difference of max CV mass matrix to min CV mass matrix for 1d:  0.0
cv_mass_matrix_check_p1: success.
</system-out>
		</testcase>
		<testcase name="check that the max of the FE lumped mass matrix is equal to the min of the FE lumped mass matrix for 1d to tolerance 1.0e-10 " classname="short.cv_mass_matrix_check_p1">
			<system-out>Difference of max FE lumped mass matrix to min FE lumped mass matrix for 1d:  0.0
cv_mass_matrix_check_p1: success.
</system-out>
		</testcase>
		<testcase name="check that the max of the CV mass matrix is equal to the max of the FE lumped mass matrix for 1d to tolerance 1.0e-10 " classname="short.cv_mass_matrix_check_p1">
			<system-out>Difference of max CV mass matrix to max FE lumped mass matrix for 1d:  0.0
cv_mass_matrix_check_p1: success.
</system-out>
		</testcase>
		<testcase name="check that the sum of the CV mass matrix is the element volume for 2d to tolerance 1.0e-10 " classname="short.cv_mass_matrix_check_p1">
			<system-out>Difference of element volume to integral CV mass for 2d:  5.551115123125783e-17
cv_mass_matrix_check_p1: success.
</system-out>
		</testcase>
		<testcase name="check that the sum of the FE lumped mass matrix is the element volume for 2d to tolerance 1.0e-10 " classname="short.cv_mass_matrix_check_p1">
			<system-out>Difference of element volume to integral FE lumped mass for 2d:  0.0
cv_mass_matrix_check_p1: success.
</system-out>
		</testcase>
		<testcase name="check that the max of the CV mass matrix is the element volume divided by 3 for 2d to tolerance 1.0e-10 " classname="short.cv_mass_matrix_check_p1">
			<system-out>Difference of element volume divided by 3 to max CV mass for 2d:  2.7755575615628914e-17
cv_mass_matrix_check_p1: success.
</system-out>
		</testcase>
		<testcase name="check that the max of the FE lumped mass matrix is the element volume divided by 3 for 2d to tolerance 1.0e-10 " classname="short.cv_mass_matrix_check_p1">
			<system-out>Difference of element volume divided by 3 to max FE lumped mass for 2d:  0.0
cv_mass_matrix_check_p1: success.
</system-out>
		</testcase>
		<testcase name="check that the max of the CV mass matrix is equal to the min of the CV mass matrix for 2d to tolerance 1.0e-10 " classname="short.cv_mass_matrix_check_p1">
			<system-out>Difference of max CV mass matrix to min CV mass matrix for 2d:  0.0
cv_mass_matrix_check_p1: success.
</system-out>
		</testcase>
		<testcase name="check that the max of the FE lumped mass matrix is equal to the min of the FE lumped mass matrix for 2d to tolerance 1.0e-10 " classname="short.cv_mass_matrix_check_p1">
			<system-out>Difference of max FE lumped mass matrix to min FE lumped mass matrix for 2d:  0.0
cv_mass_matrix_check_p1: success.
</system-out>
		</testcase>
		<testcase name="check that the max of the CV mass matrix is equal to the max of the FE lumped mass matrix for 2d to tolerance 1.0e-10 " classname="short.cv_mass_matrix_check_p1">
			<system-out>Difference of max CV mass matrix to max FE lumped mass matrix for 2d:  2.7755575615628914e-17
cv_mass_matrix_check_p1: success.
</system-out>
		</testcase>
		<testcase name="check that the sum of the CV mass matrix is the element volume for 3d to tolerance 1.0e-10 " classname="short.cv_mass_matrix_check_p1">
			<system-out>Difference of element volume to integral CV mass for 3d:  0.0
cv_mass_matrix_check_p1: success.
</system-out>
		</testcase>
		<testcase name="check that the sum of the FE lumped mass matrix is the element volume for 3d to tolerance 1.0e-10 " classname="short.cv_mass_matrix_check_p1">
			<system-out>Difference of element volume to integral FE lumped mass for 3d:  0.0
cv_mass_matrix_check_p1: success.
</system-out>
		</testcase>
		<testcase name="check that the max of the CV mass matrix is the element volume divided by 4 for 3d to tolerance 1.0e-10 " classname="short.cv_mass_matrix_check_p1">
			<system-out>Difference of element volume divided by 4 to max CV mass for 3d:  0.0
cv_mass_matrix_check_p1: success.
</system-out>
		</testcase>
		<testcase name="check that the max of the FE lumped mass matrix is the element volume divided by 4 for 3d to tolerance 1.0e-10 " classname="short.cv_mass_matrix_check_p1">
			<system-out>Difference of element volume divided by 4 to max FE lumped mass for 3d:  0.0
cv_mass_matrix_check_p1: success.
</system-out>
		</testcase>
		<testcase name="check that the max of the CV mass matrix is equal to the min of the CV mass matrix for 3d to tolerance 1.0e-10 " classname="short.cv_mass_matrix_check_p1">
			<system-out>Difference of max CV mass matrix to min CV mass matrix for 3d:  0.0
cv_mass_matrix_check_p1: success.
</system-out>
		</testcase>
		<testcase name="check that the max of the FE lumped mass matrix is equal to the min of the FE lumped mass matrix for 3d to tolerance 1.0e-10 " classname="short.cv_mass_matrix_check_p1">
			<system-out>Difference of max FE lumped mass matrix to min FE lumped mass matrix for 3d:  0.0
cv_mass_matrix_check_p1: success.
</system-out>
		</testcase>
		<testcase name="check that the max of the CV mass matrix is equal to the max of the FE lumped mass matrix for 3d to tolerance 1.0e-10 " classname="short.cv_mass_matrix_check_p1">
			<system-out>Difference of max CV mass matrix to max FE lumped mass matrix for 3d:  0.0
cv_mass_matrix_check_p1: success.
</system-out>
		</testcase>
		<testcase name="mmat_overlapping_vfracs" time="0.684831" classname="short.mmat_overlapping_vfracs"/>
		<testcase name="Solvers converged" classname="short.mmat_overlapping_vfracs">
			<system-out>mmat_overlapping_vfracs: success.
</system-out>
		</testcase>
		<testcase name="maxdensity" classname="short.mmat_overlapping_vfracs">
			<system-out>mmat_overlapping_vfracs: success.
</system-out>
		</testcase>
		<testcase name="mindensity" classname="short.mmat_overlapping_vfracs">
			<system-out>mmat_overlapping_vfracs: success.
</system-out>
		</testcase>
		<testcase name="tracer_source_dg" time="0.659136" classname="short.tracer_absorption_dg"/>
		<testcase name="Solvers converged" classname="short.tracer_absorption_dg">
			<system-out>tracer_absorption_dg: success.
</system-out>
		</testcase>
		<testcase name="final tracer integral is 0.9**10" classname="short.tracer_absorption_dg">
			<system-out>tracer_absorption_dg: success.
</system-out>
		</testcase>
		<testcase name="Checks that velocity is divergence free with CG pressure and the continuity tested with the CV dual functions" time="43.894266" classname="short.divergence_free_velocity_press_cg_test_cty_cv"/>
		<testcase name="MaxControlVolumeDivergence_p0p1_3d lower than tolerance 1.0e-10" classname="short.divergence_free_velocity_press_cg_test_cty_cv">
			<system-out>divergence_free_velocity_press_cg_test_cty_cv: success.
</system-out>
		</testcase>
		<testcase name="MaxControlVolumeDivergence_p1dgp2_3d lower than tolerance 2.0e-9" classname="short.divergence_free_velocity_press_cg_test_cty_cv">
			<system-out>divergence_free_velocity_press_cg_test_cty_cv: success.
</system-out>
		</testcase>
		<testcase name="Standing free surface wave in channel using P1DG-P2." time="4.782310" classname="short.standing_wave-dg"/>
		<testcase name="Solvers converged" classname="short.standing_wave-dg">
			<system-out>standing_wave-dg: success.
</system-out>
		</testcase>
		<testcase name="pressure_diff_left" classname="short.standing_wave-dg">
			<system-out>standing_wave-dg: success.
</system-out>
		</testcase>
		<testcase name="pressure_diff_right" classname="short.standing_wave-dg">
			<system-out>standing_wave-dg: success.
</system-out>
		</testcase>
		<testcase name="pressure_diff_middle" classname="short.standing_wave-dg">
			<system-out>standing_wave-dg: success.
</system-out>
		</testcase>
		<testcase name="fs_left_min" classname="short.standing_wave-dg">
			<system-out>standing_wave-dg: success.
</system-out>
		</testcase>
		<testcase name="fs_left_min_time" classname="short.standing_wave-dg">
			<system-out>standing_wave-dg: success.
</system-out>
		</testcase>
		<testcase name="fs_end_value" classname="short.standing_wave-dg">
			<system-out>standing_wave-dg: success.
</system-out>
		</testcase>
		<testcase name="fs_right_max" classname="short.standing_wave-dg">
			<system-out>standing_wave-dg: success.
</system-out>
		</testcase>
		<testcase name="fs_right_max_time" classname="short.standing_wave-dg">
			<system-out>standing_wave-dg: success.
</system-out>
		</testcase>
		<testcase name="fs_end_value" classname="short.standing_wave-dg">
			<system-out>standing_wave-dg: success.
</system-out>
		</testcase>
		<testcase name="fs_integral_max_zero" classname="short.standing_wave-dg">
			<system-out>standing_wave-dg: success.
</system-out>
		</testcase>
		<testcase name="volume_integral_change_zero" classname="short.standing_wave-dg">
			<system-out>standing_wave-dg: success.
</system-out>
		</testcase>
		<testcase name="Control volume, multi-material flow test" time="1.480436" classname="short.explicit-hyperc-quads"/>
		<testcase name="Solvers converged" classname="short.explicit-hyperc-quads">
			<system-out>explicit-hyperc-quads: success.
</system-out>
		</testcase>
		<testcase name="check minimum volume fraction is 0.0" classname="short.explicit-hyperc-quads">
			<system-out>explicit-hyperc-quads: success.
</system-out>
		</testcase>
		<testcase name="check maximum volume fraction is 1.0" classname="short.explicit-hyperc-quads">
			<system-out>explicit-hyperc-quads: success.
</system-out>
		</testcase>
		<testcase name="check volume fraction in front of front is 0.0" classname="short.explicit-hyperc-quads">
			<system-out>explicit-hyperc-quads: success.
</system-out>
		</testcase>
		<testcase name="check volume fraction behind front is 1.0" classname="short.explicit-hyperc-quads">
			<system-out>explicit-hyperc-quads: success.
</system-out>
		</testcase>
		<testcase name="check initial minimum volume fraction is 0.0" classname="short.explicit-hyperc-quads">
			<system-out>explicit-hyperc-quads: success.
</system-out>
		</testcase>
		<testcase name="check initial maximum volume fraction is 1.0" classname="short.explicit-hyperc-quads">
			<system-out>explicit-hyperc-quads: success.
</system-out>
		</testcase>
		<testcase name="check maximum speed is 1.0" classname="short.explicit-hyperc-quads">
			<system-out>explicit-hyperc-quads: success.
</system-out>
		</testcase>
		<testcase name="check maximum cv cfl" classname="short.explicit-hyperc-quads">
			<system-out>explicit-hyperc-quads: success.
</system-out>
		</testcase>
		<testcase name="check minimum cv cfl" classname="short.explicit-hyperc-quads">
			<system-out>explicit-hyperc-quads: success.
</system-out>
		</testcase>
		<testcase name="check difference is zero to checkpointed run" classname="short.explicit-hyperc-quads">
			<system-out>explicit-hyperc-quads: success.
</system-out>
		</testcase>
		<testcase name="Geostrophic interpolation with geopressure preconditioning" time="4.594941" classname="short.geostrophic_interpolation_gp"/>
		<testcase name="SimulationCompleted" classname="short.geostrophic_interpolation_gp">
			<system-out>geostrophic_interpolation_gp: success.
</system-out>
		</testcase>
		<testcase name="SolversConverged" classname="short.geostrophic_interpolation_gp">
			<system-out>geostrophic_interpolation_gp: success.
</system-out>
		</testcase>
		<testcase name="DeltaU" classname="short.geostrophic_interpolation_gp">
			<system-out>0.0018515862001766163
geostrophic_interpolation_gp: success.
</system-out>
		</testcase>
		<testcase name="VelocityDivergence" classname="short.geostrophic_interpolation_gp">
			<system-out>1.8253674778046229e-06
geostrophic_interpolation_gp: success.
</system-out>
		</testcase>
		<testcase name="ImbalancedVelocity" classname="short.geostrophic_interpolation_gp">
			<system-out>82.930507039103
geostrophic_interpolation_gp: success.
</system-out>
		</testcase>
		<testcase name="rename_checkpoint" time="2.084052" classname="short.rename_checkpoint"/>
		<testcase name="Solvers converged" classname="short.rename_checkpoint">
			<system-out>rename_checkpoint: success.
</system-out>
		</testcase>
		<testcase name="Correct velocity" classname="short.rename_checkpoint">
			<system-out>rename_checkpoint: success.
</system-out>
		</testcase>
		<testcase name="Correct final time" classname="short.rename_checkpoint">
			<system-out>rename_checkpoint: success.
</system-out>
		</testcase>
		<testcase name="Correct number of timesteps" classname="short.rename_checkpoint">
			<system-out>rename_checkpoint: success.
</system-out>
		</testcase>
		<testcase name="Correct number of vtus" classname="short.rename_checkpoint">
			<system-out>rename_checkpoint: success.
</system-out>
		</testcase>
		<testcase name="sem" time="0.723291" classname="short.sem"/>
		<testcase name="Solvers converged" classname="short.sem">
			<system-out>sem: success.
</system-out>
		</testcase>
		<testcase name="Inlet Condition Test" classname="short.sem">
			<system-out>sem: success.
</system-out>
		</testcase>
		<testcase name="kovasznay" time="3.180645" classname="short.kovasznay"/>
		<testcase name="Solvers converged" classname="short.kovasznay">
			<system-out>kovasznay: success.
</system-out>
		</testcase>
		<testcase name="u error less than 0.03" classname="short.kovasznay">
			<system-out>kovasznay: success.
</system-out>
		</testcase>
		<testcase name="Detectors with adaptivity in parallel" time="4.344573" classname="short.detectors_parallel_adaptivity"/>
		<testcase name="Solvers converged" classname="short.detectors_parallel_adaptivity">
			<system-out>detectors_parallel_adaptivity: success.
</system-out>
		</testcase>
		<testcase name="Finished" classname="short.detectors_parallel_adaptivity">
			<system-out>detectors_parallel_adaptivity: success.
</system-out>
		</testcase>
		<testcase name="CorrectLagrangianTrajectory" classname="short.detectors_parallel_adaptivity">
			<system-out>detectors_parallel_adaptivity: success.
</system-out>
		</testcase>
		<testcase name="detectors_parallel_init" time="1.335918" classname="short.detectors_parallel_init"/>
		<testcase name="Solvers converged" classname="short.detectors_parallel_init">
			<system-out>detectors_parallel_init: success.
</system-out>
		</testcase>
		<testcase name="Test finished" classname="short.detectors_parallel_init">
			<system-out>detectors_parallel_init: success.
</system-out>
		</testcase>
		<testcase name="Detector output" classname="short.detectors_parallel_init">
			<system-out>detectors_parallel_init: success.
</system-out>
		</testcase>
		<testcase name="Detectors initialised correctly" classname="short.detectors_parallel_init">
			<system-out>detectors_parallel_init: success.
</system-out>
		</testcase>
		<testcase name="Coarse Corner (max. nodes limited version)" time="3.263614" classname="short.coarse-corner-limited"/>
		<testcase name="Solvers converged" classname="short.coarse-corner-limited">
			<system-out>coarse-corner-limited: success.
</system-out>
		</testcase>
		<testcase name="Simulation completed" classname="short.coarse-corner-limited">
			<system-out>Asserting relative error is smaller than 1e-06
relative error: 0.0
coarse-corner-limited: success.
</system-out>
		</testcase>
		<testcase name="Correct initial node count" classname="short.coarse-corner-limited">
			<system-out>coarse-corner-limited: success.
</system-out>
		</testcase>
		<testcase name="Correct adapted node count" classname="short.coarse-corner-limited">
			<system-out>Asserting max relative error is smaller than 0.1
max relative error: 0.009900990099009901; index: 0
coarse-corner-limited: success.
</system-out>
		</testcase>
		<testcase name="parallel_p1_consistent_interpolation" time="2.187551" classname="short.parallel_p1_consistent_interpolation"/>
		<testcase name="Solvers converged" classname="short.parallel_p1_consistent_interpolation">
			<system-out>parallel_p1_consistent_interpolation: success.
</system-out>
		</testcase>
		<testcase name="SimulationCompleted" classname="short.parallel_p1_consistent_interpolation">
			<system-out>Timesteps:  1
parallel_p1_consistent_interpolation: success.
</system-out>
		</testcase>
		<testcase name="Interpolation" classname="short.parallel_p1_consistent_interpolation">
			<system-out>Asserting max relative error is smaller than 1e-10
max relative error: 6.080082281627368e-16; index: 0
Asserting max relative error is smaller than 1e-10
max relative error: 4.448082537479136e-16; index: 128
parallel_p1_consistent_interpolation: success.
</system-out>
		</testcase>
		<testcase name="DummyAdaptivity" classname="short.parallel_p1_consistent_interpolation">
			<system-out>parallel_p1_consistent_interpolation: success.
</system-out>
		</testcase>
		<testcase name="Control volume, multi-material surface integral pressure check" time="7.743577" classname="short.mmat-impact"/>
		<testcase name="check material mass is conserved" classname="short.mmat-impact">
			<system-out>mmat-impact: success.
</system-out>
		</testcase>
		<testcase name="check checkpointing - volumefraction" classname="short.mmat-impact">
			<system-out>mmat-impact: success.
</system-out>
		</testcase>
		<testcase name="Solvers converged" classname="short.mmat-impact">
			<system-out>mmat-impact: success.
</system-out>
		</testcase>
		<testcase name="gls-ocean-param" time="2.322457" classname="short.gls-ocean-param"/>
		<testcase name="Extra parameterisation increases TKE" classname="short.gls-ocean-param">
			<system-out>gls-ocean-param: success.
</system-out>
		</testcase>
		<testcase name="total TKE increased" classname="short.gls-ocean-param">
			<system-out>gls-ocean-param: success.
</system-out>
		</testcase>
		<testcase name="MMS test of partial stress form for P1DGP2 with bassi-rebay viscosity scheme" time="9.602667" classname="short.mms_p1dgp2_stressform_rb_sp"/>
		<testcase name="velocity convergence order &gt; 1.9" classname="short.mms_p1dgp2_stressform_rb_sp">
			<system-out>mms_p1dgp2_stressform_rb_sp: success.
</system-out>
		</testcase>
		<testcase name="Control volume, periodic multi-material flow test" time="1.097547" classname="short.explicit-hyperc-tris-periodic-local"/>
		<testcase name="Solvers converged" classname="short.explicit-hyperc-tris-periodic-local">
			<system-out>explicit-hyperc-tris-periodic-local: success.
</system-out>
		</testcase>
		<testcase name="check minimum volume fraction is 0.0" classname="short.explicit-hyperc-tris-periodic-local">
			<system-out>explicit-hyperc-tris-periodic-local: success.
</system-out>
		</testcase>
		<testcase name="check maximum volume fraction is 1.0" classname="short.explicit-hyperc-tris-periodic-local">
			<system-out>explicit-hyperc-tris-periodic-local: success.
</system-out>
		</testcase>
		<testcase name="check initial minimum volume fraction is 0.0" classname="short.explicit-hyperc-tris-periodic-local">
			<system-out>explicit-hyperc-tris-periodic-local: success.
</system-out>
		</testcase>
		<testcase name="check initial maximum volume fraction is 1.0" classname="short.explicit-hyperc-tris-periodic-local">
			<system-out>explicit-hyperc-tris-periodic-local: success.
</system-out>
		</testcase>
		<testcase name="check maximum speed is 1.0" classname="short.explicit-hyperc-tris-periodic-local">
			<system-out>explicit-hyperc-tris-periodic-local: success.
</system-out>
		</testcase>
		<testcase name="check maximum cv cfl" classname="short.explicit-hyperc-tris-periodic-local">
			<system-out>explicit-hyperc-tris-periodic-local: success.
</system-out>
		</testcase>
		<testcase name="check minimum cv cfl" classname="short.explicit-hyperc-tris-periodic-local">
			<system-out>explicit-hyperc-tris-periodic-local: success.
</system-out>
		</testcase>
		<testcase name="check material was conserved" classname="short.explicit-hyperc-tris-periodic-local">
			<system-out>explicit-hyperc-tris-periodic-local: success.
</system-out>
		</testcase>
		<testcase name="Tetrahedral mixing bin test" time="0.643612" classname="short.tet_mixing_bin_test_serial"/>
		<testcase name="Solvers converged" classname="short.tet_mixing_bin_test_serial">
			<system-out>tet_mixing_bin_test_serial: success.
</system-out>
		</testcase>
		<testcase name="Phi0Integrals" classname="short.tet_mixing_bin_test_serial">
			<system-out>[0.00000000e+00 1.18279115e-01 3.37521705e-02 3.21529281e-02
 3.06229093e-02 2.91621143e-02 2.77705430e-02 2.64481954e-02
 2.51950716e-02 2.40111714e-02 2.28964949e-02 2.18510422e-02
 2.08748131e-02 1.99678078e-02 1.91300262e-02 1.83614111e-02
 1.76572003e-02 1.70030484e-02 1.63863006e-02 1.58028517e-02
 1.52532270e-02 1.47374399e-02 1.42520172e-02 1.37902288e-02
 1.33481298e-02 1.29257357e-02 1.25130604e-02 1.21007381e-02
 1.16863051e-02 1.12827779e-02 1.09226242e-02 1.06081349e-02
 1.03423866e-02 1.01173464e-02 9.91838451e-03 9.73661589e-03
 9.56175961e-03 9.38875029e-03 9.21545339e-03 8.99951022e-03
 8.81125308e-03 8.61905525e-03 8.40875412e-03 8.13726382e-03
 7.95833446e-03 7.78661785e-03 7.60996325e-03 7.43051318e-03
 7.24891486e-03 7.05757228e-03 6.86208216e-03 6.67068068e-03
 6.49009249e-03 6.31868169e-03 6.15471022e-03 5.99817835e-03
 5.85016433e-03 5.71023585e-03 5.57697549e-03 5.44797643e-03
 5.31450599e-03 5.18045138e-03 5.04795047e-03 4.91340216e-03
 4.77315062e-03 4.63118396e-03 4.48770078e-03 4.34270106e-03
 4.19618482e-03 4.04815205e-03 3.89860275e-03 3.74851706e-03
 3.60193834e-03 3.45996337e-03 3.32264330e-03 3.19009494e-03
 3.06279114e-03 2.94085347e-03 2.82428194e-03 2.71307654e-03
 2.60723728e-03 2.50012317e-03 2.34486314e-03 2.10131463e-03
 1.68472345e-03 8.48435350e-04 4.12956534e-05 0.00000000e+00
 0.00000000e+00 0.00000000e+00 0.00000000e+00 0.00000000e+00
 0.00000000e+00 0.00000000e+00 0.00000000e+00 0.00000000e+00
 0.00000000e+00 0.00000000e+00 0.00000000e+00 0.00000000e+00
 0.00000000e+00 0.00000000e+00]
Asserting relative error is smaller than 1e-12
relative error: 1.1102230246251554e-15
tet_mixing_bin_test_serial: success.
</system-out>
		</testcase>
		<testcase name="Phi1Integrals" classname="short.tet_mixing_bin_test_serial">
			<system-out>[0.  0.5 0.5 0.  0. ]
Asserting relative error is smaller than 1e-12
relative error: 1.1102230246251554e-15
Asserting relative error is smaller than 1e-12
relative error: 1.5543122344752168e-15
Asserting relative error is smaller than 1e-12
relative error: 6.661338147750935e-16
tet_mixing_bin_test_serial: success.
</system-out>
		</testcase>
		<testcase name="Control volume, multi-material flow test" time="2.360329" classname="short.3material-twoblobs-reversed"/>
		<testcase name="Solvers converged" classname="short.3material-twoblobs-reversed">
			<system-out>3material-twoblobs-reversed: success.
</system-out>
		</testcase>
		<testcase name="check minimum water volume fraction is 0.0" classname="short.3material-twoblobs-reversed">
			<system-out>3material-twoblobs-reversed: success.
</system-out>
		</testcase>
		<testcase name="check maximum water volume fraction is 1.0" classname="short.3material-twoblobs-reversed">
			<system-out>3material-twoblobs-reversed: success.
</system-out>
		</testcase>
		<testcase name="check minimum droplet volume fraction is 0.0" classname="short.3material-twoblobs-reversed">
			<system-out>3material-twoblobs-reversed: success.
</system-out>
		</testcase>
		<testcase name="check maximum droplet volume fraction is 1.0" classname="short.3material-twoblobs-reversed">
			<system-out>3material-twoblobs-reversed: success.
</system-out>
		</testcase>
		<testcase name="check minimum air volume fraction is 0.0" classname="short.3material-twoblobs-reversed">
			<system-out>3material-twoblobs-reversed: success.
</system-out>
		</testcase>
		<testcase name="check maximum air volume fraction is 1.0" classname="short.3material-twoblobs-reversed">
			<system-out>3material-twoblobs-reversed: success.
</system-out>
		</testcase>
		<testcase name="check minimum sum volume fraction is 0.0" classname="short.3material-twoblobs-reversed">
			<system-out>3material-twoblobs-reversed: success.
</system-out>
		</testcase>
		<testcase name="check maximum sum volume fraction is 1.0" classname="short.3material-twoblobs-reversed">
			<system-out>3material-twoblobs-reversed: success.
</system-out>
		</testcase>
		<testcase name="check maximum speed is 1.0" classname="short.3material-twoblobs-reversed">
			<system-out>3material-twoblobs-reversed: success.
</system-out>
		</testcase>
		<testcase name="check maximum cv cfl" classname="short.3material-twoblobs-reversed">
			<system-out>3material-twoblobs-reversed: success.
</system-out>
		</testcase>
		<testcase name="check minimum cv cfl" classname="short.3material-twoblobs-reversed">
			<system-out>3material-twoblobs-reversed: success.
</system-out>
		</testcase>
		<testcase name="Control volume, multi-material flow test" time="2.436434" classname="short.3material-twoblobs"/>
		<testcase name="Solvers converged" classname="short.3material-twoblobs">
			<system-out>3material-twoblobs: success.
</system-out>
		</testcase>
		<testcase name="check minimum water volume fraction is 0.0" classname="short.3material-twoblobs">
			<system-out>3material-twoblobs: success.
</system-out>
		</testcase>
		<testcase name="check maximum water volume fraction is 1.0" classname="short.3material-twoblobs">
			<system-out>3material-twoblobs: success.
</system-out>
		</testcase>
		<testcase name="check minimum droplet volume fraction is 0.0" classname="short.3material-twoblobs">
			<system-out>3material-twoblobs: success.
</system-out>
		</testcase>
		<testcase name="check maximum droplet volume fraction is 1.0" classname="short.3material-twoblobs">
			<system-out>3material-twoblobs: success.
</system-out>
		</testcase>
		<testcase name="check minimum air volume fraction is 0.0" classname="short.3material-twoblobs">
			<system-out>3material-twoblobs: success.
</system-out>
		</testcase>
		<testcase name="check maximum air volume fraction is 1.0" classname="short.3material-twoblobs">
			<system-out>3material-twoblobs: success.
</system-out>
		</testcase>
		<testcase name="check minimum sum volume fraction is 0.0" classname="short.3material-twoblobs">
			<system-out>3material-twoblobs: success.
</system-out>
		</testcase>
		<testcase name="check maximum sum volume fraction is 1.0" classname="short.3material-twoblobs">
			<system-out>3material-twoblobs: success.
</system-out>
		</testcase>
		<testcase name="check maximum speed is 1.0" classname="short.3material-twoblobs">
			<system-out>3material-twoblobs: success.
</system-out>
		</testcase>
		<testcase name="check maximum cv cfl" classname="short.3material-twoblobs">
			<system-out>3material-twoblobs: success.
</system-out>
		</testcase>
		<testcase name="check minimum cv cfl" classname="short.3material-twoblobs">
			<system-out>3material-twoblobs: success.
</system-out>
		</testcase>
		<testcase name="Binary detectors" time="0.640789" classname="short.binary_detectors"/>
		<testcase name="Solvers converged" classname="short.binary_detectors">
			<system-out>binary_detectors: success.
</system-out>
		</testcase>
		<testcase name="tracer at D1" classname="short.binary_detectors">
			<system-out>binary_detectors: success.
</system-out>
		</testcase>
		<testcase name="tracer at D2" classname="short.binary_detectors">
			<system-out>binary_detectors: success.
</system-out>
		</testcase>
		<testcase name="tracer at D3" classname="short.binary_detectors">
			<system-out>binary_detectors: success.
</system-out>
		</testcase>
		<testcase name="tracer at Darr_1" classname="short.binary_detectors">
			<system-out>binary_detectors: success.
</system-out>
		</testcase>
		<testcase name="tracer at Darr_2" classname="short.binary_detectors">
			<system-out>binary_detectors: success.
</system-out>
		</testcase>
		<testcase name="tracer at Darr_3" classname="short.binary_detectors">
			<system-out>binary_detectors: success.
</system-out>
		</testcase>
		<testcase name="velocity at D1" classname="short.binary_detectors">
			<system-out>binary_detectors: success.
</system-out>
		</testcase>
		<testcase name="velocity at D2" classname="short.binary_detectors">
			<system-out>binary_detectors: success.
</system-out>
		</testcase>
		<testcase name="velocity at D3" classname="short.binary_detectors">
			<system-out>binary_detectors: success.
</system-out>
		</testcase>
		<testcase name="velocity at Darr_1" classname="short.binary_detectors">
			<system-out>binary_detectors: success.
</system-out>
		</testcase>
		<testcase name="velocity at Darr_2" classname="short.binary_detectors">
			<system-out>binary_detectors: success.
</system-out>
		</testcase>
		<testcase name="velocity at Darr_3" classname="short.binary_detectors">
			<system-out>binary_detectors: success.
</system-out>
		</testcase>
		<testcase name="viscosity_2d_dg" time="0.862497" classname="short.viscosity_2d_dg"/>
		<testcase name="Solvers converged" classname="short.viscosity_2d_dg">
			<system-out>viscosity_2d_dg: success.
</system-out>
		</testcase>
		<testcase name="u integral is 1.0" classname="short.viscosity_2d_dg">
			<system-out>viscosity_2d_dg: success.
</system-out>
		</testcase>
		<testcase name="Control volume, multi-material surface integral pressure check" time="86.859941" classname="short.mmat-balancepressure"/>
		<testcase name="check maximum pressure_p0p1cv_gpp2 is 0.0" classname="short.mmat-balancepressure">
			<system-out>mmat-balancepressure: success.
</system-out>
		</testcase>
		<testcase name="check minimum pressure_p0p1cv_gpp2 0.0" classname="short.mmat-balancepressure">
			<system-out>mmat-balancepressure: success.
</system-out>
		</testcase>
		<testcase name="check minimum geopressure_p0p1cv_gpp2" classname="short.mmat-balancepressure">
			<system-out>mmat-balancepressure: success.
</system-out>
		</testcase>
		<testcase name="check maximum geopressure_p0p1cv_gpp2" classname="short.mmat-balancepressure">
			<system-out>mmat-balancepressure: success.
</system-out>
		</testcase>
		<testcase name="check maximum xspeed_p0p1cv_gpp2 is zero" classname="short.mmat-balancepressure">
			<system-out>mmat-balancepressure: success.
</system-out>
		</testcase>
		<testcase name="check maximum yspeed_p0p1cv_gpp2 is zero" classname="short.mmat-balancepressure">
			<system-out>mmat-balancepressure: success.
</system-out>
		</testcase>
		<testcase name="check maximum speed_p0p1cv_gpp2 is zero" classname="short.mmat-balancepressure">
			<system-out>mmat-balancepressure: success.
</system-out>
		</testcase>
		<testcase name="check volume fraction_p0p1cv_gpp2 conserved" classname="short.mmat-balancepressure">
			<system-out>mass loss =  1.6653345369377348e-16
mmat-balancepressure: success.
</system-out>
		</testcase>
		<testcase name="check divergence_p0p1cv_gpp2" classname="short.mmat-balancepressure">
			<system-out>mmat-balancepressure: success.
</system-out>
		</testcase>
		<testcase name="check maximum pressure_p0p1cv_gpp2_bc is 0.0" classname="short.mmat-balancepressure">
			<system-out>mmat-balancepressure: success.
</system-out>
		</testcase>
		<testcase name="check minimum pressure_p0p1cv_gpp2_bc 0.0" classname="short.mmat-balancepressure">
			<system-out>mmat-balancepressure: success.
</system-out>
		</testcase>
		<testcase name="check minimum geopressure_p0p1cv_gpp2_bc" classname="short.mmat-balancepressure">
			<system-out>mmat-balancepressure: success.
</system-out>
		</testcase>
		<testcase name="check maximum geopressure_p0p1cv_gpp2_bc" classname="short.mmat-balancepressure">
			<system-out>mmat-balancepressure: success.
</system-out>
		</testcase>
		<testcase name="check maximum xspeed_p0p1cv_gpp2_bc is zero" classname="short.mmat-balancepressure">
			<system-out>mmat-balancepressure: success.
</system-out>
		</testcase>
		<testcase name="check maximum yspeed_p0p1cv_gpp2_bc is zero" classname="short.mmat-balancepressure">
			<system-out>mmat-balancepressure: success.
</system-out>
		</testcase>
		<testcase name="check maximum speed_p0p1cv_gpp2_bc is zero" classname="short.mmat-balancepressure">
			<system-out>mmat-balancepressure: success.
</system-out>
		</testcase>
		<testcase name="check volume fraction_p0p1cv_gpp2_bc conserved" classname="short.mmat-balancepressure">
			<system-out>mass loss =  2.7755575615628914e-17
mmat-balancepressure: success.
</system-out>
		</testcase>
		<testcase name="check divergence_p0p1cv_gpp2_bc" classname="short.mmat-balancepressure">
			<system-out>mmat-balancepressure: success.
</system-out>
		</testcase>
		<testcase name="check maximum pressure_p0p1cv_hpp2dg is 0.0" classname="short.mmat-balancepressure">
			<system-out>mmat-balancepressure: success.
</system-out>
		</testcase>
		<testcase name="check minimum pressure_p0p1cv_hpp2dg 0.0" classname="short.mmat-balancepressure">
			<system-out>mmat-balancepressure: success.
</system-out>
		</testcase>
		<testcase name="check minimum geopressure_p0p1cv_hpp2dg" classname="short.mmat-balancepressure">
			<system-out>mmat-balancepressure: success.
</system-out>
		</testcase>
		<testcase name="check maximum geopressure_p0p1cv_hpp2dg" classname="short.mmat-balancepressure">
			<system-out>mmat-balancepressure: success.
</system-out>
		</testcase>
		<testcase name="check maximum xspeed_p0p1cv_hpp2dg is zero" classname="short.mmat-balancepressure">
			<system-out>mmat-balancepressure: success.
</system-out>
		</testcase>
		<testcase name="check maximum yspeed_p0p1cv_hpp2dg is zero" classname="short.mmat-balancepressure">
			<system-out>mmat-balancepressure: success.
</system-out>
		</testcase>
		<testcase name="check maximum speed_p0p1cv_hpp2dg is zero" classname="short.mmat-balancepressure">
			<system-out>mmat-balancepressure: success.
</system-out>
		</testcase>
		<testcase name="check volume fraction_p0p1cv_hpp2dg conserved" classname="short.mmat-balancepressure">
			<system-out>mass loss =  8.326672684688674e-17
mmat-balancepressure: success.
</system-out>
		</testcase>
		<testcase name="check divergence_p0p1cv_hpp2dg" classname="short.mmat-balancepressure">
			<system-out>mmat-balancepressure: success.
</system-out>
		</testcase>
		<testcase name="check maximum pressure_p0p1cv_hpp2 is 0.0" classname="short.mmat-balancepressure">
			<system-out>mmat-balancepressure: success.
</system-out>
		</testcase>
		<testcase name="check minimum pressure_p0p1cv_hpp2 0.0" classname="short.mmat-balancepressure">
			<system-out>mmat-balancepressure: success.
</system-out>
		</testcase>
		<testcase name="check minimum geopressure_p0p1cv_hpp2" classname="short.mmat-balancepressure">
			<system-out>mmat-balancepressure: success.
</system-out>
		</testcase>
		<testcase name="check maximum geopressure_p0p1cv_hpp2" classname="short.mmat-balancepressure">
			<system-out>mmat-balancepressure: success.
</system-out>
		</testcase>
		<testcase name="check maximum xspeed_p0p1cv_hpp2 is zero" classname="short.mmat-balancepressure">
			<system-out>mmat-balancepressure: success.
</system-out>
		</testcase>
		<testcase name="check maximum yspeed_p0p1cv_hpp2 is zero" classname="short.mmat-balancepressure">
			<system-out>mmat-balancepressure: success.
</system-out>
		</testcase>
		<testcase name="check maximum speed_p0p1cv_hpp2 is zero" classname="short.mmat-balancepressure">
			<system-out>mmat-balancepressure: success.
</system-out>
		</testcase>
		<testcase name="check volume fraction_p0p1cv_hpp2 conserved" classname="short.mmat-balancepressure">
			<system-out>mass loss =  1.6653345369377348e-16
mmat-balancepressure: success.
</system-out>
		</testcase>
		<testcase name="check divergence_p0p1cv_hpp2" classname="short.mmat-balancepressure">
			<system-out>mmat-balancepressure: success.
</system-out>
		</testcase>
		<testcase name="check maximum pressure_p0p1_rhop0_vfracp0 is 2457.35" classname="short.mmat-balancepressure">
			<system-out>mmat-balancepressure: success.
</system-out>
		</testcase>
		<testcase name="check minimum pressure_p0p1_rhop0_vfracp0 0.0" classname="short.mmat-balancepressure">
			<system-out>mmat-balancepressure: success.
</system-out>
		</testcase>
		<testcase name="check maximum xspeed_p0p1_rhop0_vfracp0 is low" classname="short.mmat-balancepressure">
			<system-out>mmat-balancepressure: success.
</system-out>
		</testcase>
		<testcase name="check maximum yspeed_p0p1_rhop0_vfracp0 is low" classname="short.mmat-balancepressure">
			<system-out>mmat-balancepressure: success.
</system-out>
		</testcase>
		<testcase name="check maximum speed_p0p1_rhop0_vfracp0 is low" classname="short.mmat-balancepressure">
			<system-out>mmat-balancepressure: success.
</system-out>
		</testcase>
		<testcase name="check volume fraction_p0p1_rhop0_vfracp0 almost conserved" classname="short.mmat-balancepressure">
			<system-out>mass loss =  3.588278110672194e-06
mmat-balancepressure: success.
</system-out>
		</testcase>
		<testcase name="check divergence_p0p1_rhop0_vfracp0" classname="short.mmat-balancepressure">
			<system-out>mmat-balancepressure: success.
</system-out>
		</testcase>
		<testcase name="check maximum pressure_p1dgp2_rhop1dg_vfracp1cv is 2212.595" classname="short.mmat-balancepressure">
			<system-out>mmat-balancepressure: success.
</system-out>
		</testcase>
		<testcase name="check minimum pressure_p1dgp2_rhop1dg_vfracp1cv 0.0" classname="short.mmat-balancepressure">
			<system-out>mmat-balancepressure: success.
</system-out>
		</testcase>
		<testcase name="check maximum xspeed_p1dgp2_rhop1dg_vfracp1cv is low" classname="short.mmat-balancepressure">
			<system-out>mmat-balancepressure: success.
</system-out>
		</testcase>
		<testcase name="check maximum yspeed_p1dgp2_rhop1dg_vfracp1cv is low" classname="short.mmat-balancepressure">
			<system-out>mmat-balancepressure: success.
</system-out>
		</testcase>
		<testcase name="check maximum speed_p1dgp2_rhop1dg_vfracp1cv is low" classname="short.mmat-balancepressure">
			<system-out>mmat-balancepressure: success.
</system-out>
		</testcase>
		<testcase name="check volume fraction_p1dgp2_rhop1dg_vfracp1cv almost conserved" classname="short.mmat-balancepressure">
			<system-out>mass loss =  3.219646771412954e-15
mmat-balancepressure: success.
</system-out>
		</testcase>
		<testcase name="check divergence_p1dgp2_rhop1dg_vfracp1cv" classname="short.mmat-balancepressure">
			<system-out>mmat-balancepressure: success.
</system-out>
		</testcase>
		<testcase name="check maximum pressure_p0p1cv_vbpp2 is 0.0" classname="short.mmat-balancepressure">
			<system-out>mmat-balancepressure: success.
</system-out>
		</testcase>
		<testcase name="check minimum pressure_p0p1cv_vbpp2 0.0" classname="short.mmat-balancepressure">
			<system-out>mmat-balancepressure: success.
</system-out>
		</testcase>
		<testcase name="check minimum geopressure_p0p1cv_vbpp2" classname="short.mmat-balancepressure">
			<system-out>mmat-balancepressure: success.
</system-out>
		</testcase>
		<testcase name="check maximum geopressure_p0p1cv_vbpp2" classname="short.mmat-balancepressure">
			<system-out>mmat-balancepressure: success.
</system-out>
		</testcase>
		<testcase name="check maximum xspeed_p0p1cv_vbpp2 is zero" classname="short.mmat-balancepressure">
			<system-out>mmat-balancepressure: success.
</system-out>
		</testcase>
		<testcase name="check maximum yspeed_p0p1cv_vbpp2 is zero" classname="short.mmat-balancepressure">
			<system-out>mmat-balancepressure: success.
</system-out>
		</testcase>
		<testcase name="check maximum speed_p0p1cv_vbpp2 is zero" classname="short.mmat-balancepressure">
			<system-out>mmat-balancepressure: success.
</system-out>
		</testcase>
		<testcase name="check volume fraction_p0p1cv_vbpp2 conserved" classname="short.mmat-balancepressure">
			<system-out>mass loss =  8.326672684688674e-17
mmat-balancepressure: success.
</system-out>
		</testcase>
		<testcase name="check divergence_p0p1cv_vbpp2" classname="short.mmat-balancepressure">
			<system-out>mmat-balancepressure: success.
</system-out>
		</testcase>
		<testcase name="Solvers converged" classname="short.mmat-balancepressure">
			<system-out>mmat-balancepressure: success.
</system-out>
		</testcase>
		<testcase name="fldecomp" time="0.035453" classname="short.fldecomp_1d"/>
		<testcase name="Equal sized partitions (owned nodes)" classname="short.fldecomp_1d">
			<system-out>Asserting max relative error is smaller than 0.075
max relative error: 0.034161490683229816; index: 2
fldecomp_1d: success.
</system-out>
		</testcase>
		<testcase name="Control volume, multi-material surface integral pressure check" time="0.855185" classname="short.mmat-gravity-col-p2lumpedp1"/>
		<testcase name="check maximum pressure is 10.0" classname="short.mmat-gravity-col-p2lumpedp1">
			<system-out>mmat-gravity-col-p2lumpedp1: success.
</system-out>
		</testcase>
		<testcase name="check pressure range is 10.0" classname="short.mmat-gravity-col-p2lumpedp1">
			<system-out>mmat-gravity-col-p2lumpedp1: success.
</system-out>
		</testcase>
		<testcase name="check maximum speed is zero" classname="short.mmat-gravity-col-p2lumpedp1">
			<system-out>mmat-gravity-col-p2lumpedp1: success.
</system-out>
		</testcase>
		<testcase name="Solvers converged" classname="short.mmat-gravity-col-p2lumpedp1">
			<system-out>mmat-gravity-col-p2lumpedp1: success.
</system-out>
		</testcase>
		<testcase name="column-parallel" time="2.733362" classname="short.column-parallel"/>
		<testcase name="Solvers converged" classname="short.column-parallel">
			<system-out>column-parallel: success.
</system-out>
		</testcase>
		<testcase name="assert no crash" classname="short.column-parallel">
			<system-out>column-parallel: success.
</system-out>
		</testcase>
		<testcase name="Warning present" classname="short.column-parallel">
			<system-out>column-parallel: success.
</system-out>
		</testcase>
		<testcase name="turbine_dirichlet_3d" time="3.369265" classname="short.turbine_dirichlet_3d_moving_mesh"/>
		<testcase name="Solvers converged" classname="short.turbine_dirichlet_3d_moving_mesh">
			<system-out>turbine_dirichlet_3d_moving_mesh: success.
</system-out>
		</testcase>
		<testcase name="flux_conservation" classname="short.turbine_dirichlet_3d_moving_mesh">
			<system-out>7.029438142680533e-11
turbine_dirichlet_3d_moving_mesh: success.
</system-out>
		</testcase>
		<testcase name="time" classname="short.turbine_dirichlet_3d_moving_mesh">
			<system-out>turbine_dirichlet_3d_moving_mesh: success.
</system-out>
		</testcase>
		<testcase name="Control volume, multi-material flow test" time="1.598540" classname="short.explicit-hyperc-tets"/>
		<testcase name="Solvers converged" classname="short.explicit-hyperc-tets">
			<system-out>explicit-hyperc-tets: success.
</system-out>
		</testcase>
		<testcase name="check minimum volume fraction is 0.0" classname="short.explicit-hyperc-tets">
			<system-out>explicit-hyperc-tets: success.
</system-out>
		</testcase>
		<testcase name="check maximum volume fraction is 1.0" classname="short.explicit-hyperc-tets">
			<system-out>explicit-hyperc-tets: success.
</system-out>
		</testcase>
		<testcase name="check volume fraction in front of front is 0.0 (relaxed for simplex elements)" classname="short.explicit-hyperc-tets">
			<system-out>explicit-hyperc-tets: success.
</system-out>
		</testcase>
		<testcase name="check volume fraction behind front is 1.0 (relaxed for simplex elements)" classname="short.explicit-hyperc-tets">
			<system-out>explicit-hyperc-tets: success.
</system-out>
		</testcase>
		<testcase name="check initial minimum volume fraction is 0.0" classname="short.explicit-hyperc-tets">
			<system-out>explicit-hyperc-tets: success.
</system-out>
		</testcase>
		<testcase name="check initial maximum volume fraction is 1.0" classname="short.explicit-hyperc-tets">
			<system-out>explicit-hyperc-tets: success.
</system-out>
		</testcase>
		<testcase name="check maximum speed is 1.0" classname="short.explicit-hyperc-tets">
			<system-out>explicit-hyperc-tets: success.
</system-out>
		</testcase>
		<testcase name="check maximum cv cfl" classname="short.explicit-hyperc-tets">
			<system-out>explicit-hyperc-tets: success.
</system-out>
		</testcase>
		<testcase name="check minimum cv cfl (lower bound)" classname="short.explicit-hyperc-tets">
			<system-out>explicit-hyperc-tets: success.
</system-out>
		</testcase>
		<testcase name="check minimum cv cfl (upper bound)" classname="short.explicit-hyperc-tets">
			<system-out>explicit-hyperc-tets: success.
</system-out>
		</testcase>
		<testcase name="check difference is zero to checkpointed run" classname="short.explicit-hyperc-tets">
			<system-out>explicit-hyperc-tets: success.
</system-out>
		</testcase>
		<testcase name="Test of the adaptive timestep options." time="0.695117" classname="short.adaptive-timestep-test"/>
		<testcase name="Solvers converged" classname="short.adaptive-timestep-test">
			<system-out>adaptive-timestep-test: success.
</system-out>
		</testcase>
		<testcase name="check starting timestep is 0.021 (what is allowed from 0.02 by tolerance)" classname="short.adaptive-timestep-test">
			<system-out>adaptive-timestep-test: success.
</system-out>
		</testcase>
		<testcase name="check next timestep is 0.02205 (what is allowed by tolerance)" classname="short.adaptive-timestep-test">
			<system-out>adaptive-timestep-test: success.
</system-out>
		</testcase>
		<testcase name="check final timestep is 0.03 (maximum allowed)" classname="short.adaptive-timestep-test">
			<system-out>adaptive-timestep-test: success.
</system-out>
		</testcase>
		<testcase name="check 12 timesteps have been taken" classname="short.adaptive-timestep-test">
			<system-out>adaptive-timestep-test: success.
</system-out>
		</testcase>
		<testcase name="Control volume, multi-material flow test" time="1.365429" classname="short.explicit-hyperc-hexes"/>
		<testcase name="Solvers converged" classname="short.explicit-hyperc-hexes">
			<system-out>explicit-hyperc-hexes: success.
</system-out>
		</testcase>
		<testcase name="check minimum volume fraction is 0.0" classname="short.explicit-hyperc-hexes">
			<system-out>explicit-hyperc-hexes: success.
</system-out>
		</testcase>
		<testcase name="check maximum volume fraction is 1.0" classname="short.explicit-hyperc-hexes">
			<system-out>explicit-hyperc-hexes: success.
</system-out>
		</testcase>
		<testcase name="check volume fraction in front of front is 0.0" classname="short.explicit-hyperc-hexes">
			<system-out>explicit-hyperc-hexes: success.
</system-out>
		</testcase>
		<testcase name="check volume fraction behind front is 1.0" classname="short.explicit-hyperc-hexes">
			<system-out>explicit-hyperc-hexes: success.
</system-out>
		</testcase>
		<testcase name="check initial minimum volume fraction is 0.0" classname="short.explicit-hyperc-hexes">
			<system-out>explicit-hyperc-hexes: success.
</system-out>
		</testcase>
		<testcase name="check initial maximum volume fraction is 1.0" classname="short.explicit-hyperc-hexes">
			<system-out>explicit-hyperc-hexes: success.
</system-out>
		</testcase>
		<testcase name="check maximum speed is 3.0" classname="short.explicit-hyperc-hexes">
			<system-out>explicit-hyperc-hexes: success.
</system-out>
		</testcase>
		<testcase name="check maximum cv cfl" classname="short.explicit-hyperc-hexes">
			<system-out>explicit-hyperc-hexes: success.
</system-out>
		</testcase>
		<testcase name="check minimum cv cfl" classname="short.explicit-hyperc-hexes">
			<system-out>explicit-hyperc-hexes: success.
</system-out>
		</testcase>
		<testcase name="check difference is zero to checkpointed run" classname="short.explicit-hyperc-hexes">
			<system-out>explicit-hyperc-hexes: success.
</system-out>
		</testcase>
		<testcase name="Triangle mixing bin test" time="0.606891" classname="short.tri_mixing_bin_test_serial"/>
		<testcase name="Solvers converged" classname="short.tri_mixing_bin_test_serial">
			<system-out>tri_mixing_bin_test_serial: success.
</system-out>
		</testcase>
		<testcase name="Phi0Integrals" classname="short.tri_mixing_bin_test_serial">
			<system-out>[0.         0.02353655 0.02252251 0.02150846 0.02049441 0.01948037
 0.01846632 0.01745228 0.01644549 0.01568992 0.01535309 0.01507515
 0.01479721 0.01451927 0.01424132 0.01396853 0.01373012 0.01349851
 0.01326691 0.01303531 0.0128037  0.01245701 0.01174685 0.01146236
 0.01134032 0.01122783 0.0111288  0.01104514 0.01096022 0.01087206
 0.01078384 0.01069562 0.0106074  0.01051918 0.01043326 0.01034643
 0.01025801 0.01016959 0.01008117 0.00999713 0.00991305 0.00982686
 0.00974989 0.00965574 0.00955461 0.00945207 0.00936314 0.00927853
 0.00920796 0.00910584 0.00898051 0.00887681 0.00877747 0.00867813
 0.008587   0.00851268 0.00843885 0.008367   0.00829944 0.00823006
 0.00816046 0.00809086 0.00802126 0.00795166 0.00788206 0.00781246
 0.00774286 0.00767326 0.00760366 0.00753407 0.00746447 0.00741786
 0.00739377 0.00736968 0.00734991 0.00734421 0.00732953 0.0073472
 0.00742831 0.00750248 0.00757566 0.00764397 0.00761583 0.00747717
 0.00731661 0.00715605 0.00699549 0.00683492 0.00667436 0.0065138
 0.00635324 0.00619268 0.00603212 0.00599625 0.00612926 0.0062632
 0.00782853 0.0084053  0.004671   0.00103124 0.         0.        ]
Asserting relative error is smaller than 1e-12
relative error: 4.440892098500628e-16
tri_mixing_bin_test_serial: success.
</system-out>
		</testcase>
		<testcase name="Phi1Integrals" classname="short.tri_mixing_bin_test_serial">
			<system-out>[ 0.00000000e+00  5.00000000e-01  5.00000000e-01 -1.73472348e-18
  0.00000000e+00]
Asserting relative error is smaller than 1e-12
relative error: 6.661338147750944e-16
Asserting relative error is smaller than 1e-12
relative error: 1.1102230246251577e-15
Asserting relative error is smaller than 1e-12
relative error: 2.2204460492503136e-16
tri_mixing_bin_test_serial: success.
</system-out>
		</testcase>
		<testcase name="parallel_p0_consistent_interpolation" time="2.182701" classname="short.parallel_p0_consistent_interpolation"/>
		<testcase name="Solvers converged" classname="short.parallel_p0_consistent_interpolation">
			<system-out>parallel_p0_consistent_interpolation: success.
</system-out>
		</testcase>
		<testcase name="SimulationCompleted" classname="short.parallel_p0_consistent_interpolation">
			<system-out>Timesteps:  1
parallel_p0_consistent_interpolation: success.
</system-out>
		</testcase>
		<testcase name="Interpolation" classname="short.parallel_p0_consistent_interpolation">
			<system-out>Asserting max relative error is smaller than 1e-10
max relative error: 2.307396438369539e-16; index: 44
Asserting max relative error is smaller than 1e-10
max relative error: 2.1331785954282372e-16; index: 104
parallel_p0_consistent_interpolation: success.
</system-out>
		</testcase>
		<testcase name="DummyAdaptivity" classname="short.parallel_p0_consistent_interpolation">
			<system-out>parallel_p0_consistent_interpolation: success.
</system-out>
		</testcase>
		<testcase name="Control volume equation test" time="1.920096" classname="short.heat-transfer-eqn-channel"/>
		<testcase name="Solvers converged" classname="short.heat-transfer-eqn-channel">
			<system-out>heat-transfer-eqn-channel: success.
</system-out>
		</testcase>
		<testcase name="check minimum volume fraction is 0.0" classname="short.heat-transfer-eqn-channel">
			<system-out>heat-transfer-eqn-channel: success.
</system-out>
		</testcase>
		<testcase name="check maximum volume fraction is 1.0" classname="short.heat-transfer-eqn-channel">
			<system-out>heat-transfer-eqn-channel: success.
</system-out>
		</testcase>
		<testcase name="check volume fraction in front of front is 0.0 (relaxed for simplex elements)" classname="short.heat-transfer-eqn-channel">
			<system-out>heat-transfer-eqn-channel: success.
</system-out>
		</testcase>
		<testcase name="check volume fraction behind front is 1.0 (relaxed for simplex elements)" classname="short.heat-transfer-eqn-channel">
			<system-out>heat-transfer-eqn-channel: success.
</system-out>
		</testcase>
		<testcase name="check initial minimum volume fraction is 0.0" classname="short.heat-transfer-eqn-channel">
			<system-out>heat-transfer-eqn-channel: success.
</system-out>
		</testcase>
		<testcase name="check initial maximum volume fraction is 1.0" classname="short.heat-transfer-eqn-channel">
			<system-out>heat-transfer-eqn-channel: success.
</system-out>
		</testcase>
		<testcase name="check maximum speed is 1.0" classname="short.heat-transfer-eqn-channel">
			<system-out>heat-transfer-eqn-channel: success.
</system-out>
		</testcase>
		<testcase name="check maximum cv cfl" classname="short.heat-transfer-eqn-channel">
			<system-out>heat-transfer-eqn-channel: success.
</system-out>
		</testcase>
		<testcase name="check minimum cv cfl (lower bound)" classname="short.heat-transfer-eqn-channel">
			<system-out>heat-transfer-eqn-channel: success.
</system-out>
		</testcase>
		<testcase name="check minimum cv cfl (upper bound)" classname="short.heat-transfer-eqn-channel">
			<system-out>heat-transfer-eqn-channel: success.
</system-out>
		</testcase>
		<testcase name="check difference is zero to checkpointed run" classname="short.heat-transfer-eqn-channel">
			<system-out>heat-transfer-eqn-channel: success.
</system-out>
		</testcase>
		<testcase name="add_src_directly_1d_2grp_hom_zerobc_eig_p1dg" time="20.267945" classname="short.add_src_directly_1d_2grp_hom_zerobc_eig_p1dg"/>
		<testcase name="Check Eigenvalue_A against PANTHER reference with tolerance 4.2e-03" classname="short.add_src_directly_1d_2grp_hom_zerobc_eig_p1dg">
			<system-out>Relative error compared to reference:  0.00408015680570184
add_src_directly_1d_2grp_hom_zerobc_eig_p1dg: success.
</system-out>
		</testcase>
		<testcase name="Check Eigenvalue_B against PANTHER reference with tolerance 3.9e-03" classname="short.add_src_directly_1d_2grp_hom_zerobc_eig_p1dg">
			<system-out>Relative error compared to reference:  0.0038824739004719167
add_src_directly_1d_2grp_hom_zerobc_eig_p1dg: success.
</system-out>
		</testcase>
		<testcase name="Check Eigenvalue_C against PANTHER reference with tolerance 4.0e-05" classname="short.add_src_directly_1d_2grp_hom_zerobc_eig_p1dg">
			<system-out>Relative error compared to reference:  2.9102641975642385e-05
add_src_directly_1d_2grp_hom_zerobc_eig_p1dg: success.
</system-out>
		</testcase>
		<testcase name="Check Eigenvalue_D against PANTHER reference with tolerance 2.0e-05" classname="short.add_src_directly_1d_2grp_hom_zerobc_eig_p1dg">
			<system-out>Relative error compared to reference:  1.7221967128944193e-05
add_src_directly_1d_2grp_hom_zerobc_eig_p1dg: success.
</system-out>
		</testcase>
		<testcase name="Check Eigenvalue_A against fine mesh (mesh size 0.001, number of vele 44500) cg reference with tolerance 4.2e-03" classname="short.add_src_directly_1d_2grp_hom_zerobc_eig_p1dg">
			<system-out>Relative error compared to reference:  0.004066942493009235
add_src_directly_1d_2grp_hom_zerobc_eig_p1dg: success.
</system-out>
		</testcase>
		<testcase name="Check Eigenvalue_B against fine mesh (mesh size 0.001, number of vele 44500) cg reference with tolerance 3.9e-03" classname="short.add_src_directly_1d_2grp_hom_zerobc_eig_p1dg">
			<system-out>Relative error compared to reference:  0.003869256964833558
add_src_directly_1d_2grp_hom_zerobc_eig_p1dg: success.
</system-out>
		</testcase>
		<testcase name="Check Eigenvalue_C against fine mesh (mesh size 0.001, number of vele 44500) cg reference with tolerance 2.0e-05" classname="short.add_src_directly_1d_2grp_hom_zerobc_eig_p1dg">
			<system-out>Relative error compared to reference:  1.5834578073218364e-05
add_src_directly_1d_2grp_hom_zerobc_eig_p1dg: success.
</system-out>
		</testcase>
		<testcase name="Check Eigenvalue_D against fine mesh (mesh size 0.001, number of vele 44500) cg reference with tolerance 1.0e-05" classname="short.add_src_directly_1d_2grp_hom_zerobc_eig_p1dg">
			<system-out>Relative error compared to reference:  3.953745588379417e-06
add_src_directly_1d_2grp_hom_zerobc_eig_p1dg: success.
</system-out>
		</testcase>
		<testcase name="Check Eigenvalue_C to Eigenvalue_D convergence with regard to the fine mesh cg linear solution with tolerance 1.0e-03" classname="short.add_src_directly_1d_2grp_hom_zerobc_eig_p1dg">
			<system-out>convergence_ratio 2.001786479866773
Relative error of convergence_ratio to expected 2nd order: 0.0008932399333865249
add_src_directly_1d_2grp_hom_zerobc_eig_p1dg: success.
</system-out>
		</testcase>
		<testcase name="Multimaterial adaptivity and interpolation test" time="13.897243" classname="short.mmat-interpolation-2d-parallel"/>
		<testcase name="Solvers converged" classname="short.mmat-interpolation-2d-parallel">
			<system-out>mmat-interpolation-2d-parallel: success.
</system-out>
		</testcase>
		<testcase name="check material1 was conserved" classname="short.mmat-interpolation-2d-parallel">
			<system-out>mass loss =  1.3020695632803836e-11
mmat-interpolation-2d-parallel: success.
</system-out>
		</testcase>
		<testcase name="check material2 was conserved" classname="short.mmat-interpolation-2d-parallel">
			<system-out>mass loss =  1.0377476655776263e-11
mmat-interpolation-2d-parallel: success.
</system-out>
		</testcase>
		<testcase name="check material3 was conserved" classname="short.mmat-interpolation-2d-parallel">
			<system-out>mass loss =  2.6358915050650467e-12
mmat-interpolation-2d-parallel: success.
</system-out>
		</testcase>
		<testcase name="check that reasonable tolerance is being used to test conservation" classname="short.mmat-interpolation-2d-parallel">
			<system-out>divergence tolerance =  1.0616900735634175e-09
mmat-interpolation-2d-parallel: success.
</system-out>
		</testcase>
		<testcase name="check material1 max bound was conserved" classname="short.mmat-interpolation-2d-parallel">
			<system-out>mmat-interpolation-2d-parallel: success.
</system-out>
		</testcase>
		<testcase name="check material3 max was conserved" classname="short.mmat-interpolation-2d-parallel">
			<system-out>mmat-interpolation-2d-parallel: success.
</system-out>
		</testcase>
		<testcase name="check material1 min bound was conserved" classname="short.mmat-interpolation-2d-parallel">
			<system-out>mmat-interpolation-2d-parallel: success.
</system-out>
		</testcase>
		<testcase name="check material3 min bound was conserved" classname="short.mmat-interpolation-2d-parallel">
			<system-out>mmat-interpolation-2d-parallel: success.
</system-out>
		</testcase>
		<testcase name="check initial max divergence was zero" classname="short.mmat-interpolation-2d-parallel">
			<system-out>mmat-interpolation-2d-parallel: success.
</system-out>
		</testcase>
		<testcase name="check initial min divergence was zero" classname="short.mmat-interpolation-2d-parallel">
			<system-out>mmat-interpolation-2d-parallel: success.
</system-out>
		</testcase>
		<testcase name="check final max divergence was zero" classname="short.mmat-interpolation-2d-parallel">
			<system-out>mmat-interpolation-2d-parallel: success.
</system-out>
		</testcase>
		<testcase name="check final min divergence was zero" classname="short.mmat-interpolation-2d-parallel">
			<system-out>mmat-interpolation-2d-parallel: success.
</system-out>
		</testcase>
		<testcase name="check initial max cfl was 0.1" classname="short.mmat-interpolation-2d-parallel">
			<system-out>mmat-interpolation-2d-parallel: success.
</system-out>
		</testcase>
		<testcase name="check final max cfl was 0.1" classname="short.mmat-interpolation-2d-parallel">
			<system-out>mmat-interpolation-2d-parallel: success.
</system-out>
		</testcase>
		<testcase name="check checkpointed material1 was conserved" classname="short.mmat-interpolation-2d-parallel">
			<system-out>mass loss =  1.3429035661260968e-11
mmat-interpolation-2d-parallel: success.
</system-out>
		</testcase>
		<testcase name="check checkpointed material2 was conserved" classname="short.mmat-interpolation-2d-parallel">
			<system-out>mass loss =  2.9405811119431746e-11
mmat-interpolation-2d-parallel: success.
</system-out>
		</testcase>
		<testcase name="check checkpointed material3 was conserved" classname="short.mmat-interpolation-2d-parallel">
			<system-out>mass loss =  1.5978995904220028e-11
mmat-interpolation-2d-parallel: success.
</system-out>
		</testcase>
		<testcase name="check that reasonable tolerance is being used to test checkpointed conservation" classname="short.mmat-interpolation-2d-parallel">
			<system-out>divergence tolerance =  3.3103690317005738e-09
mmat-interpolation-2d-parallel: success.
</system-out>
		</testcase>
		<testcase name="check checkpointed material1 max bound was conserved" classname="short.mmat-interpolation-2d-parallel">
			<system-out>mmat-interpolation-2d-parallel: success.
</system-out>
		</testcase>
		<testcase name="check checkpointed material3 max was conserved" classname="short.mmat-interpolation-2d-parallel">
			<system-out>mmat-interpolation-2d-parallel: success.
</system-out>
		</testcase>
		<testcase name="check checkpointed material1 min bound was conserved" classname="short.mmat-interpolation-2d-parallel">
			<system-out>mmat-interpolation-2d-parallel: success.
</system-out>
		</testcase>
		<testcase name="check checkpointed material3 min bound was conserved" classname="short.mmat-interpolation-2d-parallel">
			<system-out>mmat-interpolation-2d-parallel: success.
</system-out>
		</testcase>
		<testcase name="check checkpointed initial max divergence was zero" classname="short.mmat-interpolation-2d-parallel">
			<system-out>mmat-interpolation-2d-parallel: success.
</system-out>
		</testcase>
		<testcase name="check checkpointed initial min divergence was zero" classname="short.mmat-interpolation-2d-parallel">
			<system-out>mmat-interpolation-2d-parallel: success.
</system-out>
		</testcase>
		<testcase name="check checkpointed final max divergence was zero" classname="short.mmat-interpolation-2d-parallel">
			<system-out>mmat-interpolation-2d-parallel: success.
</system-out>
		</testcase>
		<testcase name="check checkpointed final min divergence was zero" classname="short.mmat-interpolation-2d-parallel">
			<system-out>mmat-interpolation-2d-parallel: success.
</system-out>
		</testcase>
		<testcase name="check checkpointed initial max cfl was 0.1" classname="short.mmat-interpolation-2d-parallel">
			<system-out>mmat-interpolation-2d-parallel: success.
</system-out>
		</testcase>
		<testcase name="check checkpointed final max cfl was 0.1" classname="short.mmat-interpolation-2d-parallel">
			<system-out>mmat-interpolation-2d-parallel: success.
</system-out>
		</testcase>
		<testcase name="check material1 was conserved during pickup" classname="short.mmat-interpolation-2d-parallel">
			<system-out>mass loss =  1.244759850749233e-11
mmat-interpolation-2d-parallel: success.
</system-out>
		</testcase>
		<testcase name="check material2 was conserved during pickup" classname="short.mmat-interpolation-2d-parallel">
			<system-out>mass loss =  8.757439218243235e-12
mmat-interpolation-2d-parallel: success.
</system-out>
		</testcase>
		<testcase name="check material3 was conserved during pickup" classname="short.mmat-interpolation-2d-parallel">
			<system-out>mass loss =  3.68638453096537e-12
mmat-interpolation-2d-parallel: success.
</system-out>
		</testcase>
		<testcase name="Cube-DG" time="0.646853" classname="short.cube-dg"/>
		<testcase name="Solvers converged" classname="short.cube-dg">
			<system-out>cube-dg: success.
</system-out>
		</testcase>
		<testcase name="max speed (first timestep)" classname="short.cube-dg">
			<system-out>cube-dg: success.
</system-out>
		</testcase>
		<testcase name="max speed (second timestep)" classname="short.cube-dg">
			<system-out>cube-dg: success.
</system-out>
		</testcase>
		<testcase name="min speed (first timestep)" classname="short.cube-dg">
			<system-out>cube-dg: success.
</system-out>
		</testcase>
		<testcase name="max speed (second timestep)" classname="short.cube-dg">
			<system-out>cube-dg: success.
</system-out>
		</testcase>
		<testcase name="maximum cfl number (second timestep)" classname="short.cube-dg">
			<system-out>cube-dg: success.
</system-out>
		</testcase>
		<testcase name="Testing of particle diagnostic fields in serial, particles check changes in the temperature field and their position relative to the last timestep. Variables are tested against diagnostics from a successful run." time="20.023357" classname="short.particle_diagnostic_fields"/>
		<testcase name="MaxX" classname="short.particle_diagnostic_fields">
			<system-out>particle_diagnostic_fields: success.
</system-out>
		</testcase>
		<testcase name="MinX" classname="short.particle_diagnostic_fields">
			<system-out>particle_diagnostic_fields: success.
</system-out>
		</testcase>
		<testcase name="Xl2" classname="short.particle_diagnostic_fields">
			<system-out>particle_diagnostic_fields: success.
</system-out>
		</testcase>
		<testcase name="Xint" classname="short.particle_diagnostic_fields">
			<system-out>particle_diagnostic_fields: success.
</system-out>
		</testcase>
		<testcase name="MaxY" classname="short.particle_diagnostic_fields">
			<system-out>particle_diagnostic_fields: success.
</system-out>
		</testcase>
		<testcase name="MinY" classname="short.particle_diagnostic_fields">
			<system-out>particle_diagnostic_fields: success.
</system-out>
		</testcase>
		<testcase name="Yl2" classname="short.particle_diagnostic_fields">
			<system-out>particle_diagnostic_fields: success.
</system-out>
		</testcase>
		<testcase name="Yint" classname="short.particle_diagnostic_fields">
			<system-out>particle_diagnostic_fields: success.
</system-out>
		</testcase>
		<testcase name="MaxTemp" classname="short.particle_diagnostic_fields">
			<system-out>particle_diagnostic_fields: success.
</system-out>
		</testcase>
		<testcase name="MinTemp" classname="short.particle_diagnostic_fields">
			<system-out>particle_diagnostic_fields: success.
</system-out>
		</testcase>
		<testcase name="Templ2" classname="short.particle_diagnostic_fields">
			<system-out>particle_diagnostic_fields: success.
</system-out>
		</testcase>
		<testcase name="Tempint" classname="short.particle_diagnostic_fields">
			<system-out>particle_diagnostic_fields: success.
</system-out>
		</testcase>
		<testcase name="p1bp1 stokes spatial convergence test" time="19.926552" classname="short.Stokes_mms_cg_p1bp1"/>
		<testcase name="Solvers converged" classname="short.Stokes_mms_cg_p1bp1">
			<system-out>Stokes_mms_cg_p1bp1: success.
</system-out>
		</testcase>
		<testcase name="ab_convergence_vel_x: L2 order &gt; 1.7" classname="short.Stokes_mms_cg_p1bp1">
			<system-out>Stokes_mms_cg_p1bp1: success.
</system-out>
		</testcase>
		<testcase name="ab_convergence_vel_y: L2 order &gt; 1.7" classname="short.Stokes_mms_cg_p1bp1">
			<system-out>Stokes_mms_cg_p1bp1: success.
</system-out>
		</testcase>
		<testcase name="ab_convergence_p: L2 order &gt; 1.1" classname="short.Stokes_mms_cg_p1bp1">
			<system-out>Stokes_mms_cg_p1bp1: success.
</system-out>
		</testcase>
		<testcase name="bc_convergence_vel_x: L2 order &gt; 1.7" classname="short.Stokes_mms_cg_p1bp1">
			<system-out>Stokes_mms_cg_p1bp1: success.
</system-out>
		</testcase>
		<testcase name="bc_convergence_vel_y: L2 order &gt; 1.7" classname="short.Stokes_mms_cg_p1bp1">
			<system-out>Stokes_mms_cg_p1bp1: success.
</system-out>
		</testcase>
		<testcase name="bc_convergence_p: L2 order &gt; 1.1" classname="short.Stokes_mms_cg_p1bp1">
			<system-out>Stokes_mms_cg_p1bp1: success.
</system-out>
		</testcase>
		<testcase name="cd_convergence_vel_x: L2 order &gt; 1.7" classname="short.Stokes_mms_cg_p1bp1">
			<system-out>Stokes_mms_cg_p1bp1: success.
</system-out>
		</testcase>
		<testcase name="cd_convergence_vel_y: L2 order &gt; 1.7" classname="short.Stokes_mms_cg_p1bp1">
			<system-out>Stokes_mms_cg_p1bp1: success.
</system-out>
		</testcase>
		<testcase name="cd_convergence_p: L2 order &gt; 1.1" classname="short.Stokes_mms_cg_p1bp1">
			<system-out>Stokes_mms_cg_p1bp1: success.
</system-out>
		</testcase>
		<testcase name="checking A divergence is less than 1.e-7" classname="short.Stokes_mms_cg_p1bp1">
			<system-out>Stokes_mms_cg_p1bp1: success.
</system-out>
		</testcase>
		<testcase name="checking B divergence is less than 1.e-7" classname="short.Stokes_mms_cg_p1bp1">
			<system-out>Stokes_mms_cg_p1bp1: success.
</system-out>
		</testcase>
		<testcase name="checking C divergence is less than 1.e-7" classname="short.Stokes_mms_cg_p1bp1">
			<system-out>Stokes_mms_cg_p1bp1: success.
</system-out>
		</testcase>
		<testcase name="checking D divergence is less than 1.e-7" classname="short.Stokes_mms_cg_p1bp1">
			<system-out>Stokes_mms_cg_p1bp1: success.
</system-out>
		</testcase>
		<testcase name="checking A finished in less than 0.41" classname="short.Stokes_mms_cg_p1bp1">
			<system-out>Stokes_mms_cg_p1bp1: success.
</system-out>
		</testcase>
		<testcase name="checking B finished in less than 0.41" classname="short.Stokes_mms_cg_p1bp1">
			<system-out>Stokes_mms_cg_p1bp1: success.
</system-out>
		</testcase>
		<testcase name="checking C finished in less than 0.41" classname="short.Stokes_mms_cg_p1bp1">
			<system-out>Stokes_mms_cg_p1bp1: success.
</system-out>
		</testcase>
		<testcase name="checking D finished in less than 0.41" classname="short.Stokes_mms_cg_p1bp1">
			<system-out>Stokes_mms_cg_p1bp1: success.
</system-out>
		</testcase>
		<testcase name="checking steady state was reached in A vel" classname="short.Stokes_mms_cg_p1bp1">
			<system-out>Stokes_mms_cg_p1bp1: success.
</system-out>
		</testcase>
		<testcase name="checking steady state was reached in B vel" classname="short.Stokes_mms_cg_p1bp1">
			<system-out>Stokes_mms_cg_p1bp1: success.
</system-out>
		</testcase>
		<testcase name="checking steady state was reached in C vel" classname="short.Stokes_mms_cg_p1bp1">
			<system-out>Stokes_mms_cg_p1bp1: success.
</system-out>
		</testcase>
		<testcase name="checking steady state was reached in D vel" classname="short.Stokes_mms_cg_p1bp1">
			<system-out>Stokes_mms_cg_p1bp1: success.
</system-out>
		</testcase>
		<testcase name="checking steady state was reached in A p" classname="short.Stokes_mms_cg_p1bp1">
			<system-out>Stokes_mms_cg_p1bp1: success.
</system-out>
		</testcase>
		<testcase name="checking steady state was reached in B p" classname="short.Stokes_mms_cg_p1bp1">
			<system-out>Stokes_mms_cg_p1bp1: success.
</system-out>
		</testcase>
		<testcase name="checking steady state was reached in C p" classname="short.Stokes_mms_cg_p1bp1">
			<system-out>Stokes_mms_cg_p1bp1: success.
</system-out>
		</testcase>
		<testcase name="checking steady state was reached in D p" classname="short.Stokes_mms_cg_p1bp1">
			<system-out>Stokes_mms_cg_p1bp1: success.
</system-out>
		</testcase>
		<testcase name="biology_6_component_parallel" time="11.603116" classname="short.biology_6_component_parallel"/>
		<testcase name="Solvers converged" classname="short.biology_6_component_parallel">
			<system-out>biology_6_component_parallel: success.
</system-out>
		</testcase>
		<testcase name="Check photosyntetic radiation is the same from serial to parallel" classname="short.biology_6_component_parallel">
			<system-out>biology_6_component_parallel: success.
</system-out>
		</testcase>
		<testcase name="Total in water column conserved" classname="short.biology_6_component_parallel">
			<system-out>651250.0000002272 651250.0000004625 -2.3527536541223526e-07
biology_6_component_parallel: success.
</system-out>
		</testcase>
		<testcase name="Pointwise conservation" classname="short.biology_6_component_parallel">
			<system-out>2.9372813070693837e-09
biology_6_component_parallel: success.
</system-out>
		</testcase>
		<testcase name="mphase_divergence_free_velocity" time="2.085981" classname="short.mphase_divergence_free_velocity"/>
		<testcase name="\sum{div(vfrac*u)} is less than 1e-10." classname="short.mphase_divergence_free_velocity">
			<system-out>mphase_divergence_free_velocity: success.
</system-out>
		</testcase>
		<testcase name="Solvers converged" classname="short.mphase_divergence_free_velocity">
			<system-out>mphase_divergence_free_velocity: success.
</system-out>
		</testcase>
		<testcase name="Control volume, periodic multi-material flow test" time="1.115155" classname="short.explicit-hyperc-tris-periodic-projgd"/>
		<testcase name="Solvers converged" classname="short.explicit-hyperc-tris-periodic-projgd">
			<system-out>explicit-hyperc-tris-periodic-projgd: success.
</system-out>
		</testcase>
		<testcase name="check minimum volume fraction is 0.0" classname="short.explicit-hyperc-tris-periodic-projgd">
			<system-out>explicit-hyperc-tris-periodic-projgd: success.
</system-out>
		</testcase>
		<testcase name="check maximum volume fraction is 1.0" classname="short.explicit-hyperc-tris-periodic-projgd">
			<system-out>explicit-hyperc-tris-periodic-projgd: success.
</system-out>
		</testcase>
		<testcase name="check initial minimum volume fraction is 0.0" classname="short.explicit-hyperc-tris-periodic-projgd">
			<system-out>explicit-hyperc-tris-periodic-projgd: success.
</system-out>
		</testcase>
		<testcase name="check initial maximum volume fraction is 1.0" classname="short.explicit-hyperc-tris-periodic-projgd">
			<system-out>explicit-hyperc-tris-periodic-projgd: success.
</system-out>
		</testcase>
		<testcase name="check maximum speed is 1.0" classname="short.explicit-hyperc-tris-periodic-projgd">
			<system-out>explicit-hyperc-tris-periodic-projgd: success.
</system-out>
		</testcase>
		<testcase name="check maximum cv cfl" classname="short.explicit-hyperc-tris-periodic-projgd">
			<system-out>explicit-hyperc-tris-periodic-projgd: success.
</system-out>
		</testcase>
		<testcase name="check minimum cv cfl" classname="short.explicit-hyperc-tris-periodic-projgd">
			<system-out>explicit-hyperc-tris-periodic-projgd: success.
</system-out>
		</testcase>
		<testcase name="check material was conserved" classname="short.explicit-hyperc-tris-periodic-projgd">
			<system-out>explicit-hyperc-tris-periodic-projgd: success.
</system-out>
		</testcase>
		<testcase name="forcing" time="2.160726" classname="short.forcing_inst_vals"/>
		<testcase name="Solvers converged" classname="short.forcing_inst_vals">
			<system-out>forcing_inst_vals: success.
</system-out>
		</testcase>
		<testcase name="Ncar: Final time is 1440 seconds" classname="short.forcing_inst_vals">
			<system-out>forcing_inst_vals: success.
</system-out>
		</testcase>
		<testcase name="Times match" classname="short.forcing_inst_vals">
			<system-out>forcing_inst_vals: success.
</system-out>
		</testcase>
		<testcase name="Temperature matches" classname="short.forcing_inst_vals">
			<system-out>forcing_inst_vals: success.
</system-out>
		</testcase>
		<testcase name="Salinity matches" classname="short.forcing_inst_vals">
			<system-out>forcing_inst_vals: success.
</system-out>
		</testcase>
		<testcase name="p2cv advection equation spatial convergence test" time="3.947884" classname="short.mms_tracer_p2cv_adv_excludemass"/>
		<testcase name="Solvers converged" classname="short.mms_tracer_p2cv_adv_excludemass">
			<system-out>mms_tracer_p2cv_adv_excludemass: success.
</system-out>
		</testcase>
		<testcase name="ab_convergence_stat: L2 order in [0.5,0.9]" classname="short.mms_tracer_p2cv_adv_excludemass">
			<system-out>mms_tracer_p2cv_adv_excludemass: success.
</system-out>
		</testcase>
		<testcase name="bc_convergence_stat: L2 order in [0.55,0.95]" classname="short.mms_tracer_p2cv_adv_excludemass">
			<system-out>mms_tracer_p2cv_adv_excludemass: success.
</system-out>
		</testcase>
		<testcase name="cd_convergence_stat: L2 order in [0.8,1.2]" classname="short.mms_tracer_p2cv_adv_excludemass">
			<system-out>mms_tracer_p2cv_adv_excludemass: success.
</system-out>
		</testcase>
		<testcase name="checking A finished in less than 3.0" classname="short.mms_tracer_p2cv_adv_excludemass">
			<system-out>mms_tracer_p2cv_adv_excludemass: success.
</system-out>
		</testcase>
		<testcase name="checking B finished in less than 2.0" classname="short.mms_tracer_p2cv_adv_excludemass">
			<system-out>mms_tracer_p2cv_adv_excludemass: success.
</system-out>
		</testcase>
		<testcase name="checking C finished in less than 1.5" classname="short.mms_tracer_p2cv_adv_excludemass">
			<system-out>mms_tracer_p2cv_adv_excludemass: success.
</system-out>
		</testcase>
		<testcase name="checking D finished in less than 1.5" classname="short.mms_tracer_p2cv_adv_excludemass">
			<system-out>mms_tracer_p2cv_adv_excludemass: success.
</system-out>
		</testcase>
		<testcase name="checking steady state was reached in A" classname="short.mms_tracer_p2cv_adv_excludemass">
			<system-out>mms_tracer_p2cv_adv_excludemass: success.
</system-out>
		</testcase>
		<testcase name="checking steady state was reached in B" classname="short.mms_tracer_p2cv_adv_excludemass">
			<system-out>mms_tracer_p2cv_adv_excludemass: success.
</system-out>
		</testcase>
		<testcase name="checking steady state was reached in C" classname="short.mms_tracer_p2cv_adv_excludemass">
			<system-out>mms_tracer_p2cv_adv_excludemass: success.
</system-out>
		</testcase>
		<testcase name="checking steady state was reached in D" classname="short.mms_tracer_p2cv_adv_excludemass">
			<system-out>mms_tracer_p2cv_adv_excludemass: success.
</system-out>
		</testcase>
		<testcase name="tracer_inflow_1d_cg" time="1.418690" classname="short.tracer_inflow_1d_cg"/>
		<testcase name="Solvers converged" classname="short.tracer_inflow_1d_cg">
			<system-out>tracer_inflow_1d_cg: success.
</system-out>
		</testcase>
		<testcase name="maximum tracer integral is 10/pi" classname="short.tracer_inflow_1d_cg">
			<system-out>tracer_inflow_1d_cg: success.
</system-out>
		</testcase>
		<testcase name="final tracer integral is 0" classname="short.tracer_inflow_1d_cg">
			<system-out>tracer_inflow_1d_cg: success.
</system-out>
		</testcase>
		<testcase name="Control volume, multi-material surface integral pressure check" time="0.728240" classname="short.mmat-gravity-col-p2p1"/>
		<testcase name="check maximum pressure is 10.0" classname="short.mmat-gravity-col-p2p1">
			<system-out>mmat-gravity-col-p2p1: success.
</system-out>
		</testcase>
		<testcase name="check pressure range is 10.0" classname="short.mmat-gravity-col-p2p1">
			<system-out>mmat-gravity-col-p2p1: success.
</system-out>
		</testcase>
		<testcase name="check maximum speed is zero" classname="short.mmat-gravity-col-p2p1">
			<system-out>mmat-gravity-col-p2p1: success.
</system-out>
		</testcase>
		<testcase name="Solvers converged" classname="short.mmat-gravity-col-p2p1">
			<system-out>mmat-gravity-col-p2p1: success.
</system-out>
		</testcase>
		<testcase name="mesh_quality" time="0.655682" classname="short.mesh_quality"/>
		<testcase name="test_radius_ratio" classname="short.mesh_quality">
			<system-out>mesh_quality: success.
</system-out>
		</testcase>
		<testcase name="test_min_angle" classname="short.mesh_quality">
			<system-out>mesh_quality: success.
</system-out>
		</testcase>
		<testcase name="test_area" classname="short.mesh_quality">
			<system-out>mesh_quality: success.
</system-out>
		</testcase>
		<testcase name="adaptivity preprocessing" time="0.784514" classname="short.adaptivity_preprocessing"/>
		<testcase name="Solvers converged" classname="short.adaptivity_preprocessing">
			<system-out>adaptivity_preprocessing: success.
</system-out>
		</testcase>
		<testcase name="Simulation completed" classname="short.adaptivity_preprocessing">
			<system-out>adaptivity_preprocessing: success.
</system-out>
		</testcase>
		<testcase name="Conservative projection" classname="short.adaptivity_preprocessing">
			<system-out>Asserting max relative error is smaller than 1e-10
max relative error: 5.1664236116057214e-12; index: 0
adaptivity_preprocessing: success.
</system-out>
		</testcase>
		<testcase name="region_id_extrude_bathymetry_1p1d" time="3.314173" classname="short.region_id_extrude_bathymetry_1p1d"/>
		<testcase name="Solvers converged" classname="short.region_id_extrude_bathymetry_1p1d">
			<system-out>region_id_extrude_bathymetry_1p1d: success.
</system-out>
		</testcase>
		<testcase name="domain_area_constant" classname="short.region_id_extrude_bathymetry_1p1d">
			<system-out>region_id_extrude_bathymetry_1p1d: success.
</system-out>
		</testcase>
		<testcase name="check_no_nodes" classname="short.region_id_extrude_bathymetry_1p1d">
			<system-out>region_id_extrude_bathymetry_1p1d: success.
</system-out>
		</testcase>
		<testcase name="check_finish_time" classname="short.region_id_extrude_bathymetry_1p1d">
			<system-out>region_id_extrude_bathymetry_1p1d: success.
</system-out>
		</testcase>
		<testcase name="tracer_id_1" classname="short.region_id_extrude_bathymetry_1p1d">
			<system-out>region_id_extrude_bathymetry_1p1d: success.
</system-out>
		</testcase>
		<testcase name="tracer_id_2" classname="short.region_id_extrude_bathymetry_1p1d">
			<system-out>region_id_extrude_bathymetry_1p1d: success.
</system-out>
		</testcase>
		<testcase name="tracer_id_6" classname="short.region_id_extrude_bathymetry_1p1d">
			<system-out>region_id_extrude_bathymetry_1p1d: success.
</system-out>
		</testcase>
		<testcase name="tracer_id_7" classname="short.region_id_extrude_bathymetry_1p1d">
			<system-out>region_id_extrude_bathymetry_1p1d: success.
</system-out>
		</testcase>
		<testcase name="tracer_id_8" classname="short.region_id_extrude_bathymetry_1p1d">
			<system-out>region_id_extrude_bathymetry_1p1d: success.
</system-out>
		</testcase>
		<testcase name="tracer_id_9" classname="short.region_id_extrude_bathymetry_1p1d">
			<system-out>region_id_extrude_bathymetry_1p1d: success.
</system-out>
		</testcase>
		<testcase name="tracer_dg_id_1" classname="short.region_id_extrude_bathymetry_1p1d">
			<system-out>region_id_extrude_bathymetry_1p1d: success.
</system-out>
		</testcase>
		<testcase name="tracer_dg_id_2" classname="short.region_id_extrude_bathymetry_1p1d">
			<system-out>region_id_extrude_bathymetry_1p1d: success.
</system-out>
		</testcase>
		<testcase name="tracer_dg_id_6" classname="short.region_id_extrude_bathymetry_1p1d">
			<system-out>region_id_extrude_bathymetry_1p1d: success.
</system-out>
		</testcase>
		<testcase name="tracer_dg_id_7" classname="short.region_id_extrude_bathymetry_1p1d">
			<system-out>region_id_extrude_bathymetry_1p1d: success.
</system-out>
		</testcase>
		<testcase name="tracer_dg_id_8" classname="short.region_id_extrude_bathymetry_1p1d">
			<system-out>region_id_extrude_bathymetry_1p1d: success.
</system-out>
		</testcase>
		<testcase name="tracer_dg_id_9" classname="short.region_id_extrude_bathymetry_1p1d">
			<system-out>region_id_extrude_bathymetry_1p1d: success.
</system-out>
		</testcase>
		<testcase name="value_region_id_1" classname="short.region_id_extrude_bathymetry_1p1d">
			<system-out>region_id_extrude_bathymetry_1p1d: success.
</system-out>
		</testcase>
		<testcase name="value_region_id_2" classname="short.region_id_extrude_bathymetry_1p1d">
			<system-out>region_id_extrude_bathymetry_1p1d: success.
</system-out>
		</testcase>
		<testcase name="value_region_id_3" classname="short.region_id_extrude_bathymetry_1p1d">
			<system-out>region_id_extrude_bathymetry_1p1d: success.
</system-out>
		</testcase>
		<testcase name="radial_scale_tool" time="1.146956" classname="short.radial_scale_tool"/>
		<testcase name="Solvers converged" classname="short.radial_scale_tool">
			<system-out>radial_scale_tool: success.
</system-out>
		</testcase>
		<testcase name="Scale correctly applied" classname="short.radial_scale_tool">
			<system-out>radial_scale_tool: success.
</system-out>
		</testcase>
		<testcase name="p2p1-cg inverse Helmholtz filter convergence test" time="44.577917" classname="short.Helmholtz-anisotropic-scalar-mms-p1p1cg-unstructured"/>
		<testcase name="ab_convergence_f: L2 order &gt; 1.6" classname="short.Helmholtz-anisotropic-scalar-mms-p1p1cg-unstructured">
			<system-out>Helmholtz-anisotropic-scalar-mms-p1p1cg-unstructured: success.
</system-out>
		</testcase>
		<testcase name="bc_convergence_f: L2 order &gt; 1.9" classname="short.Helmholtz-anisotropic-scalar-mms-p1p1cg-unstructured">
			<system-out>Helmholtz-anisotropic-scalar-mms-p1p1cg-unstructured: success.
</system-out>
		</testcase>
		<testcase name="cd_convergence_f: L2 order &gt; 1.9" classname="short.Helmholtz-anisotropic-scalar-mms-p1p1cg-unstructured">
			<system-out>Helmholtz-anisotropic-scalar-mms-p1p1cg-unstructured: success.
</system-out>
		</testcase>
		<testcase name="ab_convergence_if: L2 order &gt; 1.7" classname="short.Helmholtz-anisotropic-scalar-mms-p1p1cg-unstructured">
			<system-out>Helmholtz-anisotropic-scalar-mms-p1p1cg-unstructured: success.
</system-out>
		</testcase>
		<testcase name="bc_convergence_if: L2 order &gt; 1.9" classname="short.Helmholtz-anisotropic-scalar-mms-p1p1cg-unstructured">
			<system-out>Helmholtz-anisotropic-scalar-mms-p1p1cg-unstructured: success.
</system-out>
		</testcase>
		<testcase name="cd_convergence_if: L2 order &gt; 1.9" classname="short.Helmholtz-anisotropic-scalar-mms-p1p1cg-unstructured">
			<system-out>Helmholtz-anisotropic-scalar-mms-p1p1cg-unstructured: success.
</system-out>
		</testcase>
		<testcase name="ab_convergence_mlf: L2 order &gt; 1.7" classname="short.Helmholtz-anisotropic-scalar-mms-p1p1cg-unstructured">
			<system-out>Helmholtz-anisotropic-scalar-mms-p1p1cg-unstructured: success.
</system-out>
		</testcase>
		<testcase name="bc_convergence_mlf: L2 order &gt; 1.9" classname="short.Helmholtz-anisotropic-scalar-mms-p1p1cg-unstructured">
			<system-out>Helmholtz-anisotropic-scalar-mms-p1p1cg-unstructured: success.
</system-out>
		</testcase>
		<testcase name="cd_convergence_mlf: L2 order &gt; 1.9" classname="short.Helmholtz-anisotropic-scalar-mms-p1p1cg-unstructured">
			<system-out>Helmholtz-anisotropic-scalar-mms-p1p1cg-unstructured: success.
</system-out>
		</testcase>
		<testcase name="ab_convergence_isocomm: L2 order &gt; 1.3" classname="short.Helmholtz-anisotropic-scalar-mms-p1p1cg-unstructured">
			<system-out>Helmholtz-anisotropic-scalar-mms-p1p1cg-unstructured: success.
</system-out>
		</testcase>
		<testcase name="bc_convergence_isocomm: L2 order &gt; 0.3" classname="short.Helmholtz-anisotropic-scalar-mms-p1p1cg-unstructured">
			<system-out>Helmholtz-anisotropic-scalar-mms-p1p1cg-unstructured: success.
</system-out>
		</testcase>
		<testcase name="cd_convergence_isocomm: L2 order &gt; 1.3" classname="short.Helmholtz-anisotropic-scalar-mms-p1p1cg-unstructured">
			<system-out>Helmholtz-anisotropic-scalar-mms-p1p1cg-unstructured: success.
</system-out>
		</testcase>
		<testcase name="ab_convergence_anisocomm: L2 order &gt; 1.4" classname="short.Helmholtz-anisotropic-scalar-mms-p1p1cg-unstructured">
			<system-out>Helmholtz-anisotropic-scalar-mms-p1p1cg-unstructured: success.
</system-out>
		</testcase>
		<testcase name="bc_convergence_anisocomm: L2 order &gt; 0.0" classname="short.Helmholtz-anisotropic-scalar-mms-p1p1cg-unstructured">
			<system-out>Helmholtz-anisotropic-scalar-mms-p1p1cg-unstructured: success.
</system-out>
		</testcase>
		<testcase name="cd_convergence_anisocomm: L2 order &gt; 1.3" classname="short.Helmholtz-anisotropic-scalar-mms-p1p1cg-unstructured">
			<system-out>Helmholtz-anisotropic-scalar-mms-p1p1cg-unstructured: success.
</system-out>
		</testcase>
		<testcase name="ab_convergence_mlcomm: L2 order &gt; 0.9" classname="short.Helmholtz-anisotropic-scalar-mms-p1p1cg-unstructured">
			<system-out>Helmholtz-anisotropic-scalar-mms-p1p1cg-unstructured: success.
</system-out>
		</testcase>
		<testcase name="bc_convergence_mlcomm: L2 order &gt; 0.6" classname="short.Helmholtz-anisotropic-scalar-mms-p1p1cg-unstructured">
			<system-out>Helmholtz-anisotropic-scalar-mms-p1p1cg-unstructured: success.
</system-out>
		</testcase>
		<testcase name="cd_convergence_mlcomm: L2 order &gt; 0.6" classname="short.Helmholtz-anisotropic-scalar-mms-p1p1cg-unstructured">
			<system-out>Helmholtz-anisotropic-scalar-mms-p1p1cg-unstructured: success.
</system-out>
		</testcase>
		<testcase name="Control volume, multi-material surface integral pressure check" time="1.263784" classname="short.mmat-gravity-col"/>
		<testcase name="Solvers converged" classname="short.mmat-gravity-col">
			<system-out>mmat-gravity-col: success.
</system-out>
		</testcase>
		<testcase name="check maximum pressure is 10.0" classname="short.mmat-gravity-col">
			<system-out>mmat-gravity-col: success.
</system-out>
		</testcase>
		<testcase name="check pressure range is 10.0" classname="short.mmat-gravity-col">
			<system-out>mmat-gravity-col: success.
</system-out>
		</testcase>
		<testcase name="check maximum speed is zero" classname="short.mmat-gravity-col">
			<system-out>mmat-gravity-col: success.
</system-out>
		</testcase>
		<testcase name="check diagnostic volume fraction max" classname="short.mmat-gravity-col">
			<system-out>mmat-gravity-col: success.
</system-out>
		</testcase>
		<testcase name="check diagnostic volume fraction min" classname="short.mmat-gravity-col">
			<system-out>mmat-gravity-col: success.
</system-out>
		</testcase>
		<testcase name="check sum volume fractions max" classname="short.mmat-gravity-col">
			<system-out>mmat-gravity-col: success.
</system-out>
		</testcase>
		<testcase name="check sum volume fractions min" classname="short.mmat-gravity-col">
			<system-out>mmat-gravity-col: success.
</system-out>
		</testcase>
		<testcase name="parallel_p2_consistent_interpolation" time="2.171700" classname="short.parallel_p2_consistent_interpolation"/>
		<testcase name="Solvers converged" classname="short.parallel_p2_consistent_interpolation">
			<system-out>parallel_p2_consistent_interpolation: success.
</system-out>
		</testcase>
		<testcase name="SimulationCompleted" classname="short.parallel_p2_consistent_interpolation">
			<system-out>Timesteps:  1
parallel_p2_consistent_interpolation: success.
</system-out>
		</testcase>
		<testcase name="Interpolation" classname="short.parallel_p2_consistent_interpolation">
			<system-out>Asserting max relative error is smaller than 1e-10
max relative error: 1.2440614126008366e-15; index: 443
Asserting max relative error is smaller than 1e-10
max relative error: 1.3344247612437396e-15; index: 425
parallel_p2_consistent_interpolation: success.
</system-out>
		</testcase>
		<testcase name="DummyAdaptivity" classname="short.parallel_p2_consistent_interpolation">
			<system-out>parallel_p2_consistent_interpolation: success.
</system-out>
		</testcase>
		<testcase name="Testing of particle spawning in serial" time="3.655634" classname="short.particle_spawning"/>
		<testcase name="Minparticlecheck" classname="short.particle_spawning">
			<system-out>particle_spawning: success.
</system-out>
		</testcase>
		<testcase name="p0fv steady state diffusion equation spatial convergence test" time="5.472922" classname="short.mms_tracer_p0_diff_excludemass_excludeadv"/>
		<testcase name="Solvers converged" classname="short.mms_tracer_p0_diff_excludemass_excludeadv">
			<system-out>mms_tracer_p0_diff_excludemass_excludeadv: success.
</system-out>
		</testcase>
		<testcase name="ab_convergence_stat: L2 order in [1.8,2.1]" classname="short.mms_tracer_p0_diff_excludemass_excludeadv">
			<system-out>mms_tracer_p0_diff_excludemass_excludeadv: success.
</system-out>
		</testcase>
		<testcase name="bc_convergence_stat: L2 order in [1.8,2.2]" classname="short.mms_tracer_p0_diff_excludemass_excludeadv">
			<system-out>mms_tracer_p0_diff_excludemass_excludeadv: success.
</system-out>
		</testcase>
		<testcase name="cd_convergence_stat: L2 order in [1.8,2.1]" classname="short.mms_tracer_p0_diff_excludemass_excludeadv">
			<system-out>mms_tracer_p0_diff_excludemass_excludeadv: success.
</system-out>
		</testcase>
		<testcase name="de_convergence_stat: L2 order in [1.9,2.3]" classname="short.mms_tracer_p0_diff_excludemass_excludeadv">
			<system-out>mms_tracer_p0_diff_excludemass_excludeadv: success.
</system-out>
		</testcase>
		<testcase name="checking A finished in less than 4.0" classname="short.mms_tracer_p0_diff_excludemass_excludeadv">
			<system-out>mms_tracer_p0_diff_excludemass_excludeadv: success.
</system-out>
		</testcase>
		<testcase name="checking B finished in less than 4.0" classname="short.mms_tracer_p0_diff_excludemass_excludeadv">
			<system-out>mms_tracer_p0_diff_excludemass_excludeadv: success.
</system-out>
		</testcase>
		<testcase name="checking C finished in less than 4.0" classname="short.mms_tracer_p0_diff_excludemass_excludeadv">
			<system-out>mms_tracer_p0_diff_excludemass_excludeadv: success.
</system-out>
		</testcase>
		<testcase name="checking D finished in less than 4.0" classname="short.mms_tracer_p0_diff_excludemass_excludeadv">
			<system-out>mms_tracer_p0_diff_excludemass_excludeadv: success.
</system-out>
		</testcase>
		<testcase name="checking E finished in less than 4.0" classname="short.mms_tracer_p0_diff_excludemass_excludeadv">
			<system-out>mms_tracer_p0_diff_excludemass_excludeadv: success.
</system-out>
		</testcase>
		<testcase name="mphase_wen_yu_drag_correlation" time="57.498572" classname="short.mphase_wen_yu_drag_correlation"/>
		<testcase name="Drag = Weight - Buoyancy" classname="short.mphase_wen_yu_drag_correlation">
			<system-out>mphase_wen_yu_drag_correlation: success.
</system-out>
		</testcase>
		<testcase name="Terminal velocity (with the wen_yu drag correlation) is the same as that predicted by balancing the buoyancy force and drag force" classname="short.mphase_wen_yu_drag_correlation">
			<system-out>mphase_wen_yu_drag_correlation: success.
</system-out>
		</testcase>
		<testcase name="Terminal velocity with the wen_yu drag correlation is around 0.122" classname="short.mphase_wen_yu_drag_correlation">
			<system-out>mphase_wen_yu_drag_correlation: success.
</system-out>
		</testcase>
		<testcase name="Terminal velocity with the Stokes drag correlation is around 0.693 (i.e. much greater than the one predicted by the wen_yu drag correlation)" classname="short.mphase_wen_yu_drag_correlation">
			<system-out>mphase_wen_yu_drag_correlation: success.
</system-out>
		</testcase>
		<testcase name="Solvers converged" classname="short.mphase_wen_yu_drag_correlation">
			<system-out>mphase_wen_yu_drag_correlation: success.
</system-out>
		</testcase>
		<testcase name="turbine_dirichlet_3d" time="2.409207" classname="short.turbine_dirichlet_3d"/>
		<testcase name="Solvers converged" classname="short.turbine_dirichlet_3d">
			<system-out>turbine_dirichlet_3d: success.
</system-out>
		</testcase>
		<testcase name="flux_conservation" classname="short.turbine_dirichlet_3d">
			<system-out>turbine_dirichlet_3d: success.
</system-out>
		</testcase>
		<testcase name="time" classname="short.turbine_dirichlet_3d">
			<system-out>turbine_dirichlet_3d: success.
</system-out>
		</testcase>
		<testcase name="bed_shear_from_grad_u_CG" time="0.666446" classname="short.bed_shear_from_grad_u_CG"/>
		<testcase name="bed shear stress error less than 0.01%" classname="short.bed_shear_from_grad_u_CG">
			<system-out>bed_shear_from_grad_u_CG: success.
</system-out>
		</testcase>
		<testcase name="Testing of particle attribute parameters in serial with checkpointing" time="127.258730" classname="short.particle_attributes_checkpoint"/>
		<testcase name="Maxattribteserror1" classname="short.particle_attributes_checkpoint">
			<system-out>particle_attributes_checkpoint: success.
</system-out>
		</testcase>
		<testcase name="Maxattribteserror2" classname="short.particle_attributes_checkpoint">
			<system-out>particle_attributes_checkpoint: success.
</system-out>
		</testcase>
		<testcase name="Maxattribteserror3" classname="short.particle_attributes_checkpoint">
			<system-out>particle_attributes_checkpoint: success.
</system-out>
		</testcase>
		<testcase name="Squaredattribteserror4" classname="short.particle_attributes_checkpoint">
			<system-out>particle_attributes_checkpoint: success.
</system-out>
		</testcase>
		<testcase name="Maxattribteserror5" classname="short.particle_attributes_checkpoint">
			<system-out>particle_attributes_checkpoint: success.
</system-out>
		</testcase>
		<testcase name="Squaredattribteserror6" classname="short.particle_attributes_checkpoint">
			<system-out>particle_attributes_checkpoint: success.
</system-out>
		</testcase>
		<testcase name="OldAttributeError" classname="short.particle_attributes_checkpoint">
			<system-out>particle_attributes_checkpoint: success.
</system-out>
		</testcase>
		<testcase name="Testing of particle attribute parameters in serial" time="71.467160" classname="short.particle_attributes"/>
		<testcase name="Maxattribteserror1" classname="short.particle_attributes">
			<system-out>particle_attributes: success.
</system-out>
		</testcase>
		<testcase name="Maxattribteserror2" classname="short.particle_attributes">
			<system-out>particle_attributes: success.
</system-out>
		</testcase>
		<testcase name="Maxattribteserror3" classname="short.particle_attributes">
			<system-out>particle_attributes: success.
</system-out>
		</testcase>
		<testcase name="Squaredattribteserror4" classname="short.particle_attributes">
			<system-out>particle_attributes: success.
</system-out>
		</testcase>
		<testcase name="Maxattribteserror5" classname="short.particle_attributes">
			<system-out>particle_attributes: success.
</system-out>
		</testcase>
		<testcase name="Squaredattribteserror6" classname="short.particle_attributes">
			<system-out>particle_attributes: success.
</system-out>
		</testcase>
		<testcase name="Control volume, multi-material surface integral pressure check" time="11.111118" classname="short.1mat-shocktube-gmsh"/>
		<testcase name="Solvers converged" classname="short.1mat-shocktube-gmsh">
			<system-out>1mat-shocktube-gmsh: success.
</system-out>
		</testcase>
		<testcase name="check pressure follows a step pattern" classname="short.1mat-shocktube-gmsh">
			<system-out>1mat-shocktube-gmsh: success.
</system-out>
		</testcase>
		<testcase name="check y velocity follows a top hat pattern" classname="short.1mat-shocktube-gmsh">
			<system-out>1mat-shocktube-gmsh: success.
</system-out>
		</testcase>
		<testcase name="check density follows a double step pattern" classname="short.1mat-shocktube-gmsh">
			<system-out>1mat-shocktube-gmsh: success.
</system-out>
		</testcase>
		<testcase name="check finish time is 0.375" classname="short.1mat-shocktube-gmsh">
			<system-out>1mat-shocktube-gmsh: success.
</system-out>
		</testcase>
		<testcase name="Control volume, multi-material surface integral pressure check" time="6.910326" classname="short.mmat-shocktube"/>
		<testcase name="Solvers converged" classname="short.mmat-shocktube">
			<system-out>mmat-shocktube: success.
</system-out>
		</testcase>
		<testcase name="check pressure follows a step pattern" classname="short.mmat-shocktube">
			<system-out>mmat-shocktube: success.
</system-out>
		</testcase>
		<testcase name="check y velocity follows a top hat pattern" classname="short.mmat-shocktube">
			<system-out>mmat-shocktube: success.
</system-out>
		</testcase>
		<testcase name="check material density follows a double step pattern" classname="short.mmat-shocktube">
			<system-out>mmat-shocktube: success.
</system-out>
		</testcase>
		<testcase name="check bulk density follows a double step pattern" classname="short.mmat-shocktube">
			<system-out>mmat-shocktube: success.
</system-out>
		</testcase>
		<testcase name="check max volume fraction is 1" classname="short.mmat-shocktube">
			<system-out>mmat-shocktube: success.
</system-out>
		</testcase>
		<testcase name="check min volume fraction is 1" classname="short.mmat-shocktube">
			<system-out>mmat-shocktube: success.
</system-out>
		</testcase>
		<testcase name="check finish time is 0.375" classname="short.mmat-shocktube">
			<system-out>mmat-shocktube: success.
</system-out>
		</testcase>
		<testcase name="Advected top hat (CG with adaptivity, Galerkin projected)" time="9.192137" classname="short.top_hat_cg_adapt_gp"/>
		<testcase name="Simulation completed" classname="short.top_hat_cg_adapt_gp">
			<system-out>top_hat_cg_adapt_gp: success.
</system-out>
		</testcase>
		<testcase name="Solvers converged" classname="short.top_hat_cg_adapt_gp">
			<system-out>top_hat_cg_adapt_gp: success.
</system-out>
		</testcase>
		<testcase name="Bounded (15%)" classname="short.top_hat_cg_adapt_gp">
			<system-out>Min T =  -0.10730794784305983
Max T =  1.106557204439431
top_hat_cg_adapt_gp: success.
</system-out>
		</testcase>
		<testcase name="Conservative" classname="short.top_hat_cg_adapt_gp">
			<system-out>Asserting max relative error is smaller than 5e-08
max relative error: 3.472520112701322e-08; index: 242
top_hat_cg_adapt_gp: success.
</system-out>
		</testcase>
		<testcase name="Advected velocity" classname="short.top_hat_cg_adapt_gp">
			<system-out>Initial mean x =  0.12436173921064518
Final mean x =  0.3787076697127883
Mean velocity =  0.0032077521384029015
Asserting relative error is smaller than 0.03
relative error: 0.02579754757613614
top_hat_cg_adapt_gp: success.
</system-out>
		</testcase>
		<testcase name="Standard deviation" classname="short.top_hat_cg_adapt_gp">
			<system-out>Initial mean x =  0.12436173921064518
Final mean x =  0.3787076697127883
Initial standard deviation =  0.08189119823791693
Final standard deviation =  0.08824422123616449
Asserting relative error is smaller than 0.08
relative error: 0.07757882574620825
top_hat_cg_adapt_gp: success.
</system-out>
		</testcase>
		<testcase name="Cube-1" time="0.672190" classname="short.cube-1"/>
		<testcase name="Solvers converged" classname="short.cube-1">
			<system-out>cube-1: success.
</system-out>
		</testcase>
		<testcase name="geostrophic pressure difference (first timestep)" classname="short.cube-1">
			<system-out>cube-1: success.
</system-out>
		</testcase>
		<testcase name="geostrophic pressure difference (second timestep)" classname="short.cube-1">
			<system-out>cube-1: success.
</system-out>
		</testcase>
		<testcase name="maximum cfl number (second timestep)" classname="short.cube-1">
			<system-out>cube-1: success.
</system-out>
		</testcase>
		<testcase name="maximum grid reynolds number (second timestep)" classname="short.cube-1">
			<system-out>cube-1: success.
</system-out>
		</testcase>
		<testcase name="test_vorticity" time="1.651701" classname="short.test_vorticity"/>
		<testcase name="Solvers converged" classname="short.test_vorticity">
			<system-out>test_vorticity: success.
</system-out>
		</testcase>
		<testcase name="Vorticity" classname="short.test_vorticity">
			<system-out>P1 0.9999999999999963 1.0000000000000036
Asserting relative error is smaller than 1e-12
relative error: 3.66373598126303e-15
Asserting relative error is smaller than 1e-12
relative error: 3.5527136788004883e-15
P1Lumped 0.9999999999999993 1.000000000000001
Asserting relative error is smaller than 1e-12
relative error: 6.661338147750944e-16
Asserting relative error is smaller than 1e-12
relative error: 1.1102230246251554e-15
P1DG 0.9999999999999989 1.0000000000000013
Asserting relative error is smaller than 1e-12
relative error: 1.1102230246251577e-15
Asserting relative error is smaller than 1e-12
relative error: 1.332267629550186e-15
P2 0.9999999999999117 1.0000000000000557
Asserting relative error is smaller than 1e-12
relative error: 8.826273045770773e-14
Asserting relative error is smaller than 1e-12
relative error: 5.5733195836179753e-14
P2DG 0.9999999999999944 1.000000000000005
Asserting relative error is smaller than 1e-12
relative error: 5.5511151231258135e-15
Asserting relative error is smaller than 1e-12
relative error: 5.107025913275694e-15
test_vorticity: success.
</system-out>
		</testcase>
		<testcase name="diff_src_robin_1d" time="1.571785" classname="short.diff_src_robin_1d"/>
		<testcase name="Check cg_p1_A_error_l2 less than 1.0e-8" classname="short.diff_src_robin_1d">
			<system-out>diff_src_robin_1d: success.
</system-out>
		</testcase>
		<testcase name="Check cg_p1_A_error_linf less than 1.0e-8" classname="short.diff_src_robin_1d">
			<system-out>diff_src_robin_1d: success.
</system-out>
		</testcase>
		<testcase name="Check cvelegrad_p1_A_error_l2 less than 1.0e-8" classname="short.diff_src_robin_1d">
			<system-out>diff_src_robin_1d: success.
</system-out>
		</testcase>
		<testcase name="Check cvelegrad_p1_A_error_linf less than 1.0e-8" classname="short.diff_src_robin_1d">
			<system-out>diff_src_robin_1d: success.
</system-out>
		</testcase>
		<testcase name="mphase_inlet_velocity_bc_incompressible" time="98.670852" classname="short.mphase_inlet_velocity_bc_incompressible"/>
		<testcase name="Maximum Gas::Velocity is always 0.1" classname="short.mphase_inlet_velocity_bc_incompressible">
			<system-out>mphase_inlet_velocity_bc_incompressible: success.
</system-out>
		</testcase>
		<testcase name="Maximum Particle::Velocity (in magnitude) is 0.1 at the end of the simulation, and is opposite in direction" classname="short.mphase_inlet_velocity_bc_incompressible">
			<system-out>mphase_inlet_velocity_bc_incompressible: success.
</system-out>
		</testcase>
		<testcase name="SumVelocityDivergence is approximately zero" classname="short.mphase_inlet_velocity_bc_incompressible">
			<system-out>mphase_inlet_velocity_bc_incompressible: success.
</system-out>
		</testcase>
		<testcase name="Solvers converged" classname="short.mphase_inlet_velocity_bc_incompressible">
			<system-out>mphase_inlet_velocity_bc_incompressible: success.
</system-out>
		</testcase>
		<testcase name="mms_les_second_order_Ri_p1dgp2" time="5.907954" classname="short.mms_les_second_order_Ri_p1dgp2"/>
		<testcase name="convergence for tracer: L2 order &gt; 1.9" classname="short.mms_les_second_order_Ri_p1dgp2">
			<system-out>mms_les_second_order_Ri_p1dgp2: success.
</system-out>
		</testcase>
		<testcase name="Solvers converged" classname="short.mms_les_second_order_Ri_p1dgp2">
			<system-out>mms_les_second_order_Ri_p1dgp2: success.
</system-out>
		</testcase>
		<testcase name="Advected top hat (CG with SUPG)" time="1.514810" classname="short.top_hat_cg_supg"/>
		<testcase name="Simulation completed" classname="short.top_hat_cg_supg">
			<system-out>Asserting relative error is smaller than 1e-06
relative error: 0.0
top_hat_cg_supg: success.
</system-out>
		</testcase>
		<testcase name="Solvers converged" classname="short.top_hat_cg_supg">
			<system-out>top_hat_cg_supg: success.
</system-out>
		</testcase>
		<testcase name="Bounded (15%)" classname="short.top_hat_cg_supg">
			<system-out>Min T =  -0.1003217418316901
Max T =  1.100211917453904
top_hat_cg_supg: success.
</system-out>
		</testcase>
		<testcase name="Conservative" classname="short.top_hat_cg_supg">
			<system-out>Asserting max relative error is smaller than 1e-10
max relative error: 4.8607784464374875e-12; index: 29
top_hat_cg_supg: success.
</system-out>
		</testcase>
		<testcase name="Advected velocity" classname="short.top_hat_cg_supg">
			<system-out>Initial mean x =  0.1375
Final mean x =  0.3874999966815222
Mean velocity =  0.003164556920019268
Asserting relative error is smaller than 0.02
relative error: 0.01249998689201236
top_hat_cg_supg: success.
</system-out>
		</testcase>
		<testcase name="Standard deviation" classname="short.top_hat_cg_supg">
			<system-out>Initial mean x =  0.1375
Final mean x =  0.3874999966815222
Initial standard deviation =  0.07180703308172535
Final standard deviation =  0.07180697681800263
Asserting relative error is smaller than 1e-06
relative error: 7.835405573498445e-07
top_hat_cg_supg: success.
</system-out>
		</testcase>
		<testcase name="Temporal Max Vector" time="0.726435" classname="short.temporal_max_vector"/>
		<testcase name="Solvers converged" classname="short.temporal_max_vector">
			<system-out>temporal_max_vector: success.
</system-out>
		</testcase>
		<testcase name="assert correct vel max" classname="short.temporal_max_vector">
			<system-out>temporal_max_vector: success.
</system-out>
		</testcase>
		<testcase name="tracer_inflow_2d_dg_cg" time="1.321495" classname="short.tracer_inflow_2d_dg_cg"/>
		<testcase name="Solvers converged" classname="short.tracer_inflow_2d_dg_cg">
			<system-out>tracer_inflow_2d_dg_cg: success.
</system-out>
		</testcase>
		<testcase name="maximum tracer integral is 20/pi" classname="short.tracer_inflow_2d_dg_cg">
			<system-out>tracer_inflow_2d_dg_cg: success.
</system-out>
		</testcase>
		<testcase name="final tracer integral is 0" classname="short.tracer_inflow_2d_dg_cg">
			<system-out>tracer_inflow_2d_dg_cg: success.
</system-out>
		</testcase>
		<testcase name="tracer_inflow_2d_dg_cg" time="1.363847" classname="short.tracer_inflow_2d_dg_cg_quad"/>
		<testcase name="Solvers converged" classname="short.tracer_inflow_2d_dg_cg_quad">
			<system-out>tracer_inflow_2d_dg_cg_quad: success.
</system-out>
		</testcase>
		<testcase name="maximum tracer integral is 20/pi" classname="short.tracer_inflow_2d_dg_cg_quad">
			<system-out>tracer_inflow_2d_dg_cg_quad: success.
</system-out>
		</testcase>
		<testcase name="final tracer integral is 0" classname="short.tracer_inflow_2d_dg_cg_quad">
			<system-out>tracer_inflow_2d_dg_cg_quad: success.
</system-out>
		</testcase>
		<testcase name="Prescribed adaptivity with Grandy projection" time="9.685775" classname="short.grandy_projection"/>
		<testcase name="Solvers converged" classname="short.grandy_projection">
			<system-out>grandy_projection: success.
</system-out>
		</testcase>
		<testcase name="Simulation completed" classname="short.grandy_projection">
			<system-out>grandy_projection: success.
</system-out>
		</testcase>
		<testcase name="Mesh adaptivity" classname="short.grandy_projection">
			<system-out>grandy_projection: success.
</system-out>
		</testcase>
		<testcase name="Conservative projection" classname="short.grandy_projection">
			<system-out>Asserting max relative error is smaller than 1e-10
max relative error: 3.2917232616932244e-15; index: 4
grandy_projection: success.
</system-out>
		</testcase>
		<testcase name="forcing" time="0.687589" classname="short.time_in_vtus"/>
		<testcase name="Solvers converged" classname="short.time_in_vtus">
			<system-out>time_in_vtus: success.
</system-out>
		</testcase>
		<testcase name="Final time is 1440 seconds" classname="short.time_in_vtus">
			<system-out>time_in_vtus: success.
</system-out>
		</testcase>
		<testcase name="sigma_layer_sphere_parallel" time="2.907584" classname="short.sigma_layer_sphere_parallel"/>
		<testcase name="Solvers converged" classname="short.sigma_layer_sphere_parallel">
			<system-out>sigma_layer_sphere_parallel: success.
</system-out>
		</testcase>
		<testcase name="Depths at p1 are good" classname="short.sigma_layer_sphere_parallel">
			<system-out>sigma_layer_sphere_parallel: success.
</system-out>
		</testcase>
		<testcase name="Depths at p2 are good" classname="short.sigma_layer_sphere_parallel">
			<system-out>sigma_layer_sphere_parallel: success.
</system-out>
		</testcase>
		<testcase name="Depths at p3 are good" classname="short.sigma_layer_sphere_parallel">
			<system-out>sigma_layer_sphere_parallel: success.
</system-out>
		</testcase>
		<testcase name="Depths p1 is not same as p3" classname="short.sigma_layer_sphere_parallel">
			<system-out>sigma_layer_sphere_parallel: success.
</system-out>
		</testcase>
		<testcase name="Control volume, multi-material surface integral pressure check" time="0.761638" classname="short.mmat-gravity-col-p1bp1-2d"/>
		<testcase name="check maximum pressure is 10.0" classname="short.mmat-gravity-col-p1bp1-2d">
			<system-out>mmat-gravity-col-p1bp1-2d: success.
</system-out>
		</testcase>
		<testcase name="check pressure range is 10.0" classname="short.mmat-gravity-col-p1bp1-2d">
			<system-out>mmat-gravity-col-p1bp1-2d: success.
</system-out>
		</testcase>
		<testcase name="check maximum speed is zero" classname="short.mmat-gravity-col-p1bp1-2d">
			<system-out>mmat-gravity-col-p1bp1-2d: success.
</system-out>
		</testcase>
		<testcase name="Solvers converged" classname="short.mmat-gravity-col-p1bp1-2d">
			<system-out>mmat-gravity-col-p1bp1-2d: success.
</system-out>
		</testcase>
		<testcase name="heat_2d_dg" time="1.523965" classname="short.diffusion_2d_p0_parallel"/>
		<testcase name="Solvers converged" classname="short.diffusion_2d_p0_parallel">
			<system-out>diffusion_2d_p0_parallel: success.
</system-out>
		</testcase>
		<testcase name="tracer integral is intially 1.0" classname="short.diffusion_2d_p0_parallel">
			<system-out>diffusion_2d_p0_parallel: success.
</system-out>
		</testcase>
		<testcase name="tracer integral is 1.0" classname="short.diffusion_2d_p0_parallel">
			<system-out>diffusion_2d_p0_parallel: success.
</system-out>
		</testcase>
		<testcase name="initial tracer error is small relative to serial" classname="short.diffusion_2d_p0_parallel">
			<system-out>diffusion_2d_p0_parallel: success.
</system-out>
		</testcase>
		<testcase name="tracer error is small relative to serial" classname="short.diffusion_2d_p0_parallel">
			<system-out>diffusion_2d_p0_parallel: success.
</system-out>
		</testcase>
		<testcase name="Control volume, multi-material surface integral pressure check" time="1.434784" classname="short.mmat-gravity-col-p0p1-weak"/>
		<testcase name="check maximum pressure is 10.0" classname="short.mmat-gravity-col-p0p1-weak">
			<system-out>mmat-gravity-col-p0p1-weak: success.
</system-out>
		</testcase>
		<testcase name="check pressure range is 10.0" classname="short.mmat-gravity-col-p0p1-weak">
			<system-out>mmat-gravity-col-p0p1-weak: success.
</system-out>
		</testcase>
		<testcase name="check maximum speed is zero" classname="short.mmat-gravity-col-p0p1-weak">
			<system-out>mmat-gravity-col-p0p1-weak: success.
</system-out>
		</testcase>
		<testcase name="check maximum pressure after pickup is 10.0" classname="short.mmat-gravity-col-p0p1-weak">
			<system-out>mmat-gravity-col-p0p1-weak: success.
</system-out>
		</testcase>
		<testcase name="check pressure range after pickup is 10.0" classname="short.mmat-gravity-col-p0p1-weak">
			<system-out>mmat-gravity-col-p0p1-weak: success.
</system-out>
		</testcase>
		<testcase name="check maximum speed after pickup is zero" classname="short.mmat-gravity-col-p0p1-weak">
			<system-out>mmat-gravity-col-p0p1-weak: success.
</system-out>
		</testcase>
		<testcase name="Solvers converged" classname="short.mmat-gravity-col-p0p1-weak">
			<system-out>mmat-gravity-col-p0p1-weak: success.
</system-out>
		</testcase>
		<testcase name="add_src_directly_1d_2grp_hom_zerobc_eig_p1cg" time="19.270927" classname="short.add_src_directly_1d_2grp_hom_zerobc_eig_p1cg"/>
		<testcase name="Check Eigenvalue_A against PANTHER reference with tolerance 4.2e-03" classname="short.add_src_directly_1d_2grp_hom_zerobc_eig_p1cg">
			<system-out>Relative error compared to reference:  0.004104965687549034
add_src_directly_1d_2grp_hom_zerobc_eig_p1cg: success.
</system-out>
		</testcase>
		<testcase name="Check Eigenvalue_B against PANTHER reference with tolerance 3.9e-03" classname="short.add_src_directly_1d_2grp_hom_zerobc_eig_p1cg">
			<system-out>Relative error compared to reference:  0.0038886990975286473
add_src_directly_1d_2grp_hom_zerobc_eig_p1cg: success.
</system-out>
		</testcase>
		<testcase name="Check Eigenvalue_C against PANTHER reference with tolerance 4.0e-05" classname="short.add_src_directly_1d_2grp_hom_zerobc_eig_p1cg">
			<system-out>Relative error compared to reference:  3.0602149593161876e-05
add_src_directly_1d_2grp_hom_zerobc_eig_p1cg: success.
</system-out>
		</testcase>
		<testcase name="Check Eigenvalue_D against PANTHER reference with tolerance 2.0e-05" classname="short.add_src_directly_1d_2grp_hom_zerobc_eig_p1cg">
			<system-out>Relative error compared to reference:  1.7596927870844326e-05
add_src_directly_1d_2grp_hom_zerobc_eig_p1cg: success.
</system-out>
		</testcase>
		<testcase name="Check Eigenvalue_A against fine mesh (mesh size 0.001, number of vele 44500) cg reference with tolerance 4.2e-03" classname="short.add_src_directly_1d_2grp_hom_zerobc_eig_p1cg">
			<system-out>Relative error compared to reference:  0.004091751704031838
add_src_directly_1d_2grp_hom_zerobc_eig_p1cg: success.
</system-out>
		</testcase>
		<testcase name="Check Eigenvalue_B against fine mesh (mesh size 0.001, number of vele 44500) cg reference with tolerance 3.9e-03" classname="short.add_src_directly_1d_2grp_hom_zerobc_eig_p1cg">
			<system-out>Relative error compared to reference:  0.0038754822444890045
add_src_directly_1d_2grp_hom_zerobc_eig_p1cg: success.
</system-out>
		</testcase>
		<testcase name="Check Eigenvalue_C against fine mesh (mesh size 0.001, number of vele 44500) cg reference with tolerance 2.0e-05" classname="short.add_src_directly_1d_2grp_hom_zerobc_eig_p1cg">
			<system-out>Relative error compared to reference:  1.733410558687978e-05
add_src_directly_1d_2grp_hom_zerobc_eig_p1cg: success.
</system-out>
		</testcase>
		<testcase name="Check Eigenvalue_D against fine mesh (mesh size 0.001, number of vele 44500) cg reference with tolerance 1.0e-05" classname="short.add_src_directly_1d_2grp_hom_zerobc_eig_p1cg">
			<system-out>Relative error compared to reference:  4.328711305427424e-06
add_src_directly_1d_2grp_hom_zerobc_eig_p1cg: success.
</system-out>
		</testcase>
		<testcase name="Check Eigenvalue_C to Eigenvalue_D convergence with regard to the fine mesh cg linear solution with tolerance 1.0e-03" classname="short.add_src_directly_1d_2grp_hom_zerobc_eig_p1cg">
			<system-out>convergence_ratio 2.001603906353879
Relative error of convergence_ratio to expected 2nd order: 0.0008019531769394295
add_src_directly_1d_2grp_hom_zerobc_eig_p1cg: success.
</system-out>
		</testcase>
		<testcase name="lagrange_tracer" time="0.619603" classname="short.lagrange_tracer_lowcourant"/>
		<testcase name="Solvers converged" classname="short.lagrange_tracer_lowcourant">
			<system-out>lagrange_tracer_lowcourant: success.
</system-out>
		</testcase>
		<testcase name="correct_x" classname="short.lagrange_tracer_lowcourant">
			<system-out>detector should be at 0.6333333333333333, actually at 0.6333333333333334
lagrange_tracer_lowcourant: success.
</system-out>
		</testcase>
		<testcase name="correct_y" classname="short.lagrange_tracer_lowcourant">
			<system-out>detector should be at 0.36666666666666664, actually at 0.36666666666666664
lagrange_tracer_lowcourant: success.
</system-out>
		</testcase>
		<testcase name="correct_field_value" classname="short.lagrange_tracer_lowcourant">
			<system-out>detector value should be 1.0, actually 1.0
lagrange_tracer_lowcourant: success.
</system-out>
		</testcase>
		<testcase name="friction-slope-swe" time="10.535364" classname="short.friction-slope-swe"/>
		<testcase name="Solvers converged" classname="short.friction-slope-swe">
			<system-out>friction-slope-swe: success.
</system-out>
		</testcase>
		<testcase name="TestUmin" classname="short.friction-slope-swe">
			<system-out>friction-slope-swe: success.
</system-out>
		</testcase>
		<testcase name="TestUmax" classname="short.friction-slope-swe">
			<system-out>friction-slope-swe: success.
</system-out>
		</testcase>
		<testcase name="TestErrorMax" classname="short.friction-slope-swe">
			<system-out>friction-slope-swe: success.
</system-out>
		</testcase>
		<testcase name="TestVmax" classname="short.friction-slope-swe">
			<system-out>friction-slope-swe: success.
</system-out>
		</testcase>
		<testcase name="TestErrorL2" classname="short.friction-slope-swe">
			<system-out>friction-slope-swe: success.
</system-out>
		</testcase>
		<testcase name="TestEndTime" classname="short.friction-slope-swe">
			<system-out>friction-slope-swe: success.
</system-out>
		</testcase>
		<testcase name="genpvd (generating pvd files for paraview) test" time="1.102660" classname="short.genpvd_test"/>
		<testcase name="Solvers converged" classname="short.genpvd_test">
			<system-out>genpvd_test: success.
</system-out>
		</testcase>
		<testcase name="PVD file generated" classname="short.genpvd_test">
			<system-out>genpvd_test: success.
</system-out>
		</testcase>
		<testcase name="PVD content correct" classname="short.genpvd_test">
			<system-out>genpvd_test: success.
</system-out>
		</testcase>
		<testcase name="diagnostic_time_averaged_scalar" time="2.810759" classname="short.diagnostic_time_averaged_scalar"/>
		<testcase name="Solvers converged" classname="short.diagnostic_time_averaged_scalar">
			<system-out>diagnostic_time_averaged_scalar: success.
</system-out>
		</testcase>
		<testcase name="Final daily averaged value is correct" classname="short.diagnostic_time_averaged_scalar">
			<system-out>diagnostic_time_averaged_scalar: success.
</system-out>
		</testcase>
		<testcase name="Final daily averaged value is correct" classname="short.diagnostic_time_averaged_scalar">
			<system-out>diagnostic_time_averaged_scalar: success.
</system-out>
		</testcase>
		<testcase name="p0p1cv with weak velBC navier stokes spatial convergence test using a rotated domain such as to have non cartesian aligned BC" time="27.891017" classname="short.mms_ns_p0p1cv_weak_velBC_steady"/>
		<testcase name="ab_convergence_vel_x: L2 order between 1.6 and 2.0" classname="short.mms_ns_p0p1cv_weak_velBC_steady">
			<system-out>mms_ns_p0p1cv_weak_velBC_steady: success.
</system-out>
		</testcase>
		<testcase name="ab_convergence_vel_y: L2 order between 1.6 and 2.0" classname="short.mms_ns_p0p1cv_weak_velBC_steady">
			<system-out>mms_ns_p0p1cv_weak_velBC_steady: success.
</system-out>
		</testcase>
		<testcase name="ab_convergence_p: L2 order between 2.0 and 2.2" classname="short.mms_ns_p0p1cv_weak_velBC_steady">
			<system-out>mms_ns_p0p1cv_weak_velBC_steady: success.
</system-out>
		</testcase>
		<testcase name="bc_convergence_vel_x: L2 order between 0.8 and 1.0" classname="short.mms_ns_p0p1cv_weak_velBC_steady">
			<system-out>mms_ns_p0p1cv_weak_velBC_steady: success.
</system-out>
		</testcase>
		<testcase name="bc_convergence_vel_y: L2 order between 0.8 and 1.0" classname="short.mms_ns_p0p1cv_weak_velBC_steady">
			<system-out>mms_ns_p0p1cv_weak_velBC_steady: success.
</system-out>
		</testcase>
		<testcase name="bc_convergence_p: L2 order between 0.8 and 1.0" classname="short.mms_ns_p0p1cv_weak_velBC_steady">
			<system-out>mms_ns_p0p1cv_weak_velBC_steady: success.
</system-out>
		</testcase>
		<testcase name="checking divergence in A vel with tolerance 1.0e-08" classname="short.mms_ns_p0p1cv_weak_velBC_steady">
			<system-out>mms_ns_p0p1cv_weak_velBC_steady: success.
</system-out>
		</testcase>
		<testcase name="checking divergence in B vel with tolerance 1.0e-08" classname="short.mms_ns_p0p1cv_weak_velBC_steady">
			<system-out>mms_ns_p0p1cv_weak_velBC_steady: success.
</system-out>
		</testcase>
		<testcase name="checking divergence in C vel with tolerance 1.0e-08" classname="short.mms_ns_p0p1cv_weak_velBC_steady">
			<system-out>mms_ns_p0p1cv_weak_velBC_steady: success.
</system-out>
		</testcase>
		<testcase name="checking A finished in less than 50.0" classname="short.mms_ns_p0p1cv_weak_velBC_steady">
			<system-out>mms_ns_p0p1cv_weak_velBC_steady: success.
</system-out>
		</testcase>
		<testcase name="checking B finished in less than 50.0" classname="short.mms_ns_p0p1cv_weak_velBC_steady">
			<system-out>mms_ns_p0p1cv_weak_velBC_steady: success.
</system-out>
		</testcase>
		<testcase name="checking C finished in less than 50.0" classname="short.mms_ns_p0p1cv_weak_velBC_steady">
			<system-out>mms_ns_p0p1cv_weak_velBC_steady: success.
</system-out>
		</testcase>
		<testcase name="checking steady state was reached in A vel with tolerance 1.0e-05" classname="short.mms_ns_p0p1cv_weak_velBC_steady">
			<system-out>mms_ns_p0p1cv_weak_velBC_steady: success.
</system-out>
		</testcase>
		<testcase name="checking steady state was reached in B vel with tolerance 1.0e-05" classname="short.mms_ns_p0p1cv_weak_velBC_steady">
			<system-out>mms_ns_p0p1cv_weak_velBC_steady: success.
</system-out>
		</testcase>
		<testcase name="checking steady state was reached in C vel with tolerance 1.0e-05" classname="short.mms_ns_p0p1cv_weak_velBC_steady">
			<system-out>mms_ns_p0p1cv_weak_velBC_steady: success.
</system-out>
		</testcase>
		<testcase name="checking steady state was reached in A p with tolerance 1.0e-05" classname="short.mms_ns_p0p1cv_weak_velBC_steady">
			<system-out>mms_ns_p0p1cv_weak_velBC_steady: success.
</system-out>
		</testcase>
		<testcase name="checking steady state was reached in B p with tolerance 1.0e-05" classname="short.mms_ns_p0p1cv_weak_velBC_steady">
			<system-out>mms_ns_p0p1cv_weak_velBC_steady: success.
</system-out>
		</testcase>
		<testcase name="checking steady state was reached in C p with tolerance 1.0e-05" classname="short.mms_ns_p0p1cv_weak_velBC_steady">
			<system-out>mms_ns_p0p1cv_weak_velBC_steady: success.
</system-out>
		</testcase>
		<testcase name="p1cv element gradient diffusion equation spatial convergence test" time="6.704553" classname="short.mms_tracer_cv_diff_eg_excludemass_excludeadv"/>
		<testcase name="Solvers converged" classname="short.mms_tracer_cv_diff_eg_excludemass_excludeadv">
			<system-out>mms_tracer_cv_diff_eg_excludemass_excludeadv: success.
</system-out>
		</testcase>
		<testcase name="ab_convergence_stat: L2 order in [1.6,2.0]" classname="short.mms_tracer_cv_diff_eg_excludemass_excludeadv">
			<system-out>mms_tracer_cv_diff_eg_excludemass_excludeadv: success.
</system-out>
		</testcase>
		<testcase name="bc_convergence_stat: L2 order in [1.8,2.2]" classname="short.mms_tracer_cv_diff_eg_excludemass_excludeadv">
			<system-out>mms_tracer_cv_diff_eg_excludemass_excludeadv: success.
</system-out>
		</testcase>
		<testcase name="cd_convergence_stat: L2 order in [1.6,2.0]" classname="short.mms_tracer_cv_diff_eg_excludemass_excludeadv">
			<system-out>mms_tracer_cv_diff_eg_excludemass_excludeadv: success.
</system-out>
		</testcase>
		<testcase name="de_convergence_stat: L2 order in [1.9,2.3]" classname="short.mms_tracer_cv_diff_eg_excludemass_excludeadv">
			<system-out>mms_tracer_cv_diff_eg_excludemass_excludeadv: success.
</system-out>
		</testcase>
		<testcase name="checking A finished in less than 4.0" classname="short.mms_tracer_cv_diff_eg_excludemass_excludeadv">
			<system-out>mms_tracer_cv_diff_eg_excludemass_excludeadv: success.
</system-out>
		</testcase>
		<testcase name="checking B finished in less than 4.0" classname="short.mms_tracer_cv_diff_eg_excludemass_excludeadv">
			<system-out>mms_tracer_cv_diff_eg_excludemass_excludeadv: success.
</system-out>
		</testcase>
		<testcase name="checking C finished in less than 4.0" classname="short.mms_tracer_cv_diff_eg_excludemass_excludeadv">
			<system-out>mms_tracer_cv_diff_eg_excludemass_excludeadv: success.
</system-out>
		</testcase>
		<testcase name="checking D finished in less than 4.0" classname="short.mms_tracer_cv_diff_eg_excludemass_excludeadv">
			<system-out>mms_tracer_cv_diff_eg_excludemass_excludeadv: success.
</system-out>
		</testcase>
		<testcase name="checking E finished in less than 4.0" classname="short.mms_tracer_cv_diff_eg_excludemass_excludeadv">
			<system-out>mms_tracer_cv_diff_eg_excludemass_excludeadv: success.
</system-out>
		</testcase>
		<testcase name="p1cvp1cv bassi-rebay diffusion equation spatial convergence test" time="6.239366" classname="short.mms_tracer_cv_diff_excludemass_excludeadv"/>
		<testcase name="Solvers converged" classname="short.mms_tracer_cv_diff_excludemass_excludeadv">
			<system-out>mms_tracer_cv_diff_excludemass_excludeadv: success.
</system-out>
		</testcase>
		<testcase name="ab_convergence_stat: L2 order in [3.0,3.4]" classname="short.mms_tracer_cv_diff_excludemass_excludeadv">
			<system-out>mms_tracer_cv_diff_excludemass_excludeadv: success.
</system-out>
		</testcase>
		<testcase name="bc_convergence_stat: L2 order in [2.2,2.6]" classname="short.mms_tracer_cv_diff_excludemass_excludeadv">
			<system-out>mms_tracer_cv_diff_excludemass_excludeadv: success.
</system-out>
		</testcase>
		<testcase name="cd_convergence_stat: L2 order in [1.8,2.2]" classname="short.mms_tracer_cv_diff_excludemass_excludeadv">
			<system-out>mms_tracer_cv_diff_excludemass_excludeadv: success.
</system-out>
		</testcase>
		<testcase name="de_convergence_stat: L2 order in [2.0,2.4]" classname="short.mms_tracer_cv_diff_excludemass_excludeadv">
			<system-out>mms_tracer_cv_diff_excludemass_excludeadv: success.
</system-out>
		</testcase>
		<testcase name="checking A finished in less than 4.0" classname="short.mms_tracer_cv_diff_excludemass_excludeadv">
			<system-out>mms_tracer_cv_diff_excludemass_excludeadv: success.
</system-out>
		</testcase>
		<testcase name="checking B finished in less than 4.0" classname="short.mms_tracer_cv_diff_excludemass_excludeadv">
			<system-out>mms_tracer_cv_diff_excludemass_excludeadv: success.
</system-out>
		</testcase>
		<testcase name="checking C finished in less than 4.0" classname="short.mms_tracer_cv_diff_excludemass_excludeadv">
			<system-out>mms_tracer_cv_diff_excludemass_excludeadv: success.
</system-out>
		</testcase>
		<testcase name="checking D finished in less than 4.0" classname="short.mms_tracer_cv_diff_excludemass_excludeadv">
			<system-out>mms_tracer_cv_diff_excludemass_excludeadv: success.
</system-out>
		</testcase>
		<testcase name="checking E finished in less than 4.0" classname="short.mms_tracer_cv_diff_excludemass_excludeadv">
			<system-out>mms_tracer_cv_diff_excludemass_excludeadv: success.
</system-out>
		</testcase>
		<testcase name="NoNormalFlow_DG" time="7.547459" classname="short.no_normal_flow_dg"/>
		<testcase name="Solvers converged" classname="short.no_normal_flow_dg">
			<system-out>no_normal_flow_dg: success.
</system-out>
		</testcase>
		<testcase name="VelocityIsConstant" classname="short.no_normal_flow_dg">
			<system-out>no_normal_flow_dg: success.
</system-out>
		</testcase>
		<testcase name="NoCrossStreamVelocity" classname="short.no_normal_flow_dg">
			<system-out>no_normal_flow_dg: success.
</system-out>
		</testcase>
		<testcase name="VelocityMagnitude" classname="short.no_normal_flow_dg">
			<system-out>no_normal_flow_dg: success.
</system-out>
		</testcase>
		<testcase name="p2cv advection equation spatial convergence test" time="142.079592" classname="short.mms_tracer_p2cv_3d_adv_excludemass"/>
		<testcase name="Solvers converged" classname="short.mms_tracer_p2cv_3d_adv_excludemass">
			<system-out>mms_tracer_p2cv_3d_adv_excludemass: success.
</system-out>
		</testcase>
		<testcase name="ab_convergence_stat: L2 order in [0.8,1.2]" classname="short.mms_tracer_p2cv_3d_adv_excludemass">
			<system-out>mms_tracer_p2cv_3d_adv_excludemass: success.
</system-out>
		</testcase>
		<testcase name="bc_convergence_stat: L2 order in [0.8,1.2]" classname="short.mms_tracer_p2cv_3d_adv_excludemass">
			<system-out>mms_tracer_p2cv_3d_adv_excludemass: success.
</system-out>
		</testcase>
		<testcase name="cd_convergence_stat: L2 order in [0.8,1.2]" classname="short.mms_tracer_p2cv_3d_adv_excludemass">
			<system-out>mms_tracer_p2cv_3d_adv_excludemass: success.
</system-out>
		</testcase>
		<testcase name="checking A finished in less than 3.0" classname="short.mms_tracer_p2cv_3d_adv_excludemass">
			<system-out>mms_tracer_p2cv_3d_adv_excludemass: success.
</system-out>
		</testcase>
		<testcase name="checking B finished in less than 2.0" classname="short.mms_tracer_p2cv_3d_adv_excludemass">
			<system-out>mms_tracer_p2cv_3d_adv_excludemass: success.
</system-out>
		</testcase>
		<testcase name="checking C finished in less than 1.5" classname="short.mms_tracer_p2cv_3d_adv_excludemass">
			<system-out>mms_tracer_p2cv_3d_adv_excludemass: success.
</system-out>
		</testcase>
		<testcase name="checking D finished in less than 1.5" classname="short.mms_tracer_p2cv_3d_adv_excludemass">
			<system-out>mms_tracer_p2cv_3d_adv_excludemass: success.
</system-out>
		</testcase>
		<testcase name="checking steady state was reached in A" classname="short.mms_tracer_p2cv_3d_adv_excludemass">
			<system-out>mms_tracer_p2cv_3d_adv_excludemass: success.
</system-out>
		</testcase>
		<testcase name="checking steady state was reached in B" classname="short.mms_tracer_p2cv_3d_adv_excludemass">
			<system-out>mms_tracer_p2cv_3d_adv_excludemass: success.
</system-out>
		</testcase>
		<testcase name="checking steady state was reached in C" classname="short.mms_tracer_p2cv_3d_adv_excludemass">
			<system-out>mms_tracer_p2cv_3d_adv_excludemass: success.
</system-out>
		</testcase>
		<testcase name="checking steady state was reached in D" classname="short.mms_tracer_p2cv_3d_adv_excludemass">
			<system-out>mms_tracer_p2cv_3d_adv_excludemass: success.
</system-out>
		</testcase>
		<testcase name="Bulk viscosity algorithm test." time="2.072461" classname="short.mmat_bulk_viscosity"/>
		<testcase name="check harmonic density min" classname="short.mmat_bulk_viscosity">
			<system-out>mmat_bulk_viscosity: success.
</system-out>
		</testcase>
		<testcase name="check harmonic density max" classname="short.mmat_bulk_viscosity">
			<system-out>mmat_bulk_viscosity: success.
</system-out>
		</testcase>
		<testcase name="check harmonic viscosity min" classname="short.mmat_bulk_viscosity">
			<system-out>mmat_bulk_viscosity: success.
</system-out>
		</testcase>
		<testcase name="check harmonic viscosity max" classname="short.mmat_bulk_viscosity">
			<system-out>mmat_bulk_viscosity: success.
</system-out>
		</testcase>
		<testcase name="check geometric density min" classname="short.mmat_bulk_viscosity">
			<system-out>mmat_bulk_viscosity: success.
</system-out>
		</testcase>
		<testcase name="check geometric density max" classname="short.mmat_bulk_viscosity">
			<system-out>mmat_bulk_viscosity: success.
</system-out>
		</testcase>
		<testcase name="check geometric viscosity min" classname="short.mmat_bulk_viscosity">
			<system-out>mmat_bulk_viscosity: success.
</system-out>
		</testcase>
		<testcase name="check geometric viscosity max" classname="short.mmat_bulk_viscosity">
			<system-out>mmat_bulk_viscosity: success.
</system-out>
		</testcase>
		<testcase name="check arithmetic density min" classname="short.mmat_bulk_viscosity">
			<system-out>mmat_bulk_viscosity: success.
</system-out>
		</testcase>
		<testcase name="check arithmetic density max" classname="short.mmat_bulk_viscosity">
			<system-out>mmat_bulk_viscosity: success.
</system-out>
		</testcase>
		<testcase name="check arithmetic viscosity min" classname="short.mmat_bulk_viscosity">
			<system-out>mmat_bulk_viscosity: success.
</system-out>
		</testcase>
		<testcase name="check arithmetic viscosity max" classname="short.mmat_bulk_viscosity">
			<system-out>mmat_bulk_viscosity: success.
</system-out>
		</testcase>
		<testcase name="project_vtu" time="21.369262" classname="short.project_vtu"/>
		<testcase name="ScalarConvergenceSecondOrder" classname="short.project_vtu">
			<system-out>project_vtu: success.
</system-out>
		</testcase>
		<testcase name="VectorConvergenceSecondOrder" classname="short.project_vtu">
			<system-out>project_vtu: success.
</system-out>
		</testcase>
		<testcase name="TensorConvergenceFirstOrder" classname="short.project_vtu">
			<system-out>project_vtu: success.
</system-out>
		</testcase>
		<testcase name="Periodic adaptivity at first timestep" time="1.390029" classname="short.periodic_adaptivity_at_first_timestep"/>
		<testcase name="references" classname="short.periodic_adaptivity_at_first_timestep">
			<system-out>periodic_adaptivity_at_first_timestep: success.
</system-out>
		</testcase>
		<testcase name="consistent_max" classname="short.periodic_adaptivity_at_first_timestep">
			<system-out>Asserting relative error is smaller than 1e-10
relative error: 0.0
periodic_adaptivity_at_first_timestep: success.
</system-out>
		</testcase>
		<testcase name="p1dgp2-test-cty-cv-rhop1dg, multi-material surface integral balance pressure check" time="1.467978" classname="short.mmat-balancepressure-p1dgp2-test-cty-cv-rhop1dg"/>
		<testcase name="check maximum pressure_p1dgp2_test_cty_cv_rhop1dg is 2457.35 (analytic) with tolerance 1.0e-08" classname="short.mmat-balancepressure-p1dgp2-test-cty-cv-rhop1dg">
			<system-out>mmat-balancepressure-p1dgp2-test-cty-cv-rhop1dg: success.
</system-out>
		</testcase>
		<testcase name="check minimum pressure_p1dgp2_test_cty_cv_rhop1dg 0.0 with tolerance 1.0e-06" classname="short.mmat-balancepressure-p1dgp2-test-cty-cv-rhop1dg">
			<system-out>mmat-balancepressure-p1dgp2-test-cty-cv-rhop1dg: success.
</system-out>
		</testcase>
		<testcase name="check maximum xspeed_p1dgp2_test_cty_cv_rhop1dg is 0.0 with tolerance 1.0e-06" classname="short.mmat-balancepressure-p1dgp2-test-cty-cv-rhop1dg">
			<system-out>mmat-balancepressure-p1dgp2-test-cty-cv-rhop1dg: success.
</system-out>
		</testcase>
		<testcase name="check maximum yspeed_p1dgp2_test_cty_cv_rhop1dg is 0.0 with tolerance 1.0e-06" classname="short.mmat-balancepressure-p1dgp2-test-cty-cv-rhop1dg">
			<system-out>mmat-balancepressure-p1dgp2-test-cty-cv-rhop1dg: success.
</system-out>
		</testcase>
		<testcase name="check maximum speed_p1dgp2_test_cty_cv_rhop1dg is 0.0 with tolerance 1.0e-06" classname="short.mmat-balancepressure-p1dgp2-test-cty-cv-rhop1dg">
			<system-out>mmat-balancepressure-p1dgp2-test-cty-cv-rhop1dg: success.
</system-out>
		</testcase>
		<testcase name="check volume fraction_p1dgp2_test_cty_cv_rhop1dg almost conserved with tolerance 1.0e-08" classname="short.mmat-balancepressure-p1dgp2-test-cty-cv-rhop1dg">
			<system-out>mass loss =  1.0547118733938987e-15
mmat-balancepressure-p1dgp2-test-cty-cv-rhop1dg: success.
</system-out>
		</testcase>
		<testcase name="check divergence_p1dgp2_test_cty_cv_rhop1dg with tolerance 1.0e-08" classname="short.mmat-balancepressure-p1dgp2-test-cty-cv-rhop1dg">
			<system-out>mmat-balancepressure-p1dgp2-test-cty-cv-rhop1dg: success.
</system-out>
		</testcase>
		<testcase name="Solvers converged" classname="short.mmat-balancepressure-p1dgp2-test-cty-cv-rhop1dg">
			<system-out>mmat-balancepressure-p1dgp2-test-cty-cv-rhop1dg: success.
</system-out>
		</testcase>
		<testcase name="fldecomp" time="1.116744" classname="short.fldecomp"/>
		<testcase name="Equal sized partitions (owned nodes)" classname="short.fldecomp">
			<system-out>Asserting max relative error is smaller than 0.075
max relative error: 0.0030120481927710845; index: 1
fldecomp: success.
</system-out>
		</testcase>
		<testcase name="2D square adaptivity" time="0.678524" classname="short.square-2d"/>
		<testcase name="Solvers converged" classname="short.square-2d">
			<system-out>square-2d: success.
</system-out>
		</testcase>
		<testcase name="assert no crash during adaptivity" classname="short.square-2d">
			<system-out>square-2d: success.
</system-out>
		</testcase>
		<testcase name="detectors" time="0.645435" classname="short.detectors"/>
		<testcase name="Solvers converged" classname="short.detectors">
			<system-out>detectors: success.
</system-out>
		</testcase>
		<testcase name="tracer at D1" classname="short.detectors">
			<system-out>detectors: success.
</system-out>
		</testcase>
		<testcase name="tracer at D2" classname="short.detectors">
			<system-out>detectors: success.
</system-out>
		</testcase>
		<testcase name="tracer at D3" classname="short.detectors">
			<system-out>detectors: success.
</system-out>
		</testcase>
		<testcase name="velocity at D1" classname="short.detectors">
			<system-out>detectors: success.
</system-out>
		</testcase>
		<testcase name="velocity at D2" classname="short.detectors">
			<system-out>detectors: success.
</system-out>
		</testcase>
		<testcase name="velocity at D3" classname="short.detectors">
			<system-out>detectors: success.
</system-out>
		</testcase>
		<testcase name="swe_dam_break_1d" time="9.711000" classname="short.swe_dam_break_1d"/>
		<testcase name="max(u) is about 2.9" classname="short.swe_dam_break_1d">
			<system-out>swe_dam_break_1d: success.
</system-out>
		</testcase>
		<testcase name="min(u) is about 0.0" classname="short.swe_dam_break_1d">
			<system-out>swe_dam_break_1d: success.
</system-out>
		</testcase>
		<testcase name="max(h) is about 5.0" classname="short.swe_dam_break_1d">
			<system-out>swe_dam_break_1d: success.
</system-out>
		</testcase>
		<testcase name="min(h) is about 0.0" classname="short.swe_dam_break_1d">
			<system-out>swe_dam_break_1d: success.
</system-out>
		</testcase>
		<testcase name="Solvers converged" classname="short.swe_dam_break_1d">
			<system-out>swe_dam_break_1d: success.
</system-out>
		</testcase>
		<testcase name="3d p1dgp2-test-cty-cv-rhop1dg-3d, multi-material surface integral balance pressure check" time="5.827755" classname="short.mmat-balancepressure-p1dgp2-test-cty-cv-rhop1dg-3d"/>
		<testcase name="check maximum pressure_p1dgp2_test_cty_cv_rhop1dg_3d is 2457.35 (analytic) with tolerance 1.0e-08" classname="short.mmat-balancepressure-p1dgp2-test-cty-cv-rhop1dg-3d">
			<system-out>mmat-balancepressure-p1dgp2-test-cty-cv-rhop1dg-3d: success.
</system-out>
		</testcase>
		<testcase name="check minimum pressure_p1dgp2_test_cty_cv_rhop1dg_3d 0.0 with tolerance 1.0e-06" classname="short.mmat-balancepressure-p1dgp2-test-cty-cv-rhop1dg-3d">
			<system-out>mmat-balancepressure-p1dgp2-test-cty-cv-rhop1dg-3d: success.
</system-out>
		</testcase>
		<testcase name="check maximum xspeed_p1dgp2_test_cty_cv_rhop1dg_3d is 0.0 with tolerance 1.0e-06" classname="short.mmat-balancepressure-p1dgp2-test-cty-cv-rhop1dg-3d">
			<system-out>mmat-balancepressure-p1dgp2-test-cty-cv-rhop1dg-3d: success.
</system-out>
		</testcase>
		<testcase name="check maximum yspeed_p1dgp2_test_cty_cv_rhop1dg_3d is 0.0 with tolerance 1.0e-06" classname="short.mmat-balancepressure-p1dgp2-test-cty-cv-rhop1dg-3d">
			<system-out>mmat-balancepressure-p1dgp2-test-cty-cv-rhop1dg-3d: success.
</system-out>
		</testcase>
		<testcase name="check maximum speed_p1dgp2_test_cty_cv_rhop1dg_3d is 0.0 with tolerance 1.0e-06" classname="short.mmat-balancepressure-p1dgp2-test-cty-cv-rhop1dg-3d">
			<system-out>mmat-balancepressure-p1dgp2-test-cty-cv-rhop1dg-3d: success.
</system-out>
		</testcase>
		<testcase name="check volume fraction_p1dgp2_test_cty_cv_rhop1dg_3d almost conserved with tolerance 1.0e-08" classname="short.mmat-balancepressure-p1dgp2-test-cty-cv-rhop1dg-3d">
			<system-out>mass loss =  1.3877787807814457e-16
mmat-balancepressure-p1dgp2-test-cty-cv-rhop1dg-3d: success.
</system-out>
		</testcase>
		<testcase name="check divergence_p1dgp2_test_cty_cv_rhop1dg_3d with tolerance 1.0e-08" classname="short.mmat-balancepressure-p1dgp2-test-cty-cv-rhop1dg-3d">
			<system-out>mmat-balancepressure-p1dgp2-test-cty-cv-rhop1dg-3d: success.
</system-out>
		</testcase>
		<testcase name="Solvers converged" classname="short.mmat-balancepressure-p1dgp2-test-cty-cv-rhop1dg-3d">
			<system-out>mmat-balancepressure-p1dgp2-test-cty-cv-rhop1dg-3d: success.
</system-out>
		</testcase>
		<testcase name="Static detectors in a moving mesh in parallel" time="1.219875" classname="short.detectors_mesh_movement_parallel"/>
		<testcase name="Solvers converged" classname="short.detectors_mesh_movement_parallel">
			<system-out>detectors_mesh_movement_parallel: success.
</system-out>
		</testcase>
		<testcase name="D1 final position" classname="short.detectors_mesh_movement_parallel">
			<system-out>detectors_mesh_movement_parallel: success.
</system-out>
		</testcase>
		<testcase name="D2 final position" classname="short.detectors_mesh_movement_parallel">
			<system-out>detectors_mesh_movement_parallel: success.
</system-out>
		</testcase>
		<testcase name="tracer at D2" classname="short.detectors_mesh_movement_parallel">
			<system-out>detectors_mesh_movement_parallel: success.
</system-out>
		</testcase>
		<testcase name="Testing of particle vector and tensor attributes in parallel" time="44.636847" classname="short.particle_vectors_tensors"/>
		<testcase name="Maxvectorerror1" classname="short.particle_vectors_tensors">
			<system-out>particle_vectors_tensors: success.
</system-out>
		</testcase>
		<testcase name="Maxvectorerror2" classname="short.particle_vectors_tensors">
			<system-out>particle_vectors_tensors: success.
</system-out>
		</testcase>
		<testcase name="Maxvectorerror3" classname="short.particle_vectors_tensors">
			<system-out>particle_vectors_tensors: success.
</system-out>
		</testcase>
		<testcase name="Maxtensorerror1" classname="short.particle_vectors_tensors">
			<system-out>particle_vectors_tensors: success.
</system-out>
		</testcase>
		<testcase name="Maxtensorerror2" classname="short.particle_vectors_tensors">
			<system-out>particle_vectors_tensors: success.
</system-out>
		</testcase>
		<testcase name="Control volume, multi-material flow test" time="2.279295" classname="short.3material-oneblobs-reversed"/>
		<testcase name="Solvers converged" classname="short.3material-oneblobs-reversed">
			<system-out>3material-oneblobs-reversed: success.
</system-out>
		</testcase>
		<testcase name="check minimum water volume fraction is 0.0" classname="short.3material-oneblobs-reversed">
			<system-out>3material-oneblobs-reversed: success.
</system-out>
		</testcase>
		<testcase name="check maximum water volume fraction is 1.0" classname="short.3material-oneblobs-reversed">
			<system-out>3material-oneblobs-reversed: success.
</system-out>
		</testcase>
		<testcase name="check minimum droplet volume fraction is 0.0" classname="short.3material-oneblobs-reversed">
			<system-out>3material-oneblobs-reversed: success.
</system-out>
		</testcase>
		<testcase name="check maximum droplet volume fraction is between 0.0 and 1.0" classname="short.3material-oneblobs-reversed">
			<system-out>3material-oneblobs-reversed: success.
</system-out>
		</testcase>
		<testcase name="check minimum air volume fraction is greater than -0.1" classname="short.3material-oneblobs-reversed">
			<system-out>3material-oneblobs-reversed: success.
</system-out>
		</testcase>
		<testcase name="check maximum air volume fraction is 1.0" classname="short.3material-oneblobs-reversed">
			<system-out>3material-oneblobs-reversed: success.
</system-out>
		</testcase>
		<testcase name="check minimum sum volume fraction is 0.0" classname="short.3material-oneblobs-reversed">
			<system-out>3material-oneblobs-reversed: success.
</system-out>
		</testcase>
		<testcase name="check maximum sum volume fraction is less than 1.1" classname="short.3material-oneblobs-reversed">
			<system-out>3material-oneblobs-reversed: success.
</system-out>
		</testcase>
		<testcase name="check maximum speed is 1.0" classname="short.3material-oneblobs-reversed">
			<system-out>3material-oneblobs-reversed: success.
</system-out>
		</testcase>
		<testcase name="check maximum cv cfl" classname="short.3material-oneblobs-reversed">
			<system-out>3material-oneblobs-reversed: success.
</system-out>
		</testcase>
		<testcase name="check minimum cv cfl" classname="short.3material-oneblobs-reversed">
			<system-out>3material-oneblobs-reversed: success.
</system-out>
		</testcase>
		<testcase name="mms_les_second_order_p2p1" time="18.693308" classname="short.mms_les_second_order_p1dgp2"/>
		<testcase name="ab_convergence_vel_x for NS: L2 order &gt; 2.0" classname="short.mms_les_second_order_p1dgp2">
			<system-out>mms_les_second_order_p1dgp2: success.
</system-out>
		</testcase>
		<testcase name="ab_convergence_vel_y for NS: L2 order &gt; 2.0" classname="short.mms_les_second_order_p1dgp2">
			<system-out>mms_les_second_order_p1dgp2: success.
</system-out>
		</testcase>
		<testcase name="ab_convergence_ev: L2 order &gt; 0.9" classname="short.mms_les_second_order_p1dgp2">
			<system-out>mms_les_second_order_p1dgp2: success.
</system-out>
		</testcase>
		<testcase name="bc_convergence_vel_x for NS: L2 order &gt; 2.0" classname="short.mms_les_second_order_p1dgp2">
			<system-out>mms_les_second_order_p1dgp2: success.
</system-out>
		</testcase>
		<testcase name="bc_convergence_vel_y for NS: L2 order &gt; 2.0" classname="short.mms_les_second_order_p1dgp2">
			<system-out>mms_les_second_order_p1dgp2: success.
</system-out>
		</testcase>
		<testcase name="bc_convergence_ev: L2 order &gt; 0.9" classname="short.mms_les_second_order_p1dgp2">
			<system-out>mms_les_second_order_p1dgp2: success.
</system-out>
		</testcase>
		<testcase name="Solvers converged" classname="short.mms_les_second_order_p1dgp2">
			<system-out>mms_les_second_order_p1dgp2: success.
</system-out>
		</testcase>
		<testcase name="Control volume, multi-material flow test" time="2.250550" classname="short.moving_mesh_advection"/>
		<testcase name="Solvers converged" classname="short.moving_mesh_advection">
			<system-out>moving_mesh_advection: success.
</system-out>
		</testcase>
		<testcase name="check minimum hyperc is 0.0" classname="short.moving_mesh_advection">
			<system-out>moving_mesh_advection: success.
</system-out>
		</testcase>
		<testcase name="check maximum hyperc is 1.0" classname="short.moving_mesh_advection">
			<system-out>moving_mesh_advection: success.
</system-out>
		</testcase>
		<testcase name="check difference in cg is 0.0" classname="short.moving_mesh_advection">
			<system-out>moving_mesh_advection: success.
</system-out>
		</testcase>
		<testcase name="check difference in cgibp is 0.0" classname="short.moving_mesh_advection">
			<system-out>moving_mesh_advection: success.
</system-out>
		</testcase>
		<testcase name="check difference in cglumped is 0.0" classname="short.moving_mesh_advection">
			<system-out>moving_mesh_advection: success.
</system-out>
		</testcase>
		<testcase name="check difference in dgibp1 is 0.0" classname="short.moving_mesh_advection">
			<system-out>moving_mesh_advection: success.
</system-out>
		</testcase>
		<testcase name="check difference in dgibp2 is 0.0" classname="short.moving_mesh_advection">
			<system-out>moving_mesh_advection: success.
</system-out>
		</testcase>
		<testcase name="check difference in dgibp1icbp is 0.0" classname="short.moving_mesh_advection">
			<system-out>moving_mesh_advection: success.
</system-out>
		</testcase>
		<testcase name="check difference in dgibp2icbp is 0.0" classname="short.moving_mesh_advection">
			<system-out>moving_mesh_advection: success.
</system-out>
		</testcase>
		<testcase name="check difference in cv is 0.0" classname="short.moving_mesh_advection">
			<system-out>moving_mesh_advection: success.
</system-out>
		</testcase>
		<testcase name="check difference in hyperc is 0.0" classname="short.moving_mesh_advection">
			<system-out>moving_mesh_advection: success.
</system-out>
		</testcase>
		<testcase name="check beta0 difference in cg is 0.0" classname="short.moving_mesh_advection">
			<system-out>moving_mesh_advection: success.
</system-out>
		</testcase>
		<testcase name="check beta0 difference in cgibp is 0.0" classname="short.moving_mesh_advection">
			<system-out>moving_mesh_advection: success.
</system-out>
		</testcase>
		<testcase name="check beta0 difference in cglumped is 0.0" classname="short.moving_mesh_advection">
			<system-out>moving_mesh_advection: success.
</system-out>
		</testcase>
		<testcase name="check beta0 difference in dgibp1 is 0.0" classname="short.moving_mesh_advection">
			<system-out>moving_mesh_advection: success.
</system-out>
		</testcase>
		<testcase name="check beta0 difference in dgibp2 is 0.0" classname="short.moving_mesh_advection">
			<system-out>moving_mesh_advection: success.
</system-out>
		</testcase>
		<testcase name="check beta0 difference in dgibp1icbp is 0.0" classname="short.moving_mesh_advection">
			<system-out>moving_mesh_advection: success.
</system-out>
		</testcase>
		<testcase name="check beta0 difference in dgibp2icbp is 0.0" classname="short.moving_mesh_advection">
			<system-out>moving_mesh_advection: success.
</system-out>
		</testcase>
		<testcase name="check beta0 difference in cv is 0.0" classname="short.moving_mesh_advection">
			<system-out>moving_mesh_advection: success.
</system-out>
		</testcase>
		<testcase name="check beta0 difference in hyperc is 0.0" classname="short.moving_mesh_advection">
			<system-out>moving_mesh_advection: success.
</system-out>
		</testcase>
		<testcase name="check initial minimum hyperc is 0.0" classname="short.moving_mesh_advection">
			<system-out>moving_mesh_advection: success.
</system-out>
		</testcase>
		<testcase name="check initial maximum hyperc is 1.0" classname="short.moving_mesh_advection">
			<system-out>moving_mesh_advection: success.
</system-out>
		</testcase>
		<testcase name="check maximum grid speed is 1.0" classname="short.moving_mesh_advection">
			<system-out>moving_mesh_advection: success.
</system-out>
		</testcase>
		<testcase name="check maximum speed is 1.0" classname="short.moving_mesh_advection">
			<system-out>moving_mesh_advection: success.
</system-out>
		</testcase>
		<testcase name="check maximum cv cfl" classname="short.moving_mesh_advection">
			<system-out>moving_mesh_advection: success.
</system-out>
		</testcase>
		<testcase name="check minimum cv cfl" classname="short.moving_mesh_advection">
			<system-out>moving_mesh_advection: success.
</system-out>
		</testcase>
		<testcase name="vb_parallel" time="10.316798" classname="short.vb_parallel"/>
		<testcase name="Solvers converged" classname="short.vb_parallel">
			<system-out>vb_parallel: success.
</system-out>
		</testcase>
		<testcase name="MaxTBounds" classname="short.vb_parallel">
			<system-out>vb_parallel: success.
</system-out>
		</testcase>
		<testcase name="MinTBounds" classname="short.vb_parallel">
			<system-out>vb_parallel: success.
</system-out>
		</testcase>
		<testcase name="Coarse Corner (locked nodes version)" time="1.822673" classname="short.coarse-corner-locked"/>
		<testcase name="Solvers converged" classname="short.coarse-corner-locked">
			<system-out>coarse-corner-locked: success.
</system-out>
		</testcase>
		<testcase name="Simulation completed" classname="short.coarse-corner-locked">
			<system-out>Asserting relative error is smaller than 1e-06
relative error: 0.0
coarse-corner-locked: success.
</system-out>
		</testcase>
		<testcase name="Correct initial node count" classname="short.coarse-corner-locked">
			<system-out>coarse-corner-locked: success.
</system-out>
		</testcase>
		<testcase name="Correct adapted node count" classname="short.coarse-corner-locked">
			<system-out>Asserting relative error is smaller than 0.1
relative error: 0.071658615136876
coarse-corner-locked: success.
</system-out>
		</testcase>
		<testcase name="Nodes locked" classname="short.coarse-corner-locked">
			<system-out>coarse-corner-locked: success.
</system-out>
		</testcase>
		<testcase name="diff_src_dirichlet_1d" time="0.828816" classname="short.diff_src_dirichlet_1d"/>
		<testcase name="Check cg_p1_A_error_l2 less than 1.0e-8" classname="short.diff_src_dirichlet_1d">
			<system-out>diff_src_dirichlet_1d: success.
</system-out>
		</testcase>
		<testcase name="Check cg_p1_A_error_linf less than 1.0e-8" classname="short.diff_src_dirichlet_1d">
			<system-out>diff_src_dirichlet_1d: success.
</system-out>
		</testcase>
		<testcase name="shocktube_1d" time="12.768897" classname="short.shocktube_1d_explicit"/>
		<testcase name="check_max_l2norm_error_pressure" classname="short.shocktube_1d_explicit">
			<system-out>shocktube_1d_explicit: success.
</system-out>
		</testcase>
		<testcase name="check_max_l2norm_error_density" classname="short.shocktube_1d_explicit">
			<system-out>shocktube_1d_explicit: success.
</system-out>
		</testcase>
		<testcase name="check_max_l2norm_error_velocity" classname="short.shocktube_1d_explicit">
			<system-out>shocktube_1d_explicit: success.
</system-out>
		</testcase>
		<testcase name="check_max_l2norm_error_internal_energy" classname="short.shocktube_1d_explicit">
			<system-out>shocktube_1d_explicit: success.
</system-out>
		</testcase>
		<testcase name="check_max_error_pressure" classname="short.shocktube_1d_explicit">
			<system-out>shocktube_1d_explicit: success.
</system-out>
		</testcase>
		<testcase name="check_max_error_density" classname="short.shocktube_1d_explicit">
			<system-out>shocktube_1d_explicit: success.
</system-out>
		</testcase>
		<testcase name="check_max_error_velocity" classname="short.shocktube_1d_explicit">
			<system-out>shocktube_1d_explicit: success.
</system-out>
		</testcase>
		<testcase name="check_max_error_internal_energy" classname="short.shocktube_1d_explicit">
			<system-out>shocktube_1d_explicit: success.
</system-out>
		</testcase>
		<testcase name="check_solvers_converged" classname="short.shocktube_1d_explicit">
			<system-out>shocktube_1d_explicit: success.
</system-out>
		</testcase>
		<testcase name="check_end_time" classname="short.shocktube_1d_explicit">
			<system-out>shocktube_1d_explicit: success.
</system-out>
		</testcase>
		<testcase name="2 material (identical) column under gravity using CG pressure with continuity tested with the CV dual" time="3.493762" classname="short.mmat-gravity-col-press_cg_test_cty_cv"/>
		<testcase name="check maximum pressure_p0p1_2d is 10.0 with tolerance 1.0e-10" classname="short.mmat-gravity-col-press_cg_test_cty_cv">
			<system-out>max pressure error:  1.7763568394002505e-15
mmat-gravity-col-press_cg_test_cty_cv: success.
</system-out>
		</testcase>
		<testcase name="check pressure_p0p1_2d range is 10.0 with tolerance 1.0e-10" classname="short.mmat-gravity-col-press_cg_test_cty_cv">
			<system-out>pressure range error:  1.7763568394002505e-15
mmat-gravity-col-press_cg_test_cty_cv: success.
</system-out>
		</testcase>
		<testcase name="check maximum speed_p0p1_2d is zero with tolerance 1.0e-10" classname="short.mmat-gravity-col-press_cg_test_cty_cv">
			<system-out>mmat-gravity-col-press_cg_test_cty_cv: success.
</system-out>
		</testcase>
		<testcase name="check max_cvdiv_p0p1_2d is zero with tolerance 1.0e-10" classname="short.mmat-gravity-col-press_cg_test_cty_cv">
			<system-out>mmat-gravity-col-press_cg_test_cty_cv: success.
</system-out>
		</testcase>
		<testcase name="check mxvfrac_p0p1_2d with tolerance 1.0e-10" classname="short.mmat-gravity-col-press_cg_test_cty_cv">
			<system-out>mmat-gravity-col-press_cg_test_cty_cv: success.
</system-out>
		</testcase>
		<testcase name="check mnvfrac_p0p1_2d with tolerance 1.0e-10" classname="short.mmat-gravity-col-press_cg_test_cty_cv">
			<system-out>mmat-gravity-col-press_cg_test_cty_cv: success.
</system-out>
		</testcase>
		<testcase name="check mxvfrac2_p0p1_2d with tolerance 1.0e-10" classname="short.mmat-gravity-col-press_cg_test_cty_cv">
			<system-out>mmat-gravity-col-press_cg_test_cty_cv: success.
</system-out>
		</testcase>
		<testcase name="check mnvfrac2_p0p1_2d with tolerance 1.0e-10" classname="short.mmat-gravity-col-press_cg_test_cty_cv">
			<system-out>mmat-gravity-col-press_cg_test_cty_cv: success.
</system-out>
		</testcase>
		<testcase name="check maximum pressure_p1dgp2_2d is 10.0 with tolerance 1.0e-10" classname="short.mmat-gravity-col-press_cg_test_cty_cv">
			<system-out>max pressure error:  1.7763568394002505e-15
mmat-gravity-col-press_cg_test_cty_cv: success.
</system-out>
		</testcase>
		<testcase name="check pressure_p1dgp2_2d range is 10.0 with tolerance 1.0e-10" classname="short.mmat-gravity-col-press_cg_test_cty_cv">
			<system-out>pressure range error:  1.7763568394002505e-15
mmat-gravity-col-press_cg_test_cty_cv: success.
</system-out>
		</testcase>
		<testcase name="check maximum speed_p1dgp2_2d is zero with tolerance 1.0e-10" classname="short.mmat-gravity-col-press_cg_test_cty_cv">
			<system-out>mmat-gravity-col-press_cg_test_cty_cv: success.
</system-out>
		</testcase>
		<testcase name="check max_cvdiv_p1dgp2_2d is zero with tolerance 1.0e-10" classname="short.mmat-gravity-col-press_cg_test_cty_cv">
			<system-out>mmat-gravity-col-press_cg_test_cty_cv: success.
</system-out>
		</testcase>
		<testcase name="check mxvfrac_p1dgp2_2d with tolerance 1.0e-10" classname="short.mmat-gravity-col-press_cg_test_cty_cv">
			<system-out>mmat-gravity-col-press_cg_test_cty_cv: success.
</system-out>
		</testcase>
		<testcase name="check mnvfrac_p1dgp2_2d with tolerance 1.0e-10" classname="short.mmat-gravity-col-press_cg_test_cty_cv">
			<system-out>mmat-gravity-col-press_cg_test_cty_cv: success.
</system-out>
		</testcase>
		<testcase name="check mxvfrac2_p1dgp2_2d with tolerance 1.0e-10" classname="short.mmat-gravity-col-press_cg_test_cty_cv">
			<system-out>mmat-gravity-col-press_cg_test_cty_cv: success.
</system-out>
		</testcase>
		<testcase name="check mnvfrac2_p1dgp2_2d with tolerance 1.0e-10" classname="short.mmat-gravity-col-press_cg_test_cty_cv">
			<system-out>mmat-gravity-col-press_cg_test_cty_cv: success.
</system-out>
		</testcase>
		<testcase name="check maximum pressure_p2lumpedp1_2d is 10.0 with tolerance 1.0e-10" classname="short.mmat-gravity-col-press_cg_test_cty_cv">
			<system-out>max pressure error:  0.0
mmat-gravity-col-press_cg_test_cty_cv: success.
</system-out>
		</testcase>
		<testcase name="check pressure_p2lumpedp1_2d range is 10.0 with tolerance 1.0e-10" classname="short.mmat-gravity-col-press_cg_test_cty_cv">
			<system-out>pressure range error:  0.0
mmat-gravity-col-press_cg_test_cty_cv: success.
</system-out>
		</testcase>
		<testcase name="check maximum speed_p2lumpedp1_2d is zero with tolerance 1.0e-10" classname="short.mmat-gravity-col-press_cg_test_cty_cv">
			<system-out>mmat-gravity-col-press_cg_test_cty_cv: success.
</system-out>
		</testcase>
		<testcase name="check max_cvdiv_p2lumpedp1_2d is zero with tolerance 1.0e-10" classname="short.mmat-gravity-col-press_cg_test_cty_cv">
			<system-out>mmat-gravity-col-press_cg_test_cty_cv: success.
</system-out>
		</testcase>
		<testcase name="check mxvfrac_p2lumpedp1_2d with tolerance 1.0e-10" classname="short.mmat-gravity-col-press_cg_test_cty_cv">
			<system-out>mmat-gravity-col-press_cg_test_cty_cv: success.
</system-out>
		</testcase>
		<testcase name="check mnvfrac_p2lumpedp1_2d with tolerance 1.0e-10" classname="short.mmat-gravity-col-press_cg_test_cty_cv">
			<system-out>mmat-gravity-col-press_cg_test_cty_cv: success.
</system-out>
		</testcase>
		<testcase name="check mxvfrac2_p2lumpedp1_2d with tolerance 1.0e-10" classname="short.mmat-gravity-col-press_cg_test_cty_cv">
			<system-out>mmat-gravity-col-press_cg_test_cty_cv: success.
</system-out>
		</testcase>
		<testcase name="check mnvfrac2_p2lumpedp1_2d with tolerance 1.0e-10" classname="short.mmat-gravity-col-press_cg_test_cty_cv">
			<system-out>mmat-gravity-col-press_cg_test_cty_cv: success.
</system-out>
		</testcase>
		<testcase name="check maximum pressure_p2p1_2d is 10.0 with tolerance 1.0e-10" classname="short.mmat-gravity-col-press_cg_test_cty_cv">
			<system-out>max pressure error:  0.0
mmat-gravity-col-press_cg_test_cty_cv: success.
</system-out>
		</testcase>
		<testcase name="check pressure_p2p1_2d range is 10.0 with tolerance 1.0e-10" classname="short.mmat-gravity-col-press_cg_test_cty_cv">
			<system-out>pressure range error:  0.0
mmat-gravity-col-press_cg_test_cty_cv: success.
</system-out>
		</testcase>
		<testcase name="check maximum speed_p2p1_2d is zero with tolerance 1.0e-10" classname="short.mmat-gravity-col-press_cg_test_cty_cv">
			<system-out>mmat-gravity-col-press_cg_test_cty_cv: success.
</system-out>
		</testcase>
		<testcase name="check max_cvdiv_p2p1_2d is zero with tolerance 1.0e-10" classname="short.mmat-gravity-col-press_cg_test_cty_cv">
			<system-out>mmat-gravity-col-press_cg_test_cty_cv: success.
</system-out>
		</testcase>
		<testcase name="check mxvfrac_p2p1_2d with tolerance 1.0e-10" classname="short.mmat-gravity-col-press_cg_test_cty_cv">
			<system-out>mmat-gravity-col-press_cg_test_cty_cv: success.
</system-out>
		</testcase>
		<testcase name="check mnvfrac_p2p1_2d with tolerance 1.0e-10" classname="short.mmat-gravity-col-press_cg_test_cty_cv">
			<system-out>mmat-gravity-col-press_cg_test_cty_cv: success.
</system-out>
		</testcase>
		<testcase name="check mxvfrac2_p2p1_2d with tolerance 1.0e-10" classname="short.mmat-gravity-col-press_cg_test_cty_cv">
			<system-out>mmat-gravity-col-press_cg_test_cty_cv: success.
</system-out>
		</testcase>
		<testcase name="check mnvfrac2_p2p1_2d with tolerance 1.0e-10" classname="short.mmat-gravity-col-press_cg_test_cty_cv">
			<system-out>mmat-gravity-col-press_cg_test_cty_cv: success.
</system-out>
		</testcase>
		<testcase name="Solvers converged" classname="short.mmat-gravity-col-press_cg_test_cty_cv">
			<system-out>mmat-gravity-col-press_cg_test_cty_cv: success.
</system-out>
		</testcase>
		<testcase name="1 material column under gravity using CG pressure with continuity tested with the CV dual" time="2.876815" classname="short.gravity-col-press_cg_test_cty_cv"/>
		<testcase name="check maximum pressure_p0p1_2d is 10.0 with tolerance 1.0e-10" classname="short.gravity-col-press_cg_test_cty_cv">
			<system-out>max pressure error:  1.7763568394002505e-15
gravity-col-press_cg_test_cty_cv: success.
</system-out>
		</testcase>
		<testcase name="check pressure_p0p1_2d range is 10.0 with tolerance 1.0e-10" classname="short.gravity-col-press_cg_test_cty_cv">
			<system-out>pressure range error:  1.7763568394002505e-15
gravity-col-press_cg_test_cty_cv: success.
</system-out>
		</testcase>
		<testcase name="check maximum speed_p0p1_2d is zero with tolerance 1.0e-10" classname="short.gravity-col-press_cg_test_cty_cv">
			<system-out>gravity-col-press_cg_test_cty_cv: success.
</system-out>
		</testcase>
		<testcase name="check maximum pressure_p1dgp2_2d is 10.0 with tolerance 1.0e-10" classname="short.gravity-col-press_cg_test_cty_cv">
			<system-out>max pressure error:  1.7763568394002505e-15
gravity-col-press_cg_test_cty_cv: success.
</system-out>
		</testcase>
		<testcase name="check pressure_p1dgp2_2d range is 10.0 with tolerance 1.0e-10" classname="short.gravity-col-press_cg_test_cty_cv">
			<system-out>pressure range error:  1.7763568394002505e-15
gravity-col-press_cg_test_cty_cv: success.
</system-out>
		</testcase>
		<testcase name="check maximum speed_p1dgp2_2d is zero with tolerance 1.0e-10" classname="short.gravity-col-press_cg_test_cty_cv">
			<system-out>gravity-col-press_cg_test_cty_cv: success.
</system-out>
		</testcase>
		<testcase name="check maximum pressure_p2lumpedp1_2d is 10.0 with tolerance 1.0e-10" classname="short.gravity-col-press_cg_test_cty_cv">
			<system-out>max pressure error:  0.0
gravity-col-press_cg_test_cty_cv: success.
</system-out>
		</testcase>
		<testcase name="check pressure_p2lumpedp1_2d range is 10.0 with tolerance 1.0e-10" classname="short.gravity-col-press_cg_test_cty_cv">
			<system-out>pressure range error:  0.0
gravity-col-press_cg_test_cty_cv: success.
</system-out>
		</testcase>
		<testcase name="check maximum speed_p2lumpedp1_2d is zero with tolerance 1.0e-10" classname="short.gravity-col-press_cg_test_cty_cv">
			<system-out>gravity-col-press_cg_test_cty_cv: success.
</system-out>
		</testcase>
		<testcase name="check maximum pressure_p2p1_2d is 10.0 with tolerance 1.0e-10" classname="short.gravity-col-press_cg_test_cty_cv">
			<system-out>max pressure error:  0.0
gravity-col-press_cg_test_cty_cv: success.
</system-out>
		</testcase>
		<testcase name="check pressure_p2p1_2d range is 10.0 with tolerance 1.0e-10" classname="short.gravity-col-press_cg_test_cty_cv">
			<system-out>pressure range error:  0.0
gravity-col-press_cg_test_cty_cv: success.
</system-out>
		</testcase>
		<testcase name="check maximum speed_p2p1_2d is zero with tolerance 1.0e-10" classname="short.gravity-col-press_cg_test_cty_cv">
			<system-out>gravity-col-press_cg_test_cty_cv: success.
</system-out>
		</testcase>
		<testcase name="Solvers converged" classname="short.gravity-col-press_cg_test_cty_cv">
			<system-out>gravity-col-press_cg_test_cty_cv: success.
</system-out>
		</testcase>
		<testcase name="mphase_sedimentation_1d" time="6.504480" classname="short.mphase_sedimentation_1d"/>
		<testcase name="Fluid 1 has max(vfrac) in [0.9, 1.0]" classname="short.mphase_sedimentation_1d">
			<system-out>mphase_sedimentation_1d: success.
</system-out>
		</testcase>
		<testcase name="Fluid 1 has min(vfrac) in [0.0, 0.1]" classname="short.mphase_sedimentation_1d">
			<system-out>mphase_sedimentation_1d: success.
</system-out>
		</testcase>
		<testcase name="Fluid 2 has max(vfrac) in [0.9, 1.0]" classname="short.mphase_sedimentation_1d">
			<system-out>mphase_sedimentation_1d: success.
</system-out>
		</testcase>
		<testcase name="Fluid 2 has min(vfrac) in [0.0, 0.1]" classname="short.mphase_sedimentation_1d">
			<system-out>mphase_sedimentation_1d: success.
</system-out>
		</testcase>
		<testcase name="SumVelocityDivergence is less than 1e-8" classname="short.mphase_sedimentation_1d">
			<system-out>mphase_sedimentation_1d: success.
</system-out>
		</testcase>
		<testcase name="PhaseVolumeFraction for Fluid 1 is conserved" classname="short.mphase_sedimentation_1d">
			<system-out>mphase_sedimentation_1d: success.
</system-out>
		</testcase>
		<testcase name="PhaseVolumeFraction for Fluid 2 is conserved" classname="short.mphase_sedimentation_1d">
			<system-out>mphase_sedimentation_1d: success.
</system-out>
		</testcase>
		<testcase name="Solvers converged" classname="short.mphase_sedimentation_1d">
			<system-out>mphase_sedimentation_1d: success.
</system-out>
		</testcase>
		<testcase name="heat_2d_dg" time="0.923401" classname="short.diffusion_2d_p0_serial"/>
		<testcase name="Solvers converged" classname="short.diffusion_2d_p0_serial">
			<system-out>diffusion_2d_p0_serial: success.
</system-out>
		</testcase>
		<testcase name="tracer integral is intially 1.0" classname="short.diffusion_2d_p0_serial">
			<system-out>diffusion_2d_p0_serial: success.
</system-out>
		</testcase>
		<testcase name="tracer integral is 1.0" classname="short.diffusion_2d_p0_serial">
			<system-out>diffusion_2d_p0_serial: success.
</system-out>
		</testcase>
		<testcase name="tracer error is initially less than 0.01" classname="short.diffusion_2d_p0_serial">
			<system-out>diffusion_2d_p0_serial: success.
</system-out>
		</testcase>
		<testcase name="tracer error less than 0.01" classname="short.diffusion_2d_p0_serial">
			<system-out>diffusion_2d_p0_serial: success.
</system-out>
		</testcase>
		<testcase name="Test of analytical mapping onto a sphere" time="3.233291" classname="short.spherical_mappings_3d"/>
		<testcase name="linear_integral" classname="short.spherical_mappings_3d">
			<system-out>0.23153195573765714
spherical_mappings_3d: success.
</system-out>
		</testcase>
		<testcase name="linear_inner_upper_surfaceintegrals" classname="short.spherical_mappings_3d">
			<system-out>[0.1578312 0.1578312 0.1578312 0.1578312 0.1578312 0.1578312 0.1578312
 0.1578312]
spherical_mappings_3d: success.
</system-out>
		</testcase>
		<testcase name="linear_inner_middle_surfaceintegrals" classname="short.spherical_mappings_3d">
			<system-out>[0.10939038 0.10939038 0.10939038 0.10939038 0.10939038 0.10939038
 0.10939038 0.10939038]
spherical_mappings_3d: success.
</system-out>
		</testcase>
		<testcase name="linear_outer_upper_surfaceintegrals" classname="short.spherical_mappings_3d">
			<system-out>[0.1578312 0.1578312 0.1578312 0.1578312 0.1578312 0.1578312 0.1578312
 0.1578312]
spherical_mappings_3d: success.
</system-out>
		</testcase>
		<testcase name="linear_outer_middle_surfaceintegrals" classname="short.spherical_mappings_3d">
			<system-out>[0.10939038 0.10939038 0.10939038 0.10939038 0.10939038 0.10939038
 0.10939038 0.10939038]
spherical_mappings_3d: success.
</system-out>
		</testcase>
		<testcase name="linear_flat_surfaceintegrals" classname="short.spherical_mappings_3d">
			<system-out>[0.09968368 0.09968368 0.09968368 0.09968368 0.09968368 0.09968368
 0.09968368 0.09968368]
spherical_mappings_3d: success.
</system-out>
		</testcase>
		<testcase name="linear_radius_inner_upper_surfaceintegrals" classname="short.spherical_mappings_3d">
			<system-out>[0.21104182 0.21104182 0.21104182 0.21104182 0.21104182 0.21104182
 0.21104182 0.21104182]
spherical_mappings_3d: success.
</system-out>
		</testcase>
		<testcase name="linear_radius_inner_middle_surfaceintegrals" classname="short.spherical_mappings_3d">
			<system-out>[0.18958642 0.18958642 0.18958642 0.18958642 0.18958642 0.18958642
 0.18958642 0.18958642]
spherical_mappings_3d: success.
</system-out>
		</testcase>
		<testcase name="linear_radius_outer_upper_surfaceintegrals" classname="short.spherical_mappings_3d">
			<system-out>[0.21104182 0.21104182 0.21104182 0.21104182 0.21104182 0.21104182
 0.21104182 0.21104182]
spherical_mappings_3d: success.
</system-out>
		</testcase>
		<testcase name="linear_radius_outer_middle_surfaceintegrals" classname="short.spherical_mappings_3d">
			<system-out>[0.18958642 0.18958642 0.18958642 0.18958642 0.18958642 0.18958642
 0.18958642 0.18958642]
spherical_mappings_3d: success.
</system-out>
		</testcase>
		<testcase name="linear_gradient_inner_upper_surfaceintegrals" classname="short.spherical_mappings_3d">
			<system-out>[0.0770621 0.0770621 0.0770621 0.0770621 0.0770621 0.0770621 0.0770621
 0.0770621]
spherical_mappings_3d: success.
</system-out>
		</testcase>
		<testcase name="linear_gradient_inner_middle_surfaceintegrals" classname="short.spherical_mappings_3d">
			<system-out>[0.03216459 0.03216459 0.03216459 0.03216459 0.03216459 0.03216459
 0.03216459 0.03216459]
spherical_mappings_3d: success.
</system-out>
		</testcase>
		<testcase name="linear_gradient_outer_upper_surfaceintegrals" classname="short.spherical_mappings_3d">
			<system-out>[0.0770621 0.0770621 0.0770621 0.0770621 0.0770621 0.0770621 0.0770621
 0.0770621]
spherical_mappings_3d: success.
</system-out>
		</testcase>
		<testcase name="linear_gradient_outer_middle_surfaceintegrals" classname="short.spherical_mappings_3d">
			<system-out>[0.03216459 0.03216459 0.03216459 0.03216459 0.03216459 0.03216459
 0.03216459 0.03216459]
spherical_mappings_3d: success.
</system-out>
		</testcase>
		<testcase name="linear_inner_upper_surfaceintegrals_equal" classname="short.spherical_mappings_3d">
			<system-out>[5.55111512e-17 5.55111512e-17 0.00000000e+00 0.00000000e+00
 5.55111512e-17 5.55111512e-17 0.00000000e+00]
spherical_mappings_3d: success.
</system-out>
		</testcase>
		<testcase name="linear_inner_middle_surfaceintegrals_equal" classname="short.spherical_mappings_3d">
			<system-out>[2.22044605e-16 2.22044605e-16 0.00000000e+00 0.00000000e+00
 2.22044605e-16 2.22044605e-16 0.00000000e+00]
spherical_mappings_3d: success.
</system-out>
		</testcase>
		<testcase name="linear_outer_upper_surfaceintegrals_equal" classname="short.spherical_mappings_3d">
			<system-out>[0. 0. 0. 0. 0. 0. 0.]
spherical_mappings_3d: success.
</system-out>
		</testcase>
		<testcase name="linear_outer_middle_surfaceintegrals_equal" classname="short.spherical_mappings_3d">
			<system-out>[0. 0. 0. 0. 0. 0. 0.]
spherical_mappings_3d: success.
</system-out>
		</testcase>
		<testcase name="linear_flat_surfaceintegrals_equal" classname="short.spherical_mappings_3d">
			<system-out>[0.00000000e+00 1.33226763e-15 1.33226763e-15 1.33226763e-15
 1.33226763e-15 0.00000000e+00 0.00000000e+00]
spherical_mappings_3d: success.
</system-out>
		</testcase>
		<testcase name="linear_radius_inner_upper_surfaceintegrals_equal" classname="short.spherical_mappings_3d">
			<system-out>[0.00000000e+00 0.00000000e+00 5.55111512e-17 5.55111512e-17
 0.00000000e+00 0.00000000e+00 0.00000000e+00]
spherical_mappings_3d: success.
</system-out>
		</testcase>
		<testcase name="linear_radius_inner_middle_surfaceintegrals_equal" classname="short.spherical_mappings_3d">
			<system-out>[1.11022302e-16 1.11022302e-16 0.00000000e+00 0.00000000e+00
 1.11022302e-16 1.11022302e-16 0.00000000e+00]
spherical_mappings_3d: success.
</system-out>
		</testcase>
		<testcase name="linear_radius_outer_upper_surfaceintegrals_equal" classname="short.spherical_mappings_3d">
			<system-out>[4.4408921e-16 4.4408921e-16 4.4408921e-16 4.4408921e-16 4.4408921e-16
 4.4408921e-16 0.0000000e+00]
spherical_mappings_3d: success.
</system-out>
		</testcase>
		<testcase name="linear_radius_outer_middle_surfaceintegrals_equal" classname="short.spherical_mappings_3d">
			<system-out>[1.77635684e-15 0.00000000e+00 0.00000000e+00 0.00000000e+00
 0.00000000e+00 1.77635684e-15 0.00000000e+00]
spherical_mappings_3d: success.
</system-out>
		</testcase>
		<testcase name="linear_gradient_inner_upper_surfaceintegrals_equal" classname="short.spherical_mappings_3d">
			<system-out>[0. 0. 0. 0. 0. 0. 0.]
spherical_mappings_3d: success.
</system-out>
		</testcase>
		<testcase name="linear_gradient_inner_middle_surfaceintegrals_equal" classname="short.spherical_mappings_3d">
			<system-out>[2.22044605e-16 2.22044605e-16 3.33066907e-16 3.33066907e-16
 2.22044605e-16 2.22044605e-16 0.00000000e+00]
spherical_mappings_3d: success.
</system-out>
		</testcase>
		<testcase name="linear_gradient_outer_upper_surfaceintegrals_equal" classname="short.spherical_mappings_3d">
			<system-out>[4.4408921e-16 4.4408921e-16 0.0000000e+00 0.0000000e+00 4.4408921e-16
 4.4408921e-16 0.0000000e+00]
spherical_mappings_3d: success.
</system-out>
		</testcase>
		<testcase name="linear_gradient_outer_middle_surfaceintegrals_equal" classname="short.spherical_mappings_3d">
			<system-out>[0.0000000e+00 0.0000000e+00 0.0000000e+00 0.0000000e+00 8.8817842e-16
 0.0000000e+00 0.0000000e+00]
spherical_mappings_3d: success.
</system-out>
		</testcase>
		<testcase name="analytic_integral" classname="short.spherical_mappings_3d">
			<system-out>2.1632546027436308e-05
spherical_mappings_3d: success.
</system-out>
		</testcase>
		<testcase name="analytic_inner_upper_surfaceintegrals" classname="short.spherical_mappings_3d">
			<system-out>[0.06288089 0.06288089 0.06288089 0.06288089 0.06288089 0.06288089
 0.06288089 0.06288089]
spherical_mappings_3d: success.
</system-out>
		</testcase>
		<testcase name="analytic_inner_middle_surfaceintegrals" classname="short.spherical_mappings_3d">
			<system-out>[0.02649802 0.02649802 0.02649802 0.02649802 0.02649802 0.02649802
 0.02649802 0.02649802]
spherical_mappings_3d: success.
</system-out>
		</testcase>
		<testcase name="analytic_outer_upper_surfaceintegrals" classname="short.spherical_mappings_3d">
			<system-out>[0.06288089 0.06288089 0.06288089 0.06288089 0.06288089 0.06288089
 0.06288089 0.06288089]
spherical_mappings_3d: success.
</system-out>
		</testcase>
		<testcase name="analytic_outer_middle_surfaceintegrals" classname="short.spherical_mappings_3d">
			<system-out>[0.02649802 0.02649802 0.02649802 0.02649802 0.02649802 0.02649802
 0.02649802 0.02649802]
spherical_mappings_3d: success.
</system-out>
		</testcase>
		<testcase name="analytic_flat_surfaceintegrals" classname="short.spherical_mappings_3d">
			<system-out>[2.70996373e-05 2.70996373e-05 2.70996373e-05 2.70996373e-05
 2.70996373e-05 2.70996373e-05 2.70996373e-05 2.70996373e-05]
spherical_mappings_3d: success.
</system-out>
		</testcase>
		<testcase name="analytic_radius_inner_upper_surfaceintegrals" classname="short.spherical_mappings_3d">
			<system-out>[0.1231797 0.1231797 0.1231797 0.1231797 0.1231797 0.1231797 0.1231797
 0.1231797]
spherical_mappings_3d: success.
</system-out>
		</testcase>
		<testcase name="analytic_radius_inner_middle_surfaceintegrals" classname="short.spherical_mappings_3d">
			<system-out>[0.06901448 0.06901448 0.06901448 0.06901448 0.06901448 0.06901448
 0.06901448 0.06901448]
spherical_mappings_3d: success.
</system-out>
		</testcase>
		<testcase name="analytic_radius_outer_upper_surfaceintegrals" classname="short.spherical_mappings_3d">
			<system-out>[0.1231797 0.1231797 0.1231797 0.1231797 0.1231797 0.1231797 0.1231797
 0.1231797]
spherical_mappings_3d: success.
</system-out>
		</testcase>
		<testcase name="analytic_radius_outer_middle_surfaceintegrals" classname="short.spherical_mappings_3d">
			<system-out>[0.06901448 0.06901448 0.06901448 0.06901448 0.06901448 0.06901448
 0.06901448 0.06901448]
spherical_mappings_3d: success.
</system-out>
		</testcase>
		<testcase name="analytic_gradient_inner_upper_surfaceintegrals" classname="short.spherical_mappings_3d">
			<system-out>[0.06288089 0.06288089 0.06288089 0.06288089 0.06288089 0.06288089
 0.06288089 0.06288089]
spherical_mappings_3d: success.
</system-out>
		</testcase>
		<testcase name="analytic_gradient_inner_middle_surfaceintegrals" classname="short.spherical_mappings_3d">
			<system-out>[0.02649802 0.02649802 0.02649802 0.02649802 0.02649802 0.02649802
 0.02649802 0.02649802]
spherical_mappings_3d: success.
</system-out>
		</testcase>
		<testcase name="analytic_gradient_outer_upper_surfaceintegrals" classname="short.spherical_mappings_3d">
			<system-out>[0.06288089 0.06288089 0.06288089 0.06288089 0.06288089 0.06288089
 0.06288089 0.06288089]
spherical_mappings_3d: success.
</system-out>
		</testcase>
		<testcase name="analytic_gradient_outer_middle_surfaceintegrals" classname="short.spherical_mappings_3d">
			<system-out>[0.02649802 0.02649802 0.02649802 0.02649802 0.02649802 0.02649802
 0.02649802 0.02649802]
spherical_mappings_3d: success.
</system-out>
		</testcase>
		<testcase name="analytic_inner_upper_surfaceintegrals_equal" classname="short.spherical_mappings_3d">
			<system-out>[5.55111512e-17 5.55111512e-17 0.00000000e+00 0.00000000e+00
 5.55111512e-17 5.55111512e-17 0.00000000e+00]
spherical_mappings_3d: success.
</system-out>
		</testcase>
		<testcase name="analytic_inner_middle_surfaceintegrals_equal" classname="short.spherical_mappings_3d">
			<system-out>[2.22044605e-16 2.22044605e-16 0.00000000e+00 0.00000000e+00
 2.22044605e-16 2.22044605e-16 0.00000000e+00]
spherical_mappings_3d: success.
</system-out>
		</testcase>
		<testcase name="analytic_outer_upper_surfaceintegrals_equal" classname="short.spherical_mappings_3d">
			<system-out>[2.22044605e-16 2.22044605e-16 0.00000000e+00 0.00000000e+00
 2.22044605e-16 2.22044605e-16 0.00000000e+00]
spherical_mappings_3d: success.
</system-out>
		</testcase>
		<testcase name="analytic_outer_middle_surfaceintegrals_equal" classname="short.spherical_mappings_3d">
			<system-out>[0. 0. 0. 0. 0. 0. 0.]
spherical_mappings_3d: success.
</system-out>
		</testcase>
		<testcase name="analytic_flat_surfaceintegrals_equal" classname="short.spherical_mappings_3d">
			<system-out>[4.44089210e-16 1.77635684e-15 1.33226763e-15 1.33226763e-15
 1.77635684e-15 4.44089210e-16 0.00000000e+00]
spherical_mappings_3d: success.
</system-out>
		</testcase>
		<testcase name="analytic_radius_inner_upper_surfaceintegrals_equal" classname="short.spherical_mappings_3d">
			<system-out>[0.00000000e+00 5.55111512e-17 0.00000000e+00 0.00000000e+00
 5.55111512e-17 0.00000000e+00 0.00000000e+00]
spherical_mappings_3d: success.
</system-out>
		</testcase>
		<testcase name="analytic_radius_inner_middle_surfaceintegrals_equal" classname="short.spherical_mappings_3d">
			<system-out>[2.22044605e-16 2.22044605e-16 1.11022302e-16 1.11022302e-16
 2.22044605e-16 2.22044605e-16 0.00000000e+00]
spherical_mappings_3d: success.
</system-out>
		</testcase>
		<testcase name="analytic_radius_outer_upper_surfaceintegrals_equal" classname="short.spherical_mappings_3d">
			<system-out>[4.4408921e-16 8.8817842e-16 0.0000000e+00 0.0000000e+00 8.8817842e-16
 4.4408921e-16 0.0000000e+00]
spherical_mappings_3d: success.
</system-out>
		</testcase>
		<testcase name="analytic_radius_outer_middle_surfaceintegrals_equal" classname="short.spherical_mappings_3d">
			<system-out>[0.00000000e+00 0.00000000e+00 1.77635684e-15 1.77635684e-15
 0.00000000e+00 0.00000000e+00 0.00000000e+00]
spherical_mappings_3d: success.
</system-out>
		</testcase>
		<testcase name="analytic_gradient_inner_upper_surfaceintegrals_equal" classname="short.spherical_mappings_3d">
			<system-out>[1.66533454e-16 5.55111512e-17 0.00000000e+00 0.00000000e+00
 5.55111512e-17 1.66533454e-16 0.00000000e+00]
spherical_mappings_3d: success.
</system-out>
		</testcase>
		<testcase name="analytic_gradient_inner_middle_surfaceintegrals_equal" classname="short.spherical_mappings_3d">
			<system-out>[2.22044605e-16 2.22044605e-16 1.11022302e-16 1.11022302e-16
 2.22044605e-16 2.22044605e-16 0.00000000e+00]
spherical_mappings_3d: success.
</system-out>
		</testcase>
		<testcase name="analytic_gradient_outer_upper_surfaceintegrals_equal" classname="short.spherical_mappings_3d">
			<system-out>[6.66133815e-16 2.22044605e-16 2.22044605e-16 2.22044605e-16
 2.22044605e-16 6.66133815e-16 0.00000000e+00]
spherical_mappings_3d: success.
</system-out>
		</testcase>
		<testcase name="analytic_gradient_outer_middle_surfaceintegrals_equal" classname="short.spherical_mappings_3d">
			<system-out>[0. 0. 0. 0. 0. 0. 0.]
spherical_mappings_3d: success.
</system-out>
		</testcase>
		<testcase name="super_integral" classname="short.spherical_mappings_3d">
			<system-out>0.0072608768052351835
spherical_mappings_3d: success.
</system-out>
		</testcase>
		<testcase name="super_inner_upper_surfaceintegrals" classname="short.spherical_mappings_3d">
			<system-out>[0.06553547 0.06553547 0.06553547 0.06553547 0.06553547 0.06553547
 0.06553547 0.06553547]
spherical_mappings_3d: success.
</system-out>
		</testcase>
		<testcase name="super_inner_middle_surfaceintegrals" classname="short.spherical_mappings_3d">
			<system-out>[0.02066608 0.02066608 0.02066608 0.02066608 0.02066608 0.02066608
 0.02066608 0.02066608]
spherical_mappings_3d: success.
</system-out>
		</testcase>
		<testcase name="super_outer_upper_surfaceintegrals" classname="short.spherical_mappings_3d">
			<system-out>[0.06553547 0.06553547 0.06553547 0.06553547 0.06553547 0.06553547
 0.06553547 0.06553547]
spherical_mappings_3d: success.
</system-out>
		</testcase>
		<testcase name="super_outer_middle_surfaceintegrals" classname="short.spherical_mappings_3d">
			<system-out>[0.02066608 0.02066608 0.02066608 0.02066608 0.02066608 0.02066608
 0.02066608 0.02066608]
spherical_mappings_3d: success.
</system-out>
		</testcase>
		<testcase name="super_flat_surfaceintegrals" classname="short.spherical_mappings_3d">
			<system-out>[0.00077829 0.00077829 0.00077829 0.00077829 0.00077829 0.00077829
 0.00077829 0.00077829]
spherical_mappings_3d: success.
</system-out>
		</testcase>
		<testcase name="super_radius_inner_upper_surfaceintegrals" classname="short.spherical_mappings_3d">
			<system-out>[0.06553547 0.06553547 0.06553547 0.06553547 0.06553547 0.06553547
 0.06553547 0.06553547]
spherical_mappings_3d: success.
</system-out>
		</testcase>
		<testcase name="super_radius_inner_middle_surfaceintegrals" classname="short.spherical_mappings_3d">
			<system-out>[0.02066608 0.02066608 0.02066608 0.02066608 0.02066608 0.02066608
 0.02066608 0.02066608]
spherical_mappings_3d: success.
</system-out>
		</testcase>
		<testcase name="super_radius_outer_upper_surfaceintegrals" classname="short.spherical_mappings_3d">
			<system-out>[0.06553547 0.06553547 0.06553547 0.06553547 0.06553547 0.06553547
 0.06553547 0.06553547]
spherical_mappings_3d: success.
</system-out>
		</testcase>
		<testcase name="super_radius_outer_middle_surfaceintegrals" classname="short.spherical_mappings_3d">
			<system-out>[0.02066608 0.02066608 0.02066608 0.02066608 0.02066608 0.02066608
 0.02066608 0.02066608]
spherical_mappings_3d: success.
</system-out>
		</testcase>
		<testcase name="super_gradient_inner_upper_surfaceintegrals" classname="short.spherical_mappings_3d">
			<system-out>[0.01864452 0.01864452 0.01864452 0.01864452 0.01864452 0.01864452
 0.01864452 0.01864452]
spherical_mappings_3d: success.
</system-out>
		</testcase>
		<testcase name="super_gradient_inner_middle_surfaceintegrals" classname="short.spherical_mappings_3d">
			<system-out>[0.15030503 0.06752406 0.06752406 0.15030503 0.15030503 0.06752406
 0.06752406 0.15030503]
spherical_mappings_3d: success.
</system-out>
		</testcase>
		<testcase name="super_gradient_outer_upper_surfaceintegrals" classname="short.spherical_mappings_3d">
			<system-out>[0.07971758 0.07971758 0.07971758 0.07971758 0.07971758 0.07971758
 0.07971758 0.07971758]
spherical_mappings_3d: success.
</system-out>
		</testcase>
		<testcase name="super_gradient_outer_middle_surfaceintegrals" classname="short.spherical_mappings_3d">
			<system-out>[0.01104903 0.02236009 0.01440047 0.01104903 0.01104903 0.02236009
 0.01440047 0.01104903]
spherical_mappings_3d: success.
</system-out>
		</testcase>
		<testcase name="super_inner_upper_surfaceintegrals_equal" classname="short.spherical_mappings_3d">
			<system-out>[5.55111512e-17 1.11022302e-16 0.00000000e+00 0.00000000e+00
 1.11022302e-16 5.55111512e-17 0.00000000e+00]
spherical_mappings_3d: success.
</system-out>
		</testcase>
		<testcase name="super_inner_middle_surfaceintegrals_equal" classname="short.spherical_mappings_3d">
			<system-out>[3.33066907e-16 2.22044605e-16 1.11022302e-16 1.11022302e-16
 2.22044605e-16 3.33066907e-16 0.00000000e+00]
spherical_mappings_3d: success.
</system-out>
		</testcase>
		<testcase name="super_outer_upper_surfaceintegrals_equal" classname="short.spherical_mappings_3d">
			<system-out>[0. 0. 0. 0. 0. 0. 0.]
spherical_mappings_3d: success.
</system-out>
		</testcase>
		<testcase name="super_outer_middle_surfaceintegrals_equal" classname="short.spherical_mappings_3d">
			<system-out>[8.8817842e-16 8.8817842e-16 8.8817842e-16 8.8817842e-16 0.0000000e+00
 8.8817842e-16 0.0000000e+00]
spherical_mappings_3d: success.
</system-out>
		</testcase>
		<testcase name="super_flat_surfaceintegrals_equal" classname="short.spherical_mappings_3d">
			<system-out>[4.44089210e-16 1.77635684e-15 1.33226763e-15 1.33226763e-15
 1.77635684e-15 4.44089210e-16 0.00000000e+00]
spherical_mappings_3d: success.
</system-out>
		</testcase>
		<testcase name="super_radius_inner_upper_surfaceintegrals_equal" classname="short.spherical_mappings_3d">
			<system-out>[0.00000000e+00 5.55111512e-17 0.00000000e+00 0.00000000e+00
 5.55111512e-17 0.00000000e+00 0.00000000e+00]
spherical_mappings_3d: success.
</system-out>
		</testcase>
		<testcase name="super_radius_inner_middle_surfaceintegrals_equal" classname="short.spherical_mappings_3d">
			<system-out>[4.44089210e-16 6.66133815e-16 2.22044605e-16 2.22044605e-16
 6.66133815e-16 4.44089210e-16 0.00000000e+00]
spherical_mappings_3d: success.
</system-out>
		</testcase>
		<testcase name="super_radius_outer_upper_surfaceintegrals_equal" classname="short.spherical_mappings_3d">
			<system-out>[8.8817842e-16 8.8817842e-16 8.8817842e-16 8.8817842e-16 8.8817842e-16
 8.8817842e-16 0.0000000e+00]
spherical_mappings_3d: success.
</system-out>
		</testcase>
		<testcase name="super_radius_outer_middle_surfaceintegrals_equal" classname="short.spherical_mappings_3d">
			<system-out>[0.00000000e+00 0.00000000e+00 1.77635684e-15 1.77635684e-15
 1.77635684e-15 1.77635684e-15 0.00000000e+00]
spherical_mappings_3d: success.
</system-out>
		</testcase>
		<testcase name="super_analytic_integral" classname="short.spherical_mappings_3d">
			<system-out>0.00011294039898548143
spherical_mappings_3d: success.
</system-out>
		</testcase>
		<testcase name="super_analytic_inner_upper_surfaceintegrals" classname="short.spherical_mappings_3d">
			<system-out>[0.06297391 0.06297391 0.06297391 0.06297391 0.06297391 0.06297391
 0.06297391 0.06297391]
spherical_mappings_3d: success.
</system-out>
		</testcase>
		<testcase name="super_analytic_inner_middle_surfaceintegrals" classname="short.spherical_mappings_3d">
			<system-out>[0.02611126 0.02611126 0.02611126 0.02611126 0.02611126 0.02611126
 0.02611126 0.02611126]
spherical_mappings_3d: success.
</system-out>
		</testcase>
		<testcase name="super_analytic_outer_upper_surfaceintegrals" classname="short.spherical_mappings_3d">
			<system-out>[0.06297391 0.06297391 0.06297391 0.06297391 0.06297391 0.06297391
 0.06297391 0.06297391]
spherical_mappings_3d: success.
</system-out>
		</testcase>
		<testcase name="super_analytic_outer_middle_surfaceintegrals" classname="short.spherical_mappings_3d">
			<system-out>[0.02611126 0.02611126 0.02611126 0.02611126 0.02611126 0.02611126
 0.02611126 0.02611126]
spherical_mappings_3d: success.
</system-out>
		</testcase>
		<testcase name="super_analytic_flat_surfaceintegrals" classname="short.spherical_mappings_3d">
			<system-out>[9.80188016e-05 9.80188016e-05 9.80188016e-05 9.80188016e-05
 9.80188016e-05 9.80188016e-05 9.80188016e-05 9.80188016e-05]
spherical_mappings_3d: success.
</system-out>
		</testcase>
		<testcase name="super_analytic_radius_inner_upper_surfaceintegrals" classname="short.spherical_mappings_3d">
			<system-out>[0.06297391 0.06297391 0.06297391 0.06297391 0.06297391 0.06297391
 0.06297391 0.06297391]
spherical_mappings_3d: success.
</system-out>
		</testcase>
		<testcase name="super_analytic_radius_inner_middle_surfaceintegrals" classname="short.spherical_mappings_3d">
			<system-out>[0.02611126 0.02611126 0.02611126 0.02611126 0.02611126 0.02611126
 0.02611126 0.02611126]
spherical_mappings_3d: success.
</system-out>
		</testcase>
		<testcase name="super_analytic_radius_outer_upper_surfaceintegrals" classname="short.spherical_mappings_3d">
			<system-out>[0.06297391 0.06297391 0.06297391 0.06297391 0.06297391 0.06297391
 0.06297391 0.06297391]
spherical_mappings_3d: success.
</system-out>
		</testcase>
		<testcase name="super_analytic_radius_outer_middle_surfaceintegrals" classname="short.spherical_mappings_3d">
			<system-out>[0.02611126 0.02611126 0.02611126 0.02611126 0.02611126 0.02611126
 0.02611126 0.02611126]
spherical_mappings_3d: success.
</system-out>
		</testcase>
		<testcase name="super_analytic_gradient_inner_upper_surfaceintegrals" classname="short.spherical_mappings_3d">
			<system-out>[0.06297391 0.06297391 0.06297391 0.06297391 0.06297391 0.06297391
 0.06297391 0.06297391]
spherical_mappings_3d: success.
</system-out>
		</testcase>
		<testcase name="super_analytic_gradient_inner_middle_surfaceintegrals" classname="short.spherical_mappings_3d">
			<system-out>[0.02611126 0.02611126 0.02611126 0.02611126 0.02611126 0.02611126
 0.02611126 0.02611126]
spherical_mappings_3d: success.
</system-out>
		</testcase>
		<testcase name="super_analytic_gradient_outer_upper_surfaceintegrals" classname="short.spherical_mappings_3d">
			<system-out>[0.06297391 0.06297391 0.06297391 0.06297391 0.06297391 0.06297391
 0.06297391 0.06297391]
spherical_mappings_3d: success.
</system-out>
		</testcase>
		<testcase name="super_analytic_gradient_outer_middle_surfaceintegrals" classname="short.spherical_mappings_3d">
			<system-out>[0.02611126 0.02611126 0.02611126 0.02611126 0.02611126 0.02611126
 0.02611126 0.02611126]
spherical_mappings_3d: success.
</system-out>
		</testcase>
		<testcase name="super_analytic_inner_upper_surfaceintegrals_equal" classname="short.spherical_mappings_3d">
			<system-out>[5.55111512e-17 5.55111512e-17 5.55111512e-17 5.55111512e-17
 5.55111512e-17 5.55111512e-17 0.00000000e+00]
spherical_mappings_3d: success.
</system-out>
		</testcase>
		<testcase name="super_analytic_inner_middle_surfaceintegrals_equal" classname="short.spherical_mappings_3d">
			<system-out>[4.44089210e-16 4.44089210e-16 2.22044605e-16 2.22044605e-16
 4.44089210e-16 4.44089210e-16 0.00000000e+00]
spherical_mappings_3d: success.
</system-out>
		</testcase>
		<testcase name="super_analytic_outer_upper_surfaceintegrals_equal" classname="short.spherical_mappings_3d">
			<system-out>[0.00000000e+00 0.00000000e+00 2.22044605e-16 2.22044605e-16
 0.00000000e+00 0.00000000e+00 0.00000000e+00]
spherical_mappings_3d: success.
</system-out>
		</testcase>
		<testcase name="super_analytic_outer_middle_surfaceintegrals_equal" classname="short.spherical_mappings_3d">
			<system-out>[0. 0. 0. 0. 0. 0. 0.]
spherical_mappings_3d: success.
</system-out>
		</testcase>
		<testcase name="super_analytic_flat_surfaceintegrals_equal" classname="short.spherical_mappings_3d">
			<system-out>[4.44089210e-16 1.33226763e-15 1.77635684e-15 1.77635684e-15
 1.33226763e-15 4.44089210e-16 0.00000000e+00]
spherical_mappings_3d: success.
</system-out>
		</testcase>
		<testcase name="super_analytic_radius_inner_upper_surfaceintegrals_equal" classname="short.spherical_mappings_3d">
			<system-out>[1.11022302e-16 1.66533454e-16 5.55111512e-17 5.55111512e-17
 1.66533454e-16 1.11022302e-16 0.00000000e+00]
spherical_mappings_3d: success.
</system-out>
		</testcase>
		<testcase name="super_analytic_radius_inner_middle_surfaceintegrals_equal" classname="short.spherical_mappings_3d">
			<system-out>[5.55111512e-16 6.66133815e-16 2.22044605e-16 2.22044605e-16
 6.66133815e-16 5.55111512e-16 0.00000000e+00]
spherical_mappings_3d: success.
</system-out>
		</testcase>
		<testcase name="super_analytic_radius_outer_upper_surfaceintegrals_equal" classname="short.spherical_mappings_3d">
			<system-out>[8.88178420e-16 1.77635684e-15 8.88178420e-16 8.88178420e-16
 1.77635684e-15 8.88178420e-16 0.00000000e+00]
spherical_mappings_3d: success.
</system-out>
		</testcase>
		<testcase name="super_analytic_radius_outer_middle_surfaceintegrals_equal" classname="short.spherical_mappings_3d">
			<system-out>[1.77635684e-15 1.77635684e-15 1.77635684e-15 1.77635684e-15
 0.00000000e+00 0.00000000e+00 0.00000000e+00]
spherical_mappings_3d: success.
</system-out>
		</testcase>
		<testcase name="super_analytic_gradient_inner_upper_surfaceintegrals_equal" classname="short.spherical_mappings_3d">
			<system-out>[1.66533454e-16 1.66533454e-16 0.00000000e+00 0.00000000e+00
 1.66533454e-16 1.66533454e-16 0.00000000e+00]
spherical_mappings_3d: success.
</system-out>
		</testcase>
		<testcase name="super_analytic_gradient_inner_middle_surfaceintegrals_equal" classname="short.spherical_mappings_3d">
			<system-out>[1.33226763e-15 1.44328993e-15 1.11022302e-16 1.11022302e-16
 1.44328993e-15 1.33226763e-15 0.00000000e+00]
spherical_mappings_3d: success.
</system-out>
		</testcase>
		<testcase name="super_analytic_gradient_outer_upper_surfaceintegrals_equal" classname="short.spherical_mappings_3d">
			<system-out>[2.22044605e-16 4.44089210e-16 4.44089210e-16 4.44089210e-16
 4.44089210e-16 2.22044605e-16 0.00000000e+00]
spherical_mappings_3d: success.
</system-out>
		</testcase>
		<testcase name="super_analytic_gradient_outer_middle_surfaceintegrals_equal" classname="short.spherical_mappings_3d">
			<system-out>[2.66453526e-15 1.77635684e-15 8.88178420e-16 8.88178420e-16
 3.55271368e-15 2.66453526e-15 0.00000000e+00]
spherical_mappings_3d: success.
</system-out>
		</testcase>
		<testcase name="Balance Pressure" time="7.546469" classname="short.balance-pressure"/>
		<testcase name="Solvers converged" classname="short.balance-pressure">
			<system-out>balance-pressure: success.
</system-out>
		</testcase>
		<testcase name="Simulation completed" classname="short.balance-pressure">
			<system-out>Asserting relative error is smaller than 1e-06
relative error: 0.0
balance-pressure: success.
</system-out>
		</testcase>
		<testcase name="Hydrostatic balance" classname="short.balance-pressure">
			<system-out>2.131444761280048e-13
balance-pressure: success.
</system-out>
		</testcase>
		<testcase name="Periodic 2+1 parallel" time="3.815068" classname="short.periodic_2plus1_parallel"/>
		<testcase name="completion" classname="short.periodic_2plus1_parallel">
			<system-out>periodic_2plus1_parallel: success.
</system-out>
		</testcase>
		<testcase name="references" classname="short.periodic_2plus1_parallel">
			<system-out>periodic_2plus1_parallel: success.
</system-out>
		</testcase>
		<testcase name="consistent_max" classname="short.periodic_2plus1_parallel">
			<system-out>Asserting relative error is smaller than 1e-10
relative error: 0.0
periodic_2plus1_parallel: success.
</system-out>
		</testcase>
		<testcase name="Prescribed adaptivity with various meshes" time="11.321176" classname="short.galerkin_projection_meshes"/>
		<testcase name="Solvers converged" classname="short.galerkin_projection_meshes">
			<system-out>galerkin_projection_meshes: success.
</system-out>
		</testcase>
		<testcase name="Simulation completed" classname="short.galerkin_projection_meshes">
			<system-out>galerkin_projection_meshes: success.
</system-out>
		</testcase>
		<testcase name="Mesh adaptivity" classname="short.galerkin_projection_meshes">
			<system-out>galerkin_projection_meshes: success.
</system-out>
		</testcase>
		<testcase name="Conservative projection" classname="short.galerkin_projection_meshes">
			<system-out>Asserting max relative error is smaller than 1e-10
max relative error: 3.434841664375538e-15; index: 7
Asserting max relative error is smaller than 1e-10
max relative error: 9.324819815999926e-15; index: 7
Asserting max relative error is smaller than 1e-10
max relative error: 1.2862011373458308e-14; index: 5
Asserting max relative error is smaller than 1e-10
max relative error: 1.5097274062379927e-11; index: 8
Asserting max relative error is smaller than 1e-10
max relative error: 5.4024615170042756e-12; index: 6
Asserting max relative error is smaller than 1e-10
max relative error: 2.3992315457958366e-11; index: 8
galerkin_projection_meshes: success.
</system-out>
		</testcase>
		<testcase name="inlet_velocity_bc_incompressible" time="9.263015" classname="short.inlet_velocity_bc_incompressible"/>
		<testcase name="Gas::Velocity is 300 m/s everywhere" classname="short.inlet_velocity_bc_incompressible">
			<system-out>inlet_velocity_bc_incompressible: success.
</system-out>
		</testcase>
		<testcase name="Solvers converged" classname="short.inlet_velocity_bc_incompressible">
			<system-out>inlet_velocity_bc_incompressible: success.
</system-out>
		</testcase>
		<testcase name="cdisk_2d_dg" time="2.059246" classname="short.cdisk_2d_dg"/>
		<testcase name="Tracer is conserved" classname="short.cdisk_2d_dg">
			<system-out>cdisk_2d_dg: success.
</system-out>
		</testcase>
		<testcase name="Radius of barycentre is constant" classname="short.cdisk_2d_dg">
			<system-out>cdisk_2d_dg: success.
</system-out>
		</testcase>
		<testcase name="Barycentre travelled right amount" classname="short.cdisk_2d_dg">
			<system-out>cdisk_2d_dg: success.
</system-out>
		</testcase>
		<testcase name="Solvers converged" classname="short.cdisk_2d_dg">
			<system-out>cdisk_2d_dg: success.
</system-out>
		</testcase>
		<testcase name="buoyancy_adjustment_two_element_generic_linear_eos" time="0.732419" classname="short.buoyancy_adjustment_dg_two_element_generic_linear_eos"/>
		<testcase name="final_stratification_min_max_in_bounds" classname="short.buoyancy_adjustment_dg_two_element_generic_linear_eos">
			<system-out>buoyancy_adjustment_dg_two_element_generic_linear_eos: success.
</system-out>
		</testcase>
		<testcase name="final_stratification_min_max_correct_side_of_centre" classname="short.buoyancy_adjustment_dg_two_element_generic_linear_eos">
			<system-out>buoyancy_adjustment_dg_two_element_generic_linear_eos: success.
</system-out>
		</testcase>
		<testcase name="final_stratification_min_max_equally_perturbed" classname="short.buoyancy_adjustment_dg_two_element_generic_linear_eos">
			<system-out>buoyancy_adjustment_dg_two_element_generic_linear_eos: success.
</system-out>
		</testcase>
		<testcase name="solvers_converged" classname="short.buoyancy_adjustment_dg_two_element_generic_linear_eos">
			<system-out>buoyancy_adjustment_dg_two_element_generic_linear_eos: success.
</system-out>
		</testcase>
		<testcase name="shelf_meshtransform_freesurfaceinitialcondition" time="0.769586" classname="short.shelf_meshtransform_freesurfaceinitialcondition"/>
		<testcase name="Solvers converged" classname="short.shelf_meshtransform_freesurfaceinitialcondition">
			<system-out>shelf_meshtransform_freesurfaceinitialcondition: success.
</system-out>
		</testcase>
		<testcase name="mesh_geometry_in_bound_x_lower" classname="short.shelf_meshtransform_freesurfaceinitialcondition">
			<system-out>shelf_meshtransform_freesurfaceinitialcondition: success.
</system-out>
		</testcase>
		<testcase name="mesh_geometry_in_bound_x_upper" classname="short.shelf_meshtransform_freesurfaceinitialcondition">
			<system-out>shelf_meshtransform_freesurfaceinitialcondition: success.
</system-out>
		</testcase>
		<testcase name="mesh_geometry_in_bound_y_lower" classname="short.shelf_meshtransform_freesurfaceinitialcondition">
			<system-out>shelf_meshtransform_freesurfaceinitialcondition: success.
</system-out>
		</testcase>
		<testcase name="mesh_geometry_in_bound_y_upper" classname="short.shelf_meshtransform_freesurfaceinitialcondition">
			<system-out>shelf_meshtransform_freesurfaceinitialcondition: success.
</system-out>
		</testcase>
		<testcase name="surface_node_in_bound_mesh_transform" classname="short.shelf_meshtransform_freesurfaceinitialcondition">
			<system-out>shelf_meshtransform_freesurfaceinitialcondition: success.
</system-out>
		</testcase>
		<testcase name="surface_node_in_bound_freesurface_initial_condition" classname="short.shelf_meshtransform_freesurfaceinitialcondition">
			<system-out>shelf_meshtransform_freesurfaceinitialcondition: success.
</system-out>
		</testcase>
		<testcase name="surface_node_number_check_within_bound" classname="short.shelf_meshtransform_freesurfaceinitialcondition">
			<system-out>shelf_meshtransform_freesurfaceinitialcondition: success.
</system-out>
		</testcase>
		<testcase name="lotka_volterra" time="11.645121" classname="short.lotka_volterra_0d"/>
		<testcase name="Solvers converged" classname="short.lotka_volterra_0d">
			<system-out>lotka_volterra_0d: success.
</system-out>
		</testcase>
		<testcase name="maximum zooplankton is 20" classname="short.lotka_volterra_0d">
			<system-out>lotka_volterra_0d: success.
</system-out>
		</testcase>
		<testcase name="maximum phytoplankton is 20" classname="short.lotka_volterra_0d">
			<system-out>lotka_volterra_0d: success.
</system-out>
		</testcase>
		<testcase name="Testing of particle attribute arrays" time="3.989302" classname="short.particle_attribute_array"/>
		<testcase name="Maxarrayerror1" classname="short.particle_attribute_array">
			<system-out>particle_attribute_array: success.
</system-out>
		</testcase>
		<testcase name="Maxarrayerror2" classname="short.particle_attribute_array">
			<system-out>particle_attribute_array: success.
</system-out>
		</testcase>
		<testcase name="Maxarrayerror3" classname="short.particle_attribute_array">
			<system-out>particle_attribute_array: success.
</system-out>
		</testcase>
		<testcase name="Maxarrayerror4" classname="short.particle_attribute_array">
			<system-out>particle_attribute_array: success.
</system-out>
		</testcase>
		<testcase name="Maxarrayerror5" classname="short.particle_attribute_array">
			<system-out>particle_attribute_array: success.
</system-out>
		</testcase>
		<testcase name="Maxarrayerror6" classname="short.particle_attribute_array">
			<system-out>particle_attribute_array: success.
</system-out>
		</testcase>
		<testcase name="Static detectors in a moving mesh" time="0.713228" classname="short.detectors_mesh_movement"/>
		<testcase name="Solvers converged" classname="short.detectors_mesh_movement">
			<system-out>detectors_mesh_movement: success.
</system-out>
		</testcase>
		<testcase name="D1 final position" classname="short.detectors_mesh_movement">
			<system-out>detectors_mesh_movement: success.
</system-out>
		</testcase>
		<testcase name="D2 final position" classname="short.detectors_mesh_movement">
			<system-out>detectors_mesh_movement: success.
</system-out>
		</testcase>
		<testcase name="D3 final position" classname="short.detectors_mesh_movement">
			<system-out>detectors_mesh_movement: success.
</system-out>
		</testcase>
		<testcase name="tracer at D1" classname="short.detectors_mesh_movement">
			<system-out>detectors_mesh_movement: success.
</system-out>
		</testcase>
		<testcase name="tracer at D2" classname="short.detectors_mesh_movement">
			<system-out>detectors_mesh_movement: success.
</system-out>
		</testcase>
		<testcase name="tracer at D3" classname="short.detectors_mesh_movement">
			<system-out>detectors_mesh_movement: success.
</system-out>
		</testcase>
		<testcase name="SU stabilisation test" time="2.898073" classname="short.su_stabilisation"/>
		<testcase name="Simulation completed" classname="short.su_stabilisation">
			<system-out>Asserting relative error is smaller than 1e-06
relative error: 0.0
su_stabilisation: success.
</system-out>
		</testcase>
		<testcase name="Solvers converged" classname="short.su_stabilisation">
			<system-out>su_stabilisation: success.
</system-out>
		</testcase>
		<testcase name="Bounded (5%)" classname="short.su_stabilisation">
			<system-out>Min T =  -0.02718373966900043
Max T =  1.0271833131749746
su_stabilisation: success.
</system-out>
		</testcase>
		<testcase name="Conservative" classname="short.su_stabilisation">
			<system-out>Asserting max relative error is smaller than 1e-10
max relative error: 4.152123089812863e-12; index: 79
su_stabilisation: success.
</system-out>
		</testcase>
		<testcase name="Advected velocity" classname="short.su_stabilisation">
			<system-out>Initial mean x =  0.1374999999999839
Final mean x =  0.3875333860417044
Mean velocity =  0.0031649795701483604
Asserting relative error is smaller than 0.02
relative error: 0.012631857256028415
su_stabilisation: success.
</system-out>
		</testcase>
		<testcase name="Standard deviation" classname="short.su_stabilisation">
			<system-out>Initial mean x =  0.1374999999999839
Final mean x =  0.3875333860417044
Initial standard deviation =  0.07180703308172116
Final standard deviation =  0.10685174824438115
Asserting relative error is smaller than 0.5
relative error: 0.48804014953210473
su_stabilisation: success.
</system-out>
		</testcase>
		<testcase name="Matches Pe = 1 solution" classname="short.su_stabilisation">
			<system-out>[2.65236697e-08 7.46620970e-08 1.78148429e-07 3.65532396e-07
 6.50135338e-07 1.00505149e-06 1.34611924e-06 1.54284059e-06
 1.46578377e-06 1.05297794e-06 3.55522529e-07 4.73374251e-07
 1.24691637e-06 1.82957522e-06 2.18225223e-06 2.33988451e-06
 2.34479492e-06 2.19260606e-06 1.83581085e-06 1.24207631e-06
 4.58747496e-07 3.71412461e-07 1.06092495e-06 1.46239352e-06
 1.53194623e-06 1.33486768e-06 9.98666781e-07 6.49462754e-07
 3.68211252e-07 1.81302476e-07 7.67012975e-08 2.72996928e-08
 7.84299223e-09 1.64929993e-09 1.70659471e-10 3.46703211e-11
 8.89064614e-12 3.02724318e-10 1.81582479e-09 7.79589846e-09
 2.65236697e-08]
2.344794916453452e-06
su_stabilisation: success.
</system-out>
		</testcase>
		<testcase name="Control volume, multi-material flow test" time="1.552681" classname="short.explicit-hyperc-tets-gmsh"/>
		<testcase name="Solvers converged" classname="short.explicit-hyperc-tets-gmsh">
			<system-out>explicit-hyperc-tets-gmsh: success.
</system-out>
		</testcase>
		<testcase name="check minimum volume fraction is 0.0" classname="short.explicit-hyperc-tets-gmsh">
			<system-out>explicit-hyperc-tets-gmsh: success.
</system-out>
		</testcase>
		<testcase name="check maximum volume fraction is 1.0" classname="short.explicit-hyperc-tets-gmsh">
			<system-out>explicit-hyperc-tets-gmsh: success.
</system-out>
		</testcase>
		<testcase name="check volume fraction in front of front is 0.0 (relaxed for simplex elements)" classname="short.explicit-hyperc-tets-gmsh">
			<system-out>explicit-hyperc-tets-gmsh: success.
</system-out>
		</testcase>
		<testcase name="check volume fraction behind front is 1.0 (relaxed for simplex elements)" classname="short.explicit-hyperc-tets-gmsh">
			<system-out>explicit-hyperc-tets-gmsh: success.
</system-out>
		</testcase>
		<testcase name="check initial minimum volume fraction is 0.0" classname="short.explicit-hyperc-tets-gmsh">
			<system-out>explicit-hyperc-tets-gmsh: success.
</system-out>
		</testcase>
		<testcase name="check initial maximum volume fraction is 1.0" classname="short.explicit-hyperc-tets-gmsh">
			<system-out>explicit-hyperc-tets-gmsh: success.
</system-out>
		</testcase>
		<testcase name="check maximum speed is 1.0" classname="short.explicit-hyperc-tets-gmsh">
			<system-out>explicit-hyperc-tets-gmsh: success.
</system-out>
		</testcase>
		<testcase name="check maximum cv cfl" classname="short.explicit-hyperc-tets-gmsh">
			<system-out>explicit-hyperc-tets-gmsh: success.
</system-out>
		</testcase>
		<testcase name="check minimum cv cfl (lower bound)" classname="short.explicit-hyperc-tets-gmsh">
			<system-out>explicit-hyperc-tets-gmsh: success.
</system-out>
		</testcase>
		<testcase name="check minimum cv cfl (upper bound)" classname="short.explicit-hyperc-tets-gmsh">
			<system-out>explicit-hyperc-tets-gmsh: success.
</system-out>
		</testcase>
		<testcase name="check difference is zero to checkpointed run" classname="short.explicit-hyperc-tets-gmsh">
			<system-out>explicit-hyperc-tets-gmsh: success.
</system-out>
		</testcase>
		<testcase name="Advected top hat (DG)" time="1.552085" classname="short.top_hat_dg"/>
		<testcase name="Simulation completed" classname="short.top_hat_dg">
			<system-out>Asserting relative error is smaller than 1e-06
relative error: 0.0
top_hat_dg: success.
</system-out>
		</testcase>
		<testcase name="Solvers converged" classname="short.top_hat_dg">
			<system-out>top_hat_dg: success.
</system-out>
		</testcase>
		<testcase name="Bounded (20%)" classname="short.top_hat_dg">
			<system-out>Min T =  -0.18014495429141705
Max T =  1.1801449663180932
top_hat_dg: success.
</system-out>
		</testcase>
		<testcase name="Conservative" classname="short.top_hat_dg">
			<system-out>Asserting max relative error is smaller than 1e-10
max relative error: 8.881784197001244e-16; index: 43
top_hat_dg: success.
</system-out>
		</testcase>
		<testcase name="Advected velocity" classname="short.top_hat_dg">
			<system-out>Initial mean x =  0.125
Final mean x =  0.375000000004146
Mean velocity =  0.003164556962077798
Asserting relative error is smaller than 0.02
relative error: 0.012500000016376769
top_hat_dg: success.
</system-out>
		</testcase>
		<testcase name="Standard deviation" classname="short.top_hat_dg">
			<system-out>Initial mean x =  0.125
Final mean x =  0.375000000004146
Initial standard deviation =  0.07288689868556628
Final standard deviation =  0.07144345083988282
Asserting relative error is smaller than 0.03
relative error: 0.01980394106093718
top_hat_dg: success.
</system-out>
		</testcase>
		<testcase name="Pure diffusion annulus test" time="9.446967" classname="short.annulus-diffusive"/>
		<testcase name="SolversConverged" classname="short.annulus-diffusive">
			<system-out>annulus-diffusive: success.
</system-out>
		</testcase>
		<testcase name="FinalInnerWallNu" classname="short.annulus-diffusive">
			<system-out>-0.9909893490004061
Asserting relative error is smaller than 0.01
relative error: 0.009092581074340253
annulus-diffusive: success.
</system-out>
		</testcase>
		<testcase name="FinalOuterWallNu" classname="short.annulus-diffusive">
			<system-out>1.004603001324942
Asserting relative error is smaller than 0.01
relative error: 0.004581910783534692
annulus-diffusive: success.
</system-out>
		</testcase>
		<testcase name="Steady" classname="short.annulus-diffusive">
			<system-out>3.79363207514416e-13
3.79363207514416e-13
annulus-diffusive: success.
</system-out>
		</testcase>
		<testcase name="heat_2d_dg" time="1.425276" classname="short.heat_2d_dg_ip"/>
		<testcase name="Solvers converged" classname="short.heat_2d_dg_ip">
			<system-out>heat_2d_dg_ip: success.
</system-out>
		</testcase>
		<testcase name="tracer integral is 1.0" classname="short.heat_2d_dg_ip">
			<system-out>heat_2d_dg_ip: success.
</system-out>
		</testcase>
		<testcase name="Testing of particle deleting in serial" time="11.539110" classname="short.particle_deleting"/>
		<testcase name="Maxparticlecheck" classname="short.particle_deleting">
			<system-out>particle_deleting: success.
</system-out>
		</testcase>
		<testcase name="add_src_directly_1d_2grp_hom_zerobc_eig_fv" time="17.091792" classname="short.add_src_directly_1d_2grp_hom_zerobc_eig_fv"/>
		<testcase name="Check Eigenvalue_A against PANTHER reference with tolerance 2.0e-02" classname="short.add_src_directly_1d_2grp_hom_zerobc_eig_fv">
			<system-out>Relative error compared to reference:  0.01976537067355566
add_src_directly_1d_2grp_hom_zerobc_eig_fv: success.
</system-out>
		</testcase>
		<testcase name="Check Eigenvalue_B against PANTHER reference with tolerance 1.2e-02" classname="short.add_src_directly_1d_2grp_hom_zerobc_eig_fv">
			<system-out>Relative error compared to reference:  0.011659911085469599
add_src_directly_1d_2grp_hom_zerobc_eig_fv: success.
</system-out>
		</testcase>
		<testcase name="Check Eigenvalue_C against PANTHER reference with tolerance 3.85e-03" classname="short.add_src_directly_1d_2grp_hom_zerobc_eig_fv">
			<system-out>Relative error compared to reference:  0.003798627064939941
add_src_directly_1d_2grp_hom_zerobc_eig_fv: success.
</system-out>
		</testcase>
		<testcase name="Check Eigenvalue_D against PANTHER reference with tolerance 1.9e-03" classname="short.add_src_directly_1d_2grp_hom_zerobc_eig_fv">
			<system-out>Relative error compared to reference:  0.0018977943154802057
add_src_directly_1d_2grp_hom_zerobc_eig_fv: success.
</system-out>
		</testcase>
		<testcase name="Check Eigenvalue_A against fine mesh (mesh size 0.001, number of vele 44500) cg reference with tolerance 2.0e-02" classname="short.add_src_directly_1d_2grp_hom_zerobc_eig_fv">
			<system-out>Relative error compared to reference:  0.019752364479339774
add_src_directly_1d_2grp_hom_zerobc_eig_fv: success.
</system-out>
		</testcase>
		<testcase name="Check Eigenvalue_B against fine mesh (mesh size 0.001, number of vele 44500) cg reference with tolerance 1.2e-02" classname="short.add_src_directly_1d_2grp_hom_zerobc_eig_fv">
			<system-out>Relative error compared to reference:  0.011646797344368041
add_src_directly_1d_2grp_hom_zerobc_eig_fv: success.
</system-out>
		</testcase>
		<testcase name="Check Eigenvalue_C against fine mesh (mesh size 0.001, number of vele 44500) cg reference with tolerance 3.8e-03" classname="short.add_src_directly_1d_2grp_hom_zerobc_eig_fv">
			<system-out>Relative error compared to reference:  0.0037854090167840334
add_src_directly_1d_2grp_hom_zerobc_eig_fv: success.
</system-out>
		</testcase>
		<testcase name="Check Eigenvalue_D against fine mesh (mesh size 0.001, number of vele 44500) cg reference with tolerance 1.9e-03" classname="short.add_src_directly_1d_2grp_hom_zerobc_eig_fv">
			<system-out>Relative error compared to reference:  0.0018845510462199093
add_src_directly_1d_2grp_hom_zerobc_eig_fv: success.
</system-out>
		</testcase>
		<testcase name="Check Eigenvalue_C to Eigenvalue_D convergence with regard to the fine mesh cg linear solution with tolerance 6.3e-03" classname="short.add_src_directly_1d_2grp_hom_zerobc_eig_fv">
			<system-out>convergence_ratio 1.0062283197635205
Relative error of convergence_ratio to expected 2nd order: 0.006228319763520451
add_src_directly_1d_2grp_hom_zerobc_eig_fv: success.
</system-out>
		</testcase>
		<testcase name="Control volume, multi-material surface integral pressure check" time="11.444470" classname="short.1mat-shocktube"/>
		<testcase name="Solvers converged" classname="short.1mat-shocktube">
			<system-out>1mat-shocktube: success.
</system-out>
		</testcase>
		<testcase name="check pressure follows a step pattern" classname="short.1mat-shocktube">
			<system-out>1mat-shocktube: success.
</system-out>
		</testcase>
		<testcase name="check y velocity follows a top hat pattern" classname="short.1mat-shocktube">
			<system-out>1mat-shocktube: success.
</system-out>
		</testcase>
		<testcase name="check density follows a double step pattern" classname="short.1mat-shocktube">
			<system-out>1mat-shocktube: success.
</system-out>
		</testcase>
		<testcase name="check finish time is 0.375" classname="short.1mat-shocktube">
			<system-out>1mat-shocktube: success.
</system-out>
		</testcase>
		<testcase name="Control volume, multi-material surface integral pressure check" time="1.044497" classname="short.mmat-gravity-col-p1bp1-3d"/>
		<testcase name="Solvers converged" classname="short.mmat-gravity-col-p1bp1-3d">
			<system-out>mmat-gravity-col-p1bp1-3d: success.
</system-out>
		</testcase>
		<testcase name="check maximum pressure is 10.0" classname="short.mmat-gravity-col-p1bp1-3d">
			<system-out>mmat-gravity-col-p1bp1-3d: success.
</system-out>
		</testcase>
		<testcase name="check pressure range is 10.0" classname="short.mmat-gravity-col-p1bp1-3d">
			<system-out>mmat-gravity-col-p1bp1-3d: success.
</system-out>
		</testcase>
		<testcase name="check maximum speed is zero" classname="short.mmat-gravity-col-p1bp1-3d">
			<system-out>mmat-gravity-col-p1bp1-3d: success.
</system-out>
		</testcase>
		<testcase name="Control volume, multi-material flow test" time="1.483154" classname="short.explicit-hyperc-tris"/>
		<testcase name="Solvers converged" classname="short.explicit-hyperc-tris">
			<system-out>explicit-hyperc-tris: success.
</system-out>
		</testcase>
		<testcase name="check minimum volume fraction is 0.0" classname="short.explicit-hyperc-tris">
			<system-out>explicit-hyperc-tris: success.
</system-out>
		</testcase>
		<testcase name="check maximum volume fraction is 1.0" classname="short.explicit-hyperc-tris">
			<system-out>explicit-hyperc-tris: success.
</system-out>
		</testcase>
		<testcase name="check volume fraction in front of front is 0.0 (relaxed for simplex elements)" classname="short.explicit-hyperc-tris">
			<system-out>explicit-hyperc-tris: success.
</system-out>
		</testcase>
		<testcase name="check volume fraction behind front is 1.0 (relaxed for simplex elements)" classname="short.explicit-hyperc-tris">
			<system-out>explicit-hyperc-tris: success.
</system-out>
		</testcase>
		<testcase name="check initial minimum volume fraction is 0.0" classname="short.explicit-hyperc-tris">
			<system-out>explicit-hyperc-tris: success.
</system-out>
		</testcase>
		<testcase name="check initial maximum volume fraction is 1.0" classname="short.explicit-hyperc-tris">
			<system-out>explicit-hyperc-tris: success.
</system-out>
		</testcase>
		<testcase name="check maximum speed is 1.0" classname="short.explicit-hyperc-tris">
			<system-out>explicit-hyperc-tris: success.
</system-out>
		</testcase>
		<testcase name="check maximum cv cfl" classname="short.explicit-hyperc-tris">
			<system-out>explicit-hyperc-tris: success.
</system-out>
		</testcase>
		<testcase name="check minimum cv cfl" classname="short.explicit-hyperc-tris">
			<system-out>explicit-hyperc-tris: success.
</system-out>
		</testcase>
		<testcase name="check difference is zero to checkpointed run" classname="short.explicit-hyperc-tris">
			<system-out>explicit-hyperc-tris: success.
</system-out>
		</testcase>
		<testcase name="region_id check" time="2.154890" classname="short.region_id"/>
		<testcase name="Solvers converged" classname="short.region_id">
			<system-out>region_id: success.
</system-out>
		</testcase>
		<testcase name="check lower mesh water volume fraction" classname="short.region_id">
			<system-out>region_id: success.
</system-out>
		</testcase>
		<testcase name="check upper mesh water volume fraction" classname="short.region_id">
			<system-out>region_id: success.
</system-out>
		</testcase>
		<testcase name="check upper mesh air volume fraction" classname="short.region_id">
			<system-out>region_id: success.
</system-out>
		</testcase>
		<testcase name="check lower mesh air volume fraction" classname="short.region_id">
			<system-out>region_id: success.
</system-out>
		</testcase>
		<testcase name="check lower mesh y velocity" classname="short.region_id">
			<system-out>region_id: success.
</system-out>
		</testcase>
		<testcase name="check upper mesh y velocity" classname="short.region_id">
			<system-out>region_id: success.
</system-out>
		</testcase>
		<testcase name="check lower mesh xx water material viscosity" classname="short.region_id">
			<system-out>region_id: success.
</system-out>
		</testcase>
		<testcase name="check upper mesh xx water material viscosity" classname="short.region_id">
			<system-out>region_id: success.
</system-out>
		</testcase>
		<testcase name="check lower mesh xx air material viscosity" classname="short.region_id">
			<system-out>region_id: success.
</system-out>
		</testcase>
		<testcase name="check upper mesh xx air material viscosity" classname="short.region_id">
			<system-out>region_id: success.
</system-out>
		</testcase>
		<testcase name="check region id 35 is preserved" classname="short.region_id">
			<system-out>region_id: success.
</system-out>
		</testcase>
		<testcase name="check region id 36 is preserved" classname="short.region_id">
			<system-out>region_id: success.
</system-out>
		</testcase>
		<testcase name="check region id 37 is preserved" classname="short.region_id">
			<system-out>region_id: success.
</system-out>
		</testcase>
		<testcase name="check region id 38 is preserved" classname="short.region_id">
			<system-out>region_id: success.
</system-out>
		</testcase>
		<testcase name="check no. nodes has changed - i.e. adapt has happened" classname="short.region_id">
			<system-out>region_id: success.
</system-out>
		</testcase>
		<testcase name="Periodic 2+1 adaptivity" time="11.916782" classname="short.periodic_2plus1_adaptivity"/>
		<testcase name="Solvers converged" classname="short.periodic_2plus1_adaptivity">
			<system-out>periodic_2plus1_adaptivity: success.
</system-out>
		</testcase>
		<testcase name="completion" classname="short.periodic_2plus1_adaptivity">
			<system-out>periodic_2plus1_adaptivity: success.
</system-out>
		</testcase>
		<testcase name="references" classname="short.periodic_2plus1_adaptivity">
			<system-out>periodic_2plus1_adaptivity: success.
</system-out>
		</testcase>
		<testcase name="consistent_max" classname="short.periodic_2plus1_adaptivity">
			<system-out>Asserting relative error is smaller than 1e-10
relative error: 0.0
periodic_2plus1_adaptivity: success.
</system-out>
		</testcase>
		<testcase name="Standing free surface wave in channel using P1DG-P2." time="4.496043" classname="short.standing_wave-swe"/>
		<testcase name="Solvers converged" classname="short.standing_wave-swe">
			<system-out>standing_wave-swe: success.
</system-out>
		</testcase>
		<testcase name="fs_left_min" classname="short.standing_wave-swe">
			<system-out>standing_wave-swe: success.
</system-out>
		</testcase>
		<testcase name="fs_left_min_time" classname="short.standing_wave-swe">
			<system-out>standing_wave-swe: success.
</system-out>
		</testcase>
		<testcase name="fs_end_value" classname="short.standing_wave-swe">
			<system-out>standing_wave-swe: success.
</system-out>
		</testcase>
		<testcase name="fs_right_max" classname="short.standing_wave-swe">
			<system-out>standing_wave-swe: success.
</system-out>
		</testcase>
		<testcase name="fs_right_max_time" classname="short.standing_wave-swe">
			<system-out>standing_wave-swe: success.
</system-out>
		</testcase>
		<testcase name="fs_end_value" classname="short.standing_wave-swe">
			<system-out>standing_wave-swe: success.
</system-out>
		</testcase>
		<testcase name="fs_integral_max_zero" classname="short.standing_wave-swe">
			<system-out>standing_wave-swe: success.
</system-out>
		</testcase>
		<testcase name="fs_integral_range_zero" classname="short.standing_wave-swe">
			<system-out>standing_wave-swe: success.
</system-out>
		</testcase>
		<testcase name="heat_2d_dg" time="1.552939" classname="short.viscosity_2d_p0_parallel"/>
		<testcase name="Solvers converged" classname="short.viscosity_2d_p0_parallel">
			<system-out>viscosity_2d_p0_parallel: success.
</system-out>
		</testcase>
		<testcase name="tracer1 integral is 1.0" classname="short.viscosity_2d_p0_parallel">
			<system-out>viscosity_2d_p0_parallel: success.
</system-out>
		</testcase>
		<testcase name="tracer2 integral is 1.0" classname="short.viscosity_2d_p0_parallel">
			<system-out>viscosity_2d_p0_parallel: success.
</system-out>
		</testcase>
		<testcase name="initial tracer1 integral is 1.0" classname="short.viscosity_2d_p0_parallel">
			<system-out>viscosity_2d_p0_parallel: success.
</system-out>
		</testcase>
		<testcase name="initial tracer2 integral is 1.0" classname="short.viscosity_2d_p0_parallel">
			<system-out>viscosity_2d_p0_parallel: success.
</system-out>
		</testcase>
		<testcase name="initial tracer1 error is small relative to serial" classname="short.viscosity_2d_p0_parallel">
			<system-out>viscosity_2d_p0_parallel: success.
</system-out>
		</testcase>
		<testcase name="tracer1 error is small relative to serial" classname="short.viscosity_2d_p0_parallel">
			<system-out>viscosity_2d_p0_parallel: success.
</system-out>
		</testcase>
		<testcase name="initial tracer2 error is small relative to serial" classname="short.viscosity_2d_p0_parallel">
			<system-out>viscosity_2d_p0_parallel: success.
</system-out>
		</testcase>
		<testcase name="tracer2 error is small relative to serial" classname="short.viscosity_2d_p0_parallel">
			<system-out>viscosity_2d_p0_parallel: success.
</system-out>
		</testcase>
		<testcase name="heat_2d_dg" time="1.519395" classname="short.heat_2d_dg"/>
		<testcase name="Solvers converged" classname="short.heat_2d_dg">
			<system-out>heat_2d_dg: success.
</system-out>
		</testcase>
		<testcase name="tracer integral is 1.0" classname="short.heat_2d_dg">
			<system-out>heat_2d_dg: success.
</system-out>
		</testcase>
		<testcase name="tracer error compared with serial run" classname="short.heat_2d_dg">
			<system-out>heat_2d_dg: success.
</system-out>
		</testcase>
		<testcase name="tracer_inflow_1d_dg" time="0.750852" classname="short.grid_peclet_number"/>
		<testcase name="Solvers converged" classname="short.grid_peclet_number">
			<system-out>grid_peclet_number: success.
</system-out>
		</testcase>
		<testcase name="the simulation has converged" classname="short.grid_peclet_number">
			<system-out>grid_peclet_number: success.
</system-out>
		</testcase>
		<testcase name="the grid peclet number is correct" classname="short.grid_peclet_number">
			<system-out>grid_peclet_number: success.
</system-out>
		</testcase>
		<testcase name="Periodic adaptivity" time="2.400977" classname="short.periodic_adaptivity"/>
		<testcase name="Solvers converged" classname="short.periodic_adaptivity">
			<system-out>periodic_adaptivity: success.
</system-out>
		</testcase>
		<testcase name="completion" classname="short.periodic_adaptivity">
			<system-out>periodic_adaptivity: success.
</system-out>
		</testcase>
		<testcase name="references" classname="short.periodic_adaptivity">
			<system-out>periodic_adaptivity: success.
</system-out>
		</testcase>
		<testcase name="consistent_max" classname="short.periodic_adaptivity">
			<system-out>Asserting relative error is smaller than 1e-10
relative error: 0.0
periodic_adaptivity: success.
</system-out>
		</testcase>
		<testcase name="mphase_subtract_out_reference_profile" time="14.858505" classname="short.mphase_subtract_out_reference_profile"/>
		<testcase name="Maximum Gas::Velocity remains (near) zero" classname="short.mphase_subtract_out_reference_profile">
			<system-out>mphase_subtract_out_reference_profile: success.
</system-out>
		</testcase>
		<testcase name="Particles settle at Stokes law velocity" classname="short.mphase_subtract_out_reference_profile">
			<system-out>mphase_subtract_out_reference_profile: success.
</system-out>
		</testcase>
		<testcase name="Solvers converged" classname="short.mphase_subtract_out_reference_profile">
			<system-out>mphase_subtract_out_reference_profile: success.
</system-out>
		</testcase>
		<testcase name="python_diagnostic_fields" time="0.668440" classname="short.python_diagnostic_field"/>
		<testcase name="Solvers converged" classname="short.python_diagnostic_field">
			<system-out>python_diagnostic_field: success.
</system-out>
		</testcase>
		<testcase name="field integral is the same when calculated in different ways." classname="short.python_diagnostic_field">
			<system-out>python_diagnostic_field: success.
</system-out>
		</testcase>
		<testcase name="maximum of vector field is 2*sqrt(2.0)" classname="short.python_diagnostic_field">
			<system-out>python_diagnostic_field: success.
</system-out>
		</testcase>
		<testcase name="Prescribed adaptivity" time="10.169868" classname="short.prescribed_adaptivity"/>
		<testcase name="Solvers converged" classname="short.prescribed_adaptivity">
			<system-out>prescribed_adaptivity: success.
</system-out>
		</testcase>
		<testcase name="Simulation completed" classname="short.prescribed_adaptivity">
			<system-out>prescribed_adaptivity: success.
</system-out>
		</testcase>
		<testcase name="Mesh adaptivity" classname="short.prescribed_adaptivity">
			<system-out>prescribed_adaptivity: success.
</system-out>
		</testcase>
		<testcase name="Conservative projection" classname="short.prescribed_adaptivity">
			<system-out>Asserting max relative error is smaller than 1e-10
max relative error: 1.860539234870093e-15; index: 8
prescribed_adaptivity: success.
</system-out>
		</testcase>
		<testcase name="surface_horizontal_divergence" time="0.684623" classname="short.surface_horizontal_divergence"/>
		<testcase name="testHaveData" classname="short.surface_horizontal_divergence">
			<system-out>surface_horizontal_divergence: success.
</system-out>
		</testcase>
		<testcase name="testSurfaceDivergence" classname="short.surface_horizontal_divergence">
			<system-out>surface_horizontal_divergence: success.
</system-out>
		</testcase>
		<testcase name="gls-relax" time="2.862300" classname="short.gls-relax"/>
		<testcase name="Solvers converged" classname="short.gls-relax">
			<system-out>gls-relax: success.
</system-out>
		</testcase>
		<testcase name="Relaxed diffusivity is half value of normal" classname="short.gls-relax">
			<system-out>0.0
gls-relax: success.
</system-out>
		</testcase>
		<testcase name="Relaxed Viscosity is half value of normal" classname="short.gls-relax">
			<system-out>0.0
gls-relax: success.
</system-out>
		</testcase>
		<testcase name="Advected top hat (CV with Sweby limiter)" time="2.229168" classname="short.top_hat_cv"/>
		<testcase name="Simulation completed" classname="short.top_hat_cv">
			<system-out>Asserting relative error is smaller than 1e-06
relative error: 0.0
top_hat_cv: success.
</system-out>
		</testcase>
		<testcase name="Solvers converged" classname="short.top_hat_cv">
			<system-out>top_hat_cv: success.
</system-out>
		</testcase>
		<testcase name="Bounded" classname="short.top_hat_cv">
			<system-out>Min T =  3.287757683838636e-27
Max T =  0.9999999978520262
top_hat_cv: success.
</system-out>
		</testcase>
		<testcase name="Conservative" classname="short.top_hat_cv">
			<system-out>Asserting max relative error is smaller than 1e-10
max relative error: 2.020605904818193e-13; index: 79
top_hat_cv: success.
</system-out>
		</testcase>
		<testcase name="Advected velocity" classname="short.top_hat_cv">
			<system-out>Initial mean x =  0.1375
Final mean x =  0.38752703943155414
Mean velocity =  0.0031648992333108117
Asserting relative error is smaller than 0.02
relative error: 0.012606794204020468
top_hat_cv: success.
</system-out>
		</testcase>
		<testcase name="Standard deviation" classname="short.top_hat_cv">
			<system-out>Initial mean x =  0.1375
Final mean x =  0.38752703943155414
Initial standard deviation =  0.07180703308172535
Final standard deviation =  0.08172580765358935
Asserting relative error is smaller than 0.2
relative error: 0.13813096219384513
top_hat_cv: success.
</system-out>
		</testcase>
		<testcase name="buoyancy_adjustment_two_element" time="0.724374" classname="short.buoyancy_adjustment_dg_with_projection_two_element"/>
		<testcase name="final_stratification_min_max_in_bounds" classname="short.buoyancy_adjustment_dg_with_projection_two_element">
			<system-out>buoyancy_adjustment_dg_with_projection_two_element: success.
</system-out>
		</testcase>
		<testcase name="final_stratification_min_max_correct_side_of_centre" classname="short.buoyancy_adjustment_dg_with_projection_two_element">
			<system-out>buoyancy_adjustment_dg_with_projection_two_element: success.
</system-out>
		</testcase>
		<testcase name="final_stratification_min_max_equally_perturbed" classname="short.buoyancy_adjustment_dg_with_projection_two_element">
			<system-out>buoyancy_adjustment_dg_with_projection_two_element: success.
</system-out>
		</testcase>
		<testcase name="solvers_converged" classname="short.buoyancy_adjustment_dg_with_projection_two_element">
			<system-out>buoyancy_adjustment_dg_with_projection_two_element: success.
</system-out>
		</testcase>
		<testcase name="Control volume, multi-material flow test" time="1.400222" classname="short.explicit-hyperc-hexes-gmsh"/>
		<testcase name="Solvers converged" classname="short.explicit-hyperc-hexes-gmsh">
			<system-out>explicit-hyperc-hexes-gmsh: success.
</system-out>
		</testcase>
		<testcase name="check minimum volume fraction is 0.0" classname="short.explicit-hyperc-hexes-gmsh">
			<system-out>explicit-hyperc-hexes-gmsh: success.
</system-out>
		</testcase>
		<testcase name="check maximum volume fraction is 1.0" classname="short.explicit-hyperc-hexes-gmsh">
			<system-out>explicit-hyperc-hexes-gmsh: success.
</system-out>
		</testcase>
		<testcase name="check volume fraction in front of front is 0.0" classname="short.explicit-hyperc-hexes-gmsh">
			<system-out>explicit-hyperc-hexes-gmsh: success.
</system-out>
		</testcase>
		<testcase name="check volume fraction behind front is 1.0" classname="short.explicit-hyperc-hexes-gmsh">
			<system-out>explicit-hyperc-hexes-gmsh: success.
</system-out>
		</testcase>
		<testcase name="check initial minimum volume fraction is 0.0" classname="short.explicit-hyperc-hexes-gmsh">
			<system-out>explicit-hyperc-hexes-gmsh: success.
</system-out>
		</testcase>
		<testcase name="check initial maximum volume fraction is 1.0" classname="short.explicit-hyperc-hexes-gmsh">
			<system-out>explicit-hyperc-hexes-gmsh: success.
</system-out>
		</testcase>
		<testcase name="check maximum speed is 3.0" classname="short.explicit-hyperc-hexes-gmsh">
			<system-out>explicit-hyperc-hexes-gmsh: success.
</system-out>
		</testcase>
		<testcase name="check maximum cv cfl" classname="short.explicit-hyperc-hexes-gmsh">
			<system-out>explicit-hyperc-hexes-gmsh: success.
</system-out>
		</testcase>
		<testcase name="check minimum cv cfl" classname="short.explicit-hyperc-hexes-gmsh">
			<system-out>explicit-hyperc-hexes-gmsh: success.
</system-out>
		</testcase>
		<testcase name="check difference is zero to checkpointed run" classname="short.explicit-hyperc-hexes-gmsh">
			<system-out>explicit-hyperc-hexes-gmsh: success.
</system-out>
		</testcase>
		<testcase name="Python persistent variable" time="0.651993" classname="short.python_persistent"/>
		<testcase name="Solvers converged" classname="short.python_persistent">
			<system-out>python_persistent: success.
</system-out>
		</testcase>
		<testcase name="Persistent variable" classname="short.python_persistent">
			<system-out>Asserting max relative error is smaller than 1e-06
max relative error: 0.0; index: 0
python_persistent: success.
</system-out>
		</testcase>
		<testcase name="region_id check" time="0.843973" classname="short.region_id_2d"/>
		<testcase name="Solvers converged" classname="short.region_id_2d">
			<system-out>region_id_2d: success.
</system-out>
		</testcase>
		<testcase name="check lower mesh water volume fraction" classname="short.region_id_2d">
			<system-out>region_id_2d: success.
</system-out>
		</testcase>
		<testcase name="check upper mesh water volume fraction" classname="short.region_id_2d">
			<system-out>region_id_2d: success.
</system-out>
		</testcase>
		<testcase name="check upper mesh air volume fraction" classname="short.region_id_2d">
			<system-out>region_id_2d: success.
</system-out>
		</testcase>
		<testcase name="check lower mesh air volume fraction" classname="short.region_id_2d">
			<system-out>region_id_2d: success.
</system-out>
		</testcase>
		<testcase name="check lower mesh y velocity" classname="short.region_id_2d">
			<system-out>region_id_2d: success.
</system-out>
		</testcase>
		<testcase name="check upper mesh y velocity" classname="short.region_id_2d">
			<system-out>region_id_2d: success.
</system-out>
		</testcase>
		<testcase name="check lower mesh xx water material viscosity" classname="short.region_id_2d">
			<system-out>region_id_2d: success.
</system-out>
		</testcase>
		<testcase name="check upper mesh xx water material viscosity" classname="short.region_id_2d">
			<system-out>region_id_2d: success.
</system-out>
		</testcase>
		<testcase name="check lower mesh xx air material viscosity" classname="short.region_id_2d">
			<system-out>region_id_2d: success.
</system-out>
		</testcase>
		<testcase name="check upper mesh xx air material viscosity" classname="short.region_id_2d">
			<system-out>region_id_2d: success.
</system-out>
		</testcase>
		<testcase name="check region id 35 is preserved" classname="short.region_id_2d">
			<system-out>region_id_2d: success.
</system-out>
		</testcase>
		<testcase name="check region id 36 is preserved" classname="short.region_id_2d">
			<system-out>region_id_2d: success.
</system-out>
		</testcase>
		<testcase name="check region id 37 is preserved" classname="short.region_id_2d">
			<system-out>region_id_2d: success.
</system-out>
		</testcase>
		<testcase name="check region id 38 is preserved" classname="short.region_id_2d">
			<system-out>region_id_2d: success.
</system-out>
		</testcase>
		<testcase name="check no. nodes has changed - i.e. adapt has happened" classname="short.region_id_2d">
			<system-out>region_id_2d: success.
</system-out>
		</testcase>
		<testcase name="swe_dam_break_2d" time="29.974857" classname="short.swe_dam_break_2d"/>
		<testcase name="max(ux) is about 5.75" classname="short.swe_dam_break_2d">
			<system-out>swe_dam_break_2d: success.
</system-out>
		</testcase>
		<testcase name="min(ux) is about -1.0" classname="short.swe_dam_break_2d">
			<system-out>swe_dam_break_2d: success.
</system-out>
		</testcase>
		<testcase name="max(uy) is about 3.2" classname="short.swe_dam_break_2d">
			<system-out>swe_dam_break_2d: success.
</system-out>
		</testcase>
		<testcase name="min(uy) is about -3.2" classname="short.swe_dam_break_2d">
			<system-out>swe_dam_break_2d: success.
</system-out>
		</testcase>
		<testcase name="max(h) is about 5.0" classname="short.swe_dam_break_2d">
			<system-out>swe_dam_break_2d: success.
</system-out>
		</testcase>
		<testcase name="min(h) is about 0.0" classname="short.swe_dam_break_2d">
			<system-out>swe_dam_break_2d: success.
</system-out>
		</testcase>
		<testcase name="Solvers converged" classname="short.swe_dam_break_2d">
			<system-out>swe_dam_break_2d: success.
</system-out>
		</testcase>
		<testcase name="test_pressure_solve_small" time="0.558138" classname="short.test_pressure_solve_small"/>
		<testcase name="with vertical lumping and internal smoother check error" classname="short.test_pressure_solve_small">
			<system-out>2.0968160541201541e-10 2e-09
test_pressure_solve_small: success.
</system-out>
		</testcase>
		<testcase name="with vertical lumping and internal smoother check flops" classname="short.test_pressure_solve_small">
			<system-out>398570.0 2000000.0
test_pressure_solve_small: success.
</system-out>
		</testcase>
		<testcase name="with vertical lumping and internal smoother and wrapped SOR check error" classname="short.test_pressure_solve_small">
			<system-out>2.0060997307780326e-10 2e-09
test_pressure_solve_small: success.
</system-out>
		</testcase>
		<testcase name="with vertical lumping and internal smoother and wrapped SOR check flops" classname="short.test_pressure_solve_small">
			<system-out>846966.0 2000000.0
test_pressure_solve_small: success.
</system-out>
		</testcase>
		<testcase name="with vertical lumping without internal smoother check error" classname="short.test_pressure_solve_small">
			<system-out>7.044900218744488e-10 5e-09
test_pressure_solve_small: success.
</system-out>
		</testcase>
		<testcase name="with vertical lumping without internal smoother check flops" classname="short.test_pressure_solve_small">
			<system-out>206916.0 500000.0
test_pressure_solve_small: success.
</system-out>
		</testcase>
		<testcase name="without vertical lumping check error" classname="short.test_pressure_solve_small">
			<system-out>1.2008425365195308e-09 5e-09
test_pressure_solve_small: success.
</system-out>
		</testcase>
		<testcase name="without vertical lumping check flops" classname="short.test_pressure_solve_small">
			<system-out>135151.0 200000.0
test_pressure_solve_small: success.
</system-out>
		</testcase>
		<testcase name="p1cv advection-diffusion equation spatial convergence test using p1cvp1cv bassi-rebay diffusion" time="16.223624" classname="short.mms_tracer_cv_advdiff_excludemass"/>
		<testcase name="Solvers converged" classname="short.mms_tracer_cv_advdiff_excludemass">
			<system-out>mms_tracer_cv_advdiff_excludemass: success.
</system-out>
		</testcase>
		<testcase name="ab_convergence_stat: L2 order in [1.8,2.2]" classname="short.mms_tracer_cv_advdiff_excludemass">
			<system-out>mms_tracer_cv_advdiff_excludemass: success.
</system-out>
		</testcase>
		<testcase name="bc_convergence_stat: L2 order in [1.8,2.2]" classname="short.mms_tracer_cv_advdiff_excludemass">
			<system-out>mms_tracer_cv_advdiff_excludemass: success.
</system-out>
		</testcase>
		<testcase name="cd_convergence_stat: L2 order in [1.8,2.2]" classname="short.mms_tracer_cv_advdiff_excludemass">
			<system-out>mms_tracer_cv_advdiff_excludemass: success.
</system-out>
		</testcase>
		<testcase name="de_convergence_stat: L2 order in [1.8,2.2]" classname="short.mms_tracer_cv_advdiff_excludemass">
			<system-out>mms_tracer_cv_advdiff_excludemass: success.
</system-out>
		</testcase>
		<testcase name="checking A finished in less than 1.0" classname="short.mms_tracer_cv_advdiff_excludemass">
			<system-out>mms_tracer_cv_advdiff_excludemass: success.
</system-out>
		</testcase>
		<testcase name="checking B finished in less than 1.0" classname="short.mms_tracer_cv_advdiff_excludemass">
			<system-out>mms_tracer_cv_advdiff_excludemass: success.
</system-out>
		</testcase>
		<testcase name="checking C finished in less than 1.0" classname="short.mms_tracer_cv_advdiff_excludemass">
			<system-out>mms_tracer_cv_advdiff_excludemass: success.
</system-out>
		</testcase>
		<testcase name="checking D finished in less than 1.0" classname="short.mms_tracer_cv_advdiff_excludemass">
			<system-out>mms_tracer_cv_advdiff_excludemass: success.
</system-out>
		</testcase>
		<testcase name="checking E finished in less than 1.0" classname="short.mms_tracer_cv_advdiff_excludemass">
			<system-out>mms_tracer_cv_advdiff_excludemass: success.
</system-out>
		</testcase>
		<testcase name="checking A performed less than 20 advection iterations per timestep" classname="short.mms_tracer_cv_advdiff_excludemass">
			<system-out>mms_tracer_cv_advdiff_excludemass: success.
</system-out>
		</testcase>
		<testcase name="checking B performed less than 20 advection iterations per timestep" classname="short.mms_tracer_cv_advdiff_excludemass">
			<system-out>mms_tracer_cv_advdiff_excludemass: success.
</system-out>
		</testcase>
		<testcase name="checking C performed less than 20 advection iterations per timestep" classname="short.mms_tracer_cv_advdiff_excludemass">
			<system-out>mms_tracer_cv_advdiff_excludemass: success.
</system-out>
		</testcase>
		<testcase name="checking D performed less than 20 advection iterations per timestep" classname="short.mms_tracer_cv_advdiff_excludemass">
			<system-out>mms_tracer_cv_advdiff_excludemass: success.
</system-out>
		</testcase>
		<testcase name="checking E performed less than 20 advection iterations per timestep" classname="short.mms_tracer_cv_advdiff_excludemass">
			<system-out>mms_tracer_cv_advdiff_excludemass: success.
</system-out>
		</testcase>
		<testcase name="pydiag_material_phase_support_multiple_velocity_children" time="1.973891" classname="short.pydiag_material_phase_support_multiple_velocity_children"/>
		<testcase name="Check vel_abs_phase1 with tolerance 1.0e-10" classname="short.pydiag_material_phase_support_multiple_velocity_children">
			<system-out>error vel_abs_phase1 0.0
pydiag_material_phase_support_multiple_velocity_children: success.
</system-out>
		</testcase>
		<testcase name="Check vel_abs_phase2 with tolerance 1.0e-10" classname="short.pydiag_material_phase_support_multiple_velocity_children">
			<system-out>error vel_abs_phase2 0.0
pydiag_material_phase_support_multiple_velocity_children: success.
</system-out>
		</testcase>
		<testcase name="Check vel_src_phase1 with tolerance 1.0e-10" classname="short.pydiag_material_phase_support_multiple_velocity_children">
			<system-out>error vel_src_phase1 0.0
pydiag_material_phase_support_multiple_velocity_children: success.
</system-out>
		</testcase>
		<testcase name="Check vel_src_phase2 with tolerance 1.0e-10" classname="short.pydiag_material_phase_support_multiple_velocity_children">
			<system-out>error vel_src_phase2 0.0
pydiag_material_phase_support_multiple_velocity_children: success.
</system-out>
		</testcase>
		<testcase name="Check vel_visc_phase1 with tolerance 1.0e-10" classname="short.pydiag_material_phase_support_multiple_velocity_children">
			<system-out>error vel_visc_phase1 0.0
pydiag_material_phase_support_multiple_velocity_children: success.
</system-out>
		</testcase>
		<testcase name="Check vel_visc_phase2 with tolerance 1.0e-10" classname="short.pydiag_material_phase_support_multiple_velocity_children">
			<system-out>error vel_visc_phase2 0.0
pydiag_material_phase_support_multiple_velocity_children: success.
</system-out>
		</testcase>
		<testcase name="bc-smoothing" time="3.548114" classname="short.bc-smoothing"/>
		<testcase name="check_velocity_max" classname="short.bc-smoothing">
			<system-out>bc-smoothing: success.
</system-out>
		</testcase>
		<testcase name="check_velocity_min" classname="short.bc-smoothing">
			<system-out>bc-smoothing: success.
</system-out>
		</testcase>
		<testcase name="check_velocity_grad_min" classname="short.bc-smoothing">
			<system-out>bc-smoothing: success.
</system-out>
		</testcase>
		<testcase name="check_velocity_grad_max" classname="short.bc-smoothing">
			<system-out>bc-smoothing: success.
</system-out>
		</testcase>
		<testcase name="extrude_adapt3d_parallel" time="15.695009" classname="short.extrude_adapt3d_parallel"/>
		<testcase name="solvers_converged" classname="short.extrude_adapt3d_parallel">
			<system-out>extrude_adapt3d_parallel: success.
</system-out>
		</testcase>
		<testcase name="ConservationError" classname="short.extrude_adapt3d_parallel">
			<system-out>extrude_adapt3d_parallel: success.
</system-out>
		</testcase>
		<testcase name="ConservationErrorCheckpoint" classname="short.extrude_adapt3d_parallel">
			<system-out>extrude_adapt3d_parallel: success.
</system-out>
		</testcase>
		<testcase name="EndTime" classname="short.extrude_adapt3d_parallel">
			<system-out>extrude_adapt3d_parallel: success.
</system-out>
		</testcase>
		<testcase name="EndTimeCheckpoint" classname="short.extrude_adapt3d_parallel">
			<system-out>extrude_adapt3d_parallel: success.
</system-out>
		</testcase>
		<testcase name="HeatError" classname="short.extrude_adapt3d_parallel">
			<system-out>extrude_adapt3d_parallel: success.
</system-out>
		</testcase>
		<testcase name="HeatErrorCheckpoint" classname="short.extrude_adapt3d_parallel">
			<system-out>extrude_adapt3d_parallel: success.
</system-out>
		</testcase>
		<testcase name="vtu2ensight conversion test" time="0.528364" classname="short.vtu2ensight"/>
		<testcase name="Ensight Gold files written" classname="short.vtu2ensight">
			<system-out>vtu2ensight: success.
</system-out>
		</testcase>
		<testcase name="Ensight Gold file readable in python/vtk" classname="short.vtu2ensight">
			<system-out>vtu2ensight: success.
</system-out>
		</testcase>
		<testcase name="Number of elements, points, cell arrays, point arrays equal" classname="short.vtu2ensight">
			<system-out>vtu2ensight: success.
</system-out>
		</testcase>
		<testcase name="Comparing coordinates" classname="short.vtu2ensight">
			<system-out>vtu2ensight: success.
</system-out>
		</testcase>
		<testcase name="Comparing all fields" classname="short.vtu2ensight">
			<system-out>vtu2ensight: success.
</system-out>
		</testcase>
		<testcase name="forcing" time="1.419838" classname="short.forcing_single_position"/>
		<testcase name="Solvers converged" classname="short.forcing_single_position">
			<system-out>forcing_single_position: success.
</system-out>
		</testcase>
		<testcase name="Final time is 1440 seconds" classname="short.forcing_single_position">
			<system-out>forcing_single_position: success.
</system-out>
		</testcase>
		<testcase name="Final min temperature has decreased" classname="short.forcing_single_position">
			<system-out>forcing_single_position: success.
</system-out>
		</testcase>
		<testcase name="Final velocity%magnitude max has increased" classname="short.forcing_single_position">
			<system-out>forcing_single_position: success.
</system-out>
		</testcase>
		<testcase name="Final Salinity max greater than 34" classname="short.forcing_single_position">
			<system-out>forcing_single_position: success.
</system-out>
		</testcase>
		<testcase name="Heat flux is same value at orgin and far corner" classname="short.forcing_single_position">
			<system-out>forcing_single_position: success.
</system-out>
		</testcase>
		<testcase name="mms_les_second_order_p2p1" time="5.484545" classname="short.mms_les_second_order_p1dgp2_tracer_diffusion"/>
		<testcase name="convergence for tracer: L2 order &gt; 1.9" classname="short.mms_les_second_order_p1dgp2_tracer_diffusion">
			<system-out>mms_les_second_order_p1dgp2_tracer_diffusion: success.
</system-out>
		</testcase>
		<testcase name="Solvers converged" classname="short.mms_les_second_order_p1dgp2_tracer_diffusion">
			<system-out>mms_les_second_order_p1dgp2_tracer_diffusion: success.
</system-out>
		</testcase>
		<testcase name="bc_from_field" time="1.590811" classname="short.bc_from_field"/>
		<testcase name="Final time is 0.05 seconds for scalar_field_bc_from_field" classname="short.bc_from_field">
			<system-out>Asserting relative error is smaller than 1e-14
relative error: 0.0
bc_from_field: success.
</system-out>
		</testcase>
		<testcase name="Final time is 0.05 seconds for vector_field_bc_from_field" classname="short.bc_from_field">
			<system-out>Asserting relative error is smaller than 1e-14
relative error: 0.0
bc_from_field: success.
</system-out>
		</testcase>
		<testcase name="Temperature is assigned the correct boundary values" classname="short.bc_from_field">
			<system-out>Asserting absolute error is smaller than 1e-14
absolute error: 0.0
Asserting relative error is smaller than 1e-14
relative error: 0.0
Asserting relative error is smaller than 1e-14
relative error: 0.0
Asserting absolute error is smaller than 1e-14
absolute error: 0.0
Asserting relative error is smaller than 1e-14
relative error: 0.0
Asserting relative error is smaller than 1e-14
relative error: 0.0
Asserting relative error is smaller than 1e-14
relative error: 0.0
Asserting relative error is smaller than 1e-14
relative error: 0.0
Asserting relative error is smaller than 1e-14
relative error: 0.0
Asserting relative error is smaller than 1e-14
relative error: 0.0
Asserting relative error is smaller than 1e-14
relative error: 0.0
Asserting relative error is smaller than 1e-14
relative error: 0.0
Asserting relative error is smaller than 1e-14
relative error: 0.0
Asserting relative error is smaller than 1e-14
relative error: 0.0
Asserting relative error is smaller than 1e-14
relative error: 0.0
Asserting relative error is smaller than 1e-14
relative error: 0.0
Asserting relative error is smaller than 1e-14
relative error: 0.0
Asserting relative error is smaller than 1e-14
relative error: 0.0
Asserting relative error is smaller than 1e-14
relative error: 0.0
Asserting relative error is smaller than 1e-14
relative error: 0.0
Asserting relative error is smaller than 1e-14
relative error: 0.0
Asserting relative error is smaller than 1e-14
relative error: 0.0
Asserting absolute error is smaller than 1e-14
absolute error: 0.0
Asserting absolute error is smaller than 1e-14
absolute error: 0.0
Asserting absolute error is smaller than 1e-14
absolute error: 0.0
Asserting absolute error is smaller than 1e-14
absolute error: 0.0
Asserting absolute error is smaller than 1e-14
absolute error: 0.0
Asserting absolute error is smaller than 1e-14
absolute error: 0.0
Asserting absolute error is smaller than 1e-14
absolute error: 0.0
Asserting absolute error is smaller than 1e-14
absolute error: 0.0
Asserting absolute error is smaller than 1e-14
absolute error: 0.0
Asserting absolute error is smaller than 1e-14
absolute error: 0.0
Asserting absolute error is smaller than 1e-14
absolute error: 0.0
Asserting absolute error is smaller than 1e-14
absolute error: 0.0
Asserting absolute error is smaller than 1e-14
absolute error: 0.0
Asserting absolute error is smaller than 1e-14
absolute error: 0.0
Asserting absolute error is smaller than 1e-14
absolute error: 0.0
Asserting absolute error is smaller than 1e-14
absolute error: 0.0
Asserting absolute error is smaller than 1e-14
absolute error: 0.0
Asserting absolute error is smaller than 1e-14
absolute error: 0.0
Asserting relative error is smaller than 1e-14
relative error: 0.0
Asserting relative error is smaller than 1e-14
relative error: 0.0
Asserting relative error is smaller than 1e-14
relative error: 0.0
Asserting relative error is smaller than 1e-14
relative error: 0.0
Asserting relative error is smaller than 1e-14
relative error: 0.0
Asserting relative error is smaller than 1e-14
relative error: 0.0
Asserting relative error is smaller than 1e-14
relative error: 0.0
Asserting relative error is smaller than 1e-14
relative error: 0.0
Asserting relative error is smaller than 1e-14
relative error: 0.0
Asserting relative error is smaller than 1e-14
relative error: 0.0
Asserting relative error is smaller than 1e-14
relative error: 0.0
Asserting relative error is smaller than 1e-14
relative error: 0.0
Asserting relative error is smaller than 1e-14
relative error: 0.0
Asserting relative error is smaller than 1e-14
relative error: 0.0
Asserting relative error is smaller than 1e-14
relative error: 0.0
Asserting relative error is smaller than 1e-14
relative error: 0.0
Asserting relative error is smaller than 1e-14
relative error: 0.0
Asserting relative error is smaller than 1e-14
relative error: 0.0
Asserting relative error is smaller than 1e-14
relative error: 0.0
Asserting relative error is smaller than 1e-14
relative error: 0.0
Asserting relative error is smaller than 1e-14
relative error: 0.0
Asserting relative error is smaller than 1e-14
relative error: 0.0
Asserting relative error is smaller than 1e-14
relative error: 0.0
Asserting relative error is smaller than 1e-14
relative error: 0.0
Asserting relative error is smaller than 1e-14
relative error: 0.0
Asserting relative error is smaller than 1e-14
relative error: 0.0
Asserting relative error is smaller than 1e-14
relative error: 0.0
Asserting relative error is smaller than 1e-14
relative error: 0.0
Asserting relative error is smaller than 1e-14
relative error: 0.0
Asserting relative error is smaller than 1e-14
relative error: 0.0
Asserting relative error is smaller than 1e-14
relative error: 0.0
Asserting relative error is smaller than 1e-14
relative error: 0.0
Asserting relative error is smaller than 1e-14
relative error: 0.0
Asserting relative error is smaller than 1e-14
relative error: 0.0
Asserting relative error is smaller than 1e-14
relative error: 0.0
Asserting relative error is smaller than 1e-14
relative error: 0.0
Asserting relative error is smaller than 1e-14
relative error: 0.0
Asserting relative error is smaller than 1e-14
relative error: 0.0
Asserting relative error is smaller than 1e-14
relative error: 0.0
Asserting relative error is smaller than 1e-14
relative error: 0.0
Asserting relative error is smaller than 1e-14
relative error: 0.0
Asserting relative error is smaller than 1e-14
relative error: 0.0
Asserting relative error is smaller than 1e-14
relative error: 0.0
Asserting relative error is smaller than 1e-14
relative error: 0.0
Asserting relative error is smaller than 1e-14
relative error: 0.0
Asserting relative error is smaller than 1e-14
relative error: 0.0
Asserting relative error is smaller than 1e-14
relative error: 0.0
Asserting relative error is smaller than 1e-14
relative error: 0.0
Asserting relative error is smaller than 1e-14
relative error: 0.0
Asserting relative error is smaller than 1e-14
relative error: 0.0
Asserting relative error is smaller than 1e-14
relative error: 0.0
Asserting relative error is smaller than 1e-14
relative error: 0.0
Asserting relative error is smaller than 1e-14
relative error: 0.0
Asserting relative error is smaller than 1e-14
relative error: 0.0
Asserting relative error is smaller than 1e-14
relative error: 0.0
Asserting relative error is smaller than 1e-14
relative error: 0.0
Asserting relative error is smaller than 1e-14
relative error: 0.0
Asserting relative error is smaller than 1e-14
relative error: 0.0
Asserting relative error is smaller than 1e-14
relative error: 0.0
Asserting relative error is smaller than 1e-14
relative error: 0.0
Asserting relative error is smaller than 1e-14
relative error: 0.0
Asserting relative error is smaller than 1e-14
relative error: 0.0
Asserting relative error is smaller than 1e-14
relative error: 0.0
Asserting relative error is smaller than 1e-14
relative error: 0.0
Asserting relative error is smaller than 1e-14
relative error: 0.0
Asserting relative error is smaller than 1e-14
relative error: 0.0
Asserting relative error is smaller than 1e-14
relative error: 0.0
Asserting relative error is smaller than 1e-14
relative error: 0.0
Asserting relative error is smaller than 1e-14
relative error: 0.0
Asserting relative error is smaller than 1e-14
relative error: 0.0
Asserting relative error is smaller than 1e-14
relative error: 0.0
Asserting relative error is smaller than 1e-14
relative error: 0.0
Asserting relative error is smaller than 1e-14
relative error: 0.0
Asserting relative error is smaller than 1e-14
relative error: 0.0
Asserting relative error is smaller than 1e-14
relative error: 0.0
Asserting relative error is smaller than 1e-14
relative error: 0.0
Asserting relative error is smaller than 1e-14
relative error: 0.0
Asserting relative error is smaller than 1e-14
relative error: 0.0
Asserting relative error is smaller than 1e-14
relative error: 0.0
Asserting relative error is smaller than 1e-14
relative error: 0.0
Asserting relative error is smaller than 1e-14
relative error: 0.0
Asserting relative error is smaller than 1e-14
relative error: 0.0
Asserting relative error is smaller than 1e-14
relative error: 0.0
Asserting relative error is smaller than 1e-14
relative error: 0.0
Asserting relative error is smaller than 1e-14
relative error: 0.0
Asserting relative error is smaller than 1e-14
relative error: 0.0
Asserting relative error is smaller than 1e-14
relative error: 0.0
Asserting relative error is smaller than 1e-14
relative error: 0.0
Asserting relative error is smaller than 1e-14
relative error: 0.0
Asserting relative error is smaller than 1e-14
relative error: 0.0
Asserting relative error is smaller than 1e-14
relative error: 0.0
Asserting relative error is smaller than 1e-14
relative error: 0.0
Asserting relative error is smaller than 1e-14
relative error: 0.0
Asserting relative error is smaller than 1e-14
relative error: 0.0
Asserting relative error is smaller than 1e-14
relative error: 0.0
Asserting relative error is smaller than 1e-14
relative error: 0.0
Asserting relative error is smaller than 1e-14
relative error: 0.0
Asserting relative error is smaller than 1e-14
relative error: 0.0
Asserting relative error is smaller than 1e-14
relative error: 0.0
Asserting relative error is smaller than 1e-14
relative error: 0.0
Asserting relative error is smaller than 1e-14
relative error: 0.0
Asserting relative error is smaller than 1e-14
relative error: 0.0
Asserting relative error is smaller than 1e-14
relative error: 0.0
Asserting relative error is smaller than 1e-14
relative error: 0.0
Asserting relative error is smaller than 1e-14
relative error: 0.0
Asserting relative error is smaller than 1e-14
relative error: 0.0
Asserting relative error is smaller than 1e-14
relative error: 0.0
Asserting relative error is smaller than 1e-14
relative error: 0.0
Asserting relative error is smaller than 1e-14
relative error: 0.0
Asserting relative error is smaller than 1e-14
relative error: 0.0
Asserting relative error is smaller than 1e-14
relative error: 0.0
Asserting relative error is smaller than 1e-14
relative error: 0.0
Asserting relative error is smaller than 1e-14
relative error: 0.0
Asserting relative error is smaller than 1e-14
relative error: 0.0
Asserting relative error is smaller than 1e-14
relative error: 0.0
Asserting relative error is smaller than 1e-14
relative error: 0.0
Asserting relative error is smaller than 1e-14
relative error: 0.0
Asserting relative error is smaller than 1e-14
relative error: 0.0
Asserting relative error is smaller than 1e-14
relative error: 0.0
Asserting relative error is smaller than 1e-14
relative error: 0.0
Asserting relative error is smaller than 1e-14
relative error: 0.0
Asserting relative error is smaller than 1e-14
relative error: 0.0
Asserting relative error is smaller than 1e-14
relative error: 0.0
Asserting relative error is smaller than 1e-14
relative error: 0.0
Asserting relative error is smaller than 1e-14
relative error: 0.0
Asserting relative error is smaller than 1e-14
relative error: 0.0
Asserting relative error is smaller than 1e-14
relative error: 0.0
Asserting relative error is smaller than 1e-14
relative error: 0.0
Asserting relative error is smaller than 1e-14
relative error: 0.0
Asserting relative error is smaller than 1e-14
relative error: 0.0
Asserting relative error is smaller than 1e-14
relative error: 0.0
Asserting relative error is smaller than 1e-14
relative error: 0.0
Asserting relative error is smaller than 1e-14
relative error: 0.0
Asserting relative error is smaller than 1e-14
relative error: 0.0
Asserting relative error is smaller than 1e-14
relative error: 0.0
Asserting relative error is smaller than 1e-14
relative error: 0.0
Asserting relative error is smaller than 1e-14
relative error: 0.0
Asserting relative error is smaller than 1e-14
relative error: 0.0
Asserting relative error is smaller than 1e-14
relative error: 0.0
Asserting relative error is smaller than 1e-14
relative error: 0.0
Asserting relative error is smaller than 1e-14
relative error: 0.0
Asserting relative error is smaller than 1e-14
relative error: 0.0
Asserting relative error is smaller than 1e-14
relative error: 0.0
Asserting relative error is smaller than 1e-14
relative error: 0.0
Asserting relative error is smaller than 1e-14
relative error: 0.0
Asserting relative error is smaller than 1e-14
relative error: 0.0
Asserting relative error is smaller than 1e-14
relative error: 0.0
Asserting relative error is smaller than 1e-14
relative error: 0.0
Asserting relative error is smaller than 1e-14
relative error: 0.0
Asserting relative error is smaller than 1e-14
relative error: 0.0
Asserting relative error is smaller than 1e-14
relative error: 0.0
Asserting relative error is smaller than 1e-14
relative error: 0.0
Asserting relative error is smaller than 1e-14
relative error: 0.0
Asserting relative error is smaller than 1e-14
relative error: 0.0
Asserting relative error is smaller than 1e-14
relative error: 0.0
Asserting relative error is smaller than 1e-14
relative error: 0.0
Asserting relative error is smaller than 1e-14
relative error: 0.0
Asserting relative error is smaller than 1e-14
relative error: 0.0
Asserting relative error is smaller than 1e-14
relative error: 0.0
Asserting relative error is smaller than 1e-14
relative error: 0.0
Asserting relative error is smaller than 1e-14
relative error: 0.0
Asserting relative error is smaller than 1e-14
relative error: 0.0
Asserting relative error is smaller than 1e-14
relative error: 0.0
Asserting relative error is smaller than 1e-14
relative error: 0.0
Asserting relative error is smaller than 1e-14
relative error: 0.0
Asserting relative error is smaller than 1e-14
relative error: 0.0
Asserting relative error is smaller than 1e-14
relative error: 0.0
Asserting relative error is smaller than 1e-14
relative error: 0.0
Asserting relative error is smaller than 1e-14
relative error: 0.0
Asserting relative error is smaller than 1e-14
relative error: 0.0
Asserting relative error is smaller than 1e-14
relative error: 0.0
Asserting relative error is smaller than 1e-14
relative error: 0.0
Asserting relative error is smaller than 1e-14
relative error: 0.0
Asserting relative error is smaller than 1e-14
relative error: 0.0
Asserting relative error is smaller than 1e-14
relative error: 0.0
Asserting relative error is smaller than 1e-14
relative error: 0.0
Asserting relative error is smaller than 1e-14
relative error: 0.0
Asserting relative error is smaller than 1e-14
relative error: 0.0
Asserting relative error is smaller than 1e-14
relative error: 0.0
Asserting relative error is smaller than 1e-14
relative error: 0.0
Asserting relative error is smaller than 1e-14
relative error: 0.0
Asserting relative error is smaller than 1e-14
relative error: 0.0
Asserting relative error is smaller than 1e-14
relative error: 0.0
Asserting relative error is smaller than 1e-14
relative error: 0.0
Asserting relative error is smaller than 1e-14
relative error: 0.0
Asserting relative error is smaller than 1e-14
relative error: 0.0
Asserting relative error is smaller than 1e-14
relative error: 0.0
Asserting relative error is smaller than 1e-14
relative error: 0.0
Asserting relative error is smaller than 1e-14
relative error: 0.0
Asserting relative error is smaller than 1e-14
relative error: 0.0
Asserting relative error is smaller than 1e-14
relative error: 0.0
Asserting relative error is smaller than 1e-14
relative error: 0.0
Asserting relative error is smaller than 1e-14
relative error: 0.0
Asserting relative error is smaller than 1e-14
relative error: 0.0
Asserting relative error is smaller than 1e-14
relative error: 0.0
Asserting relative error is smaller than 1e-14
relative error: 0.0
Asserting relative error is smaller than 1e-14
relative error: 0.0
Asserting relative error is smaller than 1e-14
relative error: 0.0
Asserting relative error is smaller than 1e-14
relative error: 0.0
Asserting relative error is smaller than 1e-14
relative error: 0.0
Asserting relative error is smaller than 1e-14
relative error: 0.0
Asserting relative error is smaller than 1e-14
relative error: 0.0
Asserting relative error is smaller than 1e-14
relative error: 0.0
Asserting relative error is smaller than 1e-14
relative error: 0.0
Asserting relative error is smaller than 1e-14
relative error: 0.0
Asserting relative error is smaller than 1e-14
relative error: 0.0
Asserting relative error is smaller than 1e-14
relative error: 0.0
Asserting relative error is smaller than 1e-14
relative error: 0.0
Asserting relative error is smaller than 1e-14
relative error: 0.0
Asserting relative error is smaller than 1e-14
relative error: 0.0
Asserting relative error is smaller than 1e-14
relative error: 0.0
Asserting relative error is smaller than 1e-14
relative error: 0.0
Asserting relative error is smaller than 1e-14
relative error: 0.0
Asserting relative error is smaller than 1e-14
relative error: 0.0
Asserting relative error is smaller than 1e-14
relative error: 0.0
Asserting relative error is smaller than 1e-14
relative error: 0.0
Asserting relative error is smaller than 1e-14
relative error: 0.0
Asserting relative error is smaller than 1e-14
relative error: 0.0
Asserting relative error is smaller than 1e-14
relative error: 0.0
Asserting relative error is smaller than 1e-14
relative error: 0.0
Asserting relative error is smaller than 1e-14
relative error: 0.0
Asserting relative error is smaller than 1e-14
relative error: 0.0
Asserting relative error is smaller than 1e-14
relative error: 0.0
Asserting relative error is smaller than 1e-14
relative error: 0.0
Asserting relative error is smaller than 1e-14
relative error: 0.0
Asserting relative error is smaller than 1e-14
relative error: 0.0
Asserting relative error is smaller than 1e-14
relative error: 0.0
Asserting relative error is smaller than 1e-14
relative error: 0.0
Asserting relative error is smaller than 1e-14
relative error: 0.0
Asserting relative error is smaller than 1e-14
relative error: 0.0
Asserting relative error is smaller than 1e-14
relative error: 0.0
Asserting relative error is smaller than 1e-14
relative error: 0.0
Asserting relative error is smaller than 1e-14
relative error: 0.0
Asserting relative error is smaller than 1e-14
relative error: 0.0
Asserting relative error is smaller than 1e-14
relative error: 0.0
Asserting relative error is smaller than 1e-14
relative error: 0.0
Asserting relative error is smaller than 1e-14
relative error: 0.0
Asserting relative error is smaller than 1e-14
relative error: 0.0
Asserting relative error is smaller than 1e-14
relative error: 0.0
Asserting relative error is smaller than 1e-14
relative error: 0.0
Asserting relative error is smaller than 1e-14
relative error: 0.0
Asserting relative error is smaller than 1e-14
relative error: 0.0
Asserting relative error is smaller than 1e-14
relative error: 0.0
Asserting relative error is smaller than 1e-14
relative error: 0.0
Asserting relative error is smaller than 1e-14
relative error: 0.0
Asserting relative error is smaller than 1e-14
relative error: 0.0
Asserting relative error is smaller than 1e-14
relative error: 0.0
Asserting relative error is smaller than 1e-14
relative error: 0.0
Asserting relative error is smaller than 1e-14
relative error: 0.0
Asserting relative error is smaller than 1e-14
relative error: 0.0
Asserting relative error is smaller than 1e-14
relative error: 0.0
Asserting relative error is smaller than 1e-14
relative error: 0.0
Asserting relative error is smaller than 1e-14
relative error: 0.0
Asserting relative error is smaller than 1e-14
relative error: 0.0
Asserting relative error is smaller than 1e-14
relative error: 0.0
Asserting relative error is smaller than 1e-14
relative error: 0.0
Asserting relative error is smaller than 1e-14
relative error: 0.0
Asserting relative error is smaller than 1e-14
relative error: 0.0
Asserting relative error is smaller than 1e-14
relative error: 0.0
Asserting relative error is smaller than 1e-14
relative error: 0.0
Asserting relative error is smaller than 1e-14
relative error: 0.0
Asserting relative error is smaller than 1e-14
relative error: 0.0
Asserting relative error is smaller than 1e-14
relative error: 0.0
Asserting relative error is smaller than 1e-14
relative error: 0.0
Asserting relative error is smaller than 1e-14
relative error: 0.0
Asserting relative error is smaller than 1e-14
relative error: 0.0
Asserting relative error is smaller than 1e-14
relative error: 0.0
Asserting relative error is smaller than 1e-14
relative error: 0.0
Asserting relative error is smaller than 1e-14
relative error: 0.0
Asserting relative error is smaller than 1e-14
relative error: 0.0
Asserting relative error is smaller than 1e-14
relative error: 0.0
Asserting relative error is smaller than 1e-14
relative error: 0.0
Asserting relative error is smaller than 1e-14
relative error: 0.0
Asserting relative error is smaller than 1e-14
relative error: 0.0
Asserting relative error is smaller than 1e-14
relative error: 0.0
Asserting relative error is smaller than 1e-14
relative error: 0.0
Asserting relative error is smaller than 1e-14
relative error: 0.0
Asserting relative error is smaller than 1e-14
relative error: 0.0
Asserting relative error is smaller than 1e-14
relative error: 0.0
Asserting relative error is smaller than 1e-14
relative error: 0.0
Asserting relative error is smaller than 1e-14
relative error: 0.0
Asserting relative error is smaller than 1e-14
relative error: 0.0
Asserting relative error is smaller than 1e-14
relative error: 0.0
Asserting relative error is smaller than 1e-14
relative error: 0.0
Asserting relative error is smaller than 1e-14
relative error: 0.0
Asserting relative error is smaller than 1e-14
relative error: 0.0
Asserting relative error is smaller than 1e-14
relative error: 0.0
Asserting relative error is smaller than 1e-14
relative error: 0.0
Asserting relative error is smaller than 1e-14
relative error: 0.0
Asserting relative error is smaller than 1e-14
relative error: 0.0
Asserting relative error is smaller than 1e-14
relative error: 0.0
Asserting relative error is smaller than 1e-14
relative error: 0.0
Asserting relative error is smaller than 1e-14
relative error: 0.0
Asserting relative error is smaller than 1e-14
relative error: 0.0
Asserting relative error is smaller than 1e-14
relative error: 0.0
Asserting relative error is smaller than 1e-14
relative error: 0.0
Asserting relative error is smaller than 1e-14
relative error: 0.0
Asserting relative error is smaller than 1e-14
relative error: 0.0
Asserting relative error is smaller than 1e-14
relative error: 0.0
Asserting relative error is smaller than 1e-14
relative error: 0.0
Asserting relative error is smaller than 1e-14
relative error: 0.0
Asserting relative error is smaller than 1e-14
relative error: 0.0
Asserting relative error is smaller than 1e-14
relative error: 0.0
Asserting relative error is smaller than 1e-14
relative error: 0.0
Asserting relative error is smaller than 1e-14
relative error: 0.0
Asserting relative error is smaller than 1e-14
relative error: 0.0
Asserting relative error is smaller than 1e-14
relative error: 0.0
Asserting relative error is smaller than 1e-14
relative error: 0.0
Asserting relative error is smaller than 1e-14
relative error: 0.0
Asserting relative error is smaller than 1e-14
relative error: 0.0
Asserting relative error is smaller than 1e-14
relative error: 0.0
Asserting relative error is smaller than 1e-14
relative error: 0.0
Asserting relative error is smaller than 1e-14
relative error: 0.0
Asserting relative error is smaller than 1e-14
relative error: 0.0
Asserting relative error is smaller than 1e-14
relative error: 0.0
Asserting relative error is smaller than 1e-14
relative error: 0.0
Asserting relative error is smaller than 1e-14
relative error: 0.0
Asserting relative error is smaller than 1e-14
relative error: 0.0
Asserting relative error is smaller than 1e-14
relative error: 0.0
Asserting relative error is smaller than 1e-14
relative error: 0.0
Asserting relative error is smaller than 1e-14
relative error: 0.0
Asserting relative error is smaller than 1e-14
relative error: 0.0
Asserting relative error is smaller than 1e-14
relative error: 0.0
Asserting relative error is smaller than 1e-14
relative error: 0.0
Asserting relative error is smaller than 1e-14
relative error: 0.0
Asserting relative error is smaller than 1e-14
relative error: 0.0
Asserting relative error is smaller than 1e-14
relative error: 0.0
Asserting relative error is smaller than 1e-14
relative error: 0.0
Asserting relative error is smaller than 1e-14
relative error: 0.0
Asserting relative error is smaller than 1e-14
relative error: 0.0
Asserting relative error is smaller than 1e-14
relative error: 0.0
Asserting relative error is smaller than 1e-14
relative error: 0.0
Asserting relative error is smaller than 1e-14
relative error: 0.0
Asserting relative error is smaller than 1e-14
relative error: 0.0
Asserting relative error is smaller than 1e-14
relative error: 0.0
Asserting relative error is smaller than 1e-14
relative error: 0.0
Asserting relative error is smaller than 1e-14
relative error: 0.0
Asserting relative error is smaller than 1e-14
relative error: 0.0
Asserting relative error is smaller than 1e-14
relative error: 0.0
Asserting relative error is smaller than 1e-14
relative error: 0.0
Asserting relative error is smaller than 1e-14
relative error: 0.0
Asserting relative error is smaller than 1e-14
relative error: 0.0
Asserting relative error is smaller than 1e-14
relative error: 0.0
Asserting relative error is smaller than 1e-14
relative error: 0.0
Asserting relative error is smaller than 1e-14
relative error: 0.0
Asserting relative error is smaller than 1e-14
relative error: 0.0
Asserting relative error is smaller than 1e-14
relative error: 0.0
Asserting relative error is smaller than 1e-14
relative error: 0.0
Asserting relative error is smaller than 1e-14
relative error: 0.0
Asserting relative error is smaller than 1e-14
relative error: 0.0
Asserting relative error is smaller than 1e-14
relative error: 0.0
Asserting relative error is smaller than 1e-14
relative error: 0.0
Asserting relative error is smaller than 1e-14
relative error: 0.0
Asserting relative error is smaller than 1e-14
relative error: 0.0
Asserting relative error is smaller than 1e-14
relative error: 0.0
Asserting relative error is smaller than 1e-14
relative error: 0.0
Asserting relative error is smaller than 1e-14
relative error: 0.0
Asserting relative error is smaller than 1e-14
relative error: 0.0
Asserting relative error is smaller than 1e-14
relative error: 0.0
Asserting relative error is smaller than 1e-14
relative error: 0.0
Asserting relative error is smaller than 1e-14
relative error: 0.0
Asserting relative error is smaller than 1e-14
relative error: 0.0
Asserting relative error is smaller than 1e-14
relative error: 0.0
Asserting relative error is smaller than 1e-14
relative error: 0.0
Asserting relative error is smaller than 1e-14
relative error: 0.0
Asserting relative error is smaller than 1e-14
relative error: 0.0
Asserting relative error is smaller than 1e-14
relative error: 0.0
Asserting relative error is smaller than 1e-14
relative error: 0.0
Asserting relative error is smaller than 1e-14
relative error: 0.0
Asserting relative error is smaller than 1e-14
relative error: 0.0
Asserting relative error is smaller than 1e-14
relative error: 0.0
Asserting relative error is smaller than 1e-14
relative error: 0.0
Asserting relative error is smaller than 1e-14
relative error: 0.0
Asserting relative error is smaller than 1e-14
relative error: 0.0
Asserting relative error is smaller than 1e-14
relative error: 0.0
Asserting relative error is smaller than 1e-14
relative error: 0.0
Asserting relative error is smaller than 1e-14
relative error: 0.0
Asserting relative error is smaller than 1e-14
relative error: 0.0
Asserting relative error is smaller than 1e-14
relative error: 0.0
Asserting relative error is smaller than 1e-14
relative error: 0.0
Asserting relative error is smaller than 1e-14
relative error: 0.0
Asserting relative error is smaller than 1e-14
relative error: 0.0
Asserting relative error is smaller than 1e-14
relative error: 0.0
Asserting relative error is smaller than 1e-14
relative error: 0.0
Asserting relative error is smaller than 1e-14
relative error: 0.0
Asserting relative error is smaller than 1e-14
relative error: 0.0
Asserting relative error is smaller than 1e-14
relative error: 0.0
Asserting relative error is smaller than 1e-14
relative error: 0.0
Asserting relative error is smaller than 1e-14
relative error: 0.0
Asserting relative error is smaller than 1e-14
relative error: 0.0
Asserting relative error is smaller than 1e-14
relative error: 0.0
Asserting relative error is smaller than 1e-14
relative error: 0.0
Asserting relative error is smaller than 1e-14
relative error: 0.0
Asserting relative error is smaller than 1e-14
relative error: 0.0
Asserting relative error is smaller than 1e-14
relative error: 0.0
Asserting relative error is smaller than 1e-14
relative error: 0.0
Asserting relative error is smaller than 1e-14
relative error: 0.0
Asserting relative error is smaller than 1e-14
relative error: 0.0
Asserting relative error is smaller than 1e-14
relative error: 0.0
Asserting relative error is smaller than 1e-14
relative error: 0.0
Asserting relative error is smaller than 1e-14
relative error: 0.0
Asserting relative error is smaller than 1e-14
relative error: 0.0
Asserting relative error is smaller than 1e-14
relative error: 0.0
Asserting relative error is smaller than 1e-14
relative error: 0.0
Asserting relative error is smaller than 1e-14
relative error: 0.0
Asserting relative error is smaller than 1e-14
relative error: 0.0
Asserting relative error is smaller than 1e-14
relative error: 0.0
Asserting relative error is smaller than 1e-14
relative error: 0.0
Asserting relative error is smaller than 1e-14
relative error: 0.0
Asserting relative error is smaller than 1e-14
relative error: 0.0
Asserting relative error is smaller than 1e-14
relative error: 0.0
Asserting relative error is smaller than 1e-14
relative error: 0.0
Asserting relative error is smaller than 1e-14
relative error: 0.0
Asserting relative error is smaller than 1e-14
relative error: 0.0
Asserting relative error is smaller than 1e-14
relative error: 0.0
Asserting relative error is smaller than 1e-14
relative error: 0.0
Asserting relative error is smaller than 1e-14
relative error: 0.0
Asserting relative error is smaller than 1e-14
relative error: 0.0
Asserting relative error is smaller than 1e-14
relative error: 0.0
Asserting relative error is smaller than 1e-14
relative error: 0.0
Asserting relative error is smaller than 1e-14
relative error: 0.0
Asserting relative error is smaller than 1e-14
relative error: 0.0
Asserting relative error is smaller than 1e-14
relative error: 0.0
Asserting relative error is smaller than 1e-14
relative error: 0.0
Asserting relative error is smaller than 1e-14
relative error: 0.0
Asserting relative error is smaller than 1e-14
relative error: 0.0
Asserting relative error is smaller than 1e-14
relative error: 0.0
Asserting relative error is smaller than 1e-14
relative error: 0.0
Asserting relative error is smaller than 1e-14
relative error: 0.0
Asserting relative error is smaller than 1e-14
relative error: 0.0
Asserting relative error is smaller than 1e-14
relative error: 0.0
Asserting relative error is smaller than 1e-14
relative error: 0.0
Asserting relative error is smaller than 1e-14
relative error: 0.0
Asserting relative error is smaller than 1e-14
relative error: 0.0
bc_from_field: success.
</system-out>
		</testcase>
		<testcase name="i-th and j-th component of Velocity BC are assigned correctly" classname="short.bc_from_field">
			<system-out>Asserting relative error is smaller than 1e-14
relative error: 0.0
Asserting absolute error is smaller than 1e-14
absolute error: 0.0
Asserting relative error is smaller than 1e-14
relative error: 0.0
Asserting relative error is smaller than 1e-14
relative error: 0.0
Asserting relative error is smaller than 1e-14
relative error: 0.0
Asserting relative error is smaller than 1e-14
relative error: 0.0
Asserting relative error is smaller than 1e-14
relative error: 0.0
Asserting absolute error is smaller than 1e-14
absolute error: 0.0
Asserting relative error is smaller than 1e-14
relative error: 0.0
Asserting relative error is smaller than 1e-14
relative error: 0.0
Asserting relative error is smaller than 1e-14
relative error: 0.0
Asserting relative error is smaller than 1e-14
relative error: 0.0
Asserting relative error is smaller than 1e-14
relative error: 0.0
Asserting relative error is smaller than 1e-14
relative error: 0.0
Asserting relative error is smaller than 1e-14
relative error: 0.0
Asserting relative error is smaller than 1e-14
relative error: 0.0
Asserting relative error is smaller than 1e-14
relative error: 0.0
Asserting relative error is smaller than 1e-14
relative error: 0.0
Asserting relative error is smaller than 1e-14
relative error: 0.0
Asserting relative error is smaller than 1e-14
relative error: 0.0
Asserting relative error is smaller than 1e-14
relative error: 0.0
Asserting relative error is smaller than 1e-14
relative error: 0.0
Asserting relative error is smaller than 1e-14
relative error: 0.0
Asserting relative error is smaller than 1e-14
relative error: 0.0
Asserting relative error is smaller than 1e-14
relative error: 0.0
Asserting relative error is smaller than 1e-14
relative error: 0.0
Asserting relative error is smaller than 1e-14
relative error: 0.0
Asserting relative error is smaller than 1e-14
relative error: 0.0
Asserting relative error is smaller than 1e-14
relative error: 0.0
Asserting relative error is smaller than 1e-14
relative error: 0.0
Asserting relative error is smaller than 1e-14
relative error: 0.0
Asserting relative error is smaller than 1e-14
relative error: 0.0
Asserting relative error is smaller than 1e-14
relative error: 0.0
Asserting relative error is smaller than 1e-14
relative error: 0.0
Asserting relative error is smaller than 1e-14
relative error: 0.0
Asserting relative error is smaller than 1e-14
relative error: 0.0
Asserting relative error is smaller than 1e-14
relative error: 0.0
Asserting relative error is smaller than 1e-14
relative error: 0.0
Asserting relative error is smaller than 1e-14
relative error: 0.0
Asserting relative error is smaller than 1e-14
relative error: 0.0
Asserting relative error is smaller than 1e-14
relative error: 0.0
Asserting relative error is smaller than 1e-14
relative error: 0.0
Asserting relative error is smaller than 1e-14
relative error: 0.0
Asserting relative error is smaller than 1e-14
relative error: 0.0
Asserting relative error is smaller than 1e-14
relative error: 0.0
Asserting absolute error is smaller than 1e-14
absolute error: 0.0
Asserting relative error is smaller than 1e-14
relative error: 0.0
Asserting absolute error is smaller than 1e-14
absolute error: 0.0
Asserting relative error is smaller than 1e-14
relative error: 0.0
Asserting absolute error is smaller than 1e-14
absolute error: 0.0
Asserting relative error is smaller than 1e-14
relative error: 0.0
Asserting absolute error is smaller than 1e-14
absolute error: 0.0
Asserting relative error is smaller than 1e-14
relative error: 0.0
Asserting absolute error is smaller than 1e-14
absolute error: 0.0
Asserting relative error is smaller than 1e-14
relative error: 0.0
Asserting absolute error is smaller than 1e-14
absolute error: 0.0
Asserting relative error is smaller than 1e-14
relative error: 0.0
Asserting absolute error is smaller than 1e-14
absolute error: 0.0
Asserting relative error is smaller than 1e-14
relative error: 0.0
Asserting absolute error is smaller than 1e-14
absolute error: 0.0
Asserting relative error is smaller than 1e-14
relative error: 0.0
Asserting absolute error is smaller than 1e-14
absolute error: 0.0
Asserting relative error is smaller than 1e-14
relative error: 0.0
Asserting absolute error is smaller than 1e-14
absolute error: 0.0
Asserting relative error is smaller than 1e-14
relative error: 0.0
Asserting absolute error is smaller than 1e-14
absolute error: 0.0
Asserting relative error is smaller than 1e-14
relative error: 0.0
Asserting absolute error is smaller than 1e-14
absolute error: 0.0
Asserting relative error is smaller than 1e-14
relative error: 0.0
Asserting absolute error is smaller than 1e-14
absolute error: 0.0
Asserting relative error is smaller than 1e-14
relative error: 0.0
Asserting absolute error is smaller than 1e-14
absolute error: 0.0
Asserting relative error is smaller than 1e-14
relative error: 0.0
Asserting absolute error is smaller than 1e-14
absolute error: 0.0
Asserting relative error is smaller than 1e-14
relative error: 0.0
Asserting absolute error is smaller than 1e-14
absolute error: 0.0
Asserting relative error is smaller than 1e-14
relative error: 0.0
Asserting absolute error is smaller than 1e-14
absolute error: 0.0
Asserting relative error is smaller than 1e-14
relative error: 0.0
Asserting absolute error is smaller than 1e-14
absolute error: 0.0
Asserting relative error is smaller than 1e-14
relative error: 0.0
Asserting relative error is smaller than 1e-14
relative error: 0.0
Asserting relative error is smaller than 1e-14
relative error: 0.0
Asserting relative error is smaller than 1e-14
relative error: 0.0
Asserting relative error is smaller than 1e-14
relative error: 0.0
Asserting relative error is smaller than 1e-14
relative error: 0.0
Asserting relative error is smaller than 1e-14
relative error: 0.0
Asserting relative error is smaller than 1e-14
relative error: 0.0
Asserting relative error is smaller than 1e-14
relative error: 0.0
Asserting relative error is smaller than 1e-14
relative error: 0.0
Asserting relative error is smaller than 1e-14
relative error: 0.0
Asserting relative error is smaller than 1e-14
relative error: 0.0
Asserting relative error is smaller than 1e-14
relative error: 0.0
Asserting relative error is smaller than 1e-14
relative error: 0.0
Asserting relative error is smaller than 1e-14
relative error: 0.0
Asserting relative error is smaller than 1e-14
relative error: 0.0
Asserting relative error is smaller than 1e-14
relative error: 0.0
Asserting relative error is smaller than 1e-14
relative error: 0.0
Asserting relative error is smaller than 1e-14
relative error: 0.0
Asserting relative error is smaller than 1e-14
relative error: 0.0
Asserting relative error is smaller than 1e-14
relative error: 0.0
Asserting relative error is smaller than 1e-14
relative error: 0.0
Asserting relative error is smaller than 1e-14
relative error: 0.0
Asserting relative error is smaller than 1e-14
relative error: 0.0
Asserting relative error is smaller than 1e-14
relative error: 0.0
Asserting relative error is smaller than 1e-14
relative error: 0.0
Asserting relative error is smaller than 1e-14
relative error: 0.0
Asserting relative error is smaller than 1e-14
relative error: 0.0
Asserting relative error is smaller than 1e-14
relative error: 0.0
Asserting relative error is smaller than 1e-14
relative error: 0.0
Asserting relative error is smaller than 1e-14
relative error: 0.0
Asserting relative error is smaller than 1e-14
relative error: 0.0
Asserting relative error is smaller than 1e-14
relative error: 0.0
Asserting relative error is smaller than 1e-14
relative error: 0.0
Asserting relative error is smaller than 1e-14
relative error: 0.0
Asserting relative error is smaller than 1e-14
relative error: 0.0
Asserting relative error is smaller than 1e-14
relative error: 0.0
Asserting relative error is smaller than 1e-14
relative error: 0.0
Asserting relative error is smaller than 1e-14
relative error: 0.0
Asserting relative error is smaller than 1e-14
relative error: 0.0
Asserting relative error is smaller than 1e-14
relative error: 0.0
Asserting relative error is smaller than 1e-14
relative error: 0.0
Asserting relative error is smaller than 1e-14
relative error: 0.0
Asserting relative error is smaller than 1e-14
relative error: 0.0
Asserting relative error is smaller than 1e-14
relative error: 0.0
Asserting relative error is smaller than 1e-14
relative error: 0.0
Asserting relative error is smaller than 1e-14
relative error: 0.0
Asserting relative error is smaller than 1e-14
relative error: 0.0
Asserting relative error is smaller than 1e-14
relative error: 0.0
Asserting relative error is smaller than 1e-14
relative error: 0.0
Asserting relative error is smaller than 1e-14
relative error: 0.0
Asserting relative error is smaller than 1e-14
relative error: 0.0
Asserting relative error is smaller than 1e-14
relative error: 0.0
Asserting relative error is smaller than 1e-14
relative error: 0.0
Asserting relative error is smaller than 1e-14
relative error: 0.0
Asserting relative error is smaller than 1e-14
relative error: 0.0
Asserting relative error is smaller than 1e-14
relative error: 0.0
Asserting relative error is smaller than 1e-14
relative error: 0.0
Asserting relative error is smaller than 1e-14
relative error: 0.0
Asserting relative error is smaller than 1e-14
relative error: 0.0
Asserting relative error is smaller than 1e-14
relative error: 0.0
Asserting relative error is smaller than 1e-14
relative error: 0.0
Asserting relative error is smaller than 1e-14
relative error: 0.0
Asserting relative error is smaller than 1e-14
relative error: 0.0
Asserting relative error is smaller than 1e-14
relative error: 0.0
Asserting relative error is smaller than 1e-14
relative error: 0.0
Asserting relative error is smaller than 1e-14
relative error: 0.0
Asserting relative error is smaller than 1e-14
relative error: 0.0
Asserting relative error is smaller than 1e-14
relative error: 0.0
Asserting relative error is smaller than 1e-14
relative error: 0.0
Asserting relative error is smaller than 1e-14
relative error: 0.0
Asserting relative error is smaller than 1e-14
relative error: 0.0
bc_from_field: success.
</system-out>
		</testcase>
		<testcase name="Periodic adaptivity in 3D" time="5.887814" classname="short.periodic_adaptivity_3d"/>
		<testcase name="Solvers converged" classname="short.periodic_adaptivity_3d">
			<system-out>periodic_adaptivity_3d: success.
</system-out>
		</testcase>
		<testcase name="completion" classname="short.periodic_adaptivity_3d">
			<system-out>periodic_adaptivity_3d: success.
</system-out>
		</testcase>
		<testcase name="references" classname="short.periodic_adaptivity_3d">
			<system-out>periodic_adaptivity_3d: success.
</system-out>
		</testcase>
		<testcase name="consistent_max" classname="short.periodic_adaptivity_3d">
			<system-out>Asserting relative error is smaller than 1e-10
relative error: 0.0
periodic_adaptivity_3d: success.
</system-out>
		</testcase>
		<testcase name="Stokes-Subduction-VK-Case-1b" time="20.816225" classname="short.Stokes_Subduction_VK_Case_1b"/>
		<testcase name="Solvers converged" classname="short.Stokes_Subduction_VK_Case_1b">
			<system-out>Stokes_Subduction_VK_Case_1b: success.
</system-out>
		</testcase>
		<testcase name="Temperature at (60,-60)km: 377.5K .lt. T .lt. 382.5K" classname="short.Stokes_Subduction_VK_Case_1b">
			<system-out>Stokes_Subduction_VK_Case_1b: success.
</system-out>
		</testcase>
		<testcase name="Temperature along slab surface: 497K .lt. TL2SLAB .lt. 503K" classname="short.Stokes_Subduction_VK_Case_1b">
			<system-out>Stokes_Subduction_VK_Case_1b: success.
</system-out>
		</testcase>
		<testcase name="Temperature in the wedge: 850.0K .lt. TL2WEDGE .lt. 860.0K" classname="short.Stokes_Subduction_VK_Case_1b">
			<system-out>Stokes_Subduction_VK_Case_1b: success.
</system-out>
		</testcase>
		<testcase name="Horizontal Pressure Gradient at (66,-54)km: 57350 Pa/m .lt. HORIZ_GRADIENT_ONE .lt. 57600Pa/m" classname="short.Stokes_Subduction_VK_Case_1b">
			<system-out>Stokes_Subduction_VK_Case_1b: success.
</system-out>
		</testcase>
		<testcase name="Vertical Pressure Gradient at (66,-54)km: 14965Pa/m .lt. VERTICAL_GRADIENT_ONE .lt. 15165Pa/m" classname="short.Stokes_Subduction_VK_Case_1b">
			<system-out>Stokes_Subduction_VK_Case_1b: success.
</system-out>
		</testcase>
		<testcase name="Horizontal Pressure Gradient at (594,-354)km:  29.00Pa/m .lt. HORIZ_GRADIENT_TWO .lt. 29.40Pa/m" classname="short.Stokes_Subduction_VK_Case_1b">
			<system-out>Stokes_Subduction_VK_Case_1b: success.
</system-out>
		</testcase>
		<testcase name="Vertical Pressure Gradient at (594,-354)km: 27.0Pa/m .lt. VERTICAL_GRADIENT_TWO .lt. 27.6Pa/m" classname="short.Stokes_Subduction_VK_Case_1b">
			<system-out>Stokes_Subduction_VK_Case_1b: success.
</system-out>
		</testcase>
		<testcase name="p1cv advection equation spatial convergence test" time="3.195358" classname="short.mms_tracer_cv_adv_excludemass"/>
		<testcase name="Solvers converged" classname="short.mms_tracer_cv_adv_excludemass">
			<system-out>mms_tracer_cv_adv_excludemass: success.
</system-out>
		</testcase>
		<testcase name="ab_convergence_stat: L2 order in [0.5,0.9]" classname="short.mms_tracer_cv_adv_excludemass">
			<system-out>mms_tracer_cv_adv_excludemass: success.
</system-out>
		</testcase>
		<testcase name="bc_convergence_stat: L2 order in [0.55,0.95]" classname="short.mms_tracer_cv_adv_excludemass">
			<system-out>mms_tracer_cv_adv_excludemass: success.
</system-out>
		</testcase>
		<testcase name="cd_convergence_stat: L2 order in [0.8,1.2]" classname="short.mms_tracer_cv_adv_excludemass">
			<system-out>mms_tracer_cv_adv_excludemass: success.
</system-out>
		</testcase>
		<testcase name="checking A finished in less than 3.0" classname="short.mms_tracer_cv_adv_excludemass">
			<system-out>mms_tracer_cv_adv_excludemass: success.
</system-out>
		</testcase>
		<testcase name="checking B finished in less than 2.0" classname="short.mms_tracer_cv_adv_excludemass">
			<system-out>mms_tracer_cv_adv_excludemass: success.
</system-out>
		</testcase>
		<testcase name="checking C finished in less than 1.5" classname="short.mms_tracer_cv_adv_excludemass">
			<system-out>mms_tracer_cv_adv_excludemass: success.
</system-out>
		</testcase>
		<testcase name="checking D finished in less than 1.5" classname="short.mms_tracer_cv_adv_excludemass">
			<system-out>mms_tracer_cv_adv_excludemass: success.
</system-out>
		</testcase>
		<testcase name="checking steady state was reached in A" classname="short.mms_tracer_cv_adv_excludemass">
			<system-out>mms_tracer_cv_adv_excludemass: success.
</system-out>
		</testcase>
		<testcase name="checking steady state was reached in B" classname="short.mms_tracer_cv_adv_excludemass">
			<system-out>mms_tracer_cv_adv_excludemass: success.
</system-out>
		</testcase>
		<testcase name="checking steady state was reached in C" classname="short.mms_tracer_cv_adv_excludemass">
			<system-out>mms_tracer_cv_adv_excludemass: success.
</system-out>
		</testcase>
		<testcase name="checking steady state was reached in D" classname="short.mms_tracer_cv_adv_excludemass">
			<system-out>mms_tracer_cv_adv_excludemass: success.
</system-out>
		</testcase>
		<testcase name="add_src_directly_1d_2grp_hom_zerobc_eig_p1cv" time="19.957128" classname="short.add_src_directly_1d_2grp_hom_zerobc_eig_p1cv"/>
		<testcase name="Check Eigenvalue_A against PANTHER reference with tolerance 9.9e-03" classname="short.add_src_directly_1d_2grp_hom_zerobc_eig_p1cv">
			<system-out>Relative error compared to reference:  0.009890094893773238
add_src_directly_1d_2grp_hom_zerobc_eig_p1cv: success.
</system-out>
		</testcase>
		<testcase name="Check Eigenvalue_B against PANTHER reference with tolerance 5.4e-03" classname="short.add_src_directly_1d_2grp_hom_zerobc_eig_p1cv">
			<system-out>Relative error compared to reference:  0.005338566945584433
add_src_directly_1d_2grp_hom_zerobc_eig_p1cv: success.
</system-out>
		</testcase>
		<testcase name="Check Eigenvalue_C against PANTHER reference with tolerance 3.9e-04" classname="short.add_src_directly_1d_2grp_hom_zerobc_eig_p1cv">
			<system-out>Relative error compared to reference:  0.00038722707513572097
add_src_directly_1d_2grp_hom_zerobc_eig_p1cv: success.
</system-out>
		</testcase>
		<testcase name="Check Eigenvalue_D against PANTHER reference with tolerance 1.1e-04" classname="short.add_src_directly_1d_2grp_hom_zerobc_eig_p1cv">
			<system-out>Relative error compared to reference:  0.0001067666520661037
add_src_directly_1d_2grp_hom_zerobc_eig_p1cv: success.
</system-out>
		</testcase>
		<testcase name="Check Eigenvalue_A against fine mesh (mesh size 0.001, number of vele 44500) cg reference with tolerance 9.9e-03" classname="short.add_src_directly_1d_2grp_hom_zerobc_eig_p1cv">
			<system-out>Relative error compared to reference:  0.009876957669953943
add_src_directly_1d_2grp_hom_zerobc_eig_p1cv: success.
</system-out>
		</testcase>
		<testcase name="Check Eigenvalue_B against fine mesh (mesh size 0.001, number of vele 44500) cg reference with tolerance 5.4e-03" classname="short.add_src_directly_1d_2grp_hom_zerobc_eig_p1cv">
			<system-out>Relative error compared to reference:  0.0053253693300439105
add_src_directly_1d_2grp_hom_zerobc_eig_p1cv: success.
</system-out>
		</testcase>
		<testcase name="Check Eigenvalue_C against fine mesh (mesh size 0.001, number of vele 44500) cg reference with tolerance 3.8e-04" classname="short.add_src_directly_1d_2grp_hom_zerobc_eig_p1cv">
			<system-out>Relative error compared to reference:  0.0003739637629894498
add_src_directly_1d_2grp_hom_zerobc_eig_p1cv: success.
</system-out>
		</testcase>
		<testcase name="Check Eigenvalue_D against fine mesh (mesh size 0.001, number of vele 44500) cg reference with tolerance 1.0e-04" classname="short.add_src_directly_1d_2grp_hom_zerobc_eig_p1cv">
			<system-out>Relative error compared to reference:  9.34996186447182e-05
add_src_directly_1d_2grp_hom_zerobc_eig_p1cv: success.
</system-out>
		</testcase>
		<testcase name="Check Eigenvalue_C to Eigenvalue_D convergence with regard to the fine mesh cg linear solution with tolerance 1.0e-03" classname="short.add_src_directly_1d_2grp_hom_zerobc_eig_p1cv">
			<system-out>convergence_ratio 1.9998660942078557
Relative error of convergence_ratio to expected 2nd order: 6.695289607216992e-05
add_src_directly_1d_2grp_hom_zerobc_eig_p1cv: success.
</system-out>
		</testcase>
		<testcase name="buoyancy_adjustment_two_element" time="0.730406" classname="short.buoyancy_adjustment_dg_two_element"/>
		<testcase name="final_stratification_min_max_in_bounds" classname="short.buoyancy_adjustment_dg_two_element">
			<system-out>buoyancy_adjustment_dg_two_element: success.
</system-out>
		</testcase>
		<testcase name="final_stratification_min_max_correct_side_of_centre" classname="short.buoyancy_adjustment_dg_two_element">
			<system-out>buoyancy_adjustment_dg_two_element: success.
</system-out>
		</testcase>
		<testcase name="final_stratification_min_max_equally_perturbed" classname="short.buoyancy_adjustment_dg_two_element">
			<system-out>buoyancy_adjustment_dg_two_element: success.
</system-out>
		</testcase>
		<testcase name="solvers_converged" classname="short.buoyancy_adjustment_dg_two_element">
			<system-out>buoyancy_adjustment_dg_two_element: success.
</system-out>
		</testcase>
		<testcase name="Standing free surface wave in channel." time="3.317112" classname="short.standing_wave-cg"/>
		<testcase name="Solvers converged" classname="short.standing_wave-cg">
			<system-out>standing_wave-cg: success.
</system-out>
		</testcase>
		<testcase name="pressure_diff_left" classname="short.standing_wave-cg">
			<system-out>standing_wave-cg: success.
</system-out>
		</testcase>
		<testcase name="pressure_diff_right" classname="short.standing_wave-cg">
			<system-out>standing_wave-cg: success.
</system-out>
		</testcase>
		<testcase name="pressure_diff_middle" classname="short.standing_wave-cg">
			<system-out>standing_wave-cg: success.
</system-out>
		</testcase>
		<testcase name="fs_left_min" classname="short.standing_wave-cg">
			<system-out>standing_wave-cg: success.
</system-out>
		</testcase>
		<testcase name="fs_left_min_time" classname="short.standing_wave-cg">
			<system-out>standing_wave-cg: success.
</system-out>
		</testcase>
		<testcase name="fs_end_value" classname="short.standing_wave-cg">
			<system-out>standing_wave-cg: success.
</system-out>
		</testcase>
		<testcase name="fs_right_max" classname="short.standing_wave-cg">
			<system-out>standing_wave-cg: success.
</system-out>
		</testcase>
		<testcase name="fs_right_max_time" classname="short.standing_wave-cg">
			<system-out>standing_wave-cg: success.
</system-out>
		</testcase>
		<testcase name="fs_end_value" classname="short.standing_wave-cg">
			<system-out>standing_wave-cg: success.
</system-out>
		</testcase>
		<testcase name="fs_integral_max_zero" classname="short.standing_wave-cg">
			<system-out>standing_wave-cg: success.
</system-out>
		</testcase>
		<testcase name="volume_integral_change_zero" classname="short.standing_wave-cg">
			<system-out>standing_wave-cg: success.
</system-out>
		</testcase>
		<testcase name="strong_pressure_bc_compressible" time="4.422781" classname="short.strong_pressure_bc_compressible"/>
		<testcase name="Gas::Velocity is always zero everywhere" classname="short.strong_pressure_bc_compressible">
			<system-out>strong_pressure_bc_compressible: success.
</system-out>
		</testcase>
		<testcase name="Gas::Pressure is always 101325 Pa everywhere" classname="short.strong_pressure_bc_compressible">
			<system-out>strong_pressure_bc_compressible: success.
</system-out>
		</testcase>
		<testcase name="Solvers converged" classname="short.strong_pressure_bc_compressible">
			<system-out>strong_pressure_bc_compressible: success.
</system-out>
		</testcase>
		<testcase name="Testing of particle attribute parameters in serial" time="66.526550" classname="short.particle_attributes_outfreq"/>
		<testcase name="Numstepsfull" classname="short.particle_attributes_outfreq">
			<system-out>particle_attributes_outfreq: success.
</system-out>
		</testcase>
		<testcase name="Numstepsfreq" classname="short.particle_attributes_outfreq">
			<system-out>particle_attributes_outfreq: success.
</system-out>
		</testcase>
		<testcase name="Stepdifffull" classname="short.particle_attributes_outfreq">
			<system-out>particle_attributes_outfreq: success.
</system-out>
		</testcase>
		<testcase name="Stepdifffreq" classname="short.particle_attributes_outfreq">
			<system-out>particle_attributes_outfreq: success.
</system-out>
		</testcase>
		<testcase name="Checks the geometrical colume conservation of  wetting and drying." time="5.393507" classname="short.wetting_and_drying_geometric_volume_conservation"/>
		<testcase name="Solvers converged" classname="short.wetting_and_drying_geometric_volume_conservation">
			<system-out>wetting_and_drying_geometric_volume_conservation: success.
</system-out>
		</testcase>
		<testcase name="area conservation error" classname="short.wetting_and_drying_geometric_volume_conservation">
			<system-out>wetting_and_drying_geometric_volume_conservation: success.
</system-out>
		</testcase>
		<testcase name="endtime" classname="short.wetting_and_drying_geometric_volume_conservation">
			<system-out>wetting_and_drying_geometric_volume_conservation: success.
</system-out>
		</testcase>
		<testcase name="Checks that velocity is divergence free" time="1.520928" classname="short.divergence_free_velocity"/>
		<testcase name="Solvers converged" classname="short.divergence_free_velocity">
			<system-out>divergence_free_velocity: success.
</system-out>
		</testcase>
		<testcase name="divutest" classname="short.divergence_free_velocity">
			<system-out>divergence_free_velocity: success.
</system-out>
		</testcase>
		<testcase name="Test layered extrusion" time="0.718810" classname="short.layered_extrusion_2d"/>
		<testcase name="volume_integral" classname="short.layered_extrusion_2d">
			<system-out>layered_extrusion_2d: success.
</system-out>
		</testcase>
		<testcase name="top_integral" classname="short.layered_extrusion_2d">
			<system-out>layered_extrusion_2d: success.
</system-out>
		</testcase>
		<testcase name="middle_integral" classname="short.layered_extrusion_2d">
			<system-out>layered_extrusion_2d: success.
</system-out>
		</testcase>
		<testcase name="bottom_integral" classname="short.layered_extrusion_2d">
			<system-out>layered_extrusion_2d: success.
</system-out>
		</testcase>
		<testcase name="integrals_left_and_right_are_the_same" classname="short.layered_extrusion_2d">
			<system-out>layered_extrusion_2d: success.
</system-out>
		</testcase>
		<testcase name="region_id_integral" classname="short.layered_extrusion_2d">
			<system-out>layered_extrusion_2d: success.
</system-out>
		</testcase>
		<testcase name="photosynthetic_radiation" time="15.969402" classname="short.photosynthetic_radiation"/>
		<testcase name="Solvers converged" classname="short.photosynthetic_radiation">
			<system-out>photosynthetic_radiation: success.
</system-out>
		</testcase>
		<testcase name="Maximum intensity is 100" classname="short.photosynthetic_radiation">
			<system-out>photosynthetic_radiation: success.
</system-out>
		</testcase>
		<testcase name="Minimum intensity is 0" classname="short.photosynthetic_radiation">
			<system-out>photosynthetic_radiation: success.
</system-out>
		</testcase>
		<testcase name="Integral is 25 000 000" classname="short.photosynthetic_radiation">
			<system-out>photosynthetic_radiation: success.
</system-out>
		</testcase>
		<testcase name="Control volume, periodic multi-material flow test" time="1.075575" classname="short.explicit-hyperc-tris-periodic-projpt"/>
		<testcase name="Solvers converged" classname="short.explicit-hyperc-tris-periodic-projpt">
			<system-out>explicit-hyperc-tris-periodic-projpt: success.
</system-out>
		</testcase>
		<testcase name="check minimum volume fraction is 0.0" classname="short.explicit-hyperc-tris-periodic-projpt">
			<system-out>explicit-hyperc-tris-periodic-projpt: success.
</system-out>
		</testcase>
		<testcase name="check maximum volume fraction is 1.0" classname="short.explicit-hyperc-tris-periodic-projpt">
			<system-out>explicit-hyperc-tris-periodic-projpt: success.
</system-out>
		</testcase>
		<testcase name="check initial minimum volume fraction is 0.0" classname="short.explicit-hyperc-tris-periodic-projpt">
			<system-out>explicit-hyperc-tris-periodic-projpt: success.
</system-out>
		</testcase>
		<testcase name="check initial maximum volume fraction is 1.0" classname="short.explicit-hyperc-tris-periodic-projpt">
			<system-out>explicit-hyperc-tris-periodic-projpt: success.
</system-out>
		</testcase>
		<testcase name="check maximum speed is 1.0" classname="short.explicit-hyperc-tris-periodic-projpt">
			<system-out>explicit-hyperc-tris-periodic-projpt: success.
</system-out>
		</testcase>
		<testcase name="check maximum cv cfl" classname="short.explicit-hyperc-tris-periodic-projpt">
			<system-out>explicit-hyperc-tris-periodic-projpt: success.
</system-out>
		</testcase>
		<testcase name="check minimum cv cfl" classname="short.explicit-hyperc-tris-periodic-projpt">
			<system-out>explicit-hyperc-tris-periodic-projpt: success.
</system-out>
		</testcase>
		<testcase name="check material was conserved" classname="short.explicit-hyperc-tris-periodic-projpt">
			<system-out>explicit-hyperc-tris-periodic-projpt: success.
</system-out>
		</testcase>
		<testcase name="Test of analytical mapping onto a sphere" time="2.780940" classname="short.spherical_mappings_2d"/>
		<testcase name="linear_integral" classname="short.spherical_mappings_2d">
			<system-out>0.09968368384289415
spherical_mappings_2d: success.
</system-out>
		</testcase>
		<testcase name="linear_inner_surfaceintegrals" classname="short.spherical_mappings_2d">
			<system-out>[0.02550464 0.02550464 0.02550464 0.02550464 0.02550464 0.02550464
 0.02550464 0.02550464]
spherical_mappings_2d: success.
</system-out>
		</testcase>
		<testcase name="linear_outer_surfaceintegrals" classname="short.spherical_mappings_2d">
			<system-out>[0.02550464 0.02550464 0.02550464 0.02550464 0.02550464 0.02550464
 0.02550464 0.02550464]
spherical_mappings_2d: success.
</system-out>
		</testcase>
		<testcase name="linear_radius_inner_surfaceintegrals" classname="short.spherical_mappings_2d">
			<system-out>[0.07495734 0.07495734 0.07495734 0.07495734 0.07495734 0.07495734
 0.07495734 0.07495734]
spherical_mappings_2d: success.
</system-out>
		</testcase>
		<testcase name="linear_radius_outer_surfaceintegrals" classname="short.spherical_mappings_2d">
			<system-out>[0.07495734 0.07495734 0.07495734 0.07495734 0.07495734 0.07495734
 0.07495734 0.07495734]
spherical_mappings_2d: success.
</system-out>
		</testcase>
		<testcase name="linear_gradient_inner_surfaceintegrals" classname="short.spherical_mappings_2d">
			<system-out>[0.05478618 0.05478618 0.05478618 0.05478618 0.05478618 0.05478618
 0.05478618 0.05478618]
spherical_mappings_2d: success.
</system-out>
		</testcase>
		<testcase name="linear_gradient_outer_surfaceintegrals" classname="short.spherical_mappings_2d">
			<system-out>[0.05478618 0.05478618 0.05478618 0.05478618 0.05478618 0.05478618
 0.05478618 0.05478618]
spherical_mappings_2d: success.
</system-out>
		</testcase>
		<testcase name="linear_inner_surfaceintegrals_equal" classname="short.spherical_mappings_2d">
			<system-out>[0.00000000e+00 1.11022302e-16 0.00000000e+00 0.00000000e+00
 0.00000000e+00 1.11022302e-16 6.66133815e-16]
spherical_mappings_2d: success.
</system-out>
		</testcase>
		<testcase name="linear_outer_surfaceintegrals_equal" classname="short.spherical_mappings_2d">
			<system-out>[4.44089210e-16 0.00000000e+00 4.44089210e-16 4.44089210e-16
 0.00000000e+00 0.00000000e+00 2.22044605e-15]
spherical_mappings_2d: success.
</system-out>
		</testcase>
		<testcase name="linear_radius_inner_surfaceintegrals_equal" classname="short.spherical_mappings_2d">
			<system-out>[2.22044605e-16 2.22044605e-16 2.22044605e-16 2.22044605e-16
 0.00000000e+00 2.22044605e-16 6.66133815e-16]
spherical_mappings_2d: success.
</system-out>
		</testcase>
		<testcase name="linear_radius_outer_surfaceintegrals_equal" classname="short.spherical_mappings_2d">
			<system-out>[8.88178420e-16 0.00000000e+00 0.00000000e+00 0.00000000e+00
 1.77635684e-15 8.88178420e-16 3.55271368e-15]
spherical_mappings_2d: success.
</system-out>
		</testcase>
		<testcase name="linear_gradient_inner_surfaceintegrals_equal" classname="short.spherical_mappings_2d">
			<system-out>[4.44089210e-16 6.66133815e-16 5.55111512e-16 5.55111512e-16
 5.55111512e-16 1.11022302e-16 8.88178420e-16]
spherical_mappings_2d: success.
</system-out>
		</testcase>
		<testcase name="linear_gradient_outer_surfaceintegrals_equal" classname="short.spherical_mappings_2d">
			<system-out>[4.44089210e-15 1.24344979e-14 4.88498131e-15 2.66453526e-15
 5.32907052e-15 4.88498131e-15 1.77635684e-15]
spherical_mappings_2d: success.
</system-out>
		</testcase>
		<testcase name="analytic_integral" classname="short.spherical_mappings_2d">
			<system-out>2.6482659452331292e-05
spherical_mappings_2d: success.
</system-out>
		</testcase>
		<testcase name="analytic_inner_surfaceintegrals" classname="short.spherical_mappings_2d">
			<system-out>[1.47980059e-07 1.47980059e-07 1.47980059e-07 1.47980059e-07
 1.47980059e-07 1.47980059e-07 1.47980059e-07 1.47980059e-07]
spherical_mappings_2d: success.
</system-out>
		</testcase>
		<testcase name="analytic_outer_surfaceintegrals" classname="short.spherical_mappings_2d">
			<system-out>[1.47980059e-07 1.47980059e-07 1.47980059e-07 1.47980059e-07
 1.47980059e-07 1.47980059e-07 1.47980059e-07 1.47980060e-07]
spherical_mappings_2d: success.
</system-out>
		</testcase>
		<testcase name="analytic_radius_inner_surfaceintegrals" classname="short.spherical_mappings_2d">
			<system-out>[0.05181382 0.05181382 0.05181382 0.05181382 0.05181382 0.05181382
 0.05181382 0.05181382]
spherical_mappings_2d: success.
</system-out>
		</testcase>
		<testcase name="analytic_radius_outer_surfaceintegrals" classname="short.spherical_mappings_2d">
			<system-out>[0.05181382 0.05181382 0.05181382 0.05181382 0.05181382 0.05181382
 0.05181382 0.05181382]
spherical_mappings_2d: success.
</system-out>
		</testcase>
		<testcase name="analytic_gradient_inner_surfaceintegrals" classname="short.spherical_mappings_2d">
			<system-out>[1.47980059e-07 1.47980059e-07 1.47980059e-07 1.47980059e-07
 1.47980059e-07 1.47980059e-07 1.47980059e-07 1.47980059e-07]
spherical_mappings_2d: success.
</system-out>
		</testcase>
		<testcase name="analytic_gradient_outer_surfaceintegrals" classname="short.spherical_mappings_2d">
			<system-out>[1.47980058e-07 1.47980058e-07 1.47980058e-07 1.47980060e-07
 1.47980059e-07 1.47980058e-07 1.47980059e-07 1.47980059e-07]
spherical_mappings_2d: success.
</system-out>
		</testcase>
		<testcase name="analytic_inner_surfaceintegrals_equal" classname="short.spherical_mappings_2d">
			<system-out>[1.11022302e-16 0.00000000e+00 0.00000000e+00 1.11022302e-16
 1.11022302e-16 2.22044605e-16 4.44089210e-16]
spherical_mappings_2d: success.
</system-out>
		</testcase>
		<testcase name="analytic_outer_surfaceintegrals_equal" classname="short.spherical_mappings_2d">
			<system-out>[8.88178420e-16 8.88178420e-16 1.33226763e-15 8.88178420e-16
 8.88178420e-16 4.44089210e-16 2.66453526e-15]
spherical_mappings_2d: success.
</system-out>
		</testcase>
		<testcase name="analytic_radius_inner_surfaceintegrals_equal" classname="short.spherical_mappings_2d">
			<system-out>[0.00000000e+00 0.00000000e+00 0.00000000e+00 0.00000000e+00
 2.22044605e-16 2.22044605e-16 4.44089210e-16]
spherical_mappings_2d: success.
</system-out>
		</testcase>
		<testcase name="analytic_radius_outer_surfaceintegrals_equal" classname="short.spherical_mappings_2d">
			<system-out>[2.66453526e-15 8.88178420e-16 1.77635684e-15 1.77635684e-15
 8.88178420e-16 0.00000000e+00 4.44089210e-15]
spherical_mappings_2d: success.
</system-out>
		</testcase>
		<testcase name="analytic_gradient_inner_surfaceintegrals_equal" classname="short.spherical_mappings_2d">
			<system-out>[2.22044605e-16 2.22044605e-16 1.11022302e-16 0.00000000e+00
 2.22044605e-16 1.11022302e-16 4.44089210e-16]
spherical_mappings_2d: success.
</system-out>
		</testcase>
		<testcase name="analytic_gradient_outer_surfaceintegrals_equal" classname="short.spherical_mappings_2d">
			<system-out>[4.44089210e-16 4.44089210e-16 4.44089210e-15 2.66453526e-15
 8.88178420e-16 1.77635684e-15 2.66453526e-15]
spherical_mappings_2d: success.
</system-out>
		</testcase>
		<testcase name="super_integral" classname="short.spherical_mappings_2d">
			<system-out>0.0007782941797921648
spherical_mappings_2d: success.
</system-out>
		</testcase>
		<testcase name="super_inner_surfaceintegrals" classname="short.spherical_mappings_2d">
			<system-out>[0.00037814 0.00037814 0.00037814 0.00037814 0.00037814 0.00037814
 0.00037814 0.00037814]
spherical_mappings_2d: success.
</system-out>
		</testcase>
		<testcase name="super_outer_surfaceintegrals" classname="short.spherical_mappings_2d">
			<system-out>[0.00037814 0.00037814 0.00037814 0.00037814 0.00037814 0.00037814
 0.00037814 0.00037814]
spherical_mappings_2d: success.
</system-out>
		</testcase>
		<testcase name="super_radius_inner_surfaceintegrals" classname="short.spherical_mappings_2d">
			<system-out>[0.00037814 0.00037814 0.00037814 0.00037814 0.00037814 0.00037814
 0.00037814 0.00037814]
spherical_mappings_2d: success.
</system-out>
		</testcase>
		<testcase name="super_radius_outer_surfaceintegrals" classname="short.spherical_mappings_2d">
			<system-out>[0.00037814 0.00037814 0.00037814 0.00037814 0.00037814 0.00037814
 0.00037814 0.00037814]
spherical_mappings_2d: success.
</system-out>
		</testcase>
		<testcase name="super_gradient_inner_surfaceintegrals" classname="short.spherical_mappings_2d">
			<system-out>[0.06845224 0.06845224 0.06845224 0.06845224 0.06845224 0.06845224
 0.06845224 0.06845224]
spherical_mappings_2d: success.
</system-out>
		</testcase>
		<testcase name="super_gradient_outer_surfaceintegrals" classname="short.spherical_mappings_2d">
			<system-out>[0.03148353 0.03148353 0.03148353 0.03148353 0.03148353 0.03148353
 0.03148353 0.03148353]
spherical_mappings_2d: success.
</system-out>
		</testcase>
		<testcase name="super_inner_surfaceintegrals_equal" classname="short.spherical_mappings_2d">
			<system-out>[2.22044605e-16 3.33066907e-16 2.22044605e-16 0.00000000e+00
 0.00000000e+00 0.00000000e+00 5.55111512e-16]
spherical_mappings_2d: success.
</system-out>
		</testcase>
		<testcase name="super_outer_surfaceintegrals_equal" classname="short.spherical_mappings_2d">
			<system-out>[4.44089210e-16 4.44089210e-16 4.44089210e-16 8.88178420e-16
 4.44089210e-16 4.44089210e-16 2.22044605e-15]
spherical_mappings_2d: success.
</system-out>
		</testcase>
		<testcase name="super_radius_inner_surfaceintegrals_equal" classname="short.spherical_mappings_2d">
			<system-out>[2.22044605e-16 2.22044605e-16 2.22044605e-16 4.44089210e-16
 4.44089210e-16 4.44089210e-16 0.00000000e+00]
spherical_mappings_2d: success.
</system-out>
		</testcase>
		<testcase name="super_radius_outer_surfaceintegrals_equal" classname="short.spherical_mappings_2d">
			<system-out>[0.0000000e+00 0.0000000e+00 0.0000000e+00 8.8817842e-16 0.0000000e+00
 8.8817842e-16 4.4408921e-15]
spherical_mappings_2d: success.
</system-out>
		</testcase>
		<testcase name="super_gradient_inner_surfaceintegrals_equal" classname="short.spherical_mappings_2d">
			<system-out>[0.00000000e+00 2.22044605e-16 2.22044605e-16 8.88178420e-16
 1.99840144e-15 0.00000000e+00 0.00000000e+00]
spherical_mappings_2d: success.
</system-out>
		</testcase>
		<testcase name="super_gradient_outer_surfaceintegrals_equal" classname="short.spherical_mappings_2d">
			<system-out>[7.10542736e-15 1.73194792e-14 1.86517468e-14 2.35367281e-14
 2.66453526e-14 3.28626015e-14 2.70894418e-14]
spherical_mappings_2d: success.
</system-out>
		</testcase>
		<testcase name="super_analytic_integral" classname="short.spherical_mappings_2d">
			<system-out>7.784769779659824e-05
spherical_mappings_2d: success.
</system-out>
		</testcase>
		<testcase name="super_analytic_inner_surfaceintegrals" classname="short.spherical_mappings_2d">
			<system-out>[3.73660199e-09 3.73660187e-09 3.73660187e-09 3.73660187e-09
 3.73660210e-09 3.73660210e-09 3.73660210e-09 3.73660163e-09]
spherical_mappings_2d: success.
</system-out>
		</testcase>
		<testcase name="super_analytic_outer_surfaceintegrals" classname="short.spherical_mappings_2d">
			<system-out>[3.73660192e-09 3.73660192e-09 3.73660192e-09 3.73660192e-09
 3.73660192e-09 3.73660213e-09 3.73660213e-09 3.73660129e-09]
spherical_mappings_2d: success.
</system-out>
		</testcase>
		<testcase name="super_analytic_radius_inner_surfaceintegrals" classname="short.spherical_mappings_2d">
			<system-out>[3.73660203e-09 3.73660183e-09 3.73660183e-09 3.73660183e-09
 3.73660222e-09 3.73660242e-09 3.73660222e-09 3.73660203e-09]
spherical_mappings_2d: success.
</system-out>
		</testcase>
		<testcase name="super_analytic_radius_outer_surfaceintegrals" classname="short.spherical_mappings_2d">
			<system-out>[3.73660216e-09 3.73660201e-09 3.73660216e-09 3.73660216e-09
 3.73660185e-09 3.73660216e-09 3.73660216e-09 3.73660139e-09]
spherical_mappings_2d: success.
</system-out>
		</testcase>
		<testcase name="super_analytic_gradient_inner_surfaceintegrals" classname="short.spherical_mappings_2d">
			<system-out>[3.73660128e-09 3.73660093e-09 3.73660093e-09 3.73660081e-09
 3.73660234e-09 3.73660281e-09 3.73660128e-09 3.73660187e-09]
spherical_mappings_2d: success.
</system-out>
		</testcase>
		<testcase name="super_analytic_gradient_outer_surfaceintegrals" classname="short.spherical_mappings_2d">
			<system-out>[3.73659920e-09 3.73660025e-09 3.73659731e-09 3.73659669e-09
 3.73660820e-09 3.73662035e-09 3.73660820e-09 3.73660778e-09]
spherical_mappings_2d: success.
</system-out>
		</testcase>
		<testcase name="super_analytic_inner_surfaceintegrals_equal" classname="short.spherical_mappings_2d">
			<system-out>[1.11022302e-16 1.11022302e-16 1.11022302e-16 1.11022302e-16
 1.11022302e-16 1.11022302e-16 3.33066907e-16]
spherical_mappings_2d: success.
</system-out>
		</testcase>
		<testcase name="super_analytic_outer_surfaceintegrals_equal" classname="short.spherical_mappings_2d">
			<system-out>[0.00000000e+00 0.00000000e+00 0.00000000e+00 0.00000000e+00
 4.44089210e-16 4.44089210e-16 1.33226763e-15]
spherical_mappings_2d: success.
</system-out>
		</testcase>
		<testcase name="super_analytic_radius_inner_surfaceintegrals_equal" classname="short.spherical_mappings_2d">
			<system-out>[2.22044605e-16 2.22044605e-16 2.22044605e-16 2.22044605e-16
 4.44089210e-16 2.22044605e-16 0.00000000e+00]
spherical_mappings_2d: success.
</system-out>
		</testcase>
		<testcase name="super_analytic_radius_outer_surfaceintegrals_equal" classname="short.spherical_mappings_2d">
			<system-out>[8.88178420e-16 0.00000000e+00 0.00000000e+00 1.77635684e-15
 0.00000000e+00 0.00000000e+00 4.44089210e-15]
spherical_mappings_2d: success.
</system-out>
		</testcase>
		<testcase name="super_analytic_gradient_inner_surfaceintegrals_equal" classname="short.spherical_mappings_2d">
			<system-out>[3.33066907e-16 3.33066907e-16 4.44089210e-16 9.99200722e-16
 1.44328993e-15 0.00000000e+00 5.55111512e-16]
spherical_mappings_2d: success.
</system-out>
		</testcase>
		<testcase name="super_analytic_gradient_outer_surfaceintegrals_equal" classname="short.spherical_mappings_2d">
			<system-out>[2.22044605e-15 3.99680289e-15 5.32907052e-15 1.90958360e-14
 4.48530102e-14 1.90958360e-14 1.82076576e-14]
spherical_mappings_2d: success.
</system-out>
		</testcase>
		<testcase name="tracer_source_dg" time="0.654581" classname="short.tracer_source_dg"/>
		<testcase name="Solvers converged" classname="short.tracer_source_dg">
			<system-out>tracer_source_dg: success.
</system-out>
		</testcase>
		<testcase name="final tracer integral is 1.0" classname="short.tracer_source_dg">
			<system-out>tracer_source_dg: success.
</system-out>
		</testcase>
		<testcase name="photosynthetic_radiation_cg" time="0.688653" classname="short.photosynthetic_radiation_cg"/>
		<testcase name="Solvers converged" classname="short.photosynthetic_radiation_cg">
			<system-out>photosynthetic_radiation_cg: success.
</system-out>
		</testcase>
		<testcase name="Maximum intensity is 100" classname="short.photosynthetic_radiation_cg">
			<system-out>photosynthetic_radiation_cg: success.
</system-out>
		</testcase>
		<testcase name="Minimum intensity is 0" classname="short.photosynthetic_radiation_cg">
			<system-out>photosynthetic_radiation_cg: success.
</system-out>
		</testcase>
		<testcase name="Integral is 25 000 000" classname="short.photosynthetic_radiation_cg">
			<system-out>photosynthetic_radiation_cg: success.
</system-out>
		</testcase>
		<testcase name="Instability" time="9.468320" classname="short.Instability"/>
		<testcase name="Solvers converged" classname="short.Instability">
			<system-out>Instability: success.
</system-out>
		</testcase>
		<testcase name="relative kinetic energy differences (10%)" classname="short.Instability">
			<system-out>Asserting relative error is smaller than 0.1
relative error: 0.0006473051131130602
Instability: success.
</system-out>
		</testcase>
		<testcase name="Advected top hat (CV with Sweby limiter) in true 1d" time="2.049999" classname="short.top_hat_cv_1d"/>
		<testcase name="Simulation completed" classname="short.top_hat_cv_1d">
			<system-out>Asserting relative error is smaller than 1e-06
relative error: 0.0
top_hat_cv_1d: success.
</system-out>
		</testcase>
		<testcase name="Solvers converged" classname="short.top_hat_cv_1d">
			<system-out>top_hat_cv_1d: success.
</system-out>
		</testcase>
		<testcase name="Bounded" classname="short.top_hat_cv_1d">
			<system-out>Min T =  3.28775768383865e-27
Max T =  0.9999999978520262
top_hat_cv_1d: success.
</system-out>
		</testcase>
		<testcase name="Conservative" classname="short.top_hat_cv_1d">
			<system-out>Asserting max relative error is smaller than 1e-10
max relative error: 2.020605904818193e-13; index: 79
top_hat_cv_1d: success.
</system-out>
		</testcase>
		<testcase name="Advected velocity" classname="short.top_hat_cv_1d">
			<system-out>Initial mean x =  0.1375
Final mean x =  0.3875270394315542
Mean velocity =  0.0031648992333108126
Asserting relative error is smaller than 0.02
relative error: 0.012606794204020739
top_hat_cv_1d: success.
</system-out>
		</testcase>
		<testcase name="Standard deviation" classname="short.top_hat_cv_1d">
			<system-out>Initial mean x =  0.1375
Final mean x =  0.3875270394315542
Initial standard deviation =  0.07180703308172535
Final standard deviation =  0.08172580765358936
Asserting relative error is smaller than 0.2
relative error: 0.13813096219384532
top_hat_cv_1d: success.
</system-out>
		</testcase>
		<testcase name="Prescribed adaptivity with a number of function spaces" time="22.491653" classname="short.prescribed_adaptivity_spaces"/>
		<testcase name="Solvers converged" classname="short.prescribed_adaptivity_spaces">
			<system-out>prescribed_adaptivity_spaces: success.
</system-out>
		</testcase>
		<testcase name="Simulation completed" classname="short.prescribed_adaptivity_spaces">
			<system-out>prescribed_adaptivity_spaces: success.
</system-out>
		</testcase>
		<testcase name="Mesh adaptivity" classname="short.prescribed_adaptivity_spaces">
			<system-out>prescribed_adaptivity_spaces: success.
</system-out>
		</testcase>
		<testcase name="Conservative projection" classname="short.prescribed_adaptivity_spaces">
			<system-out>Asserting max relative error is smaller than 1e-10
max relative error: 2.516232138521753e-15; index: 6
Asserting max relative error is smaller than 1e-10
max relative error: 1.0712568985222268e-14; index: 5
Asserting max relative error is smaller than 1e-10
max relative error: 7.312325541868881e-15; index: 2
Asserting max relative error is smaller than 1e-10
max relative error: 8.823845440762861e-12; index: 3
Asserting max relative error is smaller than 1e-10
max relative error: 8.440314074841015e-12; index: 1
Asserting max relative error is smaller than 1e-10
max relative error: 2.3656940055407136e-11; index: 6
prescribed_adaptivity_spaces: success.
</system-out>
		</testcase>
		<testcase name="harmonic_analysis_simple" time="2.444672" classname="short.harmonic_analysis_small"/>
		<testcase name="Solvers converged" classname="short.harmonic_analysis_small">
			<system-out>harmonic_analysis_small: success.
</system-out>
		</testcase>
		<testcase name="C0" classname="short.harmonic_analysis_small">
			<system-out>harmonic_analysis_small: success.
</system-out>
		</testcase>
		<testcase name="Residual" classname="short.harmonic_analysis_small">
			<system-out>harmonic_analysis_small: success.
</system-out>
		</testcase>
		<testcase name="1over4Ampl" classname="short.harmonic_analysis_small">
			<system-out>harmonic_analysis_small: success.
</system-out>
		</testcase>
		<testcase name="1over4Phase" classname="short.harmonic_analysis_small">
			<system-out>harmonic_analysis_small: success.
</system-out>
		</testcase>
		<testcase name="1over9Ampl" classname="short.harmonic_analysis_small">
			<system-out>harmonic_analysis_small: success.
</system-out>
		</testcase>
		<testcase name="1over9Phase" classname="short.harmonic_analysis_small">
			<system-out>harmonic_analysis_small: success.
</system-out>
		</testcase>
		<testcase name="mphase_stokes_law" time="10.528667" classname="short.mphase_stokes_law"/>
		<testcase name="Drag = Weight - Buoyancy" classname="short.mphase_stokes_law">
			<system-out>mphase_stokes_law: success.
</system-out>
		</testcase>
		<testcase name="Terminal velocity is the same as that predicted by Stokes' law" classname="short.mphase_stokes_law">
			<system-out>mphase_stokes_law: success.
</system-out>
		</testcase>
		<testcase name="Solvers converged" classname="short.mphase_stokes_law">
			<system-out>mphase_stokes_law: success.
</system-out>
		</testcase>
		<testcase name="mms_les_second_order_p2p1" time="5.203655" classname="short.mms_les_second_order_p1dgp2_van_driest"/>
		<testcase name="ab_convergence_vel_x for NS: L2 order &gt; 1.9" classname="short.mms_les_second_order_p1dgp2_van_driest">
			<system-out>mms_les_second_order_p1dgp2_van_driest: success.
</system-out>
		</testcase>
		<testcase name="ab_convergence_vel_y for NS: L2 order &gt; 1.9" classname="short.mms_les_second_order_p1dgp2_van_driest">
			<system-out>mms_les_second_order_p1dgp2_van_driest: success.
</system-out>
		</testcase>
		<testcase name="ab_convergence_ev: L2 order &gt; 0.9" classname="short.mms_les_second_order_p1dgp2_van_driest">
			<system-out>mms_les_second_order_p1dgp2_van_driest: success.
</system-out>
		</testcase>
		<testcase name="bc_convergence_vel_x for NS: L2 order &gt; 1.9" classname="short.mms_les_second_order_p1dgp2_van_driest">
			<system-out>mms_les_second_order_p1dgp2_van_driest: success.
</system-out>
		</testcase>
		<testcase name="bc_convergence_vel_y for NS: L2 order &gt; 1.9" classname="short.mms_les_second_order_p1dgp2_van_driest">
			<system-out>mms_les_second_order_p1dgp2_van_driest: success.
</system-out>
		</testcase>
		<testcase name="bc_convergence_ev: L2 order &gt; 0.9" classname="short.mms_les_second_order_p1dgp2_van_driest">
			<system-out>mms_les_second_order_p1dgp2_van_driest: success.
</system-out>
		</testcase>
		<testcase name="Solvers converged" classname="short.mms_les_second_order_p1dgp2_van_driest">
			<system-out>mms_les_second_order_p1dgp2_van_driest: success.
</system-out>
		</testcase>
		<testcase name="Test of buoyancy at gauss points." time="9.521737" classname="short.gauss_point_buoyancy"/>
		<testcase name="p1dgp2_nodal_2d_pressure" classname="short.gauss_point_buoyancy">
			<system-out>gauss_point_buoyancy: success.
</system-out>
		</testcase>
		<testcase name="p1dgp2_gauss_2d_pressure" classname="short.gauss_point_buoyancy">
			<system-out>gauss_point_buoyancy: success.
</system-out>
		</testcase>
		<testcase name="p1dgp2_nodal_2d_velocity" classname="short.gauss_point_buoyancy">
			<system-out>gauss_point_buoyancy: success.
</system-out>
		</testcase>
		<testcase name="p1dgp2_gauss_2d_velocity" classname="short.gauss_point_buoyancy">
			<system-out>gauss_point_buoyancy: success.
</system-out>
		</testcase>
		<testcase name="p2p1_nodal_2d_pressure" classname="short.gauss_point_buoyancy">
			<system-out>gauss_point_buoyancy: success.
</system-out>
		</testcase>
		<testcase name="p2p1_gauss_2d_pressure" classname="short.gauss_point_buoyancy">
			<system-out>gauss_point_buoyancy: success.
</system-out>
		</testcase>
		<testcase name="p2p1_nodal_2d_velocity" classname="short.gauss_point_buoyancy">
			<system-out>gauss_point_buoyancy: success.
</system-out>
		</testcase>
		<testcase name="p2p1_gauss_2d_velocity" classname="short.gauss_point_buoyancy">
			<system-out>gauss_point_buoyancy: success.
</system-out>
		</testcase>
		<testcase name="p1dgp2_nodal_3d_pressure" classname="short.gauss_point_buoyancy">
			<system-out>gauss_point_buoyancy: success.
</system-out>
		</testcase>
		<testcase name="p1dgp2_gauss_3d_pressure" classname="short.gauss_point_buoyancy">
			<system-out>gauss_point_buoyancy: success.
</system-out>
		</testcase>
		<testcase name="p1dgp2_nodal_3d_velocity" classname="short.gauss_point_buoyancy">
			<system-out>gauss_point_buoyancy: success.
</system-out>
		</testcase>
		<testcase name="p1dgp2_gauss_3d_velocity" classname="short.gauss_point_buoyancy">
			<system-out>gauss_point_buoyancy: success.
</system-out>
		</testcase>
		<testcase name="p2p1_nodal_3d_pressure" classname="short.gauss_point_buoyancy">
			<system-out>gauss_point_buoyancy: success.
</system-out>
		</testcase>
		<testcase name="p2p1_gauss_3d_pressure" classname="short.gauss_point_buoyancy">
			<system-out>gauss_point_buoyancy: success.
</system-out>
		</testcase>
		<testcase name="p2p1_nodal_3d_velocity" classname="short.gauss_point_buoyancy">
			<system-out>gauss_point_buoyancy: success.
</system-out>
		</testcase>
		<testcase name="p2p1_gauss_3d_velocity" classname="short.gauss_point_buoyancy">
			<system-out>gauss_point_buoyancy: success.
</system-out>
		</testcase>
		<testcase name="Standing free surface wave in channel with rotated bcs." time="3.679203" classname="short.channel_wind_drag_rotated"/>
		<testcase name="Solvers converged" classname="short.channel_wind_drag_rotated">
			<system-out>channel_wind_drag_rotated: success.
</system-out>
		</testcase>
		<testcase name="Compare with analytical solution" classname="short.channel_wind_drag_rotated">
			<system-out>Asserting max relative error is smaller than 0.001
max relative error: 6.794415922555054e-06; index: 30
channel_wind_drag_rotated: success.
</system-out>
		</testcase>
		<testcase name="Testing of particle initialisation after simulation start in serial." time="1.185401" classname="short.particle_initialise_after_start"/>
		<testcase name="Maxattribteserror1" classname="short.particle_initialise_after_start">
			<system-out>particle_initialise_after_start: success.
</system-out>
		</testcase>
		<testcase name="Maxattribteserror2" classname="short.particle_initialise_after_start">
			<system-out>particle_initialise_after_start: success.
</system-out>
		</testcase>
		<testcase name="Maxattribteserror3" classname="short.particle_initialise_after_start">
			<system-out>particle_initialise_after_start: success.
</system-out>
		</testcase>
		<testcase name="tracer_inflow_1d_dg" time="1.435747" classname="short.tracer_inflow_1d_dg"/>
		<testcase name="Solvers converged" classname="short.tracer_inflow_1d_dg">
			<system-out>tracer_inflow_1d_dg: success.
</system-out>
		</testcase>
		<testcase name="maximum tracer integral is 10/pi" classname="short.tracer_inflow_1d_dg">
			<system-out>tracer_inflow_1d_dg: success.
</system-out>
		</testcase>
		<testcase name="final tracer integral is 0" classname="short.tracer_inflow_1d_dg">
			<system-out>tracer_inflow_1d_dg: success.
</system-out>
		</testcase>
		<testcase name="p1cv advection-diffusion equation spatial convergence test using element gradient diffusion" time="8.421947" classname="short.mms_tracer_cv_advdiff_eg_excludemass"/>
		<testcase name="Solvers converged" classname="short.mms_tracer_cv_advdiff_eg_excludemass">
			<system-out>mms_tracer_cv_advdiff_eg_excludemass: success.
</system-out>
		</testcase>
		<testcase name="ab_convergence_stat: L2 order in [1.8,2.2]" classname="short.mms_tracer_cv_advdiff_eg_excludemass">
			<system-out>mms_tracer_cv_advdiff_eg_excludemass: success.
</system-out>
		</testcase>
		<testcase name="bc_convergence_stat: L2 order in [1.8,2.2]" classname="short.mms_tracer_cv_advdiff_eg_excludemass">
			<system-out>mms_tracer_cv_advdiff_eg_excludemass: success.
</system-out>
		</testcase>
		<testcase name="cd_convergence_stat: L2 order in [1.8,2.2]" classname="short.mms_tracer_cv_advdiff_eg_excludemass">
			<system-out>mms_tracer_cv_advdiff_eg_excludemass: success.
</system-out>
		</testcase>
		<testcase name="de_convergence_stat: L2 order in [1.8,2.2]" classname="short.mms_tracer_cv_advdiff_eg_excludemass">
			<system-out>mms_tracer_cv_advdiff_eg_excludemass: success.
</system-out>
		</testcase>
		<testcase name="checking A finished in less than 1.0" classname="short.mms_tracer_cv_advdiff_eg_excludemass">
			<system-out>mms_tracer_cv_advdiff_eg_excludemass: success.
</system-out>
		</testcase>
		<testcase name="checking B finished in less than 1.0" classname="short.mms_tracer_cv_advdiff_eg_excludemass">
			<system-out>mms_tracer_cv_advdiff_eg_excludemass: success.
</system-out>
		</testcase>
		<testcase name="checking C finished in less than 1.0" classname="short.mms_tracer_cv_advdiff_eg_excludemass">
			<system-out>mms_tracer_cv_advdiff_eg_excludemass: success.
</system-out>
		</testcase>
		<testcase name="checking D finished in less than 1.0" classname="short.mms_tracer_cv_advdiff_eg_excludemass">
			<system-out>mms_tracer_cv_advdiff_eg_excludemass: success.
</system-out>
		</testcase>
		<testcase name="checking E finished in less than 1.0" classname="short.mms_tracer_cv_advdiff_eg_excludemass">
			<system-out>mms_tracer_cv_advdiff_eg_excludemass: success.
</system-out>
		</testcase>
		<testcase name="checking A performed less than 10 advection iterations per timestep" classname="short.mms_tracer_cv_advdiff_eg_excludemass">
			<system-out>mms_tracer_cv_advdiff_eg_excludemass: success.
</system-out>
		</testcase>
		<testcase name="checking B performed less than 10 advection iterations per timestep" classname="short.mms_tracer_cv_advdiff_eg_excludemass">
			<system-out>mms_tracer_cv_advdiff_eg_excludemass: success.
</system-out>
		</testcase>
		<testcase name="checking C performed less than 10 advection iterations per timestep" classname="short.mms_tracer_cv_advdiff_eg_excludemass">
			<system-out>mms_tracer_cv_advdiff_eg_excludemass: success.
</system-out>
		</testcase>
		<testcase name="checking D performed less than 10 advection iterations per timestep" classname="short.mms_tracer_cv_advdiff_eg_excludemass">
			<system-out>mms_tracer_cv_advdiff_eg_excludemass: success.
</system-out>
		</testcase>
		<testcase name="checking E performed less than 10 advection iterations per timestep" classname="short.mms_tracer_cv_advdiff_eg_excludemass">
			<system-out>mms_tracer_cv_advdiff_eg_excludemass: success.
</system-out>
		</testcase>
		<testcase name="fldecomp" time="0.861922" classname="short.fldecomp_2d"/>
		<testcase name="Equal sized partitions (owned nodes)" classname="short.fldecomp_2d">
			<system-out>Asserting max relative error is smaller than 0.075
max relative error: 0.03468208092485549; index: 1
fldecomp_2d: success.
</system-out>
		</testcase>
		<testcase name="Advected top hat (DG with vertex based slope limiter)" time="1.535213" classname="short.top_hat_dg_limiter"/>
		<testcase name="Simulation completed" classname="short.top_hat_dg_limiter">
			<system-out>Asserting relative error is smaller than 1e-06
relative error: 0.0
top_hat_dg_limiter: success.
</system-out>
		</testcase>
		<testcase name="Solvers converged" classname="short.top_hat_dg_limiter">
			<system-out>top_hat_dg_limiter: success.
</system-out>
		</testcase>
		<testcase name="Bounded" classname="short.top_hat_dg_limiter">
			<system-out>Min T =  -6.938893903907228e-18
Max T =  1.0
top_hat_dg_limiter: success.
</system-out>
		</testcase>
		<testcase name="Conservative" classname="short.top_hat_dg_limiter">
			<system-out>Asserting max relative error is smaller than 1e-10
max relative error: 4.440892098500624e-16; index: 79
top_hat_dg_limiter: success.
</system-out>
		</testcase>
		<testcase name="Advected velocity" classname="short.top_hat_dg_limiter">
			<system-out>Initial mean x =  0.125
Final mean x =  0.37499999982561144
Mean velocity =  0.0031645569598178665
Asserting relative error is smaller than 0.02
relative error: 0.012499999311165176
top_hat_dg_limiter: success.
</system-out>
		</testcase>
		<testcase name="Standard deviation" classname="short.top_hat_dg_limiter">
			<system-out>Initial mean x =  0.125
Final mean x =  0.37499999982561144
Initial standard deviation =  0.07288689868556628
Final standard deviation =  0.07402888986968564
Asserting relative error is smaller than 0.03
relative error: 0.015667989785735182
top_hat_dg_limiter: success.
</system-out>
		</testcase>
		<testcase name="cv_mass_matrix_check_p2" time="2.099623" classname="short.cv_mass_matrix_check_p2"/>
		<testcase name="check that the sum of the CV mass matrix is the element volume for 1d to tolerance 1.0e-10 " classname="short.cv_mass_matrix_check_p2">
			<system-out>Difference of element volume to integral CV mass for 1d:  0.0
cv_mass_matrix_check_p2: success.
</system-out>
		</testcase>
		<testcase name="check that the sum of the FE lumped mass matrix is the element volume for 1d to tolerance 1.0e-10 " classname="short.cv_mass_matrix_check_p2">
			<system-out>Difference of element volume to integral FE lumped mass for 1d:  2.220446049250313e-16
cv_mass_matrix_check_p2: success.
</system-out>
		</testcase>
		<testcase name="check that the max of the CV mass matrix is the element volume divided by 2 for 1d to tolerance 1.0e-10 " classname="short.cv_mass_matrix_check_p2">
			<system-out>Difference of element volume divided by 2 to max CV mass for 1d:  0.0
cv_mass_matrix_check_p2: success.
</system-out>
		</testcase>
		<testcase name="check that the max of the CV mass matrix is equal to the min of the CV mass matrix times 2 for 1d to tolerance 1.0e-10 " classname="short.cv_mass_matrix_check_p2">
			<system-out>Difference of max CV mass matrix to min CV mass matrix times 2 for 1d:  0.0
cv_mass_matrix_check_p2: success.
</system-out>
		</testcase>
		<testcase name="check that the sum of the CV mass matrix is the element volume for 2d to tolerance 1.0e-10 " classname="short.cv_mass_matrix_check_p2">
			<system-out>Difference of element volume to integral CV mass for 2d:  0.0
cv_mass_matrix_check_p2: success.
</system-out>
		</testcase>
		<testcase name="check that the sum of the FE lumped mass matrix is the element volume for 2d to tolerance 1.0e-10 " classname="short.cv_mass_matrix_check_p2">
			<system-out>Difference of element volume to integral FE lumped mass for 2d:  1.1102230246251565e-16
cv_mass_matrix_check_p2: success.
</system-out>
		</testcase>
		<testcase name="check that the max of the CV mass matrix is the element volume divided by 4 for 2d to tolerance 1.0e-10 " classname="short.cv_mass_matrix_check_p2">
			<system-out>Difference of element volume divided by 4 to max CV mass for 2d:  0.0
cv_mass_matrix_check_p2: success.
</system-out>
		</testcase>
		<testcase name="check that the max of the CV mass matrix is equal to the min of the CV mass matrix times 3 for 2d to tolerance 1.0e-10 " classname="short.cv_mass_matrix_check_p2">
			<system-out>Difference of max CV mass matrix to min CV mass matrix times 3 for 2d:  0.0
cv_mass_matrix_check_p2: success.
</system-out>
		</testcase>
		<testcase name="check that the sum of the CV mass matrix is the element volume for 3d to tolerance 1.0e-10 " classname="short.cv_mass_matrix_check_p2">
			<system-out>Difference of element volume to integral CV mass for 3d:  0.0
cv_mass_matrix_check_p2: success.
</system-out>
		</testcase>
		<testcase name="check that the sum of the FE lumped mass matrix is the element volume for 3d to tolerance 1.0e-10 " classname="short.cv_mass_matrix_check_p2">
			<system-out>Difference of element volume to integral FE lumped mass for 3d:  0.0
cv_mass_matrix_check_p2: success.
</system-out>
		</testcase>
		<testcase name="check that the max of the CV mass matrix is the element volume times by 7/48 for 3d to tolerance 1.0e-10 " classname="short.cv_mass_matrix_check_p2">
			<system-out>Difference of element volume  times by 7/48 to max CV mass for 3d:  0.0
cv_mass_matrix_check_p2: success.
</system-out>
		</testcase>
		<testcase name="check that the max of the CV mass matrix is equal to the min of the CV mass matrix times 7/1.5 for 3d to tolerance 1.0e-10 " classname="short.cv_mass_matrix_check_p2">
			<system-out>Difference of max CV mass matrix to min CV mass matrix times 7/1.5 for 3d:  0.0
cv_mass_matrix_check_p2: success.
</system-out>
		</testcase>
		<testcase name="forcing" time="3.950097" classname="short.forcing"/>
		<testcase name="Solvers converged" classname="short.forcing">
			<system-out>forcing: success.
</system-out>
		</testcase>
		<testcase name="Coare: Final time is 1440 seconds" classname="short.forcing">
			<system-out>forcing: success.
</system-out>
		</testcase>
		<testcase name="Coare: Final temperature integral has decreased" classname="short.forcing">
			<system-out>forcing: success.
</system-out>
		</testcase>
		<testcase name="Coare: Final velocity%magnitude max has increased" classname="short.forcing">
			<system-out>forcing: success.
</system-out>
		</testcase>
		<testcase name="Coare: Final Salinity min less than 35" classname="short.forcing">
			<system-out>forcing: success.
</system-out>
		</testcase>
		<testcase name="Ncar: Final time is 1440 seconds" classname="short.forcing">
			<system-out>forcing: success.
</system-out>
		</testcase>
		<testcase name="Ncar: Final temperature integral has decreased" classname="short.forcing">
			<system-out>forcing: success.
</system-out>
		</testcase>
		<testcase name="Ncar: Final velocity%magnitude max has increased" classname="short.forcing">
			<system-out>forcing: success.
</system-out>
		</testcase>
		<testcase name="Ncar: Final Salinity min less than 35" classname="short.forcing">
			<system-out>forcing: success.
</system-out>
		</testcase>
		<testcase name="Kara: Final time is 1440 seconds" classname="short.forcing">
			<system-out>forcing: success.
</system-out>
		</testcase>
		<testcase name="Kara: Final temperature integral has decreased" classname="short.forcing">
			<system-out>forcing: success.
</system-out>
		</testcase>
		<testcase name="Kara: Final velocity%magnitude max has increased" classname="short.forcing">
			<system-out>forcing: success.
</system-out>
		</testcase>
		<testcase name="Kara: Final Salinity min less than 35" classname="short.forcing">
			<system-out>forcing: success.
</system-out>
		</testcase>
		<testcase name="P1dg_p2: Final time is 1440 seconds" classname="short.forcing">
			<system-out>forcing: success.
</system-out>
		</testcase>
		<testcase name="P1dg_p2: Final temperature integral has decreased" classname="short.forcing">
			<system-out>forcing: success.
</system-out>
		</testcase>
		<testcase name="P1dg_p2: Final Salinity min less than 35" classname="short.forcing">
			<system-out>forcing: success.
</system-out>
		</testcase>
		<testcase name="Square convection (Adaptive CG-test version)" time="47.631520" classname="short.square-convection-parallel-trivial"/>
		<testcase name="Solvers converged" classname="short.square-convection-parallel-trivial">
			<system-out>square-convection-parallel-trivial: success.
</system-out>
		</testcase>
		<testcase name="Simulation completed" classname="short.square-convection-parallel-trivial">
			<system-out>Asserting relative error is smaller than 1e-06
relative error: 6.661338147750935e-16
square-convection-parallel-trivial: success.
</system-out>
		</testcase>
		<testcase name="1D mixing bin test" time="0.593369" classname="short.line_mixing_bin_test_serial"/>
		<testcase name="Solvers converged" classname="short.line_mixing_bin_test_serial">
			<system-out>line_mixing_bin_test_serial: success.
</system-out>
		</testcase>
		<testcase name="Phi0Integrals" classname="short.line_mixing_bin_test_serial">
			<system-out>[0.         0.00630578 0.00630578 0.00630578 0.00630578 0.00630578
 0.00632095 0.0063215  0.0063215  0.0063215  0.0063215  0.00635134
 0.00635312 0.00635312 0.00635312 0.00635312 0.00639851 0.00640107
 0.00640107 0.00640107 0.00640107 0.00646511 0.00646593 0.00646593
 0.00646593 0.00647234 0.00654858 0.00654858 0.00654858 0.00654858
 0.0065719  0.00665011 0.00665011 0.00665011 0.00665011 0.00670566
 0.00677194 0.00677194 0.00677194 0.00677194 0.00688246 0.00691583
 0.00691583 0.00691583 0.00694571 0.00708396 0.00708396 0.00708396
 0.00708396 0.00721979 0.00727902 0.00727902 0.00727902 0.00735451
 0.00750432 0.00750432 0.00750432 0.00753149 0.00776392 0.00776392
 0.00776392 0.00776863 0.00806289 0.00806289 0.00806289 0.00808993
 0.00840754 0.00840754 0.00840754 0.00852805 0.00880585 0.00880585
 0.00880585 0.00912815 0.00926797 0.00926797 0.00941464 0.009807
 0.009807   0.00982918 0.01044017 0.01044017 0.01044017 0.01118617
 0.01119048 0.01133194 0.01208936 0.01208936 0.01266944 0.0131809
 0.01334663 0.01452882 0.01452882 0.01612322 0.01622877 0.01839094
 0.01919761 0.02138663 0.02461042 0.02888262 0.12592317 0.        ]
Asserting relative error is smaller than 1e-12
relative error: 0.0
line_mixing_bin_test_serial: success.
</system-out>
		</testcase>
		<testcase name="Phi1Integrals" classname="short.line_mixing_bin_test_serial">
			<system-out>[0.  0.5 0.5 0.  0. ]
Asserting relative error is smaller than 1e-12
relative error: 0.0
Asserting relative error is smaller than 1e-12
relative error: 0.0
Asserting relative error is smaller than 1e-12
relative error: 0.0
line_mixing_bin_test_serial: success.
</system-out>
		</testcase>
		<testcase name="heat_2d_dg" time="0.871595" classname="short.viscosity_2d_p0_serial"/>
		<testcase name="Solvers converged" classname="short.viscosity_2d_p0_serial">
			<system-out>viscosity_2d_p0_serial: success.
</system-out>
		</testcase>
		<testcase name="tracer1 integral is 1.0" classname="short.viscosity_2d_p0_serial">
			<system-out>viscosity_2d_p0_serial: success.
</system-out>
		</testcase>
		<testcase name="tracer2 integral is 1.0" classname="short.viscosity_2d_p0_serial">
			<system-out>viscosity_2d_p0_serial: success.
</system-out>
		</testcase>
		<testcase name="initial tracer1 integral is 1.0" classname="short.viscosity_2d_p0_serial">
			<system-out>viscosity_2d_p0_serial: success.
</system-out>
		</testcase>
		<testcase name="initial tracer2 integral is 1.0" classname="short.viscosity_2d_p0_serial">
			<system-out>viscosity_2d_p0_serial: success.
</system-out>
		</testcase>
		<testcase name="tracer1 error is initially less than 0.01" classname="short.viscosity_2d_p0_serial">
			<system-out>viscosity_2d_p0_serial: success.
</system-out>
		</testcase>
		<testcase name="tracer1 error less than 0.01" classname="short.viscosity_2d_p0_serial">
			<system-out>viscosity_2d_p0_serial: success.
</system-out>
		</testcase>
		<testcase name="tracer2 error is initially less than 0.01" classname="short.viscosity_2d_p0_serial">
			<system-out>viscosity_2d_p0_serial: success.
</system-out>
		</testcase>
		<testcase name="tracer2 error less than 0.01" classname="short.viscosity_2d_p0_serial">
			<system-out>viscosity_2d_p0_serial: success.
</system-out>
		</testcase>
		<testcase name="Stokes-Poiseuille" time="1.541320" classname="short.Stokes_Poiseuille"/>
		<testcase name="Have the solvers converged ?" classname="short.Stokes_Poiseuille">
			<system-out>Stokes_Poiseuille: success.
</system-out>
		</testcase>
		<testcase name="Is the horizontal velocity component close enough to the analytical one ?" classname="short.Stokes_Poiseuille">
			<system-out>Stokes_Poiseuille: success.
</system-out>
		</testcase>
		<testcase name="Is the vertical velocity component close enough to the analytical one ?" classname="short.Stokes_Poiseuille">
			<system-out>Stokes_Poiseuille: success.
</system-out>
		</testcase>
	</testsuite>
</testsuites>
